#
# There is insufficient memory for the Java Runtime Environment to continue.
# Native memory allocation (mmap) failed to map 65536 bytes for Failed to commit metaspace.
# Possible reasons:
#   The system is out of physical RAM or swap space
#   The process is running with CompressedOops enabled, and the Java Heap may be blocking the growth of the native heap
# Possible solutions:
#   Reduce memory load on the system
#   Increase physical memory or swap space
#   Check if swap backing store is full
#   Decrease Java heap size (-Xmx/-Xms)
#   Decrease number of Java threads
#   Decrease Java thread stack sizes (-Xss)
#   Set larger code cache with -XX:ReservedCodeCacheSize=
#   JVM is running with Unscaled Compressed Oops mode in which the Java heap is
#     placed in the first 4GB address space. The Java Heap base address is the
#     maximum limit for the native heap growth. Please use -XX:HeapBaseMinAddress
#     to set the Java Heap base and to place the Java Heap above 4GB virtual address.
# This output file may be truncated or incomplete.
#
#  Out of Memory Error (virtualSpaceNode.cpp:112), pid=26960, tid=39812
#
# JRE version: Java(TM) SE Runtime Environment (21.0.1+12) (build 21.0.1+12-LTS-29)
# Java VM: Java HotSpot(TM) 64-Bit Server VM (21.0.1+12-LTS-29, mixed mode, sharing, tiered, compressed oops, compressed class ptrs, g1 gc, windows-amd64)
# No core dump will be written. Minidumps are not enabled by default on client versions of Windows
#

---------------  S U M M A R Y ------------

Command Line: -Xmx64m -Xms64m -Dorg.gradle.appname=gradlew org.gradle.wrapper.GradleWrapperMain tasks

Host: Intel(R) Core(TM) i5-10210U CPU @ 1.60GHz, 8 cores, 15G,  Windows 10 , 64 bit Build 19041 (10.0.19041.3636)
Time: Sat Jan 20 01:04:21 2024  Windows 10 , 64 bit Build 19041 (10.0.19041.3636) elapsed time: 5.170761 seconds (0d 0h 0m 5s)

---------------  T H R E A D  ---------------

Current thread (0x0000028d233a92c0):  JavaThread "main"             [_thread_in_vm, id=39812, stack(0x0000009a2a500000,0x0000009a2a600000) (1024K)]

Stack: [0x0000009a2a500000,0x0000009a2a600000]
Native frames: (J=compiled Java code, j=interpreted, Vv=VM code, C=native code)
V  [jvm.dll+0x6c9029]
V  [jvm.dll+0x854b81]
V  [jvm.dll+0x856e5e]
V  [jvm.dll+0x857543]
V  [jvm.dll+0x280c06]
V  [jvm.dll+0x8508ae]
V  [jvm.dll+0x66ca45]
V  [jvm.dll+0x1e677c]
V  [jvm.dll+0x1e654e]
V  [jvm.dll+0x66f35c]
V  [jvm.dll+0x66f172]
V  [jvm.dll+0x66d41e]
V  [jvm.dll+0x677657]
V  [jvm.dll+0x217a53]
V  [jvm.dll+0x217f95]
V  [jvm.dll+0x2189b1]
V  [jvm.dll+0x20dc4e]
V  [jvm.dll+0x5ac6dc]
V  [jvm.dll+0x7cd7a6]
V  [jvm.dll+0x46fd60]
V  [jvm.dll+0x4759e8]
C  [java.dll+0x17ec]

Java frames: (J=compiled Java code, j=interpreted, Vv=VM code)
j  java.lang.ClassLoader.defineClass1(Ljava/lang/ClassLoader;Ljava/lang/String;[BIILjava/security/ProtectionDomain;Ljava/lang/String;)Ljava/lang/Class;+0 java.base@21.0.1
j  java.lang.ClassLoader.defineClass(Ljava/lang/String;[BIILjava/security/ProtectionDomain;)Ljava/lang/Class;+27 java.base@21.0.1
j  java.security.SecureClassLoader.defineClass(Ljava/lang/String;[BIILjava/security/CodeSource;)Ljava/lang/Class;+12 java.base@21.0.1
j  java.net.URLClassLoader.defineClass(Ljava/lang/String;Ljdk/internal/loader/Resource;)Ljava/lang/Class;+220 java.base@21.0.1
j  java.net.URLClassLoader$1.run()Ljava/lang/Class;+43 java.base@21.0.1
j  java.net.URLClassLoader$1.run()Ljava/lang/Object;+1 java.base@21.0.1
J 655 c1 java.security.AccessController.doPrivileged(Ljava/security/PrivilegedExceptionAction;Ljava/security/AccessControlContext;)Ljava/lang/Object; java.base@21.0.1 (26 bytes) @ 0x0000028d2d13749c [0x0000028d2d1372a0+0x00000000000001fc]
j  java.net.URLClassLoader.findClass(Ljava/lang/String;)Ljava/lang/Class;+13 java.base@21.0.1
J 638 c1 java.lang.ClassLoader.loadClass(Ljava/lang/String;Z)Ljava/lang/Class; java.base@21.0.1 (121 bytes) @ 0x0000028d2d126a54 [0x0000028d2d126460+0x00000000000005f4]
j  java.lang.ClassLoader.loadClass(Ljava/lang/String;)Ljava/lang/Class;+3 java.base@21.0.1
v  ~StubRoutines::call_stub 0x0000028d3454100d
j  org.gradle.launcher.bootstrap.EntryPoint.createErrorHandler()Lorg/gradle/api/Action;+15
j  org.gradle.launcher.bootstrap.EntryPoint.run([Ljava/lang/String;)V+20
j  java.lang.invoke.DirectMethodHandle$Holder.invokeVirtual(Ljava/lang/Object;Ljava/lang/Object;Ljava/lang/Object;)V+11 java.base@21.0.1
j  java.lang.invoke.LambdaForm$MH+0x0000028d41012800.invoke(Ljava/lang/Object;Ljava/lang/Object;Ljava/lang/Object;)Ljava/lang/Object;+52 java.base@21.0.1
j  java.lang.invoke.Invokers$Holder.invokeExact_MT(Ljava/lang/Object;Ljava/lang/Object;Ljava/lang/Object;Ljava/lang/Object;)Ljava/lang/Object;+20 java.base@21.0.1
j  jdk.internal.reflect.DirectMethodHandleAccessor.invokeImpl(Ljava/lang/Object;[Ljava/lang/Object;)Ljava/lang/Object;+55 java.base@21.0.1
j  jdk.internal.reflect.DirectMethodHandleAccessor.invoke(Ljava/lang/Object;[Ljava/lang/Object;)Ljava/lang/Object;+23 java.base@21.0.1
j  java.lang.reflect.Method.invoke(Ljava/lang/Object;[Ljava/lang/Object;)Ljava/lang/Object;+102 java.base@21.0.1
j  org.gradle.launcher.bootstrap.ProcessBootstrap.runNoExit(Ljava/lang/String;[Ljava/lang/String;)V+159
j  org.gradle.launcher.bootstrap.ProcessBootstrap.run(Ljava/lang/String;[Ljava/lang/String;)V+2
j  java.lang.invoke.LambdaForm$DMH+0x0000028d41008400.invokeStatic(Ljava/lang/Object;Ljava/lang/Object;Ljava/lang/Object;)V+11 java.base@21.0.1
j  java.lang.invoke.LambdaForm$MH+0x0000028d41009c00.invoke(Ljava/lang/Object;Ljava/lang/Object;Ljava/lang/Object;Ljava/lang/Object;)Ljava/lang/Object;+54 java.base@21.0.1
j  java.lang.invoke.LambdaForm$MH+0x0000028d4100a000.invokeExact_MT(Ljava/lang/Object;Ljava/lang/Object;Ljava/lang/Object;Ljava/lang/Object;Ljava/lang/Object;)Ljava/lang/Object;+22 java.base@21.0.1
j  jdk.internal.reflect.DirectMethodHandleAccessor.invokeImpl(Ljava/lang/Object;[Ljava/lang/Object;)Ljava/lang/Object;+72 java.base@21.0.1
j  jdk.internal.reflect.DirectMethodHandleAccessor.invoke(Ljava/lang/Object;[Ljava/lang/Object;)Ljava/lang/Object;+23 java.base@21.0.1
j  java.lang.reflect.Method.invoke(Ljava/lang/Object;[Ljava/lang/Object;)Ljava/lang/Object;+102 java.base@21.0.1
j  org.gradle.launcher.GradleMain.main([Ljava/lang/String;)V+100
j  java.lang.invoke.LambdaForm$DMH+0x0000028d41004400.invokeStatic(Ljava/lang/Object;Ljava/lang/Object;)V+10 java.base@21.0.1
j  java.lang.invoke.LambdaForm$MH+0x0000028d41008000.invoke(Ljava/lang/Object;Ljava/lang/Object;Ljava/lang/Object;)Ljava/lang/Object;+33 java.base@21.0.1
j  java.lang.invoke.Invokers$Holder.invokeExact_MT(Ljava/lang/Object;Ljava/lang/Object;Ljava/lang/Object;Ljava/lang/Object;)Ljava/lang/Object;+20 java.base@21.0.1
j  jdk.internal.reflect.DirectMethodHandleAccessor.invokeImpl(Ljava/lang/Object;[Ljava/lang/Object;)Ljava/lang/Object;+55 java.base@21.0.1
j  jdk.internal.reflect.DirectMethodHandleAccessor.invoke(Ljava/lang/Object;[Ljava/lang/Object;)Ljava/lang/Object;+23 java.base@21.0.1
j  java.lang.reflect.Method.invoke(Ljava/lang/Object;[Ljava/lang/Object;)Ljava/lang/Object;+102 java.base@21.0.1
j  org.gradle.wrapper.BootstrapMainStarter.start([Ljava/lang/String;Ljava/io/File;)V+105
j  org.gradle.wrapper.WrapperExecutor.execute([Ljava/lang/String;Lorg/gradle/wrapper/Install;Lorg/gradle/wrapper/BootstrapMainStarter;)V+14
j  org.gradle.wrapper.GradleWrapperMain.main([Ljava/lang/String;)V+206
v  ~StubRoutines::call_stub 0x0000028d3454100d

Compiled method (c1)    5320  655   !   3       java.security.AccessController::doPrivileged (26 bytes)
 total in heap  [0x0000028d2d137090,0x0000028d2d137a08] = 2424
 relocation     [0x0000028d2d1371f0,0x0000028d2d1372a0] = 176
 main code      [0x0000028d2d1372a0,0x0000028d2d137718] = 1144
 stub code      [0x0000028d2d137718,0x0000028d2d1377a0] = 136
 metadata       [0x0000028d2d1377a0,0x0000028d2d1377c0] = 32
 scopes data    [0x0000028d2d1377c0,0x0000028d2d137890] = 208
 scopes pcs     [0x0000028d2d137890,0x0000028d2d137980] = 240
 dependencies   [0x0000028d2d137980,0x0000028d2d137988] = 8
 handler table  [0x0000028d2d137988,0x0000028d2d1379f8] = 112
 nul chk table  [0x0000028d2d1379f8,0x0000028d2d137a08] = 16

[Constant Pool (empty)]

[MachCode]
[Verified Entry Point]
  # {method} {0x0000028d404783a0} 'doPrivileged' '(Ljava/security/PrivilegedExceptionAction;Ljava/security/AccessControlContext;)Ljava/lang/Object;' in 'java/security/AccessController'
  # parm0:    rdx:rdx   = 'java/security/PrivilegedExceptionAction'
  # parm1:    r8:r8     = 'java/security/AccessControlContext'
  #           [sp+0x80]  (sp of caller)
  0x0000028d2d1372a0: 8984 2400 | 80ff ff55 | 4883 ec70 | 4181 7f20 | 0100 0000 

  0x0000028d2d1372b4: ;   {runtime_call StubRoutines (final stubs)}
  0x0000028d2d1372b4: 7405 e8a5 

  0x0000028d2d1372b8: ;   {metadata(method data for {method} {0x0000028d404783a0} 'doPrivileged' '(Ljava/security/PrivilegedExceptionAction;Ljava/security/AccessControlContext;)Ljava/lang/Object;' in 'java/security/AccessController')}
  0x0000028d2d1372b8: da43 0748 | be10 3a13 | 818d 0200 | 008b becc | 0000 0083 | c702 89be | cc00 0000 | 81e7 fe07 
  0x0000028d2d1372d8: 0000 83ff | 000f 8423 | 0300 004c | 8944 2440 | 4889 5424 

  0x0000028d2d1372ec: ;   {metadata(method data for {method} {0x0000028d404783a0} 'doPrivileged' '(Ljava/security/PrivilegedExceptionAction;Ljava/security/AccessControlContext;)Ljava/lang/Object;' in 'java/security/AccessController')}
  0x0000028d2d1372ec: 4848 be10 | 3a13 818d | 0200 0048 | 8386 1001 

  0x0000028d2d1372fc: ;   {static_call}
  0x0000028d2d1372fc: 0000 01e8 

  0x0000028d2d137300: ; ImmutableOopMap {[64]=Oop [72]=Oop }
                      ;*invokestatic getCallerClass {reexecute=0 rethrow=0 return_oop=0}
                      ; - java.security.AccessController::doPrivileged@0 (line 711)
  0x0000028d2d137300: 5cec 9d07 

  0x0000028d2d137304: ;   {other}
  0x0000028d2d137304: 0f1f 8400 | 7402 0000 

  0x0000028d2d13730c: ;   {metadata(method data for {method} {0x0000028d404783a0} 'doPrivileged' '(Ljava/security/PrivilegedExceptionAction;Ljava/security/AccessControlContext;)Ljava/lang/Object;' in 'java/security/AccessController')}
  0x0000028d2d13730c: 48ba 103a | 1381 8d02 | 0000 4883 | 8220 0100 | 0001 488b | 5424 404c | 8bc0 4889 | 4424 500f 
  0x0000028d2d13732c: ;   {static_call}
  0x0000028d2d13732c: 1f40 00e8 

  0x0000028d2d137330: ; ImmutableOopMap {[72]=Oop [80]=Oop }
                      ;*invokestatic checkContext {reexecute=0 rethrow=0 return_oop=0}
                      ; - java.security.AccessController::doPrivileged@6 (line 712)
  0x0000028d2d137330: 8c06 ffff 

  0x0000028d2d137334: ;   {other}
  0x0000028d2d137334: 0f1f 8400 | a402 0001 | 4889 4424 

  0x0000028d2d137340: ;   {metadata(method data for {method} {0x0000028d404783a0} 'doPrivileged' '(Ljava/security/PrivilegedExceptionAction;Ljava/security/AccessControlContext;)Ljava/lang/Object;' in 'java/security/AccessController')}
  0x0000028d2d137340: 5848 ba10 | 3a13 818d | 0200 0048 | 8382 3001 

  0x0000028d2d137350: ;   {metadata(method data for {method} {0x0000028d40478628} 'executePrivileged' '(Ljava/security/PrivilegedExceptionAction;Ljava/security/AccessControlContext;Ljava/lang/Class;)Ljava/lang/Object;' in 'java/security/AccessController')}
  0x0000028d2d137350: 0000 0148 | ba80 d913 | 818d 0200 | 008b b2cc | 0000 0083 | c602 89b2 | cc00 0000 | 81e6 feff 
  0x0000028d2d137370: 1f00 83fe | 000f 84ac | 0200 0048 

  0x0000028d2d13737c: ;   {metadata(method data for {method} {0x0000028d40478628} 'executePrivileged' '(Ljava/security/PrivilegedExceptionAction;Ljava/security/AccessControlContext;Ljava/lang/Class;)Ljava/lang/Object;' in 'java/security/AccessController')}
  0x0000028d2d13737c: 83f8 0048 | ba80 d913 | 818d 0200 | 0048 be10 | 0100 0000 | 0000 000f | 840a 0000 | 0048 be20 
  0x0000028d2d13739c: 0100 0000 | 0000 0048 | 8b3c 3248 | 8d7f 0148 | 893c 320f | 8427 0000 

  0x0000028d2d1373b4: ;   {metadata(method data for {method} {0x0000028d40478628} 'executePrivileged' '(Ljava/security/PrivilegedExceptionAction;Ljava/security/AccessControlContext;Ljava/lang/Class;)Ljava/lang/Object;' in 'java/security/AccessController')}
  0x0000028d2d1373b4: 0048 ba80 | d913 818d | 0200 0048 | 8382 3001 | 0000 0148 | 8bd0 0f1f 

  0x0000028d2d1373cc: ;   {static_call}
  0x0000028d2d1373cc: 4400 00e8 

  0x0000028d2d1373d0: ; ImmutableOopMap {[72]=Oop [80]=Oop [88]=Oop }
                      ;*invokestatic ensureMaterializedForStackWalk {reexecute=0 rethrow=0 return_oop=0}
                      ; - java.security.AccessController::executePrivileged@5 (line 805)
                      ; - java.security.AccessController::doPrivileged@13 (line 714)
  0x0000028d2d1373d0: 8c06 9e07 

  0x0000028d2d1373d4: ;   {other}
  0x0000028d2d1373d4: 0f1f 8400 | 4403 0002 

  0x0000028d2d1373dc: ;   {metadata(method data for {method} {0x0000028d40478628} 'executePrivileged' '(Ljava/security/PrivilegedExceptionAction;Ljava/security/AccessControlContext;Ljava/lang/Class;)Ljava/lang/Object;' in 'java/security/AccessController')}
  0x0000028d2d1373dc: 48ba 80d9 | 1381 8d02 | 0000 ff82 | 4001 0000 | 488b 5424 | 4848 3b02 

  0x0000028d2d1373f4: ;   {metadata(method data for {method} {0x0000028d40478628} 'executePrivileged' '(Ljava/security/PrivilegedExceptionAction;Ljava/security/AccessControlContext;Ljava/lang/Class;)Ljava/lang/Object;' in 'java/security/AccessController')}
  0x0000028d2d1373f4: 488b f248 | bf80 d913 | 818d 0200 | 008b 7608 | 49ba 0000 | 0040 8d02 | 0000 4903 | f248 3bb7 
  0x0000028d2d137414: b001 0000 | 750d 4883 | 87b8 0100 | 0001 e960 | 0000 0048 | 3bb7 c001 | 0000 750d | 4883 87c8 
  0x0000028d2d137434: 0100 0001 | e94a 0000 | 0048 83bf | b001 0000 | 0075 1748 | 89b7 b001 | 0000 48c7 | 87b8 0100 
  0x0000028d2d137454: 0001 0000 | 00e9 2900 | 0000 4883 | bfc0 0100 | 0000 7517 | 4889 b7c0 | 0100 0048 | c787 c801 
  0x0000028d2d137474: 0000 0100 | 0000 e908 | 0000 0048 | 8387 a001 | 0000 0166 | 0f1f 4400 | 0048 b8ff | ffff ffff 
  0x0000028d2d137494: ;   {virtual_call}
  0x0000028d2d137494: ffff ffe8 

  0x0000028d2d137498: ; ImmutableOopMap {[80]=Oop [88]=Oop }
                      ;*invokeinterface run {reexecute=0 rethrow=0 return_oop=0}
                      ; - java.security.AccessController::executePrivileged@29 (line 809)
                      ; - java.security.AccessController::doPrivileged@13 (line 714)
  0x0000028d2d137498: 0444 4507 

  0x0000028d2d13749c: ;   {other}
  0x0000028d2d13749c: 0f1f 8400 | 0c04 0003 

  0x0000028d2d1374a4: ;   {metadata(method data for {method} {0x0000028d40478628} 'executePrivileged' '(Ljava/security/PrivilegedExceptionAction;Ljava/security/AccessControlContext;Ljava/lang/Class;)Ljava/lang/Object;' in 'java/security/AccessController')}
  0x0000028d2d1374a4: 48ba 80d9 | 1381 8d02 | 0000 ff82 | d801 0000 | 488b 5424 

  0x0000028d2d1374b8: ;   {metadata(method data for {method} {0x0000028d40478628} 'executePrivileged' '(Ljava/security/PrivilegedExceptionAction;Ljava/security/AccessControlContext;Ljava/lang/Class;)Ljava/lang/Object;' in 'java/security/AccessController')}
  0x0000028d2d1374b8: 5049 b880 | d913 818d | 0200 0049 | 8380 3802 

  0x0000028d2d1374c8: ;   {metadata(method data for {method} {0x0000028d4003d400} 'reachabilityFence' '(Ljava/lang/Object;)V' in 'java/lang/ref/Reference')}
  0x0000028d2d1374c8: 0000 0149 | b8d8 990f | 818d 0200 | 0041 8bb0 | cc00 0000 | 83c6 0241 | 89b0 cc00 | 0000 81e6 
  0x0000028d2d1374e8: feff 1f00 | 83fe 000f | 8458 0100 

  0x0000028d2d1374f4: ;   {metadata(method data for {method} {0x0000028d40478628} 'executePrivileged' '(Ljava/security/PrivilegedExceptionAction;Ljava/security/AccessControlContext;Ljava/lang/Class;)Ljava/lang/Object;' in 'java/security/AccessController')}
  0x0000028d2d1374f4: 0048 ba80 | d913 818d | 0200 0048 | 8382 4802 

  0x0000028d2d137504: ;   {metadata(method data for {method} {0x0000028d4003d400} 'reachabilityFence' '(Ljava/lang/Object;)V' in 'java/lang/ref/Reference')}
  0x0000028d2d137504: 0000 0148 | bad8 990f | 818d 0200 | 0044 8b82 | cc00 0000 | 4183 c002 | 4489 82cc | 0000 0041 
  0x0000028d2d137524: 81e0 feff | 1f00 4183 | f800 0f84 | 3a01 0000 | 4883 c470 

  0x0000028d2d137538: ;   {poll_return}
  0x0000028d2d137538: 5d49 3ba7 | 5004 0000 | 0f87 4901 | 0000 c349 | 8b87 0005 | 0000 4d33 | d24d 8997 | 0005 0000 
  0x0000028d2d137558: 4d33 d24d | 8997 0805 | 0000 4c8b 

  0x0000028d2d137564: ;   {metadata(method data for {method} {0x0000028d404783a0} 'doPrivileged' '(Ljava/security/PrivilegedExceptionAction;Ljava/security/AccessControlContext;)Ljava/lang/Object;' in 'java/security/AccessController')}
  0x0000028d2d137564: c048 ba10 | 3a13 818d | 0200 0048 | 8382 4001 

  0x0000028d2d137574: ;   {metadata(method data for {method} {0x0000028d40477f60} 'wrapException' '(Ljava/lang/Exception;)Ljava/security/PrivilegedActionException;' in 'java/security/AccessController')}
  0x0000028d2d137574: 0000 0148 | ba50 ce14 | 818d 0200 | 008b 82cc | 0000 0083 | c002 8982 | cc00 0000 | 25fe ff1f 
  0x0000028d2d137594: 0083 f800 | 0f84 0701 | 0000 6690 

  0x0000028d2d1375a0: ;   {no_reloc}
  0x0000028d2d1375a0: e930 0100 | 0000 0000 | 0000 e930 | 0100 0048 

  0x0000028d2d1375b0: ;   {metadata(method data for {method} {0x0000028d40477f60} 'wrapException' '(Ljava/lang/Exception;)Ljava/security/PrivilegedActionException;' in 'java/security/AccessController')}
  0x0000028d2d1375b0: 8bd0 48be | 50ce 1481 | 8d02 0000 | 4883 8610 | 0100 0001 | 488b d048 | 8944 2460 

  0x0000028d2d1375cc: ;   {optimized virtual_call}
  0x0000028d2d1375cc: 6666 90e8 

  0x0000028d2d1375d0: ; ImmutableOopMap {[96]=Oop }
                      ;*invokespecial <init> {reexecute=0 rethrow=0 return_oop=0}
                      ; - java.security.AccessController::wrapException@5 (line 830)
                      ; - java.security.AccessController::doPrivileged@22 (line 718)
  0x0000028d2d1375d0: ac74 4507 

  0x0000028d2d1375d4: ;   {other}
  0x0000028d2d1375d4: 0f1f 8400 | 4405 0004 | 488b 4424 | 60e9 2301 | 0000 498b | 8700 0500 | 004d 33d2 | 4d89 9700 
  0x0000028d2d1375f4: 0500 004d | 33d2 4d89 | 9708 0500 | 00e9 0301 

  0x0000028d2d137604: ;   {metadata({method} {0x0000028d404783a0} 'doPrivileged' '(Ljava/security/PrivilegedExceptionAction;Ljava/security/AccessControlContext;)Ljava/lang/Object;' in 'java/security/AccessController')}
  0x0000028d2d137604: 0000 49ba | 9883 4740 | 8d02 0000 | 4c89 5424 | 0848 c704 | 24ff ffff 

  0x0000028d2d13761c: ;   {runtime_call counter_overflow Runtime1 stub}
  0x0000028d2d13761c: ffe8 dee5 

  0x0000028d2d137620: ; ImmutableOopMap {rdx=Oop r8=Oop }
                      ;*synchronization entry
                      ; - java.security.AccessController::doPrivileged@-1 (line 711)
  0x0000028d2d137620: 5207 e9bc 

  0x0000028d2d137624: ;   {metadata({method} {0x0000028d40478628} 'executePrivileged' '(Ljava/security/PrivilegedExceptionAction;Ljava/security/AccessControlContext;Ljava/lang/Class;)Ljava/lang/Object;' in 'java/security/AccessController')}
  0x0000028d2d137624: fcff ff49 | ba20 8647 | 408d 0200 | 004c 8954 | 2408 48c7 | 0424 ffff 

  0x0000028d2d13763c: ;   {runtime_call counter_overflow Runtime1 stub}
  0x0000028d2d13763c: ffff e8bd 

  0x0000028d2d137640: ; ImmutableOopMap {rax=Oop [72]=Oop [80]=Oop [88]=Oop }
                      ;*synchronization entry
                      ; - java.security.AccessController::executePrivileged@-1 (line 804)
                      ; - java.security.AccessController::doPrivileged@13 (line 714)
  0x0000028d2d137640: e552 07e9 | 33fd ffff 

  0x0000028d2d137648: ;   {runtime_call throw_null_pointer_exception Runtime1 stub}
  0x0000028d2d137648: e8b3 9452 

  0x0000028d2d13764c: ; ImmutableOopMap {rdx=Oop [80]=Oop [88]=Oop }
                      ;*invokeinterface run {reexecute=0 rethrow=0 return_oop=0}
                      ; - java.security.AccessController::executePrivileged@29 (line 809)
                      ; - java.security.AccessController::doPrivileged@13 (line 714)
                      ;   {metadata({method} {0x0000028d4003d400} 'reachabilityFence' '(Ljava/lang/Object;)V' in 'java/lang/ref/Reference')}
  0x0000028d2d13764c: 0749 baf8 | d303 408d | 0200 004c | 8954 2408 | 48c7 0424 | ffff ffff 

  0x0000028d2d137664: ;   {runtime_call counter_overflow Runtime1 stub}
  0x0000028d2d137664: e897 e552 

  0x0000028d2d137668: ; ImmutableOopMap {rax=Oop rdx=Oop }
                      ;*synchronization entry
                      ; - java.lang.ref.Reference::reachabilityFence@-1 (line 628)
                      ; - java.security.AccessController::executePrivileged@56 (line 814)
                      ; - java.security.AccessController::doPrivileged@13 (line 714)
  0x0000028d2d137668: 07e9 87fe 

  0x0000028d2d13766c: ;   {metadata({method} {0x0000028d4003d400} 'reachabilityFence' '(Ljava/lang/Object;)V' in 'java/lang/ref/Reference')}
  0x0000028d2d13766c: ffff 49ba | f8d3 0340 | 8d02 0000 | 4c89 5424 | 0848 c704 | 24ff ffff 

  0x0000028d2d137684: ;   {runtime_call counter_overflow Runtime1 stub}
  0x0000028d2d137684: ffe8 76e5 

  0x0000028d2d137688: ; ImmutableOopMap {rax=Oop }
                      ;*synchronization entry
                      ; - java.lang.ref.Reference::reachabilityFence@-1 (line 628)
                      ; - java.security.AccessController::executePrivileged@60 (line 815)
                      ; - java.security.AccessController::doPrivileged@13 (line 714)
  0x0000028d2d137688: 5207 e9a5 

  0x0000028d2d13768c: ;   {internal_word}
  0x0000028d2d13768c: feff ff49 | ba39 7513 | 2d8d 0200 | 004d 8997 | 6804 0000 

  0x0000028d2d1376a0: ;   {runtime_call SafepointBlob}
  0x0000028d2d1376a0: e95b e045 

  0x0000028d2d1376a4: ;   {metadata({method} {0x0000028d40477f60} 'wrapException' '(Ljava/lang/Exception;)Ljava/security/PrivilegedActionException;' in 'java/security/AccessController')}
  0x0000028d2d1376a4: 0749 ba58 | 7f47 408d | 0200 004c | 8954 2408 | 48c7 0424 | ffff ffff 

  0x0000028d2d1376bc: ;   {runtime_call counter_overflow Runtime1 stub}
  0x0000028d2d1376bc: e83f e552 

  0x0000028d2d1376c0: ; ImmutableOopMap {r8=Oop }
                      ;*synchronization entry
                      ; - java.security.AccessController::wrapException@-1 (line 830)
                      ; - java.security.AccessController::doPrivileged@22 (line 718)
  0x0000028d2d1376c0: 07e9 d8fe 

  0x0000028d2d1376c4: ;   {metadata(nullptr)}
  0x0000028d2d1376c4: ffff 48ba | 0000 0000 | 0000 0000 | b800 0f05 

  0x0000028d2d1376d4: ;   {runtime_call load_klass_patching Runtime1 stub}
  0x0000028d2d1376d4: 0ae8 a6d4 

  0x0000028d2d1376d8: ; ImmutableOopMap {r8=Oop }
                      ;*new {reexecute=1 rethrow=0 return_oop=0}
                      ; - (reexecute) java.security.AccessController::wrapException@0 (line 830)
                      ; - java.security.AccessController::doPrivileged@22 (line 718)
  0x0000028d2d1376d8: 5207 e9c1 | feff ff48 

  0x0000028d2d1376e0: ;   {runtime_call new_instance Runtime1 stub}
  0x0000028d2d1376e0: 8bd2 e819 

  0x0000028d2d1376e4: ; ImmutableOopMap {r8=Oop }
                      ;*new {reexecute=0 rethrow=0 return_oop=0}
                      ; - java.security.AccessController::wrapException@0 (line 830)
                      ; - java.security.AccessController::doPrivileged@22 (line 718)
  0x0000028d2d1376e4: 9a52 07e9 | c3fe ffff | 498b 8700 | 0500 0049 | c787 0005 | 0000 0000 | 0000 49c7 | 8708 0500 
  0x0000028d2d137704: 0000 0000 | 0048 83c4 

  0x0000028d2d13770c: ;   {runtime_call unwind_exception Runtime1 stub}
  0x0000028d2d13770c: 705d e9ed | 8452 07f4 | f4f4 f4f4 
[Stub Code]
  0x0000028d2d137718: ;   {no_reloc}
  0x0000028d2d137718: 0f1f 4400 

  0x0000028d2d13771c: ;   {static_stub}
  0x0000028d2d13771c: 0048 bb00 | 0000 0000 

  0x0000028d2d137724: ;   {runtime_call}
  0x0000028d2d137724: 0000 00e9 | fbff ffff 

  0x0000028d2d13772c: ;   {static_stub}
  0x0000028d2d13772c: 9048 bb00 | 0000 0000 

  0x0000028d2d137734: ;   {runtime_call}
  0x0000028d2d137734: 0000 00e9 | fbff ffff 

  0x0000028d2d13773c: ;   {static_stub}
  0x0000028d2d13773c: 48bb 0000 | 0000 0000 

  0x0000028d2d137744: ;   {runtime_call}
  0x0000028d2d137744: 0000 e9fb 

  0x0000028d2d137748: ;   {static_stub}
  0x0000028d2d137748: ffff ff48 | bb00 0000 | 0000 0000 

  0x0000028d2d137754: ;   {runtime_call}
  0x0000028d2d137754: 00e9 fbff 

  0x0000028d2d137758: ;   {static_stub}
  0x0000028d2d137758: ffff 48bb | 0000 0000 | 0000 0000 

  0x0000028d2d137764: ;   {runtime_call}
  0x0000028d2d137764: e9fb ffff 

  0x0000028d2d137768: ;   {runtime_call handle_exception_from_callee Runtime1 stub}
  0x0000028d2d137768: ffe8 92b1 

  0x0000028d2d13776c: ;   {external_word}
  0x0000028d2d13776c: 5207 48b9 | 0028 5f87 | f97f 0000 | 4883 e4f0 

  0x0000028d2d13777c: ;   {runtime_call}
  0x0000028d2d13777c: 48b8 e00f | 2787 f97f | 0000 ffd0 

  0x0000028d2d137788: ;   {section_word}
  0x0000028d2d137788: f449 ba89 | 7713 2d8d | 0200 0041 

  0x0000028d2d137794: ;   {runtime_call DeoptimizationBlob}
  0x0000028d2d137794: 52e9 06d2 | 4507 f4f4 | f4f4 f4f4 
[/MachCode]


Compiled method (c1)    5498  638   !   3       java.lang.ClassLoader::loadClass (121 bytes)
 total in heap  [0x0000028d2d126190,0x0000028d2d1277a8] = 5656
 relocation     [0x0000028d2d1262f0,0x0000028d2d126458] = 360
 main code      [0x0000028d2d126460,0x0000028d2d1270a0] = 3136
 stub code      [0x0000028d2d1270a0,0x0000028d2d127178] = 216
 oops           [0x0000028d2d127178,0x0000028d2d127188] = 16
 metadata       [0x0000028d2d127188,0x0000028d2d1271e8] = 96
 scopes data    [0x0000028d2d1271e8,0x0000028d2d127448] = 608
 scopes pcs     [0x0000028d2d127448,0x0000028d2d127608] = 448
 dependencies   [0x0000028d2d127608,0x0000028d2d127610] = 8
 handler table  [0x0000028d2d127610,0x0000028d2d127790] = 384
 nul chk table  [0x0000028d2d127790,0x0000028d2d1277a8] = 24

[Constant Pool (empty)]

[MachCode]
[Entry Point]
  # {method} {0x0000028d40014300} 'loadClass' '(Ljava/lang/String;Z)Ljava/lang/Class;' in 'java/lang/ClassLoader'
  # this:     rdx:rdx   = 'java/lang/ClassLoader'
  # parm0:    r8:r8     = 'java/lang/String'
  # parm1:    r9        = boolean
  #           [sp+0xd0]  (sp of caller)
  0x0000028d2d126460: 448b 5208 | 49bb 0000 | 0040 8d02 | 0000 4d03 | d34c 3bd0 

  0x0000028d2d126474: ;   {runtime_call ic_miss_stub}
  0x0000028d2d126474: 0f85 0683 | 4607 660f | 1f44 0000 
[Verified Entry Point]
  0x0000028d2d126480: 8984 2400 | 80ff ff55 | 4881 ecc0 | 0000 0090 | 4181 7f20 | 0100 0000 

  0x0000028d2d126498: ;   {runtime_call StubRoutines (final stubs)}
  0x0000028d2d126498: 7405 e8c1 | e844 0748 | 8954 2450 | 4c89 4424 

  0x0000028d2d1264a8: ;   {metadata(method data for {method} {0x0000028d40014300} 'loadClass' '(Ljava/lang/String;Z)Ljava/lang/Class;' in 'java/lang/ClassLoader')}
  0x0000028d2d1264a8: 5848 be18 | df13 818d | 0200 008b | becc 0000 | 0083 c702 | 89be cc00 | 0000 81e7 | fe07 0000 
  0x0000028d2d1264c8: 83ff 000f | 84cb 0900 | 0044 894c | 2460 488b 

  0x0000028d2d1264d8: ;   {metadata(method data for {method} {0x0000028d40014300} 'loadClass' '(Ljava/lang/String;Z)Ljava/lang/Class;' in 'java/lang/ClassLoader')}
  0x0000028d2d1264d8: f248 bf18 | df13 818d | 0200 008b | 7608 49ba | 0000 0040 | 8d02 0000 | 4903 f248 | 3bb7 2001 
  0x0000028d2d1264f8: 0000 750d | 4883 8728 | 0100 0001 | e960 0000 | 0048 3bb7 | 3001 0000 | 750d 4883 | 8738 0100 
  0x0000028d2d126518: 0001 e94a | 0000 0048 | 83bf 2001 | 0000 0075 | 1748 89b7 | 2001 0000 | 48c7 8728 | 0100 0001 
  0x0000028d2d126538: 0000 00e9 | 2900 0000 | 4883 bf30 | 0100 0000 | 7517 4889 | b730 0100 | 0048 c787 | 3801 0000 
  0x0000028d2d126558: 0100 0000 | e908 0000 | 0048 8387 | 1001 0000 | 0149 8bf0 | 4c8b c648 | 8bfa 488b 

  0x0000028d2d126574: ;   {optimized virtual_call}
  0x0000028d2d126574: d766 90e8 

  0x0000028d2d126578: ; ImmutableOopMap {[80]=Oop [88]=Oop }
                      ;*invokevirtual getClassLoadingLock {reexecute=0 rethrow=0 return_oop=0}
                      ; - java.lang.ClassLoader::loadClass@2 (line 573)
  0x0000028d2d126578: 04b2 feff 

  0x0000028d2d12657c: ;   {other}
  0x0000028d2d12657c: 0f1f 8400 | ec03 0000 | 4889 4424 | 6848 8d94 | 24a0 0000 | 0048 8bf0 | 4889 7208 

  0x0000028d2d126598: ; implicit exception: dispatches to 0x0000028d2d126ebd
  0x0000028d2d126598: 488b 0648 | 83c8 0148 | 8902 f048 | 0fb1 160f | 8412 0000 | 0048 2bc4 | 4825 07f0 | ffff 4889 
  0x0000028d2d1265b8: 020f 8503 | 0900 0049 | ff87 5005 | 0000 488b 

  0x0000028d2d1265c8: ;   {metadata(method data for {method} {0x0000028d40014300} 'loadClass' '(Ljava/lang/String;Z)Ljava/lang/Class;' in 'java/lang/ClassLoader')}
  0x0000028d2d1265c8: 5424 5048 | be18 df13 | 818d 0200 | 0048 8386 | 4801 0000 

  0x0000028d2d1265dc: ;   {metadata(method data for {method} {0x0000028d4043cfb8} 'findLoadedClass' '(Ljava/lang/String;)Ljava/lang/Class;' in 'java/lang/ClassLoader')}
  0x0000028d2d1265dc: 0148 ba30 | 3f13 818d | 0200 008b | b2cc 0000 | 0083 c602 | 89b2 cc00 | 0000 81e6 | feff 1f00 
  0x0000028d2d1265fc: 83fe 000f | 84d0 0800 

  0x0000028d2d126604: ;   {metadata(method data for {method} {0x0000028d4043cfb8} 'findLoadedClass' '(Ljava/lang/String;)Ljava/lang/Class;' in 'java/lang/ClassLoader')}
  0x0000028d2d126604: 0048 ba30 | 3f13 818d | 0200 0048 | 8382 1001 | 0000 0148 | 8b54 2458 

  0x0000028d2d12661c: ;   {static_call}
  0x0000028d2d12661c: 6666 90e8 

  0x0000028d2d126620: ; ImmutableOopMap {[80]=Oop [88]=Oop [104]=Oop [168]=Oop }
                      ;*invokestatic checkName {reexecute=0 rethrow=0 return_oop=0}
                      ; - java.lang.ClassLoader::findLoadedClass@1 (line 1298)
                      ; - java.lang.ClassLoader::loadClass@10 (line 575)
  0x0000028d2d126620: 9ca0 f2ff 

  0x0000028d2d126624: ;   {other}
  0x0000028d2d126624: 0f1f 8400 | 9404 0001 

  0x0000028d2d12662c: ;   {metadata(method data for {method} {0x0000028d4043cfb8} 'findLoadedClass' '(Ljava/lang/String;)Ljava/lang/Class;' in 'java/lang/ClassLoader')}
  0x0000028d2d12662c: 83f8 0049 | b830 3f13 | 818d 0200 | 0048 ba20 | 0100 0000 | 0000 000f | 850a 0000 | 0048 ba30 
  0x0000028d2d12664c: 0100 0000 | 0000 0049 | 8b34 1048 | 8d76 0149 | 8934 100f | 850f 0000 

  0x0000028d2d126664: ;   {oop(nullptr)}
  0x0000028d2d126664: 0048 be00 | 0000 0000 | 0000 00e9 | 3300 0000 | 488b 5424 

  0x0000028d2d126678: ;   {metadata(method data for {method} {0x0000028d4043cfb8} 'findLoadedClass' '(Ljava/lang/String;)Ljava/lang/Class;' in 'java/lang/ClassLoader')}
  0x0000028d2d126678: 5049 b830 | 3f13 818d | 0200 0049 | 8380 4001 | 0000 014c | 8b44 2458 | 488b 5424 

  0x0000028d2d126694: ;   {optimized virtual_call}
  0x0000028d2d126694: 5066 90e8 

  0x0000028d2d126698: ; ImmutableOopMap {[80]=Oop [88]=Oop [104]=Oop [168]=Oop }
                      ;*invokevirtual findLoadedClass0 {reexecute=0 rethrow=0 return_oop=0}
                      ; - java.lang.ClassLoader::findLoadedClass@11 (line 1300)
                      ; - java.lang.ClassLoader::loadClass@10 (line 575)
  0x0000028d2d126698: c4e2 9e07 

  0x0000028d2d12669c: ;   {other}
  0x0000028d2d12669c: 0f1f 8400 | 0c05 0002 | 488b f048 

  0x0000028d2d1266a8: ;   {metadata(method data for {method} {0x0000028d40014300} 'loadClass' '(Ljava/lang/String;Z)Ljava/lang/Class;' in 'java/lang/ClassLoader')}
  0x0000028d2d1266a8: 83fe 0048 | bf18 df13 | 818d 0200 | 0048 bb80 | 0100 0000 | 0000 000f | 850a 0000 | 0048 bb90 
  0x0000028d2d1266c8: 0100 0000 | 0000 0048 | 8b04 1f48 | 8d40 0148 | 8904 1f0f | 85c3 0500 | 0048 8974 

  0x0000028d2d1266e4: ;   {metadata(method data for {method} {0x0000028d40014300} 'loadClass' '(Ljava/lang/String;Z)Ljava/lang/Class;' in 'java/lang/ClassLoader')}
  0x0000028d2d1266e4: 2470 48bf | 18df 1381 | 8d02 0000 | 4883 87a0 | 0100 0001 

  0x0000028d2d1266f8: ;   {runtime_call}
  0x0000028d2d1266f8: 48b8 a03b | 3187 f97f | 0000 ffd0 

  0x0000028d2d126704: ;   {other}
  0x0000028d2d126704: 0f1f 8400 | 0000 0000 | 4889 4424 | 7848 8b54 | 2450 8b72 | 1848 83fe 

  0x0000028d2d12671c: ;   {metadata(method data for {method} {0x0000028d40014300} 'loadClass' '(Ljava/lang/String;Z)Ljava/lang/Class;' in 'java/lang/ClassLoader')}
  0x0000028d2d12671c: 0049 b818 | df13 818d | 0200 0049 | b9b0 0100 | 0000 0000 | 000f 840a | 0000 0049 | b9c0 0100 
  0x0000028d2d12673c: 0000 0000 | 004b 8b3c | 0848 8d7f | 014b 893c | 080f 84d6 | 0000 0048 | 3b06 4c8b 

  0x0000028d2d126758: ;   {metadata(method data for {method} {0x0000028d40014300} 'loadClass' '(Ljava/lang/String;Z)Ljava/lang/Class;' in 'java/lang/ClassLoader')}
  0x0000028d2d126758: c649 b918 | df13 818d | 0200 0045 | 8b40 0849 | ba00 0000 | 408d 0200 | 004d 03c2 | 4d3b 81e0 
  0x0000028d2d126778: 0100 0075 | 0d49 8381 | e801 0000 | 01e9 6000 | 0000 4d3b | 81f0 0100 | 0075 0d49 | 8381 f801 
  0x0000028d2d126798: 0000 01e9 | 4a00 0000 | 4983 b9e0 | 0100 0000 | 7517 4d89 | 81e0 0100 | 0049 c781 | e801 0000 
  0x0000028d2d1267b8: 0100 0000 | e929 0000 | 0049 83b9 | f001 0000 | 0075 174d | 8981 f001 | 0000 49c7 | 81f8 0100 
  0x0000028d2d1267d8: 0001 0000 | 00e9 0800 | 0000 4983 | 81d0 0100 | 0001 4c8b | 4424 5841 | b900 0000 | 0048 8bd6 
  0x0000028d2d1267f8: 0f1f 4400 | 0048 b8f0 | 8b00 418d 

  0x0000028d2d126804: ;   {virtual_call}
  0x0000028d2d126804: 0200 00e8 

  0x0000028d2d126808: ; ImmutableOopMap {[80]=Oop [88]=Oop [104]=Oop [112]=Oop [168]=Oop }
                      ;*invokevirtual loadClass {reexecute=0 rethrow=0 return_oop=0}
                      ; - java.lang.ClassLoader::loadClass@38 (line 580)
  0x0000028d2d126808: d44e 4607 

  0x0000028d2d12680c: ;   {other}
  0x0000028d2d12680c: 0f1f 8400 | 7c06 0003 

  0x0000028d2d126814: ;   {metadata(method data for {method} {0x0000028d40014300} 'loadClass' '(Ljava/lang/String;Z)Ljava/lang/Class;' in 'java/lang/ClassLoader')}
  0x0000028d2d126814: 48ba 18df | 1381 8d02 | 0000 ff82 | 0802 0000 | e9d9 0000 

  0x0000028d2d126828: ;   {metadata(method data for {method} {0x0000028d40014300} 'loadClass' '(Ljava/lang/String;Z)Ljava/lang/Class;' in 'java/lang/ClassLoader')}
  0x0000028d2d126828: 0048 ba18 | df13 818d | 0200 0048 | 8382 2002 

  0x0000028d2d126838: ;   {metadata(method data for {method} {0x0000028d4043cf60} 'findBootstrapClassOrNull' '(Ljava/lang/String;)Ljava/lang/Class;' in 'java/lang/ClassLoader')}
  0x0000028d2d126838: 0000 0148 | ba48 e313 | 818d 0200 | 008b b2cc | 0000 0083 | c602 89b2 | cc00 0000 | 81e6 feff 
  0x0000028d2d126858: 1f00 83fe | 000f 8498 

  0x0000028d2d126860: ;   {metadata(method data for {method} {0x0000028d4043cf60} 'findBootstrapClassOrNull' '(Ljava/lang/String;)Ljava/lang/Class;' in 'java/lang/ClassLoader')}
  0x0000028d2d126860: 0600 0048 | ba48 e313 | 818d 0200 | 0048 8382 | 1001 0000 | 0148 8b54 | 2458 0f1f 

  0x0000028d2d12687c: ;   {static_call}
  0x0000028d2d12687c: 4400 00e8 

  0x0000028d2d126880: ; ImmutableOopMap {[80]=Oop [88]=Oop [104]=Oop [112]=Oop [168]=Oop }
                      ;*invokestatic checkName {reexecute=0 rethrow=0 return_oop=0}
                      ; - java.lang.ClassLoader::findBootstrapClassOrNull@1 (line 1275)
                      ; - java.lang.ClassLoader::loadClass@47 (line 582)
  0x0000028d2d126880: fc87 4607 

  0x0000028d2d126884: ;   {other}
  0x0000028d2d126884: 0f1f 8400 | f406 0004 

  0x0000028d2d12688c: ;   {metadata(method data for {method} {0x0000028d4043cf60} 'findBootstrapClassOrNull' '(Ljava/lang/String;)Ljava/lang/Class;' in 'java/lang/ClassLoader')}
  0x0000028d2d12688c: 83f8 0048 | ba48 e313 | 818d 0200 | 0048 be20 | 0100 0000 | 0000 000f | 850a 0000 | 0048 be30 
  0x0000028d2d1268ac: 0100 0000 | 0000 0048 | 8b3c 3248 | 8d7f 0148 | 893c 320f | 850f 0000 

  0x0000028d2d1268c4: ;   {oop(nullptr)}
  0x0000028d2d1268c4: 0048 be00 | 0000 0000 | 0000 00e9 | 2b00 0000 

  0x0000028d2d1268d4: ;   {metadata(method data for {method} {0x0000028d4043cf60} 'findBootstrapClassOrNull' '(Ljava/lang/String;)Ljava/lang/Class;' in 'java/lang/ClassLoader')}
  0x0000028d2d1268d4: 48ba 48e3 | 1381 8d02 | 0000 4883 | 8240 0100 | 0001 488b | 5424 580f 

  0x0000028d2d1268ec: ;   {static_call}
  0x0000028d2d1268ec: 1f40 00e8 

  0x0000028d2d1268f0: ; ImmutableOopMap {[80]=Oop [88]=Oop [104]=Oop [112]=Oop [168]=Oop }
                      ;*invokestatic findBootstrapClass {reexecute=0 rethrow=0 return_oop=0}
                      ; - java.lang.ClassLoader::findBootstrapClassOrNull@10 (line 1277)
                      ; - java.lang.ClassLoader::loadClass@47 (line 582)
  0x0000028d2d1268f0: 8c87 4607 

  0x0000028d2d1268f4: ;   {other}
  0x0000028d2d1268f4: 0f1f 8400 | 6407 0005 | 488b f048 

  0x0000028d2d126900: ;   {metadata(method data for {method} {0x0000028d40014300} 'loadClass' '(Ljava/lang/String;Z)Ljava/lang/Class;' in 'java/lang/ClassLoader')}
  0x0000028d2d126900: 8bc6 48be | 18df 1381 | 8d02 0000 | ff86 3002 | 0000 e91e | 0000 0049 | 8b87 0005 | 0000 4d33 
  0x0000028d2d126920: d24d 8997 | 0005 0000 | 4d33 d24d | 8997 0805 | 0000 488b | c648 83f8 

  0x0000028d2d126938: ;   {metadata(method data for {method} {0x0000028d40014300} 'loadClass' '(Ljava/lang/String;Z)Ljava/lang/Class;' in 'java/lang/ClassLoader')}
  0x0000028d2d126938: 0048 be18 | df13 818d | 0200 0048 | bf58 0200 | 0000 0000 | 000f 840a | 0000 0048 | bf48 0200 
  0x0000028d2d126958: 0000 0000 | 0048 8b1c | 3e48 8d5b | 0148 891c | 3e0f 8408 | 0000 0048 | 8bf0 e92d 

  0x0000028d2d126974: ;   {metadata(method data for {method} {0x0000028d40014300} 'loadClass' '(Ljava/lang/String;Z)Ljava/lang/Class;' in 'java/lang/ClassLoader')}
  0x0000028d2d126974: 0300 0048 | be18 df13 | 818d 0200 | 0048 8386 | 6802 0000 

  0x0000028d2d126988: ;   {runtime_call}
  0x0000028d2d126988: 0148 b8a0 | 3b31 87f9 | 7f00 00ff 

  0x0000028d2d126994: ;   {other}
  0x0000028d2d126994: d00f 1f84 | 0000 0000 | 0048 8b54 

  0x0000028d2d1269a0: ;   {metadata(method data for {method} {0x0000028d40014300} 'loadClass' '(Ljava/lang/String;Z)Ljava/lang/Class;' in 'java/lang/ClassLoader')}
  0x0000028d2d1269a0: 2450 49b8 | 18df 1381 | 8d02 0000 | 8b52 0849 | ba00 0000 | 408d 0200 | 0049 03d2 | 493b 9088 
  0x0000028d2d1269c0: 0200 0075 | 0d49 8380 | 9002 0000 | 01e9 6000 | 0000 493b | 9098 0200 | 0075 0d49 | 8380 a002 
  0x0000028d2d1269e0: 0000 01e9 | 4a00 0000 | 4983 b888 | 0200 0000 | 7517 4989 | 9088 0200 | 0049 c780 | 9002 0000 
  0x0000028d2d126a00: 0100 0000 | e929 0000 | 0049 83b8 | 9802 0000 | 0075 1749 | 8990 9802 | 0000 49c7 | 80a0 0200 
  0x0000028d2d126a20: 0001 0000 | 00e9 0800 | 0000 4983 | 8078 0200 | 0001 4c8b | 4424 5848 | 8b54 2450 | 4889 8424 
  0x0000028d2d126a40: 8000 0000 | 9048 b8ff | ffff ffff 

  0x0000028d2d126a4c: ;   {virtual_call}
  0x0000028d2d126a4c: ffff ffe8 

  0x0000028d2d126a50: ; ImmutableOopMap {[80]=Oop [104]=Oop [168]=Oop }
                      ;*invokevirtual findClass {reexecute=0 rethrow=0 return_oop=0}
                      ; - java.lang.ClassLoader::loadClass@69 (line 593)
  0x0000028d2d126a50: cc4c 4607 

  0x0000028d2d126a54: ;   {other}
  0x0000028d2d126a54: 0f1f 8400 | c408 0006 

  0x0000028d2d126a5c: ;   {metadata(method data for {method} {0x0000028d40014300} 'loadClass' '(Ljava/lang/String;Z)Ljava/lang/Class;' in 'java/lang/ClassLoader')}
  0x0000028d2d126a5c: 49b8 18df | 1381 8d02 | 0000 4983 | 80b0 0200 

  0x0000028d2d126a6c: ;   {metadata(method data for {method} {0x0000028d40108e40} 'getParentDelegationTime' '()Ljdk/internal/perf/PerfCounter;' in 'jdk/internal/perf/PerfCounter')}
  0x0000028d2d126a6c: 0001 49b8 | d8e4 1381 | 8d02 0000 | 418b 90cc | 0000 0083 | c202 4189 | 90cc 0000 | 0081 e2fe 
  0x0000028d2d126a8c: ff1f 0083 | fa00 0f84 | 8404 0000 

  0x0000028d2d126a98: ;   {oop(a 'jdk/internal/perf/PerfCounter'{0x00000000fffd2278})}
  0x0000028d2d126a98: 48ba 7822 | fdff 0000 | 0000 4c8b 

  0x0000028d2d126aa4: ;   {metadata(method data for {method} {0x0000028d40014300} 'loadClass' '(Ljava/lang/String;Z)Ljava/lang/Class;' in 'java/lang/ClassLoader')}
  0x0000028d2d126aa4: c248 be18 | df13 818d 

  0x0000028d2d126aac: ;   {metadata('jdk/internal/perf/PerfCounter')}
  0x0000028d2d126aac: 0200 0049 | ba68 8410 | 408d 0200 | 004c 8996 | d002 0000 | 4883 86d8 | 0200 0001 | 4c8b 8424 
  0x0000028d2d126acc: 8000 0000 | 488b 7424 | 784c 2bc6 

  0x0000028d2d126ad8: ;   {metadata(method data for {method} {0x0000028d40108c30} 'addTime' '(J)V' in 'jdk/internal/perf/PerfCounter')}
  0x0000028d2d126ad8: 48be 00e6 | 1381 8d02 | 0000 8bbe | cc00 0000 | 83c7 0289 | becc 0000 | 0081 e7fe | ff1f 0083 
  0x0000028d2d126af8: ff00 0f84 | 3d04 0000 

  0x0000028d2d126b00: ;   {metadata(method data for {method} {0x0000028d40108c30} 'addTime' '(J)V' in 'jdk/internal/perf/PerfCounter')}
  0x0000028d2d126b00: 488b f248 | bf00 e613 | 818d 0200 

  0x0000028d2d126b0c: ;   {metadata('jdk/internal/perf/PerfCounter')}
  0x0000028d2d126b0c: 0049 ba68 | 8410 408d | 0200 004c | 8997 2001 | 0000 4883 | 8728 0100 | 0001 4889 | 8424 8800 
  0x0000028d2d126b2c: ;   {optimized virtual_call}
  0x0000028d2d126b2c: 0000 90e8 

  0x0000028d2d126b30: ; ImmutableOopMap {[80]=Oop [104]=Oop [136]=Oop [168]=Oop }
                      ;*invokevirtual add {reexecute=0 rethrow=0 return_oop=0}
                      ; - jdk.internal.perf.PerfCounter::addTime@2 (line 113)
                      ; - java.lang.ClassLoader::loadClass@82 (line 596)
  0x0000028d2d126b30: 4c20 faff 

  0x0000028d2d126b34: ;   {other}
  0x0000028d2d126b34: 0f1f 8400 | a409 0007 

  0x0000028d2d126b3c: ;   {metadata(method data for {method} {0x0000028d40014300} 'loadClass' '(Ljava/lang/String;Z)Ljava/lang/Class;' in 'java/lang/ClassLoader')}
  0x0000028d2d126b3c: 49b8 18df | 1381 8d02 | 0000 4983 | 80f8 0200 

  0x0000028d2d126b4c: ;   {metadata(method data for {method} {0x0000028d40108e98} 'getFindClassTime' '()Ljdk/internal/perf/PerfCounter;' in 'jdk/internal/perf/PerfCounter')}
  0x0000028d2d126b4c: 0001 49b8 | 98e7 1381 | 8d02 0000 | 418b 90cc | 0000 0083 | c202 4189 | 90cc 0000 | 0081 e2fe 
  0x0000028d2d126b6c: ff1f 0083 | fa00 0f84 | e603 0000 

  0x0000028d2d126b78: ;   {oop(a 'jdk/internal/perf/PerfCounter'{0x00000000fffd2998})}
  0x0000028d2d126b78: 48ba 9829 | fdff 0000 | 0000 4c8b 

  0x0000028d2d126b84: ;   {metadata(method data for {method} {0x0000028d40014300} 'loadClass' '(Ljava/lang/String;Z)Ljava/lang/Class;' in 'java/lang/ClassLoader')}
  0x0000028d2d126b84: c248 be18 | df13 818d 

  0x0000028d2d126b8c: ;   {metadata('jdk/internal/perf/PerfCounter')}
  0x0000028d2d126b8c: 0200 0049 | ba68 8410 | 408d 0200 | 004c 8996 | 1803 0000 | 4883 8620 | 0300 0001 | 4c8b 8424 
  0x0000028d2d126bac: 8000 0000 | 0f1f 8000 

  0x0000028d2d126bb4: ;   {optimized virtual_call}
  0x0000028d2d126bb4: 0000 00e8 

  0x0000028d2d126bb8: ; ImmutableOopMap {[80]=Oop [104]=Oop [136]=Oop [168]=Oop }
                      ;*invokevirtual addElapsedTimeFrom {reexecute=0 rethrow=0 return_oop=0}
                      ; - java.lang.ClassLoader::loadClass@90 (line 597)
  0x0000028d2d126bb8: a45e ffff 

  0x0000028d2d126bbc: ;   {other}
  0x0000028d2d126bbc: 0f1f 8400 | 2c0a 0008 

  0x0000028d2d126bc4: ;   {metadata(method data for {method} {0x0000028d40014300} 'loadClass' '(Ljava/lang/String;Z)Ljava/lang/Class;' in 'java/lang/ClassLoader')}
  0x0000028d2d126bc4: 49b8 18df | 1381 8d02 | 0000 4983 | 8040 0300 

  0x0000028d2d126bd4: ;   {metadata(method data for {method} {0x0000028d40108ef0} 'getFindClasses' '()Ljdk/internal/perf/PerfCounter;' in 'jdk/internal/perf/PerfCounter')}
  0x0000028d2d126bd4: 0001 49b8 | c0e8 1381 | 8d02 0000 | 418b 90cc | 0000 0083 | c202 4189 | 90cc 0000 | 0081 e2fe 
  0x0000028d2d126bf4: ff1f 0083 | fa00 0f84 | 7f03 0000 

  0x0000028d2d126c00: ;   {oop(a 'jdk/internal/perf/PerfCounter'{0x00000000fffd28c0})}
  0x0000028d2d126c00: 48ba c028 | fdff 0000 | 0000 4c8b 

  0x0000028d2d126c0c: ;   {metadata(method data for {method} {0x0000028d40014300} 'loadClass' '(Ljava/lang/String;Z)Ljava/lang/Class;' in 'java/lang/ClassLoader')}
  0x0000028d2d126c0c: c248 be18 | df13 818d 

  0x0000028d2d126c14: ;   {metadata('jdk/internal/perf/PerfCounter')}
  0x0000028d2d126c14: 0200 0049 | ba68 8410 | 408d 0200 | 004c 8996 | 6003 0000 | 4883 8668 | 0300 0001 

  0x0000028d2d126c30: ;   {metadata(method data for {method} {0x0000028d40108ce0} 'increment' '()V' in 'jdk/internal/perf/PerfCounter')}
  0x0000028d2d126c30: 49b8 e8e9 | 1381 8d02 | 0000 418b | b0cc 0000 | 0083 c602 | 4189 b0cc | 0000 0081 | e6fe ff1f 
  0x0000028d2d126c50: 0083 fe00 | 0f84 4603 | 0000 4c8b 

  0x0000028d2d126c5c: ;   {metadata(method data for {method} {0x0000028d40108ce0} 'increment' '()V' in 'jdk/internal/perf/PerfCounter')}
  0x0000028d2d126c5c: c248 bee8 | e913 818d 

  0x0000028d2d126c64: ;   {metadata('jdk/internal/perf/PerfCounter')}
  0x0000028d2d126c64: 0200 0049 | ba68 8410 | 408d 0200 | 004c 8996 | 2001 0000 | 4883 8628 | 0100 0001 | 49b8 0100 
  0x0000028d2d126c84: 0000 0000 | 0000 0f1f 

  0x0000028d2d126c8c: ;   {optimized virtual_call}
  0x0000028d2d126c8c: 4400 00e8 

  0x0000028d2d126c90: ; ImmutableOopMap {[80]=Oop [104]=Oop [136]=Oop [168]=Oop }
                      ;*invokevirtual add {reexecute=0 rethrow=0 return_oop=0}
                      ; - jdk.internal.perf.PerfCounter::increment@2 (line 106)
                      ; - java.lang.ClassLoader::loadClass@96 (line 598)
  0x0000028d2d126c90: ec1e faff 

  0x0000028d2d126c94: ;   {other}
  0x0000028d2d126c94: 0f1f 8400 | 040b 0009 | 488b b424 | 8800 0000 | 448b 4c24 | 6041 83f9 

  0x0000028d2d126cac: ;   {metadata(method data for {method} {0x0000028d40014300} 'loadClass' '(Ljava/lang/String;Z)Ljava/lang/Class;' in 'java/lang/ClassLoader')}
  0x0000028d2d126cac: 0048 b818 | df13 818d | 0200 0048 | ba88 0300 | 0000 0000 | 000f 840a | 0000 0048 | ba98 0300 
  0x0000028d2d126ccc: 0000 0000 | 0048 8b3c | 1048 8d7f | 0148 893c | 100f 8479 | 0000 0048 | 8b54 2450 

  0x0000028d2d126ce8: ;   {metadata(method data for {method} {0x0000028d40014300} 'loadClass' '(Ljava/lang/String;Z)Ljava/lang/Class;' in 'java/lang/ClassLoader')}
  0x0000028d2d126ce8: 48b8 18df | 1381 8d02 | 0000 4883 | 80a8 0300 

  0x0000028d2d126cf8: ;   {metadata(method data for {method} {0x0000028d4043cf08} 'resolveClass' '(Ljava/lang/Class;)V' in 'java/lang/ClassLoader')}
  0x0000028d2d126cf8: 0001 48b8 | 5859 1381 | 8d02 0000 | 8b90 cc00 | 0000 83c2 | 0289 90cc | 0000 0081 | e2fe ff1f 
  0x0000028d2d126d18: 0083 fa00 | 0f84 9f02 | 0000 4883 

  0x0000028d2d126d24: ;   {metadata(method data for {method} {0x0000028d4043cf08} 'resolveClass' '(Ljava/lang/Class;)V' in 'java/lang/ClassLoader')}
  0x0000028d2d126d24: fe00 48b8 | 5859 1381 | 8d02 0000 | 48ba 2001 | 0000 0000 | 0000 0f84 | 0a00 0000 | 48ba 1001 
  0x0000028d2d126d44: 0000 0000 | 0000 488b | 3c10 488d | 7f01 4889 | 3c10 0f84 | 4300 0000 | 488d 8424 | a000 0000 
  0x0000028d2d126d64: 488b 1048 | 85d2 0f84 | 0f00 0000 | 488b 7808 | f048 0fb1 | 170f 8563 | 0200 0049 | ff8f 5005 
  0x0000028d2d126d84: 0000 488b | c648 81c4 | c000 0000 

  0x0000028d2d126d90: ;   {poll_return}
  0x0000028d2d126d90: 5d49 3ba7 | 5004 0000 | 0f87 5a02 | 0000 c348 | 89b4 2498 | 0000 0090 

  0x0000028d2d126da8: ;   {no_reloc}
  0x0000028d2d126da8: e970 0200 | 0000 0000 | 0000 498b | 87b8 0100 | 0048 8d78 | 3049 3bbf | c801 0000 | 0f87 5d02 
  0x0000028d2d126dc8: 0000 4989 | bfb8 0100 | 0048 c700 | 0100 0000 | 488b ca49 | ba00 0000 | 408d 0200 | 0049 2bca 
  0x0000028d2d126de8: 8948 0848 | 33c9 8948 | 0c48 33c9 | 4889 4810 | 4889 4818 | 4889 4820 | 4889 4828 

  0x0000028d2d126e04: ;   {metadata(method data for {method} {0x0000028d4043cf08} 'resolveClass' '(Ljava/lang/Class;)V' in 'java/lang/ClassLoader')}
  0x0000028d2d126e04: 488b d048 | be58 5913 | 818d 0200 | 0048 8386 | 3001 0000 | 0148 8bd0 | 4889 8424 | 9000 0000 
  0x0000028d2d126e24: ;   {optimized virtual_call}
  0x0000028d2d126e24: 6666 90e8 

  0x0000028d2d126e28: ; ImmutableOopMap {[104]=Oop [144]=Oop [152]=Oop [168]=Oop }
                      ;*invokespecial <init> {reexecute=0 rethrow=0 return_oop=0}
                      ; - java.lang.ClassLoader::resolveClass@8 (line 1238)
                      ; - java.lang.ClassLoader::loadClass@106 (line 602)
  0x0000028d2d126e28: 547c 4607 

  0x0000028d2d126e2c: ;   {other}
  0x0000028d2d126e2c: 0f1f 8400 | 9c0c 000a | 488b 8424 

  0x0000028d2d126e38: ; ImmutableOopMap {rax=Oop [104]=Oop [152]=Oop [168]=Oop }
                      ;*athrow {reexecute=1 rethrow=0 return_oop=0}
                      ; - (reexecute) java.lang.ClassLoader::resolveClass@11 (line 1238)
                      ; - java.lang.ClassLoader::loadClass@106 (line 602)
  0x0000028d2d126e38: 9000 0000 

  0x0000028d2d126e3c: ;   {section_word}
  0x0000028d2d126e3c: 48ba 3c6e | 122d 8d02 

  0x0000028d2d126e44: ;   {runtime_call handle_exception_nofpu Runtime1 stub}
  0x0000028d2d126e44: 0000 e8b5 | b453 0790 | 498b 8700 | 0500 004d | 33d2 4d89 | 9700 0500 | 004d 33d2 | 4d89 9708 
  0x0000028d2d126e64: 0500 0048 | 8bf0 488d | 8424 a000 | 0000 488b | 3848 85ff | 0f84 0f00 | 0000 488b | 5808 f048 
  0x0000028d2d126e84: 0fb1 3b0f | 85a7 0100 | 0049 ff8f | 5005 0000 | 488b c6e9 | f301 0000 

  0x0000028d2d126e9c: ;   {metadata({method} {0x0000028d40014300} 'loadClass' '(Ljava/lang/String;Z)Ljava/lang/Class;' in 'java/lang/ClassLoader')}
  0x0000028d2d126e9c: 49ba f842 | 0140 8d02 | 0000 4c89 | 5424 0848 | c704 24ff 

  0x0000028d2d126eb0: ;   {runtime_call counter_overflow Runtime1 stub}
  0x0000028d2d126eb0: ffff ffe8 

  0x0000028d2d126eb4: ; ImmutableOopMap {rdx=Oop r8=Oop [80]=Oop [88]=Oop }
                      ;*synchronization entry
                      ; - java.lang.ClassLoader::loadClass@-1 (line 573)
  0x0000028d2d126eb4: 48ed 5307 | e914 f6ff 

  0x0000028d2d126ebc: ;   {runtime_call throw_null_pointer_exception Runtime1 stub}
  0x0000028d2d126ebc: ffe8 3e9c 

  0x0000028d2d126ec0: ; ImmutableOopMap {rsi=Oop [80]=Oop [88]=Oop [104]=Oop }
                      ;*monitorenter {reexecute=0 rethrow=0 return_oop=0}
                      ; - java.lang.ClassLoader::loadClass@7 (line 573)
  0x0000028d2d126ec0: 5307 4889 | 7424 0848 

  0x0000028d2d126ec8: ;   {runtime_call monitorenter_nofpu Runtime1 stub}
  0x0000028d2d126ec8: 8914 24e8 

  0x0000028d2d126ecc: ; ImmutableOopMap {rsi=Oop [80]=Oop [88]=Oop [104]=Oop [168]=Oop }
                      ;*monitorenter {reexecute=0 rethrow=0 return_oop=0}
                      ; - java.lang.ClassLoader::loadClass@7 (line 573)
  0x0000028d2d126ecc: 30cc 5307 | e9f1 f6ff 

  0x0000028d2d126ed4: ;   {metadata({method} {0x0000028d4043cfb8} 'findLoadedClass' '(Ljava/lang/String;)Ljava/lang/Class;' in 'java/lang/ClassLoader')}
  0x0000028d2d126ed4: ff49 bab0 | cf43 408d | 0200 004c | 8954 2408 | 48c7 0424 | ffff ffff 

  0x0000028d2d126eec: ;   {runtime_call counter_overflow Runtime1 stub}
  0x0000028d2d126eec: e80f ed53 

  0x0000028d2d126ef0: ; ImmutableOopMap {[80]=Oop [88]=Oop [104]=Oop [168]=Oop }
                      ;*synchronization entry
                      ; - java.lang.ClassLoader::findLoadedClass@-1 (line 1298)
                      ; - java.lang.ClassLoader::loadClass@10 (line 575)
  0x0000028d2d126ef0: 07e9 0ff7 

  0x0000028d2d126ef4: ;   {runtime_call throw_null_pointer_exception Runtime1 stub}
  0x0000028d2d126ef4: ffff e805 

  0x0000028d2d126ef8: ; ImmutableOopMap {rsi=Oop [80]=Oop [88]=Oop [104]=Oop [112]=Oop [168]=Oop }
                      ;*invokevirtual loadClass {reexecute=0 rethrow=0 return_oop=0}
                      ; - java.lang.ClassLoader::loadClass@38 (line 580)
                      ;   {metadata({method} {0x0000028d4043cf60} 'findBootstrapClassOrNull' '(Ljava/lang/String;)Ljava/lang/Class;' in 'java/lang/ClassLoader')}
  0x0000028d2d126ef8: 9c53 0749 | ba58 cf43 | 408d 0200 | 004c 8954 | 2408 48c7 | 0424 ffff 

  0x0000028d2d126f10: ;   {runtime_call counter_overflow Runtime1 stub}
  0x0000028d2d126f10: ffff e8e9 

  0x0000028d2d126f14: ; ImmutableOopMap {[80]=Oop [88]=Oop [104]=Oop [112]=Oop [168]=Oop }
                      ;*synchronization entry
                      ; - java.lang.ClassLoader::findBootstrapClassOrNull@-1 (line 1275)
                      ; - java.lang.ClassLoader::loadClass@47 (line 582)
  0x0000028d2d126f14: ec53 07e9 | 47f9 ffff 

  0x0000028d2d126f1c: ;   {metadata({method} {0x0000028d40108e40} 'getParentDelegationTime' '()Ljdk/internal/perf/PerfCounter;' in 'jdk/internal/perf/PerfCounter')}
  0x0000028d2d126f1c: 49ba 388e | 1040 8d02 | 0000 4c89 | 5424 0848 | c704 24ff 

  0x0000028d2d126f30: ;   {runtime_call counter_overflow Runtime1 stub}
  0x0000028d2d126f30: ffff ffe8 

  0x0000028d2d126f34: ; ImmutableOopMap {rax=Oop [80]=Oop [104]=Oop [168]=Oop }
                      ;*synchronization entry
                      ; - jdk.internal.perf.PerfCounter::getParentDelegationTime@-1 (line 164)
                      ; - java.lang.ClassLoader::loadClass@74 (line 596)
  0x0000028d2d126f34: c8ec 5307 | e95b fbff 

  0x0000028d2d126f3c: ;   {metadata({method} {0x0000028d40108c30} 'addTime' '(J)V' in 'jdk/internal/perf/PerfCounter')}
  0x0000028d2d126f3c: ff49 ba28 | 8c10 408d | 0200 004c | 8954 2408 | 48c7 0424 | ffff ffff 

  0x0000028d2d126f54: ;   {runtime_call counter_overflow Runtime1 stub}
  0x0000028d2d126f54: e8a7 ec53 

  0x0000028d2d126f58: ; ImmutableOopMap {rax=Oop rdx=Oop [80]=Oop [104]=Oop [168]=Oop }
                      ;*synchronization entry
                      ; - jdk.internal.perf.PerfCounter::addTime@-1 (line 113)
                      ; - java.lang.ClassLoader::loadClass@82 (line 596)
  0x0000028d2d126f58: 07e9 a2fb 

  0x0000028d2d126f5c: ;   {metadata({method} {0x0000028d40108e98} 'getFindClassTime' '()Ljdk/internal/perf/PerfCounter;' in 'jdk/internal/perf/PerfCounter')}
  0x0000028d2d126f5c: ffff 49ba | 908e 1040 | 8d02 0000 | 4c89 5424 | 0848 c704 | 24ff ffff 

  0x0000028d2d126f74: ;   {runtime_call counter_overflow Runtime1 stub}
  0x0000028d2d126f74: ffe8 86ec 

  0x0000028d2d126f78: ; ImmutableOopMap {[80]=Oop [104]=Oop [136]=Oop [168]=Oop }
                      ;*synchronization entry
                      ; - jdk.internal.perf.PerfCounter::getFindClassTime@-1 (line 149)
                      ; - java.lang.ClassLoader::loadClass@85 (line 597)
  0x0000028d2d126f78: 5307 e9f9 

  0x0000028d2d126f7c: ;   {metadata({method} {0x0000028d40108ef0} 'getFindClasses' '()Ljdk/internal/perf/PerfCounter;' in 'jdk/internal/perf/PerfCounter')}
  0x0000028d2d126f7c: fbff ff49 | bae8 8e10 | 408d 0200 | 004c 8954 | 2408 48c7 | 0424 ffff 

  0x0000028d2d126f94: ;   {runtime_call counter_overflow Runtime1 stub}
  0x0000028d2d126f94: ffff e865 

  0x0000028d2d126f98: ; ImmutableOopMap {[80]=Oop [104]=Oop [136]=Oop [168]=Oop }
                      ;*synchronization entry
                      ; - jdk.internal.perf.PerfCounter::getFindClasses@-1 (line 141)
                      ; - java.lang.ClassLoader::loadClass@93 (line 598)
  0x0000028d2d126f98: ec53 07e9 | 60fc ffff 

  0x0000028d2d126fa0: ;   {metadata({method} {0x0000028d40108ce0} 'increment' '()V' in 'jdk/internal/perf/PerfCounter')}
  0x0000028d2d126fa0: 49ba d88c | 1040 8d02 | 0000 4c89 | 5424 0848 | c704 24ff 

  0x0000028d2d126fb4: ;   {runtime_call counter_overflow Runtime1 stub}
  0x0000028d2d126fb4: ffff ffe8 

  0x0000028d2d126fb8: ; ImmutableOopMap {rdx=Oop [80]=Oop [104]=Oop [136]=Oop [168]=Oop }
                      ;*synchronization entry
                      ; - jdk.internal.perf.PerfCounter::increment@-1 (line 106)
                      ; - java.lang.ClassLoader::loadClass@96 (line 598)
  0x0000028d2d126fb8: 44ec 5307 | e999 fcff 

  0x0000028d2d126fc0: ;   {metadata({method} {0x0000028d4043cf08} 'resolveClass' '(Ljava/lang/Class;)V' in 'java/lang/ClassLoader')}
  0x0000028d2d126fc0: ff49 ba00 | cf43 408d | 0200 004c | 8954 2408 | 48c7 0424 | ffff ffff 

  0x0000028d2d126fd8: ;   {runtime_call counter_overflow Runtime1 stub}
  0x0000028d2d126fd8: e823 ec53 

  0x0000028d2d126fdc: ; ImmutableOopMap {rsi=Oop [104]=Oop [168]=Oop }
                      ;*synchronization entry
                      ; - java.lang.ClassLoader::resolveClass@-1 (line 1237)
                      ; - java.lang.ClassLoader::loadClass@106 (line 602)
  0x0000028d2d126fdc: 07e9 40fd | ffff 488d | 8424 a000 | 0000 4889 

  0x0000028d2d126fec: ;   {runtime_call monitorexit_nofpu Runtime1 stub}
  0x0000028d2d126fec: 0424 e80d | d153 07e9 | 8efd ffff 

  0x0000028d2d126ff8: ;   {internal_word}
  0x0000028d2d126ff8: 49ba 916d | 122d 8d02 | 0000 4d89 | 9768 0400 

  0x0000028d2d127008: ;   {runtime_call SafepointBlob}
  0x0000028d2d127008: 00e9 f2e6 

  0x0000028d2d12700c: ;   {metadata(nullptr)}
  0x0000028d2d12700c: 4607 48ba | 0000 0000 | 0000 0000 | b800 0f05 

  0x0000028d2d12701c: ;   {runtime_call load_klass_patching Runtime1 stub}
  0x0000028d2d12701c: 0ae8 5edb 

  0x0000028d2d127020: ; ImmutableOopMap {[104]=Oop [152]=Oop [168]=Oop }
                      ;*new {reexecute=1 rethrow=0 return_oop=0}
                      ; - (reexecute) java.lang.ClassLoader::resolveClass@4 (line 1238)
                      ; - java.lang.ClassLoader::loadClass@106 (line 602)
  0x0000028d2d127020: 5307 e981 | fdff ff48 

  0x0000028d2d127028: ;   {runtime_call fast_new_instance Runtime1 stub}
  0x0000028d2d127028: 8bd2 e8d1 

  0x0000028d2d12702c: ; ImmutableOopMap {[104]=Oop [152]=Oop [168]=Oop }
                      ;*new {reexecute=0 rethrow=0 return_oop=0}
                      ; - java.lang.ClassLoader::resolveClass@4 (line 1238)
                      ; - java.lang.ClassLoader::loadClass@106 (line 602)
  0x0000028d2d12702c: a353 07e9 | d0fd ffff | 488d 8424 | a000 0000 | 4889 0424 

  0x0000028d2d127040: ;   {runtime_call monitorexit_nofpu Runtime1 stub}
  0x0000028d2d127040: e8bb d053 | 07e9 4afe | ffff 488b | 7424 70e9 | c3f8 ffff | 488b 7424 | 70e9 b9f8 | ffff 488b 
  0x0000028d2d127060: 7424 70e9 | aff8 ffff | 488b 7424 | 70e9 a5f8 | ffff 498b | 8700 0500 | 0049 c787 | 0005 0000 
  0x0000028d2d127080: 0000 0000 | 49c7 8708 | 0500 0000 | 0000 0048 | 81c4 c000 

  0x0000028d2d127094: ;   {runtime_call unwind_exception Runtime1 stub}
  0x0000028d2d127094: 0000 5de9 | 648b 5307 | f4f4 f4f4 
[Stub Code]
  0x0000028d2d1270a0: ;   {no_reloc}
  0x0000028d2d1270a0: 0f1f 4400 

  0x0000028d2d1270a4: ;   {static_stub}
  0x0000028d2d1270a4: 0048 bb00 | 0000 0000 

  0x0000028d2d1270ac: ;   {runtime_call}
  0x0000028d2d1270ac: 0000 00e9 | fbff ffff 

  0x0000028d2d1270b4: ;   {static_stub}
  0x0000028d2d1270b4: 9048 bb00 | 0000 0000 

  0x0000028d2d1270bc: ;   {runtime_call}
  0x0000028d2d1270bc: 0000 00e9 | fbff ffff 

  0x0000028d2d1270c4: ;   {static_stub}
  0x0000028d2d1270c4: 9048 bb00 | 0000 0000 

  0x0000028d2d1270cc: ;   {runtime_call}
  0x0000028d2d1270cc: 0000 00e9 | fbff ffff 

  0x0000028d2d1270d4: ;   {static_stub}
  0x0000028d2d1270d4: 9048 bb00 | 0000 0000 

  0x0000028d2d1270dc: ;   {runtime_call}
  0x0000028d2d1270dc: 0000 00e9 | fbff ffff 

  0x0000028d2d1270e4: ;   {static_stub}
  0x0000028d2d1270e4: 9048 bb00 | 0000 0000 

  0x0000028d2d1270ec: ;   {runtime_call}
  0x0000028d2d1270ec: 0000 00e9 | fbff ffff 

  0x0000028d2d1270f4: ;   {static_stub}
  0x0000028d2d1270f4: 9048 bb00 | 0000 0000 

  0x0000028d2d1270fc: ;   {runtime_call}
  0x0000028d2d1270fc: 0000 00e9 | fbff ffff 

  0x0000028d2d127104: ;   {static_stub}
  0x0000028d2d127104: 48bb 0000 | 0000 0000 

  0x0000028d2d12710c: ;   {runtime_call}
  0x0000028d2d12710c: 0000 e9fb 

  0x0000028d2d127110: ;   {static_stub}
  0x0000028d2d127110: ffff ff48 | bb00 0000 | 0000 0000 

  0x0000028d2d12711c: ;   {runtime_call}
  0x0000028d2d12711c: 00e9 fbff 

  0x0000028d2d127120: ;   {static_stub}
  0x0000028d2d127120: ffff 48bb | 0000 0000 | 0000 0000 

  0x0000028d2d12712c: ;   {runtime_call}
  0x0000028d2d12712c: e9fb ffff 

  0x0000028d2d127130: ;   {static_stub}
  0x0000028d2d127130: ff48 bb00 | 0000 0000 

  0x0000028d2d127138: ;   {runtime_call}
  0x0000028d2d127138: 0000 00e9 | fbff ffff 
[Exception Handler]
  0x0000028d2d127140: ;   {runtime_call handle_exception_from_callee Runtime1 stub}
  0x0000028d2d127140: e8bb b753 

  0x0000028d2d127144: ;   {external_word}
  0x0000028d2d127144: 0748 b900 | 285f 87f9 | 7f00 0048 

  0x0000028d2d127150: ;   {runtime_call}
  0x0000028d2d127150: 83e4 f048 | b8e0 0f27 | 87f9 7f00 | 00ff d0f4 
[Deopt Handler Code]
  0x0000028d2d127160: ;   {section_word}
  0x0000028d2d127160: 49ba 6071 | 122d 8d02 | 0000 4152 

  0x0000028d2d12716c: ;   {runtime_call DeoptimizationBlob}
  0x0000028d2d12716c: e92f d846 | 07f4 f4f4 | f4f4 f4f4 
[/MachCode]


---------------  P R O C E S S  ---------------

Threads class SMR info:
_java_thread_list=0x0000028d3f581700, length=11, elements={
0x0000028d233a92c0, 0x0000028d3f5377d0, 0x0000028d3f5386f0, 0x0000028d3f53c4d0,
0x0000028d3f53ef40, 0x0000028d3f53f9a0, 0x0000028d3f540400, 0x0000028d234642d0,
0x0000028d23464d70, 0x0000028d3f5acaa0, 0x0000028d3f5b1e80
}

Java Threads: ( => current thread )
=>0x0000028d233a92c0 JavaThread "main"                              [_thread_in_vm, id=39812, stack(0x0000009a2a500000,0x0000009a2a600000) (1024K)]
  0x0000028d3f5377d0 JavaThread "Reference Handler"          daemon [_thread_blocked, id=30588, stack(0x0000009a2ad00000,0x0000009a2ae00000) (1024K)]
  0x0000028d3f5386f0 JavaThread "Finalizer"                  daemon [_thread_blocked, id=9056, stack(0x0000009a2ae00000,0x0000009a2af00000) (1024K)]
  0x0000028d3f53c4d0 JavaThread "Signal Dispatcher"          daemon [_thread_blocked, id=4996, stack(0x0000009a2af00000,0x0000009a2b000000) (1024K)]
  0x0000028d3f53ef40 JavaThread "Attach Listener"            daemon [_thread_blocked, id=40088, stack(0x0000009a2b000000,0x0000009a2b100000) (1024K)]
  0x0000028d3f53f9a0 JavaThread "Service Thread"             daemon [_thread_blocked, id=16456, stack(0x0000009a2b100000,0x0000009a2b200000) (1024K)]
  0x0000028d3f540400 JavaThread "Monitor Deflation Thread"   daemon [_thread_blocked, id=27152, stack(0x0000009a2b200000,0x0000009a2b300000) (1024K)]
  0x0000028d234642d0 JavaThread "C2 CompilerThread0"         daemon [_thread_blocked, id=30752, stack(0x0000009a2b300000,0x0000009a2b400000) (1024K)]
  0x0000028d23464d70 JavaThread "C1 CompilerThread0"         daemon [_thread_blocked, id=34772, stack(0x0000009a2b400000,0x0000009a2b500000) (1024K)]
  0x0000028d3f5acaa0 JavaThread "Notification Thread"        daemon [_thread_blocked, id=35516, stack(0x0000009a2b500000,0x0000009a2b600000) (1024K)]
  0x0000028d3f5b1e80 JavaThread "Common-Cleaner"             daemon [_thread_blocked, id=13496, stack(0x0000009a2b600000,0x0000009a2b700000) (1024K)]
Total: 11

Other Threads:
  0x0000028d2344c860 VMThread "VM Thread"                           [id=28184, stack(0x0000009a2ac00000,0x0000009a2ad00000) (1024K)] _threads_hazard_ptr=0x0000028d3f581700
  0x0000028d3f52d3f0 WatcherThread "VM Periodic Task Thread"        [id=42292, stack(0x0000009a2ab00000,0x0000009a2ac00000) (1024K)]
  0x0000028d233c0490 WorkerThread "GC Thread#0"                     [id=19100, stack(0x0000009a2a600000,0x0000009a2a700000) (1024K)]
  0x0000028d233c1c70 ConcurrentGCThread "G1 Main Marker"            [id=13092, stack(0x0000009a2a700000,0x0000009a2a800000) (1024K)]
  0x0000028d233c29f0 WorkerThread "G1 Conc#0"                       [id=28376, stack(0x0000009a2a800000,0x0000009a2a900000) (1024K)]
  0x0000028d23424a00 ConcurrentGCThread "G1 Refine#0"               [id=30104, stack(0x0000009a2a900000,0x0000009a2aa00000) (1024K)]
  0x0000028d23425570 ConcurrentGCThread "G1 Service"                [id=11948, stack(0x0000009a2aa00000,0x0000009a2ab00000) (1024K)]
Total: 7

Threads with active compile tasks:
Total: 0

VM state: synchronizing (normal execution)

VM Mutex/Monitor currently owned by a thread:  ([mutex/lock_event])
[0x00007ff987888578] Metaspace_lock - owner thread: 0x0000028d233a92c0
[0x00007ff98788a5f8] Threads_lock - owner thread: 0x0000028d2344c860

OutOfMemory and StackOverflow Exception counts:
OutOfMemoryError java_heap_errors=2
LinkageErrors=5

Heap address: 0x00000000fc000000, size: 64 MB, Compressed Oops mode: 32-bit

CDS archive(s) mapped at: [0x0000028d40000000-0x0000028d40c90000-0x0000028d40c90000), size 13172736, SharedBaseAddress: 0x0000028d40000000, ArchiveRelocationMode: 1.
Compressed class space mapped at: 0x0000028d41000000-0x0000028d81000000, reserved size: 1073741824
Narrow klass base: 0x0000028d40000000, Narrow klass shift: 0, Narrow klass range: 0x100000000

GC Precious Log:
 CardTable entry size: 512
 Card Set container configuration: InlinePtr #cards 5 size 8 Array Of Cards #cards 12 size 40 Howl #buckets 4 coarsen threshold 1843 Howl Bitmap #cards 512 size 80 coarsen threshold 460 Card regions per heap region 1 cards per card region 2048
 CPUs: 8 total, 8 available
 Memory: 16193M
 Large Page Support: Disabled
 NUMA Support: Disabled
 Compressed Oops: Enabled (32-bit)
 Heap Region Size: 1M
 Heap Min Capacity: 64M
 Heap Initial Capacity: 64M
 Heap Max Capacity: 64M
 Pre-touch: Disabled
 Parallel Workers: 8
 Concurrent Workers: 2
 Concurrent Refinement Workers: 8
 Periodic GC: Disabled

Heap:
 garbage-first heap   total 65536K, used 15360K [0x00000000fc000000, 0x0000000100000000)
  region size 1024K, 16 young (16384K), 0 survivors (0K)
 Metaspace       used 2048K, committed 2176K, reserved 1114112K
  class space    used 205K, committed 256K, reserved 1048576K

Heap Regions: E=young(eden), S=young(survivor), O=old, HS=humongous(starts), HC=humongous(continues), CS=collection set, F=free, TAMS=top-at-mark-start, PB=parsable bottom
|   0|0x00000000fc000000, 0x00000000fc000000, 0x00000000fc100000|  0%| F|  |TAMS 0x00000000fc000000| PB 0x00000000fc000000| Untracked 
|   1|0x00000000fc100000, 0x00000000fc100000, 0x00000000fc200000|  0%| F|  |TAMS 0x00000000fc100000| PB 0x00000000fc100000| Untracked 
|   2|0x00000000fc200000, 0x00000000fc200000, 0x00000000fc300000|  0%| F|  |TAMS 0x00000000fc200000| PB 0x00000000fc200000| Untracked 
|   3|0x00000000fc300000, 0x00000000fc300000, 0x00000000fc400000|  0%| F|  |TAMS 0x00000000fc300000| PB 0x00000000fc300000| Untracked 
|   4|0x00000000fc400000, 0x00000000fc400000, 0x00000000fc500000|  0%| F|  |TAMS 0x00000000fc400000| PB 0x00000000fc400000| Untracked 
|   5|0x00000000fc500000, 0x00000000fc500000, 0x00000000fc600000|  0%| F|  |TAMS 0x00000000fc500000| PB 0x00000000fc500000| Untracked 
|   6|0x00000000fc600000, 0x00000000fc600000, 0x00000000fc700000|  0%| F|  |TAMS 0x00000000fc600000| PB 0x00000000fc600000| Untracked 
|   7|0x00000000fc700000, 0x00000000fc700000, 0x00000000fc800000|  0%| F|  |TAMS 0x00000000fc700000| PB 0x00000000fc700000| Untracked 
|   8|0x00000000fc800000, 0x00000000fc800000, 0x00000000fc900000|  0%| F|  |TAMS 0x00000000fc800000| PB 0x00000000fc800000| Untracked 
|   9|0x00000000fc900000, 0x00000000fc900000, 0x00000000fca00000|  0%| F|  |TAMS 0x00000000fc900000| PB 0x00000000fc900000| Untracked 
|  10|0x00000000fca00000, 0x00000000fca00000, 0x00000000fcb00000|  0%| F|  |TAMS 0x00000000fca00000| PB 0x00000000fca00000| Untracked 
|  11|0x00000000fcb00000, 0x00000000fcb00000, 0x00000000fcc00000|  0%| F|  |TAMS 0x00000000fcb00000| PB 0x00000000fcb00000| Untracked 
|  12|0x00000000fcc00000, 0x00000000fcc00000, 0x00000000fcd00000|  0%| F|  |TAMS 0x00000000fcc00000| PB 0x00000000fcc00000| Untracked 
|  13|0x00000000fcd00000, 0x00000000fcd00000, 0x00000000fce00000|  0%| F|  |TAMS 0x00000000fcd00000| PB 0x00000000fcd00000| Untracked 
|  14|0x00000000fce00000, 0x00000000fce00000, 0x00000000fcf00000|  0%| F|  |TAMS 0x00000000fce00000| PB 0x00000000fce00000| Untracked 
|  15|0x00000000fcf00000, 0x00000000fcf00000, 0x00000000fd000000|  0%| F|  |TAMS 0x00000000fcf00000| PB 0x00000000fcf00000| Untracked 
|  16|0x00000000fd000000, 0x00000000fd000000, 0x00000000fd100000|  0%| F|  |TAMS 0x00000000fd000000| PB 0x00000000fd000000| Untracked 
|  17|0x00000000fd100000, 0x00000000fd100000, 0x00000000fd200000|  0%| F|  |TAMS 0x00000000fd100000| PB 0x00000000fd100000| Untracked 
|  18|0x00000000fd200000, 0x00000000fd200000, 0x00000000fd300000|  0%| F|  |TAMS 0x00000000fd200000| PB 0x00000000fd200000| Untracked 
|  19|0x00000000fd300000, 0x00000000fd300000, 0x00000000fd400000|  0%| F|  |TAMS 0x00000000fd300000| PB 0x00000000fd300000| Untracked 
|  20|0x00000000fd400000, 0x00000000fd400000, 0x00000000fd500000|  0%| F|  |TAMS 0x00000000fd400000| PB 0x00000000fd400000| Untracked 
|  21|0x00000000fd500000, 0x00000000fd500000, 0x00000000fd600000|  0%| F|  |TAMS 0x00000000fd500000| PB 0x00000000fd500000| Untracked 
|  22|0x00000000fd600000, 0x00000000fd600000, 0x00000000fd700000|  0%| F|  |TAMS 0x00000000fd600000| PB 0x00000000fd600000| Untracked 
|  23|0x00000000fd700000, 0x00000000fd700000, 0x00000000fd800000|  0%| F|  |TAMS 0x00000000fd700000| PB 0x00000000fd700000| Untracked 
|  24|0x00000000fd800000, 0x00000000fd800000, 0x00000000fd900000|  0%| F|  |TAMS 0x00000000fd800000| PB 0x00000000fd800000| Untracked 
|  25|0x00000000fd900000, 0x00000000fd900000, 0x00000000fda00000|  0%| F|  |TAMS 0x00000000fd900000| PB 0x00000000fd900000| Untracked 
|  26|0x00000000fda00000, 0x00000000fda00000, 0x00000000fdb00000|  0%| F|  |TAMS 0x00000000fda00000| PB 0x00000000fda00000| Untracked 
|  27|0x00000000fdb00000, 0x00000000fdb00000, 0x00000000fdc00000|  0%| F|  |TAMS 0x00000000fdb00000| PB 0x00000000fdb00000| Untracked 
|  28|0x00000000fdc00000, 0x00000000fdc00000, 0x00000000fdd00000|  0%| F|  |TAMS 0x00000000fdc00000| PB 0x00000000fdc00000| Untracked 
|  29|0x00000000fdd00000, 0x00000000fdd00000, 0x00000000fde00000|  0%| F|  |TAMS 0x00000000fdd00000| PB 0x00000000fdd00000| Untracked 
|  30|0x00000000fde00000, 0x00000000fde00000, 0x00000000fdf00000|  0%| F|  |TAMS 0x00000000fde00000| PB 0x00000000fde00000| Untracked 
|  31|0x00000000fdf00000, 0x00000000fdf00000, 0x00000000fe000000|  0%| F|  |TAMS 0x00000000fdf00000| PB 0x00000000fdf00000| Untracked 
|  32|0x00000000fe000000, 0x00000000fe000000, 0x00000000fe100000|  0%| F|  |TAMS 0x00000000fe000000| PB 0x00000000fe000000| Untracked 
|  33|0x00000000fe100000, 0x00000000fe100000, 0x00000000fe200000|  0%| F|  |TAMS 0x00000000fe100000| PB 0x00000000fe100000| Untracked 
|  34|0x00000000fe200000, 0x00000000fe200000, 0x00000000fe300000|  0%| F|  |TAMS 0x00000000fe200000| PB 0x00000000fe200000| Untracked 
|  35|0x00000000fe300000, 0x00000000fe300000, 0x00000000fe400000|  0%| F|  |TAMS 0x00000000fe300000| PB 0x00000000fe300000| Untracked 
|  36|0x00000000fe400000, 0x00000000fe400000, 0x00000000fe500000|  0%| F|  |TAMS 0x00000000fe400000| PB 0x00000000fe400000| Untracked 
|  37|0x00000000fe500000, 0x00000000fe500000, 0x00000000fe600000|  0%| F|  |TAMS 0x00000000fe500000| PB 0x00000000fe500000| Untracked 
|  38|0x00000000fe600000, 0x00000000fe600000, 0x00000000fe700000|  0%| F|  |TAMS 0x00000000fe600000| PB 0x00000000fe600000| Untracked 
|  39|0x00000000fe700000, 0x00000000fe700000, 0x00000000fe800000|  0%| F|  |TAMS 0x00000000fe700000| PB 0x00000000fe700000| Untracked 
|  40|0x00000000fe800000, 0x00000000fe800000, 0x00000000fe900000|  0%| F|  |TAMS 0x00000000fe800000| PB 0x00000000fe800000| Untracked 
|  41|0x00000000fe900000, 0x00000000fe900000, 0x00000000fea00000|  0%| F|  |TAMS 0x00000000fe900000| PB 0x00000000fe900000| Untracked 
|  42|0x00000000fea00000, 0x00000000fea00000, 0x00000000feb00000|  0%| F|  |TAMS 0x00000000fea00000| PB 0x00000000fea00000| Untracked 
|  43|0x00000000feb00000, 0x00000000feb00000, 0x00000000fec00000|  0%| F|  |TAMS 0x00000000feb00000| PB 0x00000000feb00000| Untracked 
|  44|0x00000000fec00000, 0x00000000fec00000, 0x00000000fed00000|  0%| F|  |TAMS 0x00000000fec00000| PB 0x00000000fec00000| Untracked 
|  45|0x00000000fed00000, 0x00000000fed00000, 0x00000000fee00000|  0%| F|  |TAMS 0x00000000fed00000| PB 0x00000000fed00000| Untracked 
|  46|0x00000000fee00000, 0x00000000fee00000, 0x00000000fef00000|  0%| F|  |TAMS 0x00000000fee00000| PB 0x00000000fee00000| Untracked 
|  47|0x00000000fef00000, 0x00000000fef00000, 0x00000000ff000000|  0%| F|  |TAMS 0x00000000fef00000| PB 0x00000000fef00000| Untracked 
|  48|0x00000000ff000000, 0x00000000ff0764c8, 0x00000000ff100000| 46%| E|  |TAMS 0x00000000ff000000| PB 0x00000000ff000000| Complete 
|  49|0x00000000ff100000, 0x00000000ff200000, 0x00000000ff200000|100%| E|CS|TAMS 0x00000000ff100000| PB 0x00000000ff100000| Complete 
|  50|0x00000000ff200000, 0x00000000ff300000, 0x00000000ff300000|100%| E|CS|TAMS 0x00000000ff200000| PB 0x00000000ff200000| Complete 
|  51|0x00000000ff300000, 0x00000000ff400000, 0x00000000ff400000|100%| E|CS|TAMS 0x00000000ff300000| PB 0x00000000ff300000| Complete 
|  52|0x00000000ff400000, 0x00000000ff500000, 0x00000000ff500000|100%| E|CS|TAMS 0x00000000ff400000| PB 0x00000000ff400000| Complete 
|  53|0x00000000ff500000, 0x00000000ff600000, 0x00000000ff600000|100%| E|CS|TAMS 0x00000000ff500000| PB 0x00000000ff500000| Complete 
|  54|0x00000000ff600000, 0x00000000ff700000, 0x00000000ff700000|100%| E|CS|TAMS 0x00000000ff600000| PB 0x00000000ff600000| Complete 
|  55|0x00000000ff700000, 0x00000000ff800000, 0x00000000ff800000|100%| E|CS|TAMS 0x00000000ff700000| PB 0x00000000ff700000| Complete 
|  56|0x00000000ff800000, 0x00000000ff900000, 0x00000000ff900000|100%| E|CS|TAMS 0x00000000ff800000| PB 0x00000000ff800000| Complete 
|  57|0x00000000ff900000, 0x00000000ffa00000, 0x00000000ffa00000|100%| E|CS|TAMS 0x00000000ff900000| PB 0x00000000ff900000| Complete 
|  58|0x00000000ffa00000, 0x00000000ffb00000, 0x00000000ffb00000|100%| E|CS|TAMS 0x00000000ffa00000| PB 0x00000000ffa00000| Complete 
|  59|0x00000000ffb00000, 0x00000000ffc00000, 0x00000000ffc00000|100%| E|CS|TAMS 0x00000000ffb00000| PB 0x00000000ffb00000| Complete 
|  60|0x00000000ffc00000, 0x00000000ffd00000, 0x00000000ffd00000|100%| E|CS|TAMS 0x00000000ffc00000| PB 0x00000000ffc00000| Complete 
|  61|0x00000000ffd00000, 0x00000000ffe00000, 0x00000000ffe00000|100%| E|CS|TAMS 0x00000000ffd00000| PB 0x00000000ffd00000| Complete 
|  62|0x00000000ffe00000, 0x00000000fff00000, 0x00000000fff00000|100%| E|CS|TAMS 0x00000000ffe00000| PB 0x00000000ffe00000| Complete 
|  63|0x00000000fff00000, 0x0000000100000000, 0x0000000100000000|100%| E|CS|TAMS 0x00000000fff00000| PB 0x00000000fff00000| Complete 

Card table byte_map: [0x0000028d3ca70000,0x0000028d3ca90000] _byte_map_base: 0x0000028d3c290000

Marking Bits: (CMBitMap*) 0x0000028d233c0b90
 Bits: [0x0000028d3ca90000, 0x0000028d3cb90000)

Polling page: 0x0000028d23470000

Metaspace:

Usage:
  Non-class:      1.80 MB used.
      Class:    205.02 KB used.
       Both:      2.00 MB used.

Virtual space:
  Non-class space:       64.00 MB reserved,       1.88 MB (  3%) committed,  1 nodes.
      Class space:        1.00 GB reserved,     256.00 KB ( <1%) committed,  1 nodes.
             Both:        1.06 GB reserved,       2.12 MB ( <1%) committed. 

Chunk freelists:
   Non-Class:  11.48 MB
       Class:  15.62 MB
        Both:  27.11 MB

MaxMetaspaceSize: unlimited
CompressedClassSpaceSize: 1.00 GB
Initial GC threshold: 21.00 MB
Current GC threshold: 21.00 MB
CDS: on
 - commit_granule_bytes: 65536.
 - commit_granule_words: 8192.
 - virtual_space_node_default_size: 8388608.
 - enlarge_chunks_in_place: 1.
 - use_allocation_guard: 0.


Internal statistics:

num_allocs_failed_limit: 0.
num_arena_births: 44.
num_arena_deaths: 0.
num_vsnodes_births: 2.
num_vsnodes_deaths: 0.
num_space_committed: 34.
num_space_uncommitted: 0.
num_chunks_returned_to_freelist: 0.
num_chunks_taken_from_freelist: 90.
num_chunk_merges: 0.
num_chunk_splits: 50.
num_chunks_enlarged: 35.
num_inconsistent_stats: 0.

CodeHeap 'non-profiled nmethods': size=120000Kb used=231Kb max_used=231Kb free=119768Kb
 bounds [0x0000028d34ae0000, 0x0000028d34d50000, 0x0000028d3c010000]
CodeHeap 'profiled nmethods': size=120000Kb used=1260Kb max_used=1260Kb free=118739Kb
 bounds [0x0000028d2d010000, 0x0000028d2d280000, 0x0000028d34540000]
CodeHeap 'non-nmethods': size=5760Kb used=1313Kb max_used=1330Kb free=4446Kb
 bounds [0x0000028d34540000, 0x0000028d347b0000, 0x0000028d34ae0000]
 total_blobs=1111 nmethods=684 adapters=332
 compilation: enabled
              stopped_count=0, restarted_count=0
 full_count=0

Compilation events (20 events):
Event: 5.128 Thread 0x0000028d23464d70 nmethod 674 0x0000028d2d146190 code [0x0000028d2d146380, 0x0000028d2d1468b0]
Event: 5.128 Thread 0x0000028d23464d70  675       3       java.nio.file.attribute.FileTime::from (18 bytes)
Event: 5.128 Thread 0x0000028d23464d70 nmethod 675 0x0000028d2d146a10 code [0x0000028d2d146be0, 0x0000028d2d146fc8]
Event: 5.128 Thread 0x0000028d23464d70  676       3       java.nio.file.attribute.FileTime::<init> (21 bytes)
Event: 5.129 Thread 0x0000028d23464d70 nmethod 676 0x0000028d2d147190 code [0x0000028d2d147340, 0x0000028d2d147568]
Event: 5.145 Thread 0x0000028d23464d70  677  s    3       java.util.Hashtable::get (69 bytes)
Event: 5.145 Thread 0x0000028d23464d70 nmethod 677 0x0000028d2d147610 code [0x0000028d2d147800, 0x0000028d2d147d68]
Event: 5.146 Thread 0x0000028d23464d70  678       3       java.net.URL::toString (5 bytes)
Event: 5.146 Thread 0x0000028d23464d70 nmethod 678 0x0000028d2d147f10 code [0x0000028d2d1480c0, 0x0000028d2d1482f8]
Event: 5.146 Thread 0x0000028d23464d70  679       3       java.net.URL::toExternalForm (9 bytes)
Event: 5.147 Thread 0x0000028d23464d70 nmethod 679 0x0000028d2d148410 code [0x0000028d2d1485c0, 0x0000028d2d148798]
Event: 5.147 Thread 0x0000028d23464d70  680       3       java.net.URLStreamHandler::toExternalForm (156 bytes)
Event: 5.148 Thread 0x0000028d23464d70 nmethod 680 0x0000028d2d148890 code [0x0000028d2d148c80, 0x0000028d2d14a228]
Event: 5.151 Thread 0x0000028d234642d0  681       4       java.lang.String::equals (56 bytes)
Event: 5.152 Thread 0x0000028d23464d70  682       3       sun.net.www.protocol.jar.Handler::checkNestedProtocol (18 bytes)
Event: 5.152 Thread 0x0000028d23464d70 nmethod 682 0x0000028d2d14aa10 code [0x0000028d2d14abc0, 0x0000028d2d14ada0]
Event: 5.153 Thread 0x0000028d234642d0 nmethod 681 0x0000028d34b18c90 code [0x0000028d34b18e20, 0x0000028d34b19018]
Event: 5.160 Thread 0x0000028d23464d70  683       3       java.util.Collections$UnmodifiableCollection$1::next (10 bytes)
Event: 5.160 Thread 0x0000028d23464d70 nmethod 683 0x0000028d2d14ae90 code [0x0000028d2d14b040, 0x0000028d2d14b218]
Event: 5.165 Thread 0x0000028d234642d0  684       4       java.lang.AbstractStringBuilder::append (45 bytes)

GC Heap History (0 events):
No events

Dll operation events (7 events):
Event: 0.035 Loaded shared library C:\Program Files\Java\jdk-21\bin\java.dll
Event: 1.139 Loaded shared library C:\Program Files\Java\jdk-21\bin\net.dll
Event: 1.142 Loaded shared library C:\Program Files\Java\jdk-21\bin\jsvml.dll
Event: 1.339 Loaded shared library C:\Program Files\Java\jdk-21\bin\nio.dll
Event: 1.353 Loaded shared library C:\Program Files\Java\jdk-21\bin\zip.dll
Event: 3.656 Loaded shared library C:\Program Files\Java\jdk-21\bin\jimage.dll
Event: 4.768 Loaded shared library C:\Program Files\Java\jdk-21\bin\verify.dll

Deoptimization events (20 events):
Event: 2.807 Thread 0x0000028d233a92c0 DEOPT PACKING pc=0x0000028d2d074cc2 sp=0x0000009a2a5fe390
Event: 2.807 Thread 0x0000028d233a92c0 DEOPT UNPACKING pc=0x0000028d34594e42 sp=0x0000009a2a5fd850 mode 0
Event: 3.465 Thread 0x0000028d233a92c0 Uncommon trap: trap_request=0xffffff45 fr.pc=0x0000028d34afe648 relative=0x00000000000000a8
Event: 3.465 Thread 0x0000028d233a92c0 Uncommon trap: reason=unstable_if action=reinterpret pc=0x0000028d34afe648 method=java.util.regex.Pattern.append(II)V @ 9 c2
Event: 3.465 Thread 0x0000028d233a92c0 DEOPT PACKING pc=0x0000028d34afe648 sp=0x0000009a2a5fe180
Event: 3.465 Thread 0x0000028d233a92c0 DEOPT UNPACKING pc=0x0000028d345946a2 sp=0x0000009a2a5fe110 mode 2
Event: 4.073 Thread 0x0000028d233a92c0 Uncommon trap: trap_request=0xffffff45 fr.pc=0x0000028d34b03d08 relative=0x0000000000000868
Event: 4.073 Thread 0x0000028d233a92c0 Uncommon trap: reason=unstable_if action=reinterpret pc=0x0000028d34b03d08 method=java.util.zip.ZipFile$Source.checkAndAddEntry(II)I @ 50 c2
Event: 4.073 Thread 0x0000028d233a92c0 DEOPT PACKING pc=0x0000028d34b03d08 sp=0x0000009a2a5fde20
Event: 4.073 Thread 0x0000028d233a92c0 DEOPT UNPACKING pc=0x0000028d345946a2 sp=0x0000009a2a5fdd90 mode 2
Event: 4.387 Thread 0x0000028d233a92c0 DEOPT PACKING pc=0x0000028d2d06f388 sp=0x0000009a2a5f9e10
Event: 4.388 Thread 0x0000028d233a92c0 DEOPT UNPACKING pc=0x0000028d34594e42 sp=0x0000009a2a5f92d0 mode 0
Event: 4.774 Thread 0x0000028d233a92c0 Uncommon trap: trap_request=0xffffff45 fr.pc=0x0000028d34b005d8 relative=0x00000000000003f8
Event: 4.774 Thread 0x0000028d233a92c0 Uncommon trap: reason=unstable_if action=reinterpret pc=0x0000028d34b005d8 method=java.lang.StringLatin1.toLowerCase(Ljava/lang/String;[BLjava/util/Locale;)Ljava/lang/String; @ 43 c2
Event: 4.774 Thread 0x0000028d233a92c0 DEOPT PACKING pc=0x0000028d34b005d8 sp=0x0000009a2a5fd5d0
Event: 4.774 Thread 0x0000028d233a92c0 DEOPT UNPACKING pc=0x0000028d345946a2 sp=0x0000009a2a5fd540 mode 2
Event: 4.856 Thread 0x0000028d233a92c0 DEOPT PACKING pc=0x0000028d2d1322a2 sp=0x0000009a2a5fc7f0
Event: 4.856 Thread 0x0000028d233a92c0 DEOPT UNPACKING pc=0x0000028d34594e42 sp=0x0000009a2a5fbcb0 mode 0
Event: 5.136 Thread 0x0000028d233a92c0 DEOPT PACKING pc=0x0000028d2d1322a2 sp=0x0000009a2a5fc800
Event: 5.136 Thread 0x0000028d233a92c0 DEOPT UNPACKING pc=0x0000028d34594e42 sp=0x0000009a2a5fbcc0 mode 0

Classes loaded (20 events):
Event: 4.771 Loading class java/util/concurrent/LinkedBlockingQueue
Event: 4.772 Loading class java/util/concurrent/BlockingQueue
Event: 4.772 Loading class java/util/concurrent/BlockingQueue done
Event: 4.772 Loading class java/util/AbstractQueue
Event: 4.772 Loading class java/util/AbstractQueue done
Event: 4.772 Loading class java/util/concurrent/LinkedBlockingQueue done
Event: 4.772 Loading class java/util/concurrent/LinkedBlockingQueue$Node
Event: 4.772 Loading class java/util/concurrent/LinkedBlockingQueue$Node done
Event: 4.773 Loading class java/lang/SecurityException
Event: 4.773 Loading class java/lang/SecurityException done
Event: 4.774 Loading class java/net/URLClassLoader$3
Event: 4.775 Loading class java/net/URLClassLoader$3 done
Event: 4.775 Loading class java/net/URLClassLoader$3$1
Event: 4.776 Loading class java/net/URLClassLoader$3$1 done
Event: 5.159 Loading class java/util/zip/DataFormatException
Event: 5.159 Loading class java/util/zip/DataFormatException done
Event: 5.159 Loading class java/lang/ExceptionInInitializerError
Event: 5.160 Loading class java/lang/ExceptionInInitializerError done
Event: 5.160 Loading class java/lang/StackTraceElement$HashedModules
Event: 5.160 Loading class java/lang/StackTraceElement$HashedModules done

Classes unloaded (0 events):
No events

Classes redefined (0 events):
No events

Internal exceptions (7 events):
Event: 1.642 Thread 0x0000028d233a92c0 Exception <a 'java/lang/NoSuchMethodError'{0x00000000ffde2d20}: 'void java.lang.invoke.DirectMethodHandle$Holder.invokeStatic(java.lang.Object, java.lang.Object)'> (0x00000000ffde2d20) 
thrown [s\open\src\hotspot\share\interpreter\linkResolver.cpp, line 773]
Event: 1.644 Thread 0x0000028d233a92c0 Exception <a 'java/lang/NoSuchMethodError'{0x00000000ffde68a0}: 'void java.lang.invoke.DirectMethodHandle$Holder.invokeSpecial(java.lang.Object, java.lang.Object, java.lang.Object)'> (0x00000000ffde68a0) 
thrown [s\open\src\hotspot\share\interpreter\linkResolver.cpp, line 773]
Event: 1.667 Thread 0x0000028d233a92c0 Exception <a 'java/lang/NoSuchMethodError'{0x00000000ffc89a98}: 'void java.lang.invoke.DirectMethodHandle$Holder.invokeStatic(java.lang.Object, java.lang.Object, java.lang.Object)'> (0x00000000ffc89a98) 
thrown [s\open\src\hotspot\share\interpreter\linkResolver.cpp, line 773]
Event: 1.672 Thread 0x0000028d233a92c0 Exception <a 'java/lang/NoSuchMethodError'{0x00000000ffc9c188}: 'java.lang.Object java.lang.invoke.Invokers$Holder.invokeExact_MT(java.lang.Object, java.lang.Object, java.lang.Object, java.lang.Object, java.lang.Object)'> (0x00000000ffc9c188) 
thrown [s\open\src\hotspot\share\interpreter\linkResolver.cpp, line 773]
Event: 1.684 Thread 0x0000028d233a92c0 Exception <a 'java/lang/NoSuchMethodError'{0x00000000ffcc9b90}: 'int java.lang.invoke.DirectMethodHandle$Holder.invokeStaticInit(java.lang.Object, java.lang.Object)'> (0x00000000ffcc9b90) 
thrown [s\open\src\hotspot\share\interpreter\linkResolver.cpp, line 773]
Event: 5.159 Thread 0x0000028d233a92c0 Exception <a 'java/lang/OutOfMemoryError'{0x00000000ff02db60}> (0x00000000ff02db60) 
thrown [s\open\src\hotspot\share\prims\jni.cpp, line 539]
Event: 5.160 Thread 0x0000028d233a92c0 Exception <a 'java/lang/OutOfMemoryError'{0x00000000ff02db60}> (0x00000000ff02db60) 
thrown [s\open\src\hotspot\share\oops\instanceKlass.cpp, line 1180]

ZGC Phase Switch (0 events):
No events

VM Operations (8 events):
Event: 1.609 Executing VM operation: Cleanup
Event: 1.610 Executing VM operation: Cleanup done
Event: 2.619 Executing VM operation: Cleanup
Event: 2.620 Executing VM operation: Cleanup done
Event: 3.626 Executing VM operation: Cleanup
Event: 3.626 Executing VM operation: Cleanup done
Event: 4.639 Executing VM operation: Cleanup
Event: 4.761 Executing VM operation: Cleanup done

Events (11 events):
Event: 0.124 Thread 0x0000028d233a92c0 Thread added: 0x0000028d233a92c0
Event: 0.748 Thread 0x0000028d3f5377d0 Thread added: 0x0000028d3f5377d0
Event: 0.749 Thread 0x0000028d3f5386f0 Thread added: 0x0000028d3f5386f0
Event: 0.749 Thread 0x0000028d3f53c4d0 Thread added: 0x0000028d3f53c4d0
Event: 0.750 Thread 0x0000028d3f53ef40 Thread added: 0x0000028d3f53ef40
Event: 0.750 Thread 0x0000028d3f53f9a0 Thread added: 0x0000028d3f53f9a0
Event: 0.750 Thread 0x0000028d3f540400 Thread added: 0x0000028d3f540400
Event: 0.751 Thread 0x0000028d234642d0 Thread added: 0x0000028d234642d0
Event: 0.751 Thread 0x0000028d23464d70 Thread added: 0x0000028d23464d70
Event: 0.785 Thread 0x0000028d3f5acaa0 Thread added: 0x0000028d3f5acaa0
Event: 0.790 Thread 0x0000028d3f5b1e80 Thread added: 0x0000028d3f5b1e80


Dynamic libraries:
0x00007ff6a4d20000 - 0x00007ff6a4d30000 	C:\Program Files\Java\jdk-21\bin\java.exe
0x00007ff9d1830000 - 0x00007ff9d1a28000 	C:\WINDOWS\SYSTEM32\ntdll.dll
0x00007ff99dbb0000 - 0x00007ff99dbc9000 	C:\Program Files\Avast Software\Avast\aswhook.dll
0x00007ff9d06f0000 - 0x00007ff9d07ad000 	C:\WINDOWS\System32\KERNEL32.DLL
0x00007ff9cef00000 - 0x00007ff9cf1f6000 	C:\WINDOWS\System32\KERNELBASE.dll
0x00007ff9cf230000 - 0x00007ff9cf330000 	C:\WINDOWS\System32\ucrtbase.dll
0x00007ff9bbbc0000 - 0x00007ff9bbbdb000 	C:\Program Files\Java\jdk-21\bin\VCRUNTIME140.dll
0x00007ff9c2be0000 - 0x00007ff9c2bf9000 	C:\Program Files\Java\jdk-21\bin\jli.dll
0x00007ff9d1420000 - 0x00007ff9d14d3000 	C:\WINDOWS\System32\ADVAPI32.dll
0x00007ff9d0250000 - 0x00007ff9d02ee000 	C:\WINDOWS\System32\msvcrt.dll
0x00007ff9d1620000 - 0x00007ff9d16bf000 	C:\WINDOWS\System32\sechost.dll
0x00007ff9d0370000 - 0x00007ff9d0496000 	C:\WINDOWS\System32\RPCRT4.dll
0x00007ff9cf200000 - 0x00007ff9cf227000 	C:\WINDOWS\System32\bcrypt.dll
0x00007ff9d04a0000 - 0x00007ff9d063e000 	C:\WINDOWS\System32\USER32.dll
0x00007ff9ae300000 - 0x00007ff9ae59a000 	C:\WINDOWS\WinSxS\amd64_microsoft.windows.common-controls_6595b64144ccf1df_6.0.19041.3636_none_60b6a03d71f818d5\COMCTL32.dll
0x00007ff9cf610000 - 0x00007ff9cf632000 	C:\WINDOWS\System32\win32u.dll
0x00007ff9d06b0000 - 0x00007ff9d06dc000 	C:\WINDOWS\System32\GDI32.dll
0x00007ff9cf6f0000 - 0x00007ff9cf80a000 	C:\WINDOWS\System32\gdi32full.dll
0x00007ff9cf330000 - 0x00007ff9cf3cd000 	C:\WINDOWS\System32\msvcp_win.dll
0x00007ff9c44f0000 - 0x00007ff9c44fa000 	C:\WINDOWS\SYSTEM32\VERSION.dll
0x00007ff9d17c0000 - 0x00007ff9d17f0000 	C:\WINDOWS\System32\IMM32.DLL
0x00007ff9c6c90000 - 0x00007ff9c6c9c000 	C:\Program Files\Java\jdk-21\bin\vcruntime140_1.dll
0x00007ff99f7d0000 - 0x00007ff99f85e000 	C:\Program Files\Java\jdk-21\bin\msvcp140.dll
0x00007ff986c50000 - 0x00007ff987965000 	C:\Program Files\Java\jdk-21\bin\server\jvm.dll
0x00007ff9d1750000 - 0x00007ff9d17bb000 	C:\WINDOWS\System32\WS2_32.dll
0x00007ff9ce450000 - 0x00007ff9ce49b000 	C:\WINDOWS\SYSTEM32\POWRPROF.dll
0x00007ff9ad730000 - 0x00007ff9ad757000 	C:\WINDOWS\SYSTEM32\WINMM.dll
0x00007ff9ce310000 - 0x00007ff9ce322000 	C:\WINDOWS\SYSTEM32\UMPDC.dll
0x00007ff9cd450000 - 0x00007ff9cd462000 	C:\WINDOWS\SYSTEM32\kernel.appcore.dll
0x00007ff9c68a0000 - 0x00007ff9c68aa000 	C:\Program Files\Java\jdk-21\bin\jimage.dll
0x00007ff9c9310000 - 0x00007ff9c94f4000 	C:\WINDOWS\SYSTEM32\DBGHELP.DLL
0x00007ff9c3720000 - 0x00007ff9c3754000 	C:\WINDOWS\SYSTEM32\dbgcore.DLL
0x00007ff9cf530000 - 0x00007ff9cf5b2000 	C:\WINDOWS\System32\bcryptPrimitives.dll
0x00007ff9b8dc0000 - 0x00007ff9b8ddf000 	C:\Program Files\Java\jdk-21\bin\java.dll
0x00007ff9d0cd0000 - 0x00007ff9d1415000 	C:\WINDOWS\System32\SHELL32.dll
0x00007ff9ccca0000 - 0x00007ff9cd43b000 	C:\WINDOWS\SYSTEM32\windows.storage.dll
0x00007ff9cfc20000 - 0x00007ff9cff74000 	C:\WINDOWS\System32\combase.dll
0x00007ff9ce930000 - 0x00007ff9ce95d000 	C:\WINDOWS\SYSTEM32\Wldp.dll
0x00007ff9d0c20000 - 0x00007ff9d0ccd000 	C:\WINDOWS\System32\SHCORE.dll
0x00007ff9cf880000 - 0x00007ff9cf8d5000 	C:\WINDOWS\System32\shlwapi.dll
0x00007ff9cee30000 - 0x00007ff9cee55000 	C:\WINDOWS\SYSTEM32\profapi.dll
0x00007ff9c66a0000 - 0x00007ff9c66b0000 	C:\Program Files\Java\jdk-21\bin\net.dll
0x00007ff9cded0000 - 0x00007ff9cdfda000 	C:\WINDOWS\SYSTEM32\WINHTTP.dll
0x00007ff9ce690000 - 0x00007ff9ce6fa000 	C:\WINDOWS\system32\mswsock.dll
0x00007ff99b500000 - 0x00007ff99b5d7000 	C:\Program Files\Java\jdk-21\bin\jsvml.dll
0x00007ff9b8e90000 - 0x00007ff9b8ea6000 	C:\Program Files\Java\jdk-21\bin\nio.dll
0x00007ff9b7ee0000 - 0x00007ff9b7ef8000 	C:\Program Files\Java\jdk-21\bin\zip.dll
0x00007ff9c2b60000 - 0x00007ff9c2b70000 	C:\Program Files\Java\jdk-21\bin\verify.dll

dbghelp: loaded successfully - version: 4.0.5 - missing functions: none
symbol engine: initialized successfully - sym options: 0x614 - pdb path: .;C:\Program Files\Java\jdk-21\bin;C:\WINDOWS\SYSTEM32;C:\Program Files\Avast Software\Avast;C:\WINDOWS\WinSxS\amd64_microsoft.windows.common-controls_6595b64144ccf1df_6.0.19041.3636_none_60b6a03d71f818d5;C:\Program Files\Java\jdk-21\bin\server

VM Arguments:
jvm_args: -Xmx64m -Xms64m -Dorg.gradle.appname=gradlew 
java_command: org.gradle.wrapper.GradleWrapperMain tasks
java_class_path (initial): C:\Users\2076045\biography-app\android\\gradle\wrapper\gradle-wrapper.jar
Launcher Type: SUN_STANDARD

[Global flags]
     intx CICompilerCount                          = 4                                         {product} {ergonomic}
     uint ConcGCThreads                            = 2                                         {product} {ergonomic}
     uint G1ConcRefinementThreads                  = 8                                         {product} {ergonomic}
   size_t G1HeapRegionSize                         = 1048576                                   {product} {ergonomic}
    uintx GCDrainStackTargetSize                   = 64                                        {product} {ergonomic}
   size_t InitialHeapSize                          = 67108864                                  {product} {command line}
   size_t MarkStackSize                            = 4194304                                   {product} {ergonomic}
   size_t MaxHeapSize                              = 67108864                                  {product} {command line}
   size_t MaxNewSize                               = 39845888                                  {product} {ergonomic}
   size_t MinHeapDeltaBytes                        = 1048576                                   {product} {ergonomic}
   size_t MinHeapSize                              = 67108864                                  {product} {command line}
    uintx NonNMethodCodeHeapSize                   = 5839372                                {pd product} {ergonomic}
    uintx NonProfiledCodeHeapSize                  = 122909434                              {pd product} {ergonomic}
    uintx ProfiledCodeHeapSize                     = 122909434                              {pd product} {ergonomic}
    uintx ReservedCodeCacheSize                    = 251658240                              {pd product} {ergonomic}
     bool SegmentedCodeCache                       = true                                      {product} {ergonomic}
   size_t SoftMaxHeapSize                          = 67108864                               {manageable} {ergonomic}
     bool UseCompressedOops                        = true                           {product lp64_product} {ergonomic}
     bool UseG1GC                                  = true                                      {product} {ergonomic}
     bool UseLargePagesIndividualAllocation        = false                                  {pd product} {ergonomic}

Logging:
Log output configuration:
 #0: stdout all=warning uptime,level,tags foldmultilines=false
 #1: stderr all=off uptime,level,tags foldmultilines=false

Environment Variables:
JAVA_HOME=C:\Program Files\Java\jdk-21
CLASSPATH=C:\Users\2076045\biography-app\android\\gradle\wrapper\gradle-wrapper.jar
PATH=C:\Users\2076045\biography-app\node_modules\.bin;C:\Users\2076045\biography-app\node_modules\.bin;C:\Users\2076045\node_modules\.bin;C:\Users\node_modules\.bin;C:\node_modules\.bin;C:\Program Files\nodejs\node_modules\npm\node_modules\@npmcli\run-script\lib\node-gyp-bin;C:\Users\2076045\biography-app\node_modules\.bin;C:\Users\2076045\node_modules\.bin;C:\Users\node_modules\.bin;C:\node_modules\.bin;C:\Program Files\nodejs\node_modules\npm\node_modules\@npmcli\run-script\lib\node-gyp-bin;C:\Program Files\Java\jdk-21\bin;C:\Program Files\Common Files\Oracle\Java\javapath;C:\Program Files\Eclipse Adoptium\jdk-11.0.20.8-hotspot\bin;C:\Program Files\Eclipse Adoptium\jdk-8.0.382.5-hotspot\bin;C:\ProgramData\chocolatey\bin;C:\Program Files\nodejs;C:\Users\2076045\AppData\Local\Android\Sdk;C:\Users\2076045\AppData\Local\Android\Sdk\platform-tools;C:\Program Files\Java\jdk-21\bin\;C:\Users\2076045\AppData\Local\Programs\Python\Python39\Scripts\;C:\Users\2076045\AppData\Local\Programs\Python\Python39\;C:\Users\2076045\AppData\Local\Microsoft\WindowsApps;C:\Program Files\JetBrains\PyCharm Community Edition 2022.3.1\bin;;C:\Users\2076045\AppData\Local\Programs\Microsoft VS Code\bin;C:\Users\2076045\AppData\Local\GitHubDesktop\bin;C:\Users\2076045\.dotnet\tools;C:\Users\2076045\AppData\Roaming\npm;C:\Program Files\Java\jdk-17;
USERNAME=2076045
LANG=en_US.UTF-8
OS=Windows_NT
PROCESSOR_IDENTIFIER=Intel64 Family 6 Model 142 Stepping 12, GenuineIntel
TMP=C:\Users\2076045\AppData\Local\Temp
TEMP=C:\Users\2076045\AppData\Local\Temp




Periodic native trim disabled

---------------  S Y S T E M  ---------------

OS:
 Windows 10 , 64 bit Build 19041 (10.0.19041.3636)
OS uptime: 3 days 3:05 hours

CPU: total 8 (initial active 8) (4 cores per cpu, 2 threads per core) family 6 model 142 stepping 12 microcode 0xca, cx8, cmov, fxsr, ht, mmx, 3dnowpref, sse, sse2, sse3, ssse3, sse4.1, sse4.2, popcnt, lzcnt, tsc, tscinvbit, avx, avx2, aes, erms, clmul, bmi1, bmi2, adx, fma, vzeroupper, clflush, clflushopt, rdtscp, f16c
Processor Information for all 8 processors :
  Max Mhz: 2112, Current Mhz: 1609, Mhz Limit: 1605

Memory: 4k page, system-wide physical 16193M (287M free)
TotalPageFile size 27829M (AvailPageFile size 263M)
current process WorkingSet (physical memory assigned to process): 59M, peak: 59M
current process commit charge ("private bytes"): 151M, peak: 151M

vm_info: Java HotSpot(TM) 64-Bit Server VM (21.0.1+12-LTS-29) for windows-amd64 JRE (21.0.1+12-LTS-29), built on 2023-10-05T13:27:09Z by "mach5one" with MS VC++ 17.1 (VS2022)

END.
