#
# There is insufficient memory for the Java Runtime Environment to continue.
# Native memory allocation (malloc) failed to allocate 32744 bytes for Chunk::new
# Possible reasons:
#   The system is out of physical RAM or swap space
#   The process is running with CompressedOops enabled, and the Java Heap may be blocking the growth of the native heap
# Possible solutions:
#   Reduce memory load on the system
#   Increase physical memory or swap space
#   Check if swap backing store is full
#   Decrease Java heap size (-Xmx/-Xms)
#   Decrease number of Java threads
#   Decrease Java thread stack sizes (-Xss)
#   Set larger code cache with -XX:ReservedCodeCacheSize=
#   JVM is running with Unscaled Compressed Oops mode in which the Java heap is
#     placed in the first 4GB address space. The Java Heap base address is the
#     maximum limit for the native heap growth. Please use -XX:HeapBaseMinAddress
#     to set the Java Heap base and to place the Java Heap above 4GB virtual address.
# This output file may be truncated or incomplete.
#
#  Out of Memory Error (arena.cpp:168), pid=22896, tid=33644
#
# JRE version: Java(TM) SE Runtime Environment (21.0.1+12) (build 21.0.1+12-LTS-29)
# Java VM: Java HotSpot(TM) 64-Bit Server VM (21.0.1+12-LTS-29, mixed mode, sharing, tiered, compressed oops, compressed class ptrs, g1 gc, windows-amd64)
# No core dump will be written. Minidumps are not enabled by default on client versions of Windows
#

---------------  S U M M A R Y ------------

Command Line: -XX:MaxMetaspaceSize=512m --add-opens=java.base/java.util=ALL-UNNAMED --add-opens=java.base/java.lang=ALL-UNNAMED --add-opens=java.base/java.lang.invoke=ALL-UNNAMED --add-opens=java.prefs/java.util.prefs=ALL-UNNAMED --add-opens=java.base/java.nio.charset=ALL-UNNAMED --add-opens=java.base/java.net=ALL-UNNAMED --add-opens=java.base/java.util.concurrent.atomic=ALL-UNNAMED -Xmx2048m -Dfile.encoding=UTF-8 -Duser.country=KR -Duser.language=ko -Duser.variant org.gradle.launcher.daemon.bootstrap.GradleDaemon 8.0.1

Host: Intel(R) Core(TM) i5-10210U CPU @ 1.60GHz, 8 cores, 15G,  Windows 10 , 64 bit Build 19041 (10.0.19041.3636)
Time: Sat Jan 20 01:06:32 2024  Windows 10 , 64 bit Build 19041 (10.0.19041.3636) elapsed time: 117.956486 seconds (0d 0h 1m 57s)

---------------  T H R E A D  ---------------

Current thread (0x00000215e1021020):  JavaThread "C2 CompilerThread0" daemon [_thread_in_native, id=33644, stack(0x000000990a300000,0x000000990a400000) (1024K)]


Current CompileTask:
C2: 117957 5990       4       java.net.URLClassLoader$1::run (5 bytes)

Stack: [0x000000990a300000,0x000000990a400000]
Native frames: (J=compiled Java code, j=interpreted, Vv=VM code, C=native code)
V  [jvm.dll+0x6c9029]
V  [jvm.dll+0x854b81]
V  [jvm.dll+0x856e5e]
V  [jvm.dll+0x857543]
V  [jvm.dll+0x280c06]
V  [jvm.dll+0xc3ead]
V  [jvm.dll+0xc43c3]
V  [jvm.dll+0x6f4c8e]
V  [jvm.dll+0x1e2186]
V  [jvm.dll+0x249c22]
V  [jvm.dll+0x2490b1]
V  [jvm.dll+0x1c9ca1]
V  [jvm.dll+0x2586b9]
V  [jvm.dll+0x256c9a]
V  [jvm.dll+0x3ef1b6]
V  [jvm.dll+0x7fd728]
V  [jvm.dll+0x6c777d]
C  [ucrtbase.dll+0x21bb2]
C  [KERNEL32.DLL+0x17344]
C  [ntdll.dll+0x526b1]


---------------  P R O C E S S  ---------------

Threads class SMR info:
_java_thread_list=0x00000215e12f8b10, length=69, elements={
0x00000215a54a8fa0, 0x00000215e1015250, 0x00000215e1016070, 0x00000215e1017e40,
0x00000215e101adc0, 0x00000215e101b820, 0x00000215e101c280, 0x00000215e1021020,
0x00000215e10224e0, 0x00000215e109f0d0, 0x00000215e10a3b40, 0x00000215e11a9f40,
0x00000215e1b3cba0, 0x00000215e2698110, 0x00000215e295f030, 0x00000215e295f6a0,
0x00000215e2b43810, 0x00000215e2b40ca0, 0x00000215e29ac950, 0x00000215e29acfe0,
0x00000215e29af0b0, 0x00000215e29abc30, 0x00000215e29ac2c0, 0x00000215e29ae390,
0x00000215e365ff60, 0x00000215e36619a0, 0x00000215e36605f0, 0x00000215e3660c80,
0x00000215e3662030, 0x00000215e365f240, 0x00000215e365ebb0, 0x00000215e4892b30,
0x00000215e48931c0, 0x00000215e48910f0, 0x00000215e48924a0, 0x00000215e4893850,
0x00000215e4893ee0, 0x00000215e4891780, 0x00000215e29ad670, 0x00000215e29aea20,
0x00000215e3830840, 0x00000215e382f490, 0x00000215e382e0e0, 0x00000215e382e770,
0x00000215e382ee00, 0x00000215e38298b0, 0x00000215e382fb20, 0x00000215e38301b0,
0x00000215e3830ed0, 0x00000215e3829f40, 0x00000215e382a5d0, 0x00000215e382ac60,
0x00000215e382b2f0, 0x00000215e382c6a0, 0x00000215e382b980, 0x00000215e382c010,
0x00000215e382cd30, 0x00000215e382d3c0, 0x00000215e49ddeb0, 0x00000215e49da3a0,
0x00000215e49dc470, 0x00000215e49dd190, 0x00000215e49dd820, 0x00000215e49de540,
0x00000215e49debd0, 0x00000215e49dff80, 0x00000215e49df260, 0x00000215e49dcb00,
0x00000215e49df8f0
}

Java Threads: ( => current thread )
  0x00000215a54a8fa0 JavaThread "main"                              [_thread_blocked, id=26708, stack(0x0000009909500000,0x0000009909600000) (1024K)]
  0x00000215e1015250 JavaThread "Reference Handler"          daemon [_thread_blocked, id=16488, stack(0x0000009909d00000,0x0000009909e00000) (1024K)]
  0x00000215e1016070 JavaThread "Finalizer"                  daemon [_thread_blocked, id=38984, stack(0x0000009909e00000,0x0000009909f00000) (1024K)]
  0x00000215e1017e40 JavaThread "Signal Dispatcher"          daemon [_thread_blocked, id=34536, stack(0x0000009909f00000,0x000000990a000000) (1024K)]
  0x00000215e101adc0 JavaThread "Attach Listener"            daemon [_thread_blocked, id=40480, stack(0x000000990a000000,0x000000990a100000) (1024K)]
  0x00000215e101b820 JavaThread "Service Thread"             daemon [_thread_blocked, id=13460, stack(0x000000990a100000,0x000000990a200000) (1024K)]
  0x00000215e101c280 JavaThread "Monitor Deflation Thread"   daemon [_thread_blocked, id=35972, stack(0x000000990a200000,0x000000990a300000) (1024K)]
=>0x00000215e1021020 JavaThread "C2 CompilerThread0"         daemon [_thread_in_native, id=33644, stack(0x000000990a300000,0x000000990a400000) (1024K)]
  0x00000215e10224e0 JavaThread "C1 CompilerThread0"         daemon [_thread_blocked, id=4284, stack(0x000000990a400000,0x000000990a500000) (1024K)]
  0x00000215e109f0d0 JavaThread "Common-Cleaner"             daemon [_thread_blocked, id=42644, stack(0x000000990a500000,0x000000990a600000) (1024K)]
  0x00000215e10a3b40 JavaThread "Notification Thread"        daemon [_thread_blocked, id=11888, stack(0x000000990a600000,0x000000990a700000) (1024K)]
  0x00000215e11a9f40 JavaThread "Daemon health stats"               [_thread_blocked, id=30928, stack(0x000000990ac00000,0x000000990ad00000) (1024K)]
  0x00000215e1b3cba0 JavaThread "Incoming local TCP Connector on port 64835"        [_thread_in_native, id=18952, stack(0x000000990ad00000,0x000000990ae00000) (1024K)]
  0x00000215e2698110 JavaThread "Daemon periodic checks"            [_thread_in_native, id=25776, stack(0x000000990ae00000,0x000000990af00000) (1024K)]
  0x00000215e295f030 JavaThread "Daemon"                            [_thread_blocked, id=37120, stack(0x000000990af00000,0x000000990b000000) (1024K)]
  0x00000215e295f6a0 JavaThread "Handler for socket connection from /127.0.0.1:64835 to /127.0.0.1:64837"        [_thread_in_native, id=29564, stack(0x000000990b000000,0x000000990b100000) (1024K)]
  0x00000215e2b43810 JavaThread "Cancel handler"                    [_thread_blocked, id=20984, stack(0x000000990b100000,0x000000990b200000) (1024K)]
  0x00000215e2b40ca0 JavaThread "Daemon worker"                     [_thread_blocked, id=30340, stack(0x000000990b200000,0x000000990b300000) (1024K)]
  0x00000215e29ac950 JavaThread "Asynchronous log dispatcher for DefaultDaemonConnection: socket connection from /127.0.0.1:64835 to /127.0.0.1:64837"        [_thread_blocked, id=42976, stack(0x000000990b300000,0x000000990b400000) (1024K)]
  0x00000215e29acfe0 JavaThread "Daemon client event forwarder"        [_thread_blocked, id=13124, stack(0x000000990b500000,0x000000990b600000) (1024K)]
  0x00000215e29af0b0 JavaThread "Cache worker for journal cache (C:\Users\2076045\.gradle\caches\journal-1)"        [_thread_blocked, id=26504, stack(0x000000990b600000,0x000000990b700000) (1024K)]
  0x00000215e29abc30 JavaThread "File lock request listener"        [_thread_in_native, id=12468, stack(0x000000990b700000,0x000000990b800000) (1024K)]
  0x00000215e29ac2c0 JavaThread "Cache worker for file hash cache (C:\Users\2076045\.gradle\caches\8.0.1\fileHashes)"        [_thread_blocked, id=15532, stack(0x000000990b900000,0x000000990ba00000) (1024K)]
  0x00000215e29ae390 JavaThread "File watcher server"        daemon [_thread_in_native, id=27920, stack(0x000000990ba00000,0x000000990bb00000) (1024K)]
  0x00000215e365ff60 JavaThread "File watcher consumer"      daemon [_thread_blocked, id=29528, stack(0x000000990bb00000,0x000000990bc00000) (1024K)]
  0x00000215e36619a0 JavaThread "Cache worker for checksums cache (C:\Users\2076045\biography-app\android\.gradle\8.0.1\checksums)"        [_thread_blocked, id=38544, stack(0x000000990c000000,0x000000990c100000) (1024K)]
  0x00000215e36605f0 JavaThread "Cache worker for cache directory md-rule (C:\Users\2076045\.gradle\caches\8.0.1\md-rule)"        [_thread_blocked, id=38072, stack(0x000000990bf00000,0x000000990c000000) (1024K)]
  0x00000215e3660c80 JavaThread "Cache worker for file content cache (C:\Users\2076045\.gradle\caches\8.0.1\fileContent)"        [_thread_blocked, id=21540, stack(0x000000990c100000,0x000000990c200000) (1024K)]
  0x00000215e3662030 JavaThread "Cache worker for file hash cache (C:\Users\2076045\biography-app\android\.gradle\8.0.1\fileHashes)"        [_thread_blocked, id=25728, stack(0x000000990c200000,0x000000990c300000) (1024K)]
  0x00000215e365f240 JavaThread "Cache worker for cache directory md-supplier (C:\Users\2076045\.gradle\caches\8.0.1\md-supplier)"        [_thread_blocked, id=17132, stack(0x000000990c400000,0x000000990c500000) (1024K)]
  0x00000215e365ebb0 JavaThread "Cache worker for execution history cache (C:\Users\2076045\.gradle\caches\8.0.1\executionHistory)"        [_thread_blocked, id=29664, stack(0x000000990c300000,0x000000990c400000) (1024K)]
  0x00000215e4892b30 JavaThread "jar transforms"                    [_thread_blocked, id=9852, stack(0x000000990c700000,0x000000990c800000) (1024K)]
  0x00000215e48931c0 JavaThread "jar transforms Thread 2"           [_thread_blocked, id=42380, stack(0x000000990c500000,0x000000990c600000) (1024K)]
  0x00000215e48910f0 JavaThread "jar transforms Thread 3"           [_thread_blocked, id=37156, stack(0x000000990c600000,0x000000990c700000) (1024K)]
  0x00000215e48924a0 JavaThread "jar transforms Thread 4"           [_thread_blocked, id=38212, stack(0x000000990c800000,0x000000990c900000) (1024K)]
  0x00000215e4893850 JavaThread "Cache worker for kotlin-dsl (C:\Users\2076045\.gradle\caches\8.0.1\kotlin-dsl)"        [_thread_blocked, id=34584, stack(0x0000009909200000,0x0000009909300000) (1024K)]
  0x00000215e4893ee0 JavaThread "File lock release action executor Thread 2"        [_thread_blocked, id=21460, stack(0x0000009909400000,0x0000009909500000) (1024K)]
  0x00000215e4891780 JavaThread "jar transforms Thread 5"           [_thread_blocked, id=41540, stack(0x0000009909300000,0x0000009909400000) (1024K)]
  0x00000215e29ad670 JavaThread "jar transforms Thread 6"           [_thread_blocked, id=4968, stack(0x000000990b400000,0x000000990b500000) (1024K)]
  0x00000215e29aea20 JavaThread "Cache worker for dependencies-accessors (C:\Users\2076045\biography-app\android\.gradle\8.0.1\dependencies-accessors)"        [_thread_blocked, id=3452, stack(0x000000990b800000,0x000000990b900000) (1024K)]
  0x00000215e3830840 JavaThread "Cache worker for Build Output Cleanup Cache (C:\Users\2076045\biography-app\node_modules\@react-native\gradle-plugin\.gradle\buildOutputCleanup)"        [_thread_blocked, id=38204, stack(0x000000990c900000,0x000000990ca00000) (1024K)]
  0x00000215e382f490 JavaThread "jar transforms Thread 7"           [_thread_blocked, id=21216, stack(0x000000990ca00000,0x000000990cb00000) (1024K)]
  0x00000215e382e0e0 JavaThread "Unconstrained build operations"        [_thread_blocked, id=39324, stack(0x000000990cb00000,0x000000990cc00000) (1024K)]
  0x00000215e382e770 JavaThread "Unconstrained build operations Thread 2"        [_thread_blocked, id=24272, stack(0x000000990cc00000,0x000000990cd00000) (1024K)]
  0x00000215e382ee00 JavaThread "Unconstrained build operations Thread 3"        [_thread_blocked, id=14776, stack(0x000000990cd00000,0x000000990ce00000) (1024K)]
  0x00000215e38298b0 JavaThread "Unconstrained build operations Thread 4"        [_thread_blocked, id=40364, stack(0x000000990ce00000,0x000000990cf00000) (1024K)]
  0x00000215e382fb20 JavaThread "Unconstrained build operations Thread 5"        [_thread_blocked, id=15912, stack(0x000000990cf00000,0x000000990d000000) (1024K)]
  0x00000215e38301b0 JavaThread "Unconstrained build operations Thread 6"        [_thread_blocked, id=41332, stack(0x000000990d000000,0x000000990d100000) (1024K)]
  0x00000215e3830ed0 JavaThread "Unconstrained build operations Thread 7"        [_thread_blocked, id=18484, stack(0x000000990d100000,0x000000990d200000) (1024K)]
  0x00000215e3829f40 JavaThread "Unconstrained build operations Thread 8"        [_thread_blocked, id=23740, stack(0x000000990d200000,0x000000990d300000) (1024K)]
  0x00000215e382a5d0 JavaThread "Unconstrained build operations Thread 9"        [_thread_blocked, id=14956, stack(0x000000990d300000,0x000000990d400000) (1024K)]
  0x00000215e382ac60 JavaThread "Unconstrained build operations Thread 10"        [_thread_blocked, id=34348, stack(0x000000990d400000,0x000000990d500000) (1024K)]
  0x00000215e382b2f0 JavaThread "Unconstrained build operations Thread 11"        [_thread_blocked, id=20600, stack(0x000000990d500000,0x000000990d600000) (1024K)]
  0x00000215e382c6a0 JavaThread "Unconstrained build operations Thread 12"        [_thread_blocked, id=34036, stack(0x000000990d600000,0x000000990d700000) (1024K)]
  0x00000215e382b980 JavaThread "Unconstrained build operations Thread 13"        [_thread_blocked, id=29308, stack(0x000000990d700000,0x000000990d800000) (1024K)]
  0x00000215e382c010 JavaThread "Unconstrained build operations Thread 14"        [_thread_blocked, id=29912, stack(0x000000990d800000,0x000000990d900000) (1024K)]
  0x00000215e382cd30 JavaThread "Unconstrained build operations Thread 15"        [_thread_blocked, id=25972, stack(0x000000990d900000,0x000000990da00000) (1024K)]
  0x00000215e382d3c0 JavaThread "Unconstrained build operations Thread 16"        [_thread_blocked, id=14432, stack(0x000000990da00000,0x000000990db00000) (1024K)]
  0x00000215e49ddeb0 JavaThread "Unconstrained build operations Thread 17"        [_thread_blocked, id=10728, stack(0x000000990db00000,0x000000990dc00000) (1024K)]
  0x00000215e49da3a0 JavaThread "Unconstrained build operations Thread 18"        [_thread_blocked, id=43020, stack(0x000000990dc00000,0x000000990dd00000) (1024K)]
  0x00000215e49dc470 JavaThread "Unconstrained build operations Thread 19"        [_thread_blocked, id=17880, stack(0x000000990dd00000,0x000000990de00000) (1024K)]
  0x00000215e49dd190 JavaThread "Unconstrained build operations Thread 20"        [_thread_blocked, id=25592, stack(0x000000990de00000,0x000000990df00000) (1024K)]
  0x00000215e49dd820 JavaThread "Unconstrained build operations Thread 21"        [_thread_blocked, id=37312, stack(0x000000990df00000,0x000000990e000000) (1024K)]
  0x00000215e49de540 JavaThread "Unconstrained build operations Thread 22"        [_thread_blocked, id=18712, stack(0x000000990e000000,0x000000990e100000) (1024K)]
  0x00000215e49debd0 JavaThread "Unconstrained build operations Thread 23"        [_thread_blocked, id=17180, stack(0x000000990e100000,0x000000990e200000) (1024K)]
  0x00000215e49dff80 JavaThread "Unconstrained build operations Thread 24"        [_thread_blocked, id=19696, stack(0x000000990e200000,0x000000990e300000) (1024K)]
  0x00000215e49df260 JavaThread "Unconstrained build operations Thread 25"        [_thread_blocked, id=40300, stack(0x000000990e300000,0x000000990e400000) (1024K)]
  0x00000215e49dcb00 JavaThread "Unconstrained build operations Thread 26"        [_thread_blocked, id=31324, stack(0x000000990e400000,0x000000990e500000) (1024K)]
  0x00000215e49df8f0 JavaThread "jar transforms Thread 8"           [_thread_blocked, id=22724, stack(0x000000990e500000,0x000000990e600000) (1024K)]
Total: 69

Other Threads:
  0x00000215c1ea1e10 VMThread "VM Thread"                           [id=31360, stack(0x0000009909c00000,0x0000009909d00000) (1024K)]
  0x00000215c1e894a0 WatcherThread "VM Periodic Task Thread"        [id=43728, stack(0x0000009909b00000,0x0000009909c00000) (1024K)]
  0x00000215a54ff7b0 WorkerThread "GC Thread#0"                     [id=37448, stack(0x0000009909600000,0x0000009909700000) (1024K)]
  0x00000215e1bfe970 WorkerThread "GC Thread#1"                     [id=32776, stack(0x000000990a700000,0x000000990a800000) (1024K)]
  0x00000215e1c86210 WorkerThread "GC Thread#2"                     [id=41772, stack(0x000000990a800000,0x000000990a900000) (1024K)]
  0x00000215e13d9720 WorkerThread "GC Thread#3"                     [id=16836, stack(0x000000990a900000,0x000000990aa00000) (1024K)]
  0x00000215e13d9ac0 WorkerThread "GC Thread#4"                     [id=42924, stack(0x000000990aa00000,0x000000990ab00000) (1024K)]
  0x00000215e13da670 WorkerThread "GC Thread#5"                     [id=27544, stack(0x000000990ab00000,0x000000990ac00000) (1024K)]
  0x00000215e3137300 WorkerThread "GC Thread#6"                     [id=38876, stack(0x000000990bc00000,0x000000990bd00000) (1024K)]
  0x00000215e3136480 WorkerThread "GC Thread#7"                     [id=35256, stack(0x000000990bd00000,0x000000990be00000) (1024K)]
  0x00000215a5510790 ConcurrentGCThread "G1 Main Marker"            [id=22524, stack(0x0000009909700000,0x0000009909800000) (1024K)]
  0x00000215a5511440 WorkerThread "G1 Conc#0"                       [id=2388, stack(0x0000009909800000,0x0000009909900000) (1024K)]
  0x00000215e31360e0 WorkerThread "G1 Conc#1"                       [id=10180, stack(0x000000990be00000,0x000000990bf00000) (1024K)]
  0x00000215c1d5b9e0 ConcurrentGCThread "G1 Refine#0"               [id=24568, stack(0x0000009909900000,0x0000009909a00000) (1024K)]
  0x00000215c1d5c550 ConcurrentGCThread "G1 Service"                [id=43960, stack(0x0000009909a00000,0x0000009909b00000) (1024K)]
Total: 15

Threads with active compile tasks:
C2 CompilerThread0   118120 5990       4       java.net.URLClassLoader$1::run (5 bytes)
C1 CompilerThread0   118120 6061       3       jdk.jfr.internal.util.Tokenizer::next (175 bytes)
Total: 2

VM state: at safepoint (normal execution)

VM Mutex/Monitor currently owned by a thread:  ([mutex/lock_event])
[0x00007ff987888078] FreeList_lock - owner thread: 0x00000215e1c86210
[0x00007ff98788a5f8] Threads_lock - owner thread: 0x00000215c1ea1e10
[0x00007ff98788a6f8] Heap_lock - owner thread: 0x00000215e2b40ca0

Heap address: 0x0000000080000000, size: 2048 MB, Compressed Oops mode: 32-bit

CDS archive(s) mapped at: [0x00000215c2000000-0x00000215c2c90000-0x00000215c2c90000), size 13172736, SharedBaseAddress: 0x00000215c2000000, ArchiveRelocationMode: 1.
Compressed class space mapped at: 0x00000215c3000000-0x00000215dd000000, reserved size: 436207616
Narrow klass base: 0x00000215c2000000, Narrow klass shift: 0, Narrow klass range: 0x100000000

GC Precious Log:
 CardTable entry size: 512
 Card Set container configuration: InlinePtr #cards 5 size 8 Array Of Cards #cards 12 size 40 Howl #buckets 4 coarsen threshold 1843 Howl Bitmap #cards 512 size 80 coarsen threshold 460 Card regions per heap region 1 cards per card region 2048
 CPUs: 8 total, 8 available
 Memory: 16193M
 Large Page Support: Disabled
 NUMA Support: Disabled
 Compressed Oops: Enabled (32-bit)
 Heap Region Size: 1M
 Heap Min Capacity: 8M
 Heap Initial Capacity: 254M
 Heap Max Capacity: 2G
 Pre-touch: Disabled
 Parallel Workers: 8
 Concurrent Workers: 2
 Concurrent Refinement Workers: 8
 Periodic GC: Disabled

Heap:
 garbage-first heap   total 86016K, used 80556K [0x0000000080000000, 0x0000000100000000)
  region size 1024K, 41 young (41984K), 4 survivors (4096K)
 Metaspace       used 47547K, committed 49152K, reserved 491520K
  class space    used 6671K, committed 7488K, reserved 425984K

Heap Regions: E=young(eden), S=young(survivor), O=old, HS=humongous(starts), HC=humongous(continues), CS=collection set, F=free, TAMS=top-at-mark-start, PB=parsable bottom
|   0|0x0000000080000000, 0x0000000080100000, 0x0000000080100000|100%|HS|  |TAMS 0x0000000080000000| PB 0x0000000080000000| Complete 
|   1|0x0000000080100000, 0x0000000080200000, 0x0000000080200000|100%|HC|  |TAMS 0x0000000080100000| PB 0x0000000080100000| Complete 
|   2|0x0000000080200000, 0x0000000080300000, 0x0000000080300000|100%|HC|  |TAMS 0x0000000080200000| PB 0x0000000080200000| Complete 
|   3|0x0000000080300000, 0x0000000080400000, 0x0000000080400000|100%|HC|  |TAMS 0x0000000080300000| PB 0x0000000080300000| Complete 
|   4|0x0000000080400000, 0x0000000080500000, 0x0000000080500000|100%| O|  |TAMS 0x0000000080400000| PB 0x0000000080400000| Untracked 
|   5|0x0000000080500000, 0x0000000080600000, 0x0000000080600000|100%| O|  |TAMS 0x0000000080500000| PB 0x0000000080500000| Untracked 
|   6|0x0000000080600000, 0x0000000080700000, 0x0000000080700000|100%| O|  |TAMS 0x0000000080600000| PB 0x0000000080600000| Untracked 
|   7|0x0000000080700000, 0x0000000080800000, 0x0000000080800000|100%| O|  |TAMS 0x0000000080700000| PB 0x0000000080700000| Untracked 
|   8|0x0000000080800000, 0x0000000080900000, 0x0000000080900000|100%| O|  |TAMS 0x0000000080800000| PB 0x0000000080800000| Untracked 
|   9|0x0000000080900000, 0x0000000080a00000, 0x0000000080a00000|100%| O|  |TAMS 0x0000000080900000| PB 0x0000000080900000| Untracked 
|  10|0x0000000080a00000, 0x0000000080b00000, 0x0000000080b00000|100%| O|  |TAMS 0x0000000080a00000| PB 0x0000000080a00000| Untracked 
|  11|0x0000000080b00000, 0x0000000080c00000, 0x0000000080c00000|100%| O|  |TAMS 0x0000000080b00000| PB 0x0000000080b00000| Untracked 
|  12|0x0000000080c00000, 0x0000000080d00000, 0x0000000080d00000|100%| O|  |TAMS 0x0000000080c00000| PB 0x0000000080c00000| Untracked 
|  13|0x0000000080d00000, 0x0000000080e00000, 0x0000000080e00000|100%| O|  |TAMS 0x0000000080d00000| PB 0x0000000080d00000| Untracked 
|  14|0x0000000080e00000, 0x0000000080f00000, 0x0000000080f00000|100%| O|  |TAMS 0x0000000080e00000| PB 0x0000000080e00000| Untracked 
|  15|0x0000000080f00000, 0x0000000081000000, 0x0000000081000000|100%| O|  |TAMS 0x0000000080f00000| PB 0x0000000080f00000| Untracked 
|  16|0x0000000081000000, 0x0000000081100000, 0x0000000081100000|100%| O|  |TAMS 0x0000000081000000| PB 0x0000000081000000| Untracked 
|  17|0x0000000081100000, 0x0000000081200000, 0x0000000081200000|100%| O|  |TAMS 0x0000000081100000| PB 0x0000000081100000| Untracked 
|  18|0x0000000081200000, 0x0000000081300000, 0x0000000081300000|100%| O|  |TAMS 0x0000000081200000| PB 0x0000000081200000| Untracked 
|  19|0x0000000081300000, 0x0000000081400000, 0x0000000081400000|100%| O|  |TAMS 0x0000000081300000| PB 0x0000000081300000| Untracked 
|  20|0x0000000081400000, 0x0000000081500000, 0x0000000081500000|100%| O|  |TAMS 0x0000000081400000| PB 0x0000000081400000| Untracked 
|  21|0x0000000081500000, 0x0000000081600000, 0x0000000081600000|100%| O|  |TAMS 0x0000000081500000| PB 0x0000000081500000| Untracked 
|  22|0x0000000081600000, 0x0000000081700000, 0x0000000081700000|100%| O|  |TAMS 0x0000000081600000| PB 0x0000000081600000| Untracked 
|  23|0x0000000081700000, 0x0000000081800000, 0x0000000081800000|100%| O|  |TAMS 0x0000000081700000| PB 0x0000000081700000| Untracked 
|  24|0x0000000081800000, 0x0000000081900000, 0x0000000081900000|100%| O|  |TAMS 0x0000000081800000| PB 0x0000000081800000| Untracked 
|  25|0x0000000081900000, 0x0000000081a00000, 0x0000000081a00000|100%| S|  |TAMS 0x0000000081900000| PB 0x0000000081900000| Complete 
|  26|0x0000000081a00000, 0x0000000081b00000, 0x0000000081b00000|100%| O|  |TAMS 0x0000000081a00000| PB 0x0000000081a00000| Untracked 
|  27|0x0000000081b00000, 0x0000000081c00000, 0x0000000081c00000|100%| O|  |TAMS 0x0000000081b00000| PB 0x0000000081b00000| Untracked 
|  28|0x0000000081c00000, 0x0000000081d00000, 0x0000000081d00000|100%| O|  |TAMS 0x0000000081c00000| PB 0x0000000081c00000| Untracked 
|  29|0x0000000081d00000, 0x0000000081e00000, 0x0000000081e00000|100%| O|  |TAMS 0x0000000081d00000| PB 0x0000000081d00000| Untracked 
|  30|0x0000000081e00000, 0x0000000081f00000, 0x0000000081f00000|100%| O|  |TAMS 0x0000000081e00000| PB 0x0000000081e00000| Untracked 
|  31|0x0000000081f00000, 0x0000000082000000, 0x0000000082000000|100%| O|  |TAMS 0x0000000081f00000| PB 0x0000000081f00000| Untracked 
|  32|0x0000000082000000, 0x0000000082100000, 0x0000000082100000|100%| O|  |TAMS 0x0000000082000000| PB 0x0000000082000000| Untracked 
|  33|0x0000000082100000, 0x0000000082200000, 0x0000000082200000|100%|HS|  |TAMS 0x0000000082100000| PB 0x0000000082100000| Complete 
|  34|0x0000000082200000, 0x0000000082300000, 0x0000000082300000|100%|HC|  |TAMS 0x0000000082200000| PB 0x0000000082200000| Complete 
|  35|0x0000000082300000, 0x0000000082400000, 0x0000000082400000|100%|HS|  |TAMS 0x0000000082300000| PB 0x0000000082300000| Complete 
|  36|0x0000000082400000, 0x0000000082500000, 0x0000000082500000|100%|HC|  |TAMS 0x0000000082400000| PB 0x0000000082400000| Complete 
|  37|0x0000000082500000, 0x0000000082600000, 0x0000000082600000|100%|HC|  |TAMS 0x0000000082500000| PB 0x0000000082500000| Complete 
|  38|0x0000000082600000, 0x0000000082700000, 0x0000000082700000|100%|HC|  |TAMS 0x0000000082600000| PB 0x0000000082600000| Complete 
|  39|0x0000000082700000, 0x0000000082800000, 0x0000000082800000|100%| S|  |TAMS 0x0000000082700000| PB 0x0000000082700000| Complete 
|  40|0x0000000082800000, 0x0000000082900000, 0x0000000082900000|100%| S|  |TAMS 0x0000000082800000| PB 0x0000000082800000| Complete 
|  41|0x0000000082900000, 0x0000000082a00000, 0x0000000082a00000|100%| S|  |TAMS 0x0000000082900000| PB 0x0000000082900000| Complete 
|  42|0x0000000082a00000, 0x0000000082b00000, 0x0000000082b00000|100%| E|CS|TAMS 0x0000000082a00000| PB 0x0000000082a00000| Complete 
|  43|0x0000000082b00000, 0x0000000082be9ad0, 0x0000000082c00000| 91%| E|CS|TAMS 0x0000000082b00000| PB 0x0000000082b00000| Complete 
|  44|0x0000000082c00000, 0x0000000082d00000, 0x0000000082d00000|100%| E|CS|TAMS 0x0000000082c00000| PB 0x0000000082c00000| Complete 
|  45|0x0000000082d00000, 0x0000000082e00000, 0x0000000082e00000|100%| E|CS|TAMS 0x0000000082d00000| PB 0x0000000082d00000| Complete 
|  46|0x0000000082e00000, 0x0000000082f00000, 0x0000000082f00000|100%| E|CS|TAMS 0x0000000082e00000| PB 0x0000000082e00000| Complete 
|  47|0x0000000082f00000, 0x0000000083000000, 0x0000000083000000|100%| E|CS|TAMS 0x0000000082f00000| PB 0x0000000082f00000| Complete 
|  48|0x0000000083000000, 0x0000000083100000, 0x0000000083100000|100%| E|CS|TAMS 0x0000000083000000| PB 0x0000000083000000| Complete 
|  49|0x0000000083100000, 0x0000000083200000, 0x0000000083200000|100%| E|CS|TAMS 0x0000000083100000| PB 0x0000000083100000| Complete 
|  50|0x0000000083200000, 0x0000000083300000, 0x0000000083300000|100%| E|CS|TAMS 0x0000000083200000| PB 0x0000000083200000| Complete 
|  51|0x0000000083300000, 0x0000000083400000, 0x0000000083400000|100%| E|CS|TAMS 0x0000000083300000| PB 0x0000000083300000| Complete 
|  52|0x0000000083400000, 0x0000000083500000, 0x0000000083500000|100%| E|CS|TAMS 0x0000000083400000| PB 0x0000000083400000| Complete 
|  53|0x0000000083500000, 0x0000000083600000, 0x0000000083600000|100%| E|CS|TAMS 0x0000000083500000| PB 0x0000000083500000| Complete 
|  54|0x0000000083600000, 0x0000000083700000, 0x0000000083700000|100%| E|CS|TAMS 0x0000000083600000| PB 0x0000000083600000| Complete 
|  55|0x0000000083700000, 0x0000000083800000, 0x0000000083800000|100%| E|CS|TAMS 0x0000000083700000| PB 0x0000000083700000| Complete 
|  56|0x0000000083800000, 0x0000000083900000, 0x0000000083900000|100%| E|CS|TAMS 0x0000000083800000| PB 0x0000000083800000| Complete 
|  57|0x0000000083900000, 0x0000000083a00000, 0x0000000083a00000|100%| E|CS|TAMS 0x0000000083900000| PB 0x0000000083900000| Complete 
|  58|0x0000000083a00000, 0x0000000083b00000, 0x0000000083b00000|100%| E|CS|TAMS 0x0000000083a00000| PB 0x0000000083a00000| Complete 
|  59|0x0000000083b00000, 0x0000000083c00000, 0x0000000083c00000|100%| E|CS|TAMS 0x0000000083b00000| PB 0x0000000083b00000| Complete 
|  60|0x0000000083c00000, 0x0000000083d00000, 0x0000000083d00000|100%| E|CS|TAMS 0x0000000083c00000| PB 0x0000000083c00000| Complete 
|  61|0x0000000083d00000, 0x0000000083e00000, 0x0000000083e00000|100%| E|CS|TAMS 0x0000000083d00000| PB 0x0000000083d00000| Complete 
|  62|0x0000000083e00000, 0x0000000083f00000, 0x0000000083f00000|100%| E|CS|TAMS 0x0000000083e00000| PB 0x0000000083e00000| Complete 
|  63|0x0000000083f00000, 0x0000000084000000, 0x0000000084000000|100%| E|CS|TAMS 0x0000000083f00000| PB 0x0000000083f00000| Complete 
|  64|0x0000000084000000, 0x0000000084100000, 0x0000000084100000|100%| E|CS|TAMS 0x0000000084000000| PB 0x0000000084000000| Complete 
|  65|0x0000000084100000, 0x0000000084200000, 0x0000000084200000|100%| E|CS|TAMS 0x0000000084100000| PB 0x0000000084100000| Complete 
|  66|0x0000000084200000, 0x0000000084300000, 0x0000000084300000|100%| E|CS|TAMS 0x0000000084200000| PB 0x0000000084200000| Complete 
|  67|0x0000000084300000, 0x0000000084400000, 0x0000000084400000|100%| E|CS|TAMS 0x0000000084300000| PB 0x0000000084300000| Complete 
|  68|0x0000000084400000, 0x0000000084500000, 0x0000000084500000|100%| E|CS|TAMS 0x0000000084400000| PB 0x0000000084400000| Complete 
|  69|0x0000000084500000, 0x0000000084600000, 0x0000000084600000|100%| E|CS|TAMS 0x0000000084500000| PB 0x0000000084500000| Complete 
| 150|0x0000000089600000, 0x0000000089700000, 0x0000000089700000|100%| E|CS|TAMS 0x0000000089600000| PB 0x0000000089600000| Complete 
| 151|0x0000000089700000, 0x0000000089800000, 0x0000000089800000|100%| E|CS|TAMS 0x0000000089700000| PB 0x0000000089700000| Complete 
| 152|0x0000000089800000, 0x0000000089900000, 0x0000000089900000|100%| E|CS|TAMS 0x0000000089800000| PB 0x0000000089800000| Complete 
| 153|0x0000000089900000, 0x0000000089a00000, 0x0000000089a00000|100%| E|CS|TAMS 0x0000000089900000| PB 0x0000000089900000| Complete 
| 154|0x0000000089a00000, 0x0000000089b00000, 0x0000000089b00000|100%| E|CS|TAMS 0x0000000089a00000| PB 0x0000000089a00000| Complete 
| 155|0x0000000089b00000, 0x0000000089c00000, 0x0000000089c00000|100%| E|CS|TAMS 0x0000000089b00000| PB 0x0000000089b00000| Complete 
| 156|0x0000000089c00000, 0x0000000089d00000, 0x0000000089d00000|100%| E|CS|TAMS 0x0000000089c00000| PB 0x0000000089c00000| Complete 
| 157|0x0000000089d00000, 0x0000000089e00000, 0x0000000089e00000|100%| E|CS|TAMS 0x0000000089d00000| PB 0x0000000089d00000| Complete 
| 158|0x0000000089e00000, 0x0000000089f00000, 0x0000000089f00000|100%| E|CS|TAMS 0x0000000089e00000| PB 0x0000000089e00000| Complete 
| 159|0x0000000089f00000, 0x000000008a000000, 0x000000008a000000|100%| E|CS|TAMS 0x0000000089f00000| PB 0x0000000089f00000| Complete 
| 160|0x000000008a000000, 0x000000008a100000, 0x000000008a100000|100%| E|CS|TAMS 0x000000008a000000| PB 0x000000008a000000| Complete 
| 161|0x000000008a100000, 0x000000008a200000, 0x000000008a200000|100%| E|CS|TAMS 0x000000008a100000| PB 0x000000008a100000| Complete 
| 162|0x000000008a200000, 0x000000008a300000, 0x000000008a300000|100%| E|CS|TAMS 0x000000008a200000| PB 0x000000008a200000| Complete 
| 253|0x000000008fd00000, 0x000000008fe00000, 0x000000008fe00000|100%| E|CS|TAMS 0x000000008fd00000| PB 0x000000008fd00000| Complete 

Card table byte_map: [0x00000215bd030000,0x00000215bd430000] _byte_map_base: 0x00000215bcc30000

Marking Bits: (CMBitMap*) 0x00000215a54ffeb0
 Bits: [0x00000215bd430000, 0x00000215bf430000)

Polling page: 0x00000215a33a0000

Metaspace:

Usage:
  Non-class:     39.92 MB used.
      Class:      6.52 MB used.
       Both:     46.43 MB used.

Virtual space:
  Non-class space:       64.00 MB reserved,      40.69 MB ( 64%) committed,  1 nodes.
      Class space:      416.00 MB reserved,       7.31 MB (  2%) committed,  1 nodes.
             Both:      480.00 MB reserved,      48.00 MB ( 10%) committed. 

Chunk freelists:
   Non-Class:  7.25 MB
       Class:  8.62 MB
        Both:  15.87 MB

MaxMetaspaceSize: 512.00 MB
CompressedClassSpaceSize: 416.00 MB
Initial GC threshold: 21.00 MB
Current GC threshold: 58.69 MB
CDS: on
 - commit_granule_bytes: 65536.
 - commit_granule_words: 8192.
 - virtual_space_node_default_size: 8388608.
 - enlarge_chunks_in_place: 1.
 - use_allocation_guard: 0.


Internal statistics:

num_allocs_failed_limit: 6.
num_arena_births: 2796.
num_arena_deaths: 0.
num_vsnodes_births: 2.
num_vsnodes_deaths: 0.
num_space_committed: 768.
num_space_uncommitted: 0.
num_chunks_returned_to_freelist: 6.
num_chunks_taken_from_freelist: 4922.
num_chunk_merges: 3.
num_chunk_splits: 3228.
num_chunks_enlarged: 2005.
num_inconsistent_stats: 0.

CodeHeap 'non-profiled nmethods': size=120000Kb used=3026Kb max_used=3026Kb free=116974Kb
 bounds [0x00000215b53d0000, 0x00000215b56d0000, 0x00000215bc900000]
CodeHeap 'profiled nmethods': size=120000Kb used=10832Kb max_used=10832Kb free=109167Kb
 bounds [0x00000215ad900000, 0x00000215ae3a0000, 0x00000215b4e30000]
CodeHeap 'non-nmethods': size=5760Kb used=2742Kb max_used=2768Kb free=3017Kb
 bounds [0x00000215b4e30000, 0x00000215b5100000, 0x00000215b53d0000]
 total_blobs=6457 nmethods=5587 adapters=773
 compilation: enabled
              stopped_count=0, restarted_count=0
 full_count=0

Compilation events (20 events):
Event: 117.867 Thread 0x00000215e10224e0 nmethod 6050 0x00000215ae38de10 code [0x00000215ae38e000, 0x00000215ae38e6e0]
Event: 117.867 Thread 0x00000215e10224e0 6051       3       java.util.TreeMap$KeySet::<init> (10 bytes)
Event: 117.868 Thread 0x00000215e10224e0 nmethod 6051 0x00000215ae38e890 code [0x00000215ae38ea40, 0x00000215ae38ecc8]
Event: 117.868 Thread 0x00000215e10224e0 6052       1       java.util.logging.Level::intValue (5 bytes)
Event: 117.868 Thread 0x00000215e10224e0 nmethod 6052 0x00000215b56c4510 code [0x00000215b56c46a0, 0x00000215b56c4768]
Event: 117.938 Thread 0x00000215e10224e0 6053       3       java.util.TreeMap$Values::size (8 bytes)
Event: 117.938 Thread 0x00000215e10224e0 nmethod 6053 0x00000215ae38ee10 code [0x00000215ae38efc0, 0x00000215ae38f100]
Event: 117.942 Thread 0x00000215e10224e0 6055       3       java.lang.CharacterDataLatin1::isWhitespace (23 bytes)
Event: 117.942 Thread 0x00000215e10224e0 nmethod 6055 0x00000215ae38f190 code [0x00000215ae38f340, 0x00000215ae38f548]
Event: 117.942 Thread 0x00000215e10224e0 6057       3       jdk.jfr.internal.util.Tokenizer::isSeparator (39 bytes)
Event: 117.942 Thread 0x00000215e10224e0 nmethod 6057 0x00000215ae38f690 code [0x00000215ae38f840, 0x00000215ae38fa80]
Event: 117.942 Thread 0x00000215e10224e0 6058       3       jdk.jfr.internal.util.Tokenizer::isQuoteCharacter (18 bytes)
Event: 117.943 Thread 0x00000215e10224e0 nmethod 6058 0x00000215ae38fb90 code [0x00000215ae38fd40, 0x00000215ae38fee8]
Event: 117.943 Thread 0x00000215e10224e0 6059       3       jdk.jfr.internal.util.Tokenizer::skipWhitespace (48 bytes)
Event: 117.944 Thread 0x00000215e10224e0 nmethod 6059 0x00000215ae38ff90 code [0x00000215ae3901e0, 0x00000215ae390b68]
Event: 117.944 Thread 0x00000215e10224e0 6060       3       jdk.jfr.internal.util.Tokenizer::accept (107 bytes)
Event: 117.946 Thread 0x00000215e10224e0 nmethod 6060 0x00000215ae390f10 code [0x00000215ae391260, 0x00000215ae392708]
Event: 117.946 Thread 0x00000215e10224e0 6062       3       jdk.jfr.internal.util.Tokenizer::findNext (69 bytes)
Event: 117.947 Thread 0x00000215e10224e0 nmethod 6062 0x00000215ae392f10 code [0x00000215ae3931c0, 0x00000215ae393e30]
Event: 117.947 Thread 0x00000215e10224e0 6061       3       jdk.jfr.internal.util.Tokenizer::next (175 bytes)

GC Heap History (17 events):
Event: 7.109 GC heap before
{Heap before GC invocations=0 (full 0):
 garbage-first heap   total 260096K, used 26624K [0x0000000080000000, 0x0000000100000000)
  region size 1024K, 23 young (23552K), 0 survivors (0K)
 Metaspace       used 3153K, committed 3328K, reserved 491520K
  class space    used 394K, committed 448K, reserved 425984K
}
Event: 7.629 GC heap after
{Heap after GC invocations=1 (full 0):
 garbage-first heap   total 260096K, used 10154K [0x0000000080000000, 0x0000000100000000)
  region size 1024K, 3 young (3072K), 3 survivors (3072K)
 Metaspace       used 3153K, committed 3328K, reserved 491520K
  class space    used 394K, committed 448K, reserved 425984K
}
Event: 10.834 GC heap before
{Heap before GC invocations=1 (full 0):
 garbage-first heap   total 260096K, used 38826K [0x0000000080000000, 0x0000000100000000)
  region size 1024K, 31 young (31744K), 3 survivors (3072K)
 Metaspace       used 4079K, committed 4224K, reserved 491520K
  class space    used 491K, committed 576K, reserved 425984K
}
Event: 10.837 GC heap after
{Heap after GC invocations=2 (full 0):
 garbage-first heap   total 260096K, used 14425K [0x0000000080000000, 0x0000000100000000)
  region size 1024K, 4 young (4096K), 4 survivors (4096K)
 Metaspace       used 4079K, committed 4224K, reserved 491520K
  class space    used 491K, committed 576K, reserved 425984K
}
Event: 20.080 GC heap before
{Heap before GC invocations=2 (full 0):
 garbage-first heap   total 260096K, used 102489K [0x0000000080000000, 0x0000000100000000)
  region size 1024K, 91 young (93184K), 4 survivors (4096K)
 Metaspace       used 20849K, committed 21504K, reserved 491520K
  class space    used 3053K, committed 3392K, reserved 425984K
}
Event: 20.122 GC heap after
{Heap after GC invocations=3 (full 0):
 garbage-first heap   total 260096K, used 22836K [0x0000000080000000, 0x0000000100000000)
  region size 1024K, 13 young (13312K), 13 survivors (13312K)
 Metaspace       used 20849K, committed 21504K, reserved 491520K
  class space    used 3053K, committed 3392K, reserved 425984K
}
Event: 23.626 GC heap before
{Heap before GC invocations=4 (full 0):
 garbage-first heap   total 86016K, used 60724K [0x0000000080000000, 0x0000000100000000)
  region size 1024K, 50 young (51200K), 13 survivors (13312K)
 Metaspace       used 25853K, committed 27008K, reserved 491520K
  class space    used 3908K, committed 4480K, reserved 425984K
}
Event: 23.633 GC heap after
{Heap after GC invocations=5 (full 0):
 garbage-first heap   total 86016K, used 25029K [0x0000000080000000, 0x0000000100000000)
  region size 1024K, 3 young (3072K), 3 survivors (3072K)
 Metaspace       used 25853K, committed 27008K, reserved 491520K
  class space    used 3908K, committed 4480K, reserved 425984K
}
Event: 26.993 GC heap before
{Heap before GC invocations=5 (full 0):
 garbage-first heap   total 86016K, used 68037K [0x0000000080000000, 0x0000000100000000)
  region size 1024K, 45 young (46080K), 3 survivors (3072K)
 Metaspace       used 32536K, committed 33792K, reserved 491520K
  class space    used 4640K, committed 5248K, reserved 425984K
}
Event: 26.997 GC heap after
{Heap after GC invocations=6 (full 0):
 garbage-first heap   total 86016K, used 29647K [0x0000000080000000, 0x0000000100000000)
  region size 1024K, 6 young (6144K), 6 survivors (6144K)
 Metaspace       used 32536K, committed 33792K, reserved 491520K
  class space    used 4640K, committed 5248K, reserved 425984K
}
Event: 32.203 GC heap before
{Heap before GC invocations=6 (full 0):
 garbage-first heap   total 86016K, used 55247K [0x0000000080000000, 0x0000000100000000)
  region size 1024K, 30 young (30720K), 6 survivors (6144K)
 Metaspace       used 34759K, committed 35968K, reserved 491520K
  class space    used 4843K, committed 5440K, reserved 425984K
}
Event: 32.209 GC heap after
{Heap after GC invocations=7 (full 0):
 garbage-first heap   total 86016K, used 32848K [0x0000000080000000, 0x0000000100000000)
  region size 1024K, 3 young (3072K), 3 survivors (3072K)
 Metaspace       used 34759K, committed 35968K, reserved 491520K
  class space    used 4843K, committed 5440K, reserved 425984K
}
Event: 107.534 GC heap before
{Heap before GC invocations=8 (full 0):
 garbage-first heap   total 86016K, used 71760K [0x0000000080000000, 0x0000000100000000)
  region size 1024K, 41 young (41984K), 3 survivors (3072K)
 Metaspace       used 38395K, committed 39808K, reserved 491520K
  class space    used 5327K, committed 6016K, reserved 425984K
}
Event: 107.538 GC heap after
{Heap after GC invocations=9 (full 0):
 garbage-first heap   total 86016K, used 35309K [0x0000000080000000, 0x0000000100000000)
  region size 1024K, 6 young (6144K), 6 survivors (6144K)
 Metaspace       used 38395K, committed 39808K, reserved 491520K
  class space    used 5327K, committed 6016K, reserved 425984K
}
Event: 112.587 GC heap before
{Heap before GC invocations=9 (full 0):
 garbage-first heap   total 86016K, used 72173K [0x0000000080000000, 0x0000000100000000)
  region size 1024K, 42 young (43008K), 6 survivors (6144K)
 Metaspace       used 42962K, committed 44544K, reserved 491520K
  class space    used 6074K, committed 6848K, reserved 425984K
}
Event: 112.595 GC heap after
{Heap after GC invocations=10 (full 0):
 garbage-first heap   total 86016K, used 36524K [0x0000000080000000, 0x0000000100000000)
  region size 1024K, 5 young (5120K), 5 survivors (5120K)
 Metaspace       used 42962K, committed 44544K, reserved 491520K
  class space    used 6074K, committed 6848K, reserved 425984K
}
Event: 117.947 GC heap before
{Heap before GC invocations=10 (full 0):
 garbage-first heap   total 86016K, used 80556K [0x0000000080000000, 0x0000000100000000)
  region size 1024K, 42 young (43008K), 5 survivors (5120K)
 Metaspace       used 47547K, committed 49152K, reserved 491520K
  class space    used 6671K, committed 7488K, reserved 425984K
}

Dll operation events (13 events):
Event: 0.031 Loaded shared library C:\Program Files\Java\jdk-21\bin\java.dll
Event: 1.169 Loaded shared library C:\Program Files\Java\jdk-21\bin\net.dll
Event: 1.637 Loaded shared library C:\Program Files\Java\jdk-21\bin\jsvml.dll
Event: 1.651 Loaded shared library C:\Program Files\Java\jdk-21\bin\nio.dll
Event: 1.807 Loaded shared library C:\Program Files\Java\jdk-21\bin\zip.dll
Event: 3.751 Loaded shared library C:\Program Files\Java\jdk-21\bin\jimage.dll
Event: 4.397 Loaded shared library C:\Program Files\Java\jdk-21\bin\verify.dll
Event: 5.591 Loaded shared library C:\Users\2076045\.gradle\native\68d5fa5c4cc2d200863cafc0d521ce42e7d3e7ee720ec0a83991735586a16f82\windows-amd64\native-platform.dll
Event: 5.612 Loaded shared library C:\Users\2076045\.gradle\native\e376f236ea51e6404a007f0833ffe2c6e607c4080706a723a18a27aeea778392\windows-amd64\native-platform-file-events.dll
Event: 12.076 Loaded shared library C:\Program Files\Java\jdk-21\bin\management.dll
Event: 12.082 Loaded shared library C:\Program Files\Java\jdk-21\bin\management_ext.dll
Event: 12.799 Loaded shared library C:\Program Files\Java\jdk-21\bin\extnet.dll
Event: 13.388 Loaded shared library C:\Program Files\Java\jdk-21\bin\sunmscapi.dll

Deoptimization events (20 events):
Event: 117.830 Thread 0x00000215e2b40ca0 Uncommon trap: trap_request=0xffffffde fr.pc=0x00000215b56a22a0 relative=0x0000000000000180
Event: 117.830 Thread 0x00000215e2b40ca0 Uncommon trap: reason=class_check action=maybe_recompile pc=0x00000215b56a22a0 method=java.lang.reflect.Array.newInstance(Ljava/lang/Class;I)Ljava/lang/Object; @ 2 c2
Event: 117.830 Thread 0x00000215e2b40ca0 DEOPT PACKING pc=0x00000215b56a22a0 sp=0x000000990b2f5040
Event: 117.830 Thread 0x00000215e2b40ca0 DEOPT UNPACKING pc=0x00000215b4e846a2 sp=0x000000990b2f4fd8 mode 2
Event: 117.830 Thread 0x00000215e2b40ca0 Uncommon trap: trap_request=0xffffffde fr.pc=0x00000215b56a22a0 relative=0x0000000000000180
Event: 117.830 Thread 0x00000215e2b40ca0 Uncommon trap: reason=class_check action=maybe_recompile pc=0x00000215b56a22a0 method=java.lang.reflect.Array.newInstance(Ljava/lang/Class;I)Ljava/lang/Object; @ 2 c2
Event: 117.830 Thread 0x00000215e2b40ca0 DEOPT PACKING pc=0x00000215b56a22a0 sp=0x000000990b2f5040
Event: 117.830 Thread 0x00000215e2b40ca0 DEOPT UNPACKING pc=0x00000215b4e846a2 sp=0x000000990b2f4fd8 mode 2
Event: 117.836 Thread 0x00000215e2b40ca0 Uncommon trap: trap_request=0xffffff76 fr.pc=0x00000215b5443710 relative=0x0000000000000150
Event: 117.836 Thread 0x00000215e2b40ca0 Uncommon trap: reason=predicate action=maybe_recompile pc=0x00000215b5443710 method=java.util.Arrays.binarySearch0([Ljava/lang/Object;IILjava/lang/Object;Ljava/util/Comparator;)I @ 25 c2
Event: 117.836 Thread 0x00000215e2b40ca0 DEOPT PACKING pc=0x00000215b5443710 sp=0x000000990b2f6410
Event: 117.836 Thread 0x00000215e2b40ca0 DEOPT UNPACKING pc=0x00000215b4e846a2 sp=0x000000990b2f6320 mode 2
Event: 117.940 Thread 0x00000215e2b40ca0 Uncommon trap: trap_request=0xffffff45 fr.pc=0x00000215b5659038 relative=0x0000000000000098
Event: 117.940 Thread 0x00000215e2b40ca0 Uncommon trap: reason=unstable_if action=reinterpret pc=0x00000215b5659038 method=java.util.Spliterator.getExactSizeIfKnown()J @ 9 c2
Event: 117.940 Thread 0x00000215e2b40ca0 DEOPT PACKING pc=0x00000215b5659038 sp=0x000000990b2f5b00
Event: 117.940 Thread 0x00000215e2b40ca0 DEOPT UNPACKING pc=0x00000215b4e846a2 sp=0x000000990b2f5a88 mode 2
Event: 117.942 Thread 0x00000215e2b40ca0 Uncommon trap: trap_request=0xffffff45 fr.pc=0x00000215b5494240 relative=0x00000000000000a0
Event: 117.942 Thread 0x00000215e2b40ca0 Uncommon trap: reason=unstable_if action=reinterpret pc=0x00000215b5494240 method=java.lang.CharacterDataLatin1.isWhitespace(I)Z @ 14 c2
Event: 117.942 Thread 0x00000215e2b40ca0 DEOPT PACKING pc=0x00000215b5494240 sp=0x000000990b2f59f0
Event: 117.942 Thread 0x00000215e2b40ca0 DEOPT UNPACKING pc=0x00000215b4e846a2 sp=0x000000990b2f5960 mode 2

Classes loaded (20 events):
Event: 117.938 Loading class java/lang/StringLatin1$LinesSpliterator
Event: 117.939 Loading class java/lang/StringLatin1$LinesSpliterator done
Event: 117.939 Loading class java/util/ImmutableCollections$Access
Event: 117.939 Loading class java/util/ImmutableCollections$Access done
Event: 117.939 Loading class java/util/ImmutableCollections$Access$1
Event: 117.939 Loading class jdk/internal/access/JavaUtilCollectionAccess
Event: 117.939 Loading class jdk/internal/access/JavaUtilCollectionAccess done
Event: 117.939 Loading class java/util/ImmutableCollections$Access$1 done
Event: 117.940 Loading class jdk/jfr/internal/query/ViewPrinter
Event: 117.940 Loading class jdk/jfr/internal/query/ViewPrinter done
Event: 117.940 Loading class jdk/jfr/internal/util/Columnizer
Event: 117.940 Loading class jdk/jfr/internal/util/Columnizer done
Event: 117.941 Loading class jdk/jfr/internal/query/ViewFile
Event: 117.941 Loading class jdk/jfr/internal/query/ViewFile done
Event: 117.941 Loading class jdk/jfr/internal/util/Tokenizer
Event: 117.941 Loading class jdk/jfr/internal/util/Tokenizer done
Event: 117.942 Loading class jdk/jfr/internal/query/ViewFile$ViewConfiguration
Event: 117.942 Loading class jdk/jfr/internal/query/ViewFile$ViewConfiguration done
Event: 117.946 Loading class jdk/jfr/internal/util/Columnizer$Column
Event: 117.946 Loading class jdk/jfr/internal/util/Columnizer$Column done

Classes unloaded (0 events):
No events

Classes redefined (0 events):
No events

Internal exceptions (20 events):
Event: 114.330 Thread 0x00000215e2b40ca0 Exception <a 'java/lang/NoSuchMethodError'{0x0000000089630fc0}: 'java.lang.Object java.lang.invoke.DirectMethodHandle$Holder.invokeSpecial(java.lang.Object, java.lang.Object, java.lang.Object, java.lang.Object, java.lang.Object, java.lang.Object, int)'> (0x0000000089630fc0) 
thrown [s\open\src\hotspot\share\interpreter\linkResolver.cpp, line 773]
Event: 114.363 Thread 0x00000215e2b40ca0 Exception <a 'java/lang/NoSuchMethodError'{0x00000000896ee278}: 'void java.lang.invoke.DirectMethodHandle$Holder.invokeStatic(java.lang.Object, java.lang.Object, java.lang.Object, int, java.lang.Object)'> (0x00000000896ee278) 
thrown [s\open\src\hotspot\share\interpreter\linkResolver.cpp, line 773]
Event: 114.951 Thread 0x00000215e2b40ca0 Exception <a 'java/lang/NoSuchMethodError'{0x000000008421f518}: 'java.lang.Object java.lang.invoke.DirectMethodHandle$Holder.newInvokeSpecial(java.lang.Object, java.lang.Object, int)'> (0x000000008421f518) 
thrown [s\open\src\hotspot\share\interpreter\linkResolver.cpp, line 773]
Event: 117.166 Thread 0x00000215e2b40ca0 Exception <a 'java/lang/ClassNotFoundException'{0x00000000837cea20}: org/gradle/api/internal/project/DefaultProject_DecoratedBeanInfo> (0x00000000837cea20) 
thrown [s\open\src\hotspot\share\classfile\systemDictionary.cpp, line 312]
Event: 117.168 Thread 0x00000215e2b40ca0 Exception <a 'java/lang/ClassNotFoundException'{0x00000000837e3118}: org/gradle/api/internal/project/DefaultProjectBeanInfo> (0x00000000837e3118) 
thrown [s\open\src\hotspot\share\classfile\systemDictionary.cpp, line 312]
Event: 117.169 Thread 0x00000215e2b40ca0 Exception <a 'java/lang/ClassNotFoundException'{0x00000000837f6aa0}: org/gradle/api/internal/project/DefaultProjectCustomizer> (0x00000000837f6aa0) 
thrown [s\open\src\hotspot\share\classfile\systemDictionary.cpp, line 312]
Event: 117.178 Thread 0x00000215e2b40ca0 Exception <a 'java/lang/ClassNotFoundException'{0x00000000836b20b8}: org/gradle/api/internal/project/DefaultProject_DecoratedCustomizer> (0x00000000836b20b8) 
thrown [s\open\src\hotspot\share\classfile\systemDictionary.cpp, line 312]
Event: 117.320 Thread 0x00000215e2b40ca0 Exception <a 'java/lang/IncompatibleClassChangeError'{0x000000008356bca0}: Found class java.lang.Object, but interface was expected> (0x000000008356bca0) 
thrown [s\open\src\hotspot\share\interpreter\linkResolver.cpp, line 840]
Event: 117.454 Thread 0x00000215e2b40ca0 Exception <a 'java/lang/IncompatibleClassChangeError'{0x00000000834859c8}: Found class java.lang.Object, but interface was expected> (0x00000000834859c8) 
thrown [s\open\src\hotspot\share\interpreter\linkResolver.cpp, line 840]
Event: 117.500 Thread 0x00000215e2b40ca0 Exception <a 'java/lang/ClassNotFoundException'{0x000000008321b180}: org/gradle/api/internal/project/DefaultAntBuilderBeanInfo> (0x000000008321b180) 
thrown [s\open\src\hotspot\share\classfile\systemDictionary.cpp, line 312]
Event: 117.503 Thread 0x00000215e2b40ca0 Exception <a 'java/lang/ClassNotFoundException'{0x00000000832306b8}: org/gradle/api/internal/project/ant/BasicAntBuilderBeanInfo> (0x00000000832306b8) 
thrown [s\open\src\hotspot\share\classfile\systemDictionary.cpp, line 312]
Event: 117.504 Thread 0x00000215e2b40ca0 Exception <a 'java/lang/ClassNotFoundException'{0x0000000083245a78}: org/gradle/api/AntBuilderBeanInfo> (0x0000000083245a78) 
thrown [s\open\src\hotspot\share\classfile\systemDictionary.cpp, line 312]
Event: 117.505 Thread 0x00000215e2b40ca0 Exception <a 'java/lang/ClassNotFoundException'{0x000000008325afe0}: groovy/ant/AntBuilderBeanInfo> (0x000000008325afe0) 
thrown [s\open\src\hotspot\share\classfile\systemDictionary.cpp, line 312]
Event: 117.506 Thread 0x00000215e2b40ca0 Exception <a 'java/lang/ClassNotFoundException'{0x0000000083270650}: groovy/util/BuilderSupportBeanInfo> (0x0000000083270650) 
thrown [s\open\src\hotspot\share\classfile\systemDictionary.cpp, line 312]
Event: 117.507 Thread 0x00000215e2b40ca0 Exception <a 'java/lang/ClassNotFoundException'{0x0000000083285f48}: groovy/util/BuilderSupportCustomizer> (0x0000000083285f48) 
thrown [s\open\src\hotspot\share\classfile\systemDictionary.cpp, line 312]
Event: 117.509 Thread 0x00000215e2b40ca0 Exception <a 'java/lang/ClassNotFoundException'{0x000000008329dbc8}: groovy/ant/AntBuilderCustomizer> (0x000000008329dbc8) 
thrown [s\open\src\hotspot\share\classfile\systemDictionary.cpp, line 312]
Event: 117.622 Thread 0x00000215e2b40ca0 Exception <a 'java/lang/ClassNotFoundException'{0x00000000832b7e68}: org/gradle/api/AntBuilderCustomizer> (0x00000000832b7e68) 
thrown [s\open\src\hotspot\share\classfile\systemDictionary.cpp, line 312]
Event: 117.624 Thread 0x00000215e2b40ca0 Exception <a 'java/lang/ClassNotFoundException'{0x00000000832d7d08}: org/gradle/api/internal/project/ant/BasicAntBuilderCustomizer> (0x00000000832d7d08) 
thrown [s\open\src\hotspot\share\classfile\systemDictionary.cpp, line 312]
Event: 117.626 Thread 0x00000215e2b40ca0 Exception <a 'java/lang/ClassNotFoundException'{0x00000000832fed00}: org/gradle/api/internal/project/DefaultAntBuilderCustomizer> (0x00000000832fed00) 
thrown [s\open\src\hotspot\share\classfile\systemDictionary.cpp, line 312]
Event: 117.698 Thread 0x00000215e2b40ca0 Exception <a 'java/lang/IncompatibleClassChangeError'{0x00000000830fe530}: Found class java.lang.Object, but interface was expected> (0x00000000830fe530) 
thrown [s\open\src\hotspot\share\interpreter\linkResolver.cpp, line 840]

ZGC Phase Switch (0 events):
No events

VM Operations (20 events):
Event: 110.728 Executing VM operation: HandshakeAllThreads (Deoptimize) done
Event: 110.769 Executing VM operation: HandshakeAllThreads (Deoptimize)
Event: 110.769 Executing VM operation: HandshakeAllThreads (Deoptimize) done
Event: 111.779 Executing VM operation: Cleanup
Event: 111.797 Executing VM operation: Cleanup done
Event: 112.587 Executing VM operation: G1CollectForAllocation (G1 Evacuation Pause)
Event: 112.595 Executing VM operation: G1CollectForAllocation (G1 Evacuation Pause) done
Event: 113.608 Executing VM operation: Cleanup
Event: 113.686 Executing VM operation: Cleanup done
Event: 114.268 Executing VM operation: HandshakeAllThreads (Deoptimize)
Event: 114.268 Executing VM operation: HandshakeAllThreads (Deoptimize) done
Event: 115.268 Executing VM operation: Cleanup
Event: 115.269 Executing VM operation: Cleanup done
Event: 116.274 Executing VM operation: Cleanup
Event: 116.274 Executing VM operation: Cleanup done
Event: 116.772 Executing VM operation: HandshakeAllThreads (Deoptimize)
Event: 116.772 Executing VM operation: HandshakeAllThreads (Deoptimize) done
Event: 117.783 Executing VM operation: Cleanup
Event: 117.830 Executing VM operation: Cleanup done
Event: 117.947 Executing VM operation: G1CollectForAllocation (G1 Evacuation Pause)

Events (20 events):
Event: 115.299 Thread 0x00000215e3829f40 Thread added: 0x00000215e3829f40
Event: 115.300 Thread 0x00000215e382a5d0 Thread added: 0x00000215e382a5d0
Event: 115.300 Thread 0x00000215e382ac60 Thread added: 0x00000215e382ac60
Event: 115.301 Thread 0x00000215e382b2f0 Thread added: 0x00000215e382b2f0
Event: 115.301 Thread 0x00000215e382c6a0 Thread added: 0x00000215e382c6a0
Event: 115.301 Thread 0x00000215e382b980 Thread added: 0x00000215e382b980
Event: 115.302 Thread 0x00000215e382c010 Thread added: 0x00000215e382c010
Event: 115.302 Thread 0x00000215e382cd30 Thread added: 0x00000215e382cd30
Event: 115.302 Thread 0x00000215e382d3c0 Thread added: 0x00000215e382d3c0
Event: 115.303 Thread 0x00000215e49ddeb0 Thread added: 0x00000215e49ddeb0
Event: 115.303 Thread 0x00000215e49da3a0 Thread added: 0x00000215e49da3a0
Event: 115.303 Thread 0x00000215e49dc470 Thread added: 0x00000215e49dc470
Event: 115.303 Thread 0x00000215e49dd190 Thread added: 0x00000215e49dd190
Event: 115.304 Thread 0x00000215e49dd820 Thread added: 0x00000215e49dd820
Event: 115.304 Thread 0x00000215e49de540 Thread added: 0x00000215e49de540
Event: 115.305 Thread 0x00000215e49debd0 Thread added: 0x00000215e49debd0
Event: 115.305 Thread 0x00000215e49dff80 Thread added: 0x00000215e49dff80
Event: 115.305 Thread 0x00000215e49df260 Thread added: 0x00000215e49df260
Event: 115.306 Thread 0x00000215e49dcb00 Thread added: 0x00000215e49dcb00
Event: 116.227 Thread 0x00000215e49df8f0 Thread added: 0x00000215e49df8f0


Dynamic libraries:
0x00007ff6a4d20000 - 0x00007ff6a4d30000 	C:\Program Files\Java\jdk-21\bin\java.exe
0x00007ff9d1830000 - 0x00007ff9d1a28000 	C:\WINDOWS\SYSTEM32\ntdll.dll
0x00007ff99dbb0000 - 0x00007ff99dbc9000 	C:\Program Files\Avast Software\Avast\aswhook.dll
0x00007ff9d06f0000 - 0x00007ff9d07ad000 	C:\WINDOWS\System32\KERNEL32.DLL
0x00007ff9cef00000 - 0x00007ff9cf1f6000 	C:\WINDOWS\System32\KERNELBASE.dll
0x00007ff9cf230000 - 0x00007ff9cf330000 	C:\WINDOWS\System32\ucrtbase.dll
0x00007ff9c2be0000 - 0x00007ff9c2bf9000 	C:\Program Files\Java\jdk-21\bin\jli.dll
0x00007ff9d1420000 - 0x00007ff9d14d3000 	C:\WINDOWS\System32\ADVAPI32.dll
0x00007ff9bbbc0000 - 0x00007ff9bbbdb000 	C:\Program Files\Java\jdk-21\bin\VCRUNTIME140.dll
0x00007ff9d0250000 - 0x00007ff9d02ee000 	C:\WINDOWS\System32\msvcrt.dll
0x00007ff9d1620000 - 0x00007ff9d16bf000 	C:\WINDOWS\System32\sechost.dll
0x00007ff9d0370000 - 0x00007ff9d0496000 	C:\WINDOWS\System32\RPCRT4.dll
0x00007ff9cf200000 - 0x00007ff9cf227000 	C:\WINDOWS\System32\bcrypt.dll
0x00007ff9d04a0000 - 0x00007ff9d063e000 	C:\WINDOWS\System32\USER32.dll
0x00007ff9ae300000 - 0x00007ff9ae59a000 	C:\WINDOWS\WinSxS\amd64_microsoft.windows.common-controls_6595b64144ccf1df_6.0.19041.3636_none_60b6a03d71f818d5\COMCTL32.dll
0x00007ff9cf610000 - 0x00007ff9cf632000 	C:\WINDOWS\System32\win32u.dll
0x00007ff9d06b0000 - 0x00007ff9d06dc000 	C:\WINDOWS\System32\GDI32.dll
0x00007ff9cf6f0000 - 0x00007ff9cf80a000 	C:\WINDOWS\System32\gdi32full.dll
0x00007ff9cf330000 - 0x00007ff9cf3cd000 	C:\WINDOWS\System32\msvcp_win.dll
0x00007ff9c44f0000 - 0x00007ff9c44fa000 	C:\WINDOWS\SYSTEM32\VERSION.dll
0x00007ff9d17c0000 - 0x00007ff9d17f0000 	C:\WINDOWS\System32\IMM32.DLL
0x00007ff9c6c90000 - 0x00007ff9c6c9c000 	C:\Program Files\Java\jdk-21\bin\vcruntime140_1.dll
0x00007ff99f7d0000 - 0x00007ff99f85e000 	C:\Program Files\Java\jdk-21\bin\msvcp140.dll
0x00007ff986c50000 - 0x00007ff987965000 	C:\Program Files\Java\jdk-21\bin\server\jvm.dll
0x00007ff9d1750000 - 0x00007ff9d17bb000 	C:\WINDOWS\System32\WS2_32.dll
0x00007ff9ce450000 - 0x00007ff9ce49b000 	C:\WINDOWS\SYSTEM32\POWRPROF.dll
0x00007ff9ad730000 - 0x00007ff9ad757000 	C:\WINDOWS\SYSTEM32\WINMM.dll
0x00007ff9ce310000 - 0x00007ff9ce322000 	C:\WINDOWS\SYSTEM32\UMPDC.dll
0x00007ff9cd450000 - 0x00007ff9cd462000 	C:\WINDOWS\SYSTEM32\kernel.appcore.dll
0x00007ff9c68a0000 - 0x00007ff9c68aa000 	C:\Program Files\Java\jdk-21\bin\jimage.dll
0x00007ff9c9310000 - 0x00007ff9c94f4000 	C:\WINDOWS\SYSTEM32\DBGHELP.DLL
0x00007ff9c3720000 - 0x00007ff9c3754000 	C:\WINDOWS\SYSTEM32\dbgcore.DLL
0x00007ff9cf530000 - 0x00007ff9cf5b2000 	C:\WINDOWS\System32\bcryptPrimitives.dll
0x00007ff9b8dc0000 - 0x00007ff9b8ddf000 	C:\Program Files\Java\jdk-21\bin\java.dll
0x00007ff9d0cd0000 - 0x00007ff9d1415000 	C:\WINDOWS\System32\SHELL32.dll
0x00007ff9ccca0000 - 0x00007ff9cd43b000 	C:\WINDOWS\SYSTEM32\windows.storage.dll
0x00007ff9cfc20000 - 0x00007ff9cff74000 	C:\WINDOWS\System32\combase.dll
0x00007ff9ce930000 - 0x00007ff9ce95d000 	C:\WINDOWS\SYSTEM32\Wldp.dll
0x00007ff9d0c20000 - 0x00007ff9d0ccd000 	C:\WINDOWS\System32\SHCORE.dll
0x00007ff9cf880000 - 0x00007ff9cf8d5000 	C:\WINDOWS\System32\shlwapi.dll
0x00007ff9cee30000 - 0x00007ff9cee55000 	C:\WINDOWS\SYSTEM32\profapi.dll
0x00007ff9c66a0000 - 0x00007ff9c66b0000 	C:\Program Files\Java\jdk-21\bin\net.dll
0x00007ff9cded0000 - 0x00007ff9cdfda000 	C:\WINDOWS\SYSTEM32\WINHTTP.dll
0x00007ff99b500000 - 0x00007ff99b5d7000 	C:\Program Files\Java\jdk-21\bin\jsvml.dll
0x00007ff9ce690000 - 0x00007ff9ce6fa000 	C:\WINDOWS\system32\mswsock.dll
0x00007ff9b8e90000 - 0x00007ff9b8ea6000 	C:\Program Files\Java\jdk-21\bin\nio.dll
0x00007ff9b7ee0000 - 0x00007ff9b7ef8000 	C:\Program Files\Java\jdk-21\bin\zip.dll
0x00007ff9c2b60000 - 0x00007ff9c2b70000 	C:\Program Files\Java\jdk-21\bin\verify.dll
0x00007ff9bb950000 - 0x00007ff9bb977000 	C:\Users\2076045\.gradle\native\68d5fa5c4cc2d200863cafc0d521ce42e7d3e7ee720ec0a83991735586a16f82\windows-amd64\native-platform.dll
0x00007ff988680000 - 0x00007ff9887c4000 	C:\Users\2076045\.gradle\native\e376f236ea51e6404a007f0833ffe2c6e607c4080706a723a18a27aeea778392\windows-amd64\native-platform-file-events.dll
0x00007ff9c63e0000 - 0x00007ff9c63ea000 	C:\Program Files\Java\jdk-21\bin\management.dll
0x00007ff9c6390000 - 0x00007ff9c639b000 	C:\Program Files\Java\jdk-21\bin\management_ext.dll
0x00007ff9d0160000 - 0x00007ff9d0168000 	C:\WINDOWS\System32\PSAPI.DLL
0x00007ff9ce880000 - 0x00007ff9ce898000 	C:\WINDOWS\SYSTEM32\CRYPTSP.dll
0x00007ff9cde40000 - 0x00007ff9cde74000 	C:\WINDOWS\system32\rsaenh.dll
0x00007ff9cedb0000 - 0x00007ff9cedde000 	C:\WINDOWS\SYSTEM32\USERENV.dll
0x00007ff9ce8a0000 - 0x00007ff9ce8ac000 	C:\WINDOWS\SYSTEM32\CRYPTBASE.dll
0x00007ff9ce330000 - 0x00007ff9ce36b000 	C:\WINDOWS\SYSTEM32\IPHLPAPI.DLL
0x00007ff9d06e0000 - 0x00007ff9d06e8000 	C:\WINDOWS\System32\NSI.dll
0x00007ff9c3020000 - 0x00007ff9c3027000 	C:\Program Files\Java\jdk-21\bin\extnet.dll
0x00007ff9c6330000 - 0x00007ff9c633e000 	C:\Program Files\Java\jdk-21\bin\sunmscapi.dll
0x00007ff9cf3d0000 - 0x00007ff9cf52d000 	C:\WINDOWS\System32\CRYPT32.dll
0x00007ff9ce9a0000 - 0x00007ff9ce9c8000 	C:\WINDOWS\SYSTEM32\ncrypt.dll
0x00007ff9ce960000 - 0x00007ff9ce99b000 	C:\WINDOWS\SYSTEM32\NTASN1.dll
0x00007ff9c4790000 - 0x00007ff9c4797000 	C:\WINDOWS\system32\wshunix.dll

dbghelp: loaded successfully - version: 4.0.5 - missing functions: none
symbol engine: initialized successfully - sym options: 0x614 - pdb path: .;C:\Program Files\Java\jdk-21\bin;C:\WINDOWS\SYSTEM32;C:\Program Files\Avast Software\Avast;C:\WINDOWS\WinSxS\amd64_microsoft.windows.common-controls_6595b64144ccf1df_6.0.19041.3636_none_60b6a03d71f818d5;C:\Program Files\Java\jdk-21\bin\server;C:\Users\2076045\.gradle\native\68d5fa5c4cc2d200863cafc0d521ce42e7d3e7ee720ec0a83991735586a16f82\windows-amd64;C:\Users\2076045\.gradle\native\e376f236ea51e6404a007f0833ffe2c6e607c4080706a723a18a27aeea778392\windows-amd64

VM Arguments:
jvm_args: -XX:MaxMetaspaceSize=512m --add-opens=java.base/java.util=ALL-UNNAMED --add-opens=java.base/java.lang=ALL-UNNAMED --add-opens=java.base/java.lang.invoke=ALL-UNNAMED --add-opens=java.prefs/java.util.prefs=ALL-UNNAMED --add-opens=java.base/java.nio.charset=ALL-UNNAMED --add-opens=java.base/java.net=ALL-UNNAMED --add-opens=java.base/java.util.concurrent.atomic=ALL-UNNAMED -Xmx2048m -Dfile.encoding=UTF-8 -Duser.country=KR -Duser.language=ko -Duser.variant 
java_command: org.gradle.launcher.daemon.bootstrap.GradleDaemon 8.0.1
java_class_path (initial): C:\Users\2076045\.gradle\wrapper\dists\gradle-8.0.1-all\aro4hu1c3oeioove7l0i4i14o\gradle-8.0.1\lib\gradle-launcher-8.0.1.jar
Launcher Type: SUN_STANDARD

[Global flags]
     intx CICompilerCount                          = 4                                         {product} {ergonomic}
   size_t CompressedClassSpaceSize                 = 436207616                                 {product} {ergonomic}
     uint ConcGCThreads                            = 2                                         {product} {ergonomic}
     uint G1ConcRefinementThreads                  = 8                                         {product} {ergonomic}
   size_t G1HeapRegionSize                         = 1048576                                   {product} {ergonomic}
    uintx GCDrainStackTargetSize                   = 64                                        {product} {ergonomic}
   size_t InitialHeapSize                          = 266338304                                 {product} {ergonomic}
   size_t MarkStackSize                            = 4194304                                   {product} {ergonomic}
   size_t MaxHeapSize                              = 2147483648                                {product} {command line}
   size_t MaxMetaspaceSize                         = 536870912                                 {product} {command line}
   size_t MaxNewSize                               = 1287651328                                {product} {ergonomic}
   size_t MinHeapDeltaBytes                        = 1048576                                   {product} {ergonomic}
   size_t MinHeapSize                              = 8388608                                   {product} {ergonomic}
    uintx NonNMethodCodeHeapSize                   = 5839372                                {pd product} {ergonomic}
    uintx NonProfiledCodeHeapSize                  = 122909434                              {pd product} {ergonomic}
    uintx ProfiledCodeHeapSize                     = 122909434                              {pd product} {ergonomic}
    uintx ReservedCodeCacheSize                    = 251658240                              {pd product} {ergonomic}
     bool SegmentedCodeCache                       = true                                      {product} {ergonomic}
   size_t SoftMaxHeapSize                          = 2147483648                             {manageable} {ergonomic}
     bool UseCompressedOops                        = true                           {product lp64_product} {ergonomic}
     bool UseG1GC                                  = true                                      {product} {ergonomic}
     bool UseLargePagesIndividualAllocation        = false                                  {pd product} {ergonomic}

Logging:
Log output configuration:
 #0: stdout all=warning uptime,level,tags foldmultilines=false
 #1: stderr all=off uptime,level,tags foldmultilines=false

Environment Variables:
JAVA_HOME=C:\Program Files\Java\jdk-21
CLASSPATH=C:\Users\2076045\biography-app\android\\gradle\wrapper\gradle-wrapper.jar
PATH=C:\Users\2076045\biography-app\node_modules\.bin;C:\Users\2076045\biography-app\node_modules\.bin;C:\Users\2076045\node_modules\.bin;C:\Users\node_modules\.bin;C:\node_modules\.bin;C:\Program Files\nodejs\node_modules\npm\node_modules\@npmcli\run-script\lib\node-gyp-bin;C:\Users\2076045\biography-app\node_modules\.bin;C:\Users\2076045\node_modules\.bin;C:\Users\node_modules\.bin;C:\node_modules\.bin;C:\Program Files\nodejs\node_modules\npm\node_modules\@npmcli\run-script\lib\node-gyp-bin;C:\Program Files\Java\jdk-21\bin;C:\Program Files\Common Files\Oracle\Java\javapath;C:\Program Files\Eclipse Adoptium\jdk-11.0.20.8-hotspot\bin;C:\Program Files\Eclipse Adoptium\jdk-8.0.382.5-hotspot\bin;C:\ProgramData\chocolatey\bin;C:\Program Files\nodejs;C:\Users\2076045\AppData\Local\Android\Sdk;C:\Users\2076045\AppData\Local\Android\Sdk\platform-tools;C:\Program Files\Java\jdk-21\bin\;C:\Users\2076045\AppData\Local\Programs\Python\Python39\Scripts\;C:\Users\2076045\AppData\Local\Programs\Python\Python39\;C:\Users\2076045\AppData\Local\Microsoft\WindowsApps;C:\Program Files\JetBrains\PyCharm Community Edition 2022.3.1\bin;;C:\Users\2076045\AppData\Local\Programs\Microsoft VS Code\bin;C:\Users\2076045\AppData\Local\GitHubDesktop\bin;C:\Users\2076045\.dotnet\tools;C:\Users\2076045\AppData\Roaming\npm;C:\Program Files\Java\jdk-17;
USERNAME=2076045
LANG=en_US.UTF-8
OS=Windows_NT
PROCESSOR_IDENTIFIER=Intel64 Family 6 Model 142 Stepping 12, GenuineIntel
TMP=C:\Users\2076045\AppData\Local\Temp
TEMP=C:\Users\2076045\AppData\Local\Temp




Periodic native trim disabled

---------------  S Y S T E M  ---------------

OS:
 Windows 10 , 64 bit Build 19041 (10.0.19041.3636)
OS uptime: 3 days 3:07 hours

CPU: total 8 (initial active 8) (4 cores per cpu, 2 threads per core) family 6 model 142 stepping 12 microcode 0xca, cx8, cmov, fxsr, ht, mmx, 3dnowpref, sse, sse2, sse3, ssse3, sse4.1, sse4.2, popcnt, lzcnt, tsc, tscinvbit, avx, avx2, aes, erms, clmul, bmi1, bmi2, adx, fma, vzeroupper, clflush, clflushopt, rdtscp, f16c
Processor Information for all 8 processors :
  Max Mhz: 2112, Current Mhz: 1609, Mhz Limit: 1605

Memory: 4k page, system-wide physical 16193M (271M free)
TotalPageFile size 27829M (AvailPageFile size 2M)
current process WorkingSet (physical memory assigned to process): 253M, peak: 253M
current process commit charge ("private bytes"): 295M, peak: 434M

vm_info: Java HotSpot(TM) 64-Bit Server VM (21.0.1+12-LTS-29) for windows-amd64 JRE (21.0.1+12-LTS-29), built on 2023-10-05T13:27:09Z by "mach5one" with MS VC++ 17.1 (VS2022)

END.
