#
# There is insufficient memory for the Java Runtime Environment to continue.
# Native memory allocation (malloc) failed to allocate 1560176 bytes for Chunk::new
# Possible reasons:
#   The system is out of physical RAM or swap space
#   The process is running with CompressedOops enabled, and the Java Heap may be blocking the growth of the native heap
# Possible solutions:
#   Reduce memory load on the system
#   Increase physical memory or swap space
#   Check if swap backing store is full
#   Decrease Java heap size (-Xmx/-Xms)
#   Decrease number of Java threads
#   Decrease Java thread stack sizes (-Xss)
#   Set larger code cache with -XX:ReservedCodeCacheSize=
#   JVM is running with Unscaled Compressed Oops mode in which the Java heap is
#     placed in the first 4GB address space. The Java Heap base address is the
#     maximum limit for the native heap growth. Please use -XX:HeapBaseMinAddress
#     to set the Java Heap base and to place the Java Heap above 4GB virtual address.
# This output file may be truncated or incomplete.
#
#  Out of Memory Error (arena.cpp:168), pid=18972, tid=28036
#
# JRE version: Java(TM) SE Runtime Environment (21.0.1+12) (build 21.0.1+12-LTS-29)
# Java VM: Java HotSpot(TM) 64-Bit Server VM (21.0.1+12-LTS-29, mixed mode, sharing, tiered, compressed oops, compressed class ptrs, g1 gc, windows-amd64)
# No core dump will be written. Minidumps are not enabled by default on client versions of Windows
#

---------------  S U M M A R Y ------------

Command Line: -XX:MaxMetaspaceSize=512m --add-opens=java.base/java.util=ALL-UNNAMED --add-opens=java.base/java.lang=ALL-UNNAMED --add-opens=java.base/java.lang.invoke=ALL-UNNAMED --add-opens=java.prefs/java.util.prefs=ALL-UNNAMED --add-opens=java.base/java.nio.charset=ALL-UNNAMED --add-opens=java.base/java.net=ALL-UNNAMED --add-opens=java.base/java.util.concurrent.atomic=ALL-UNNAMED -Xmx2048m -Dfile.encoding=UTF-8 -Duser.country=KR -Duser.language=ko -Duser.variant org.gradle.launcher.daemon.bootstrap.GradleDaemon 8.0.1

Host: Intel(R) Core(TM) i5-10210U CPU @ 1.60GHz, 8 cores, 15G,  Windows 10 , 64 bit Build 19041 (10.0.19041.3636)
Time: Sat Jan 20 01:06:32 2024  Windows 10 , 64 bit Build 19041 (10.0.19041.3636) elapsed time: 120.615899 seconds (0d 0h 2m 0s)

---------------  T H R E A D  ---------------

Current thread (0x000001357e01c5f0):  JavaThread "C2 CompilerThread0" daemon [_thread_in_native, id=28036, stack(0x0000002a12d00000,0x0000002a12e00000) (1024K)]


Current CompileTask:
C2: 120616 5826       4       java.lang.invoke.MethodType::makeImpl (109 bytes)

Stack: [0x0000002a12d00000,0x0000002a12e00000]
Native frames: (J=compiled Java code, j=interpreted, Vv=VM code, C=native code)
V  [jvm.dll+0x6c9029]
V  [jvm.dll+0x854b81]
V  [jvm.dll+0x856e5e]
V  [jvm.dll+0x857543]
V  [jvm.dll+0x280c06]
V  [jvm.dll+0xc3ead]
V  [jvm.dll+0xc43c3]
V  [jvm.dll+0x3b5732]
V  [jvm.dll+0x382475]
V  [jvm.dll+0x3818ea]
V  [jvm.dll+0x249ad0]
V  [jvm.dll+0x2490b1]
V  [jvm.dll+0x1c9ca1]
V  [jvm.dll+0x2586b9]
V  [jvm.dll+0x256c9a]
V  [jvm.dll+0x3ef1b6]
V  [jvm.dll+0x7fd728]
V  [jvm.dll+0x6c777d]
C  [ucrtbase.dll+0x21bb2]
C  [KERNEL32.DLL+0x17344]
C  [ntdll.dll+0x526b1]


---------------  P R O C E S S  ---------------

Threads class SMR info:
_java_thread_list=0x000001350499b9c0, length=69, elements={
0x00000135440d52e0, 0x000001357e014ae0, 0x000001357e015ab0, 0x000001357e019940,
0x000001357e01a3a0, 0x000001357e01ae00, 0x000001357e01b860, 0x000001357e01c5f0,
0x000001357e01d5a0, 0x000001357e09d730, 0x000001357e0a21a0, 0x000001357e197620,
0x000001357f52cdc0, 0x000001357f6cd030, 0x000001357f5dad20, 0x000001357f5db390,
0x000001357f5e9ae0, 0x000001357f632310, 0x000001357f63cc60, 0x000001357f63d2f0,
0x000001357f63e010, 0x000001357f63e6a0, 0x000001357f63b8b0, 0x000001357f63c5d0,
0x000001357e99c0e0, 0x000001357e99d490, 0x000001357e99f560, 0x000001357e99fbf0,
0x000001357e99db20, 0x000001357e99b3c0, 0x000001357e9a1cc0, 0x000001357e9a0280,
0x000001357e99e1b0, 0x000001357e99c770, 0x000001357e9a2350, 0x000001357e99ce00,
0x000001357e9a0910, 0x000001357e99e840, 0x000001357e99eed0, 0x000001357f63b220,
0x000001357f63d980, 0x00000135048978f0, 0x0000013504894470, 0x0000013504893de0,
0x0000013504894b00, 0x00000135048930c0, 0x0000013504895820, 0x0000013504895190,
0x0000013504898610, 0x0000013504898ca0, 0x000001350489a050, 0x0000013504899330,
0x0000013504895eb0, 0x0000013504897f80, 0x0000013504896540, 0x0000013504896bd0,
0x00000135048999c0, 0x000001350489a6e0, 0x0000013504893750, 0x0000013504897260,
0x00000135065400d0, 0x000001350653e690, 0x0000013506542ec0, 0x000001350653bf30,
0x0000013506540760, 0x00000135065421a0, 0x000001350653fa40, 0x0000013506540df0,
0x000001350653ed20
}

Java Threads: ( => current thread )
  0x00000135440d52e0 JavaThread "main"                              [_thread_blocked, id=37276, stack(0x0000002a11f00000,0x0000002a12000000) (1024K)]
  0x000001357e014ae0 JavaThread "Reference Handler"          daemon [_thread_blocked, id=37464, stack(0x0000002a12700000,0x0000002a12800000) (1024K)]
  0x000001357e015ab0 JavaThread "Finalizer"                  daemon [_thread_blocked, id=37076, stack(0x0000002a12800000,0x0000002a12900000) (1024K)]
  0x000001357e019940 JavaThread "Signal Dispatcher"          daemon [_thread_blocked, id=26892, stack(0x0000002a12900000,0x0000002a12a00000) (1024K)]
  0x000001357e01a3a0 JavaThread "Attach Listener"            daemon [_thread_blocked, id=36564, stack(0x0000002a12a00000,0x0000002a12b00000) (1024K)]
  0x000001357e01ae00 JavaThread "Service Thread"             daemon [_thread_blocked, id=23208, stack(0x0000002a12b00000,0x0000002a12c00000) (1024K)]
  0x000001357e01b860 JavaThread "Monitor Deflation Thread"   daemon [_thread_blocked, id=41596, stack(0x0000002a12c00000,0x0000002a12d00000) (1024K)]
=>0x000001357e01c5f0 JavaThread "C2 CompilerThread0"         daemon [_thread_in_native, id=28036, stack(0x0000002a12d00000,0x0000002a12e00000) (1024K)]
  0x000001357e01d5a0 JavaThread "C1 CompilerThread0"         daemon [_thread_blocked, id=16896, stack(0x0000002a12e00000,0x0000002a12f00000) (1024K)]
  0x000001357e09d730 JavaThread "Common-Cleaner"             daemon [_thread_blocked, id=43952, stack(0x0000002a12f00000,0x0000002a13000000) (1024K)]
  0x000001357e0a21a0 JavaThread "Notification Thread"        daemon [_thread_blocked, id=19972, stack(0x0000002a13000000,0x0000002a13100000) (1024K)]
  0x000001357e197620 JavaThread "Daemon health stats"               [_thread_blocked, id=42132, stack(0x0000002a13600000,0x0000002a13700000) (1024K)]
  0x000001357f52cdc0 JavaThread "Incoming local TCP Connector on port 64831"        [_thread_in_native, id=18180, stack(0x0000002a13700000,0x0000002a13800000) (1024K)]
  0x000001357f6cd030 JavaThread "Daemon periodic checks"            [_thread_in_native, id=22424, stack(0x0000002a13800000,0x0000002a13900000) (1024K)]
  0x000001357f5dad20 JavaThread "Daemon"                            [_thread_blocked, id=36620, stack(0x0000002a13900000,0x0000002a13a00000) (1024K)]
  0x000001357f5db390 JavaThread "Handler for socket connection from /127.0.0.1:64831 to /127.0.0.1:64833"        [_thread_in_native, id=22336, stack(0x0000002a13a00000,0x0000002a13b00000) (1024K)]
  0x000001357f5e9ae0 JavaThread "Cancel handler"                    [_thread_blocked, id=25100, stack(0x0000002a13b00000,0x0000002a13c00000) (1024K)]
  0x000001357f632310 JavaThread "Daemon worker"                     [_thread_in_native, id=37180, stack(0x0000002a13c00000,0x0000002a13d00000) (1024K)]
  0x000001357f63cc60 JavaThread "Asynchronous log dispatcher for DefaultDaemonConnection: socket connection from /127.0.0.1:64831 to /127.0.0.1:64833"        [_thread_blocked, id=22468, stack(0x0000002a13d00000,0x0000002a13e00000) (1024K)]
  0x000001357f63d2f0 JavaThread "Daemon client event forwarder"        [_thread_blocked, id=33144, stack(0x0000002a13f00000,0x0000002a14000000) (1024K)]
  0x000001357f63e010 JavaThread "Cache worker for journal cache (C:\Users\2076045\.gradle\caches\journal-1)"        [_thread_blocked, id=32476, stack(0x0000002a14000000,0x0000002a14100000) (1024K)]
  0x000001357f63e6a0 JavaThread "File lock request listener"        [_thread_in_native, id=35892, stack(0x0000002a14100000,0x0000002a14200000) (1024K)]
  0x000001357f63b8b0 JavaThread "Cache worker for file hash cache (C:\Users\2076045\.gradle\caches\8.0.1\fileHashes)"        [_thread_blocked, id=3020, stack(0x0000002a14300000,0x0000002a14400000) (1024K)]
  0x000001357f63c5d0 JavaThread "File watcher server"        daemon [_thread_in_native, id=42412, stack(0x0000002a14400000,0x0000002a14500000) (1024K)]
  0x000001357e99c0e0 JavaThread "File watcher consumer"      daemon [_thread_blocked, id=7124, stack(0x0000002a14500000,0x0000002a14600000) (1024K)]
  0x000001357e99d490 JavaThread "Cache worker for checksums cache (C:\Users\2076045\biography-app\android\.gradle\8.0.1\checksums)"        [_thread_blocked, id=24656, stack(0x0000002a14900000,0x0000002a14a00000) (1024K)]
  0x000001357e99f560 JavaThread "Cache worker for cache directory md-rule (C:\Users\2076045\.gradle\caches\8.0.1\md-rule)"        [_thread_blocked, id=19064, stack(0x0000002a14a00000,0x0000002a14b00000) (1024K)]
  0x000001357e99fbf0 JavaThread "Cache worker for file content cache (C:\Users\2076045\.gradle\caches\8.0.1\fileContent)"        [_thread_blocked, id=37104, stack(0x0000002a14b00000,0x0000002a14c00000) (1024K)]
  0x000001357e99db20 JavaThread "Cache worker for file hash cache (C:\Users\2076045\biography-app\android\.gradle\8.0.1\fileHashes)"        [_thread_blocked, id=30136, stack(0x0000002a14c00000,0x0000002a14d00000) (1024K)]
  0x000001357e99b3c0 JavaThread "Cache worker for cache directory md-supplier (C:\Users\2076045\.gradle\caches\8.0.1\md-supplier)"        [_thread_blocked, id=37984, stack(0x0000002a14e00000,0x0000002a14f00000) (1024K)]
  0x000001357e9a1cc0 JavaThread "Cache worker for execution history cache (C:\Users\2076045\.gradle\caches\8.0.1\executionHistory)"        [_thread_blocked, id=34240, stack(0x0000002a14d00000,0x0000002a14e00000) (1024K)]
  0x000001357e9a0280 JavaThread "jar transforms"                    [_thread_blocked, id=22116, stack(0x0000002a15100000,0x0000002a15200000) (1024K)]
  0x000001357e99e1b0 JavaThread "jar transforms Thread 2"           [_thread_blocked, id=42216, stack(0x0000002a11d00000,0x0000002a11e00000) (1024K)]
  0x000001357e99c770 JavaThread "jar transforms Thread 3"           [_thread_blocked, id=36128, stack(0x0000002a14f00000,0x0000002a15000000) (1024K)]
  0x000001357e9a2350 JavaThread "jar transforms Thread 4"           [_thread_blocked, id=39836, stack(0x0000002a15000000,0x0000002a15100000) (1024K)]
  0x000001357e99ce00 JavaThread "Cache worker for kotlin-dsl (C:\Users\2076045\.gradle\caches\8.0.1\kotlin-dsl)"        [_thread_blocked, id=21908, stack(0x0000002a11c00000,0x0000002a11d00000) (1024K)]
  0x000001357e9a0910 JavaThread "File lock release action executor Thread 2"        [_thread_blocked, id=23172, stack(0x0000002a11e00000,0x0000002a11f00000) (1024K)]
  0x000001357e99e840 JavaThread "jar transforms Thread 5"           [_thread_blocked, id=1724, stack(0x0000002a13e00000,0x0000002a13f00000) (1024K)]
  0x000001357e99eed0 JavaThread "jar transforms Thread 6"           [_thread_blocked, id=27088, stack(0x0000002a14200000,0x0000002a14300000) (1024K)]
  0x000001357f63b220 JavaThread "Cache worker for dependencies-accessors (C:\Users\2076045\biography-app\android\.gradle\8.0.1\dependencies-accessors)"        [_thread_blocked, id=24004, stack(0x0000002a15200000,0x0000002a15300000) (1024K)]
  0x000001357f63d980 JavaThread "Cache worker for Build Output Cleanup Cache (C:\Users\2076045\biography-app\node_modules\@react-native\gradle-plugin\.gradle\buildOutputCleanup)"        [_thread_blocked, id=38144, stack(0x0000002a15300000,0x0000002a15400000) (1024K)]
  0x00000135048978f0 JavaThread "jar transforms Thread 7"           [_thread_blocked, id=17504, stack(0x0000002a15400000,0x0000002a15500000) (1024K)]
  0x0000013504894470 JavaThread "Unconstrained build operations"        [_thread_blocked, id=13352, stack(0x0000002a15500000,0x0000002a15600000) (1024K)]
  0x0000013504893de0 JavaThread "Unconstrained build operations Thread 2"        [_thread_blocked, id=18184, stack(0x0000002a15600000,0x0000002a15700000) (1024K)]
  0x0000013504894b00 JavaThread "Unconstrained build operations Thread 3"        [_thread_blocked, id=14300, stack(0x0000002a15700000,0x0000002a15800000) (1024K)]
  0x00000135048930c0 JavaThread "Unconstrained build operations Thread 4"        [_thread_blocked, id=8960, stack(0x0000002a15800000,0x0000002a15900000) (1024K)]
  0x0000013504895820 JavaThread "Unconstrained build operations Thread 5"        [_thread_blocked, id=11828, stack(0x0000002a15900000,0x0000002a15a00000) (1024K)]
  0x0000013504895190 JavaThread "Unconstrained build operations Thread 6"        [_thread_blocked, id=26516, stack(0x0000002a15a00000,0x0000002a15b00000) (1024K)]
  0x0000013504898610 JavaThread "Unconstrained build operations Thread 7"        [_thread_blocked, id=18808, stack(0x0000002a15b00000,0x0000002a15c00000) (1024K)]
  0x0000013504898ca0 JavaThread "Unconstrained build operations Thread 8"        [_thread_blocked, id=12784, stack(0x0000002a15c00000,0x0000002a15d00000) (1024K)]
  0x000001350489a050 JavaThread "Unconstrained build operations Thread 9"        [_thread_blocked, id=14416, stack(0x0000002a15d00000,0x0000002a15e00000) (1024K)]
  0x0000013504899330 JavaThread "Unconstrained build operations Thread 10"        [_thread_blocked, id=12736, stack(0x0000002a15e00000,0x0000002a15f00000) (1024K)]
  0x0000013504895eb0 JavaThread "Unconstrained build operations Thread 11"        [_thread_blocked, id=12728, stack(0x0000002a15f00000,0x0000002a16000000) (1024K)]
  0x0000013504897f80 JavaThread "Unconstrained build operations Thread 12"        [_thread_blocked, id=9476, stack(0x0000002a16000000,0x0000002a16100000) (1024K)]
  0x0000013504896540 JavaThread "Unconstrained build operations Thread 13"        [_thread_blocked, id=12624, stack(0x0000002a16100000,0x0000002a16200000) (1024K)]
  0x0000013504896bd0 JavaThread "Unconstrained build operations Thread 14"        [_thread_blocked, id=29492, stack(0x0000002a16200000,0x0000002a16300000) (1024K)]
  0x00000135048999c0 JavaThread "Unconstrained build operations Thread 15"        [_thread_blocked, id=1452, stack(0x0000002a16300000,0x0000002a16400000) (1024K)]
  0x000001350489a6e0 JavaThread "Unconstrained build operations Thread 16"        [_thread_blocked, id=8372, stack(0x0000002a16400000,0x0000002a16500000) (1024K)]
  0x0000013504893750 JavaThread "Unconstrained build operations Thread 17"        [_thread_blocked, id=18904, stack(0x0000002a16500000,0x0000002a16600000) (1024K)]
  0x0000013504897260 JavaThread "Unconstrained build operations Thread 18"        [_thread_blocked, id=23392, stack(0x0000002a16600000,0x0000002a16700000) (1024K)]
  0x00000135065400d0 JavaThread "Unconstrained build operations Thread 19"        [_thread_blocked, id=26916, stack(0x0000002a16700000,0x0000002a16800000) (1024K)]
  0x000001350653e690 JavaThread "Unconstrained build operations Thread 20"        [_thread_blocked, id=10868, stack(0x0000002a16800000,0x0000002a16900000) (1024K)]
  0x0000013506542ec0 JavaThread "Unconstrained build operations Thread 21"        [_thread_blocked, id=20160, stack(0x0000002a16900000,0x0000002a16a00000) (1024K)]
  0x000001350653bf30 JavaThread "Unconstrained build operations Thread 22"        [_thread_blocked, id=14744, stack(0x0000002a16a00000,0x0000002a16b00000) (1024K)]
  0x0000013506540760 JavaThread "Unconstrained build operations Thread 23"        [_thread_blocked, id=15696, stack(0x0000002a16b00000,0x0000002a16c00000) (1024K)]
  0x00000135065421a0 JavaThread "Unconstrained build operations Thread 24"        [_thread_blocked, id=25308, stack(0x0000002a16c00000,0x0000002a16d00000) (1024K)]
  0x000001350653fa40 JavaThread "Unconstrained build operations Thread 25"        [_thread_blocked, id=16496, stack(0x0000002a16d00000,0x0000002a16e00000) (1024K)]
  0x0000013506540df0 JavaThread "Unconstrained build operations Thread 26"        [_thread_blocked, id=29176, stack(0x0000002a16e00000,0x0000002a16f00000) (1024K)]
  0x000001350653ed20 JavaThread "jar transforms Thread 8"           [_thread_blocked, id=22792, stack(0x0000002a16f00000,0x0000002a17000000) (1024K)]
Total: 69

Other Threads:
  0x0000013562d9b6d0 VMThread "VM Thread"                           [id=9056, stack(0x0000002a12600000,0x0000002a12700000) (1024K)]
  0x0000013562d84820 WatcherThread "VM Periodic Task Thread"        [id=30588, stack(0x0000002a12500000,0x0000002a12600000) (1024K)]
  0x00000135463ff630 WorkerThread "GC Thread#0"                     [id=13092, stack(0x0000002a12000000,0x0000002a12100000) (1024K)]
  0x000001357eab8170 WorkerThread "GC Thread#1"                     [id=14692, stack(0x0000002a13100000,0x0000002a13200000) (1024K)]
  0x000001357eab8510 WorkerThread "GC Thread#2"                     [id=36448, stack(0x0000002a13200000,0x0000002a13300000) (1024K)]
  0x000001357ea68e50 WorkerThread "GC Thread#3"                     [id=12940, stack(0x0000002a13300000,0x0000002a13400000) (1024K)]
  0x000001357ea691f0 WorkerThread "GC Thread#4"                     [id=34660, stack(0x0000002a13400000,0x0000002a13500000) (1024K)]
  0x000001357ed667d0 WorkerThread "GC Thread#5"                     [id=31180, stack(0x0000002a13500000,0x0000002a13600000) (1024K)]
  0x000001357fbc5070 WorkerThread "GC Thread#6"                     [id=26880, stack(0x0000002a14600000,0x0000002a14700000) (1024K)]
  0x000001357fbc5410 WorkerThread "GC Thread#7"                     [id=29556, stack(0x0000002a14700000,0x0000002a14800000) (1024K)]
  0x0000013546410610 ConcurrentGCThread "G1 Main Marker"            [id=28376, stack(0x0000002a12100000,0x0000002a12200000) (1024K)]
  0x0000013546411110 WorkerThread "G1 Conc#0"                       [id=30104, stack(0x0000002a12200000,0x0000002a12300000) (1024K)]
  0x000001357fbc6290 WorkerThread "G1 Conc#1"                       [id=43536, stack(0x0000002a14800000,0x0000002a14900000) (1024K)]
  0x0000013562c5b9d0 ConcurrentGCThread "G1 Refine#0"               [id=11948, stack(0x0000002a12300000,0x0000002a12400000) (1024K)]
  0x0000013562c5c350 ConcurrentGCThread "G1 Service"                [id=28184, stack(0x0000002a12400000,0x0000002a12500000) (1024K)]
Total: 15

Threads with active compile tasks:
C2 CompilerThread0   120788 5826       4       java.lang.invoke.MethodType::makeImpl (109 bytes)
Total: 1

VM state: not at safepoint (normal execution)

VM Mutex/Monitor currently owned by a thread: None

Heap address: 0x0000000080000000, size: 2048 MB, Compressed Oops mode: 32-bit

CDS archive(s) mapped at: [0x0000013563000000-0x0000013563c90000-0x0000013563c90000), size 13172736, SharedBaseAddress: 0x0000013563000000, ArchiveRelocationMode: 1.
Compressed class space mapped at: 0x0000013564000000-0x000001357e000000, reserved size: 436207616
Narrow klass base: 0x0000013563000000, Narrow klass shift: 0, Narrow klass range: 0x100000000

GC Precious Log:
 CardTable entry size: 512
 Card Set container configuration: InlinePtr #cards 5 size 8 Array Of Cards #cards 12 size 40 Howl #buckets 4 coarsen threshold 1843 Howl Bitmap #cards 512 size 80 coarsen threshold 460 Card regions per heap region 1 cards per card region 2048
 CPUs: 8 total, 8 available
 Memory: 16193M
 Large Page Support: Disabled
 NUMA Support: Disabled
 Compressed Oops: Enabled (32-bit)
 Heap Region Size: 1M
 Heap Min Capacity: 8M
 Heap Initial Capacity: 254M
 Heap Max Capacity: 2G
 Pre-touch: Disabled
 Parallel Workers: 8
 Concurrent Workers: 2
 Concurrent Refinement Workers: 8
 Periodic GC: Disabled

Heap:
 garbage-first heap   total 92160K, used 53624K [0x0000000080000000, 0x0000000100000000)
  region size 1024K, 20 young (20480K), 6 survivors (6144K)
 Metaspace       used 45807K, committed 47424K, reserved 491520K
  class space    used 6476K, committed 7296K, reserved 425984K

Heap Regions: E=young(eden), S=young(survivor), O=old, HS=humongous(starts), HC=humongous(continues), CS=collection set, F=free, TAMS=top-at-mark-start, PB=parsable bottom
|   0|0x0000000080000000, 0x0000000080100000, 0x0000000080100000|100%|HS|  |TAMS 0x0000000080000000| PB 0x0000000080000000| Complete 
|   1|0x0000000080100000, 0x0000000080200000, 0x0000000080200000|100%|HC|  |TAMS 0x0000000080100000| PB 0x0000000080100000| Complete 
|   2|0x0000000080200000, 0x0000000080300000, 0x0000000080300000|100%|HC|  |TAMS 0x0000000080200000| PB 0x0000000080200000| Complete 
|   3|0x0000000080300000, 0x0000000080400000, 0x0000000080400000|100%|HC|  |TAMS 0x0000000080300000| PB 0x0000000080300000| Complete 
|   4|0x0000000080400000, 0x0000000080500000, 0x0000000080500000|100%| O|  |TAMS 0x0000000080400000| PB 0x0000000080400000| Untracked 
|   5|0x0000000080500000, 0x0000000080600000, 0x0000000080600000|100%| O|  |TAMS 0x0000000080500000| PB 0x0000000080500000| Untracked 
|   6|0x0000000080600000, 0x0000000080700000, 0x0000000080700000|100%| O|  |TAMS 0x0000000080600000| PB 0x0000000080600000| Untracked 
|   7|0x0000000080700000, 0x0000000080800000, 0x0000000080800000|100%| O|  |TAMS 0x0000000080700000| PB 0x0000000080700000| Untracked 
|   8|0x0000000080800000, 0x0000000080900000, 0x0000000080900000|100%| O|  |TAMS 0x0000000080800000| PB 0x0000000080800000| Untracked 
|   9|0x0000000080900000, 0x0000000080a00000, 0x0000000080a00000|100%| O|  |TAMS 0x0000000080900000| PB 0x0000000080900000| Untracked 
|  10|0x0000000080a00000, 0x0000000080b00000, 0x0000000080b00000|100%| O|  |TAMS 0x0000000080a00000| PB 0x0000000080a00000| Untracked 
|  11|0x0000000080b00000, 0x0000000080c00000, 0x0000000080c00000|100%| O|  |TAMS 0x0000000080b00000| PB 0x0000000080b00000| Untracked 
|  12|0x0000000080c00000, 0x0000000080d00000, 0x0000000080d00000|100%| O|  |TAMS 0x0000000080c00000| PB 0x0000000080c00000| Untracked 
|  13|0x0000000080d00000, 0x0000000080e00000, 0x0000000080e00000|100%| O|  |TAMS 0x0000000080d00000| PB 0x0000000080d00000| Untracked 
|  14|0x0000000080e00000, 0x0000000080f00000, 0x0000000080f00000|100%| O|  |TAMS 0x0000000080e00000| PB 0x0000000080e00000| Untracked 
|  15|0x0000000080f00000, 0x0000000081000000, 0x0000000081000000|100%| O|  |TAMS 0x0000000080f00000| PB 0x0000000080f00000| Untracked 
|  16|0x0000000081000000, 0x0000000081100000, 0x0000000081100000|100%| O|  |TAMS 0x0000000081000000| PB 0x0000000081000000| Untracked 
|  17|0x0000000081100000, 0x0000000081200000, 0x0000000081200000|100%| O|  |TAMS 0x0000000081100000| PB 0x0000000081100000| Untracked 
|  18|0x0000000081200000, 0x0000000081300000, 0x0000000081300000|100%| O|  |TAMS 0x0000000081200000| PB 0x0000000081200000| Untracked 
|  19|0x0000000081300000, 0x0000000081400000, 0x0000000081400000|100%| O|  |TAMS 0x0000000081300000| PB 0x0000000081300000| Untracked 
|  20|0x0000000081400000, 0x0000000081500000, 0x0000000081500000|100%| O|  |TAMS 0x0000000081400000| PB 0x0000000081400000| Untracked 
|  21|0x0000000081500000, 0x0000000081600000, 0x0000000081600000|100%| O|  |TAMS 0x0000000081500000| PB 0x0000000081500000| Untracked 
|  22|0x0000000081600000, 0x0000000081600000, 0x0000000081700000|  0%| F|  |TAMS 0x0000000081600000| PB 0x0000000081600000| Untracked 
|  23|0x0000000081700000, 0x0000000081800000, 0x0000000081800000|100%| O|  |TAMS 0x0000000081700000| PB 0x0000000081700000| Untracked 
|  24|0x0000000081800000, 0x0000000081900000, 0x0000000081900000|100%| O|  |TAMS 0x0000000081800000| PB 0x0000000081800000| Untracked 
|  25|0x0000000081900000, 0x0000000081a00000, 0x0000000081a00000|100%| O|  |TAMS 0x0000000081900000| PB 0x0000000081900000| Untracked 
|  26|0x0000000081a00000, 0x0000000081a11060, 0x0000000081b00000|  6%| O|  |TAMS 0x0000000081a00000| PB 0x0000000081a00000| Untracked 
|  27|0x0000000081b00000, 0x0000000081c00000, 0x0000000081c00000|100%| O|  |TAMS 0x0000000081b00000| PB 0x0000000081b00000| Untracked 
|  28|0x0000000081c00000, 0x0000000081d00000, 0x0000000081d00000|100%| O|  |TAMS 0x0000000081c00000| PB 0x0000000081c00000| Untracked 
|  29|0x0000000081d00000, 0x0000000081e00000, 0x0000000081e00000|100%| O|  |TAMS 0x0000000081d00000| PB 0x0000000081d00000| Untracked 
|  30|0x0000000081e00000, 0x0000000081f00000, 0x0000000081f00000|100%| O|  |TAMS 0x0000000081e00000| PB 0x0000000081e00000| Untracked 
|  31|0x0000000081f00000, 0x0000000082000000, 0x0000000082000000|100%| O|  |TAMS 0x0000000081f00000| PB 0x0000000081f00000| Untracked 
|  32|0x0000000082000000, 0x0000000082100000, 0x0000000082100000|100%| O|  |TAMS 0x0000000082000000| PB 0x0000000082000000| Untracked 
|  33|0x0000000082100000, 0x0000000082200000, 0x0000000082200000|100%| O|  |TAMS 0x0000000082100000| PB 0x0000000082100000| Untracked 
|  34|0x0000000082200000, 0x0000000082300000, 0x0000000082300000|100%|HS|  |TAMS 0x0000000082200000| PB 0x0000000082200000| Complete 
|  35|0x0000000082300000, 0x0000000082400000, 0x0000000082400000|100%|HC|  |TAMS 0x0000000082300000| PB 0x0000000082300000| Complete 
|  36|0x0000000082400000, 0x0000000082400000, 0x0000000082500000|  0%| F|  |TAMS 0x0000000082400000| PB 0x0000000082400000| Untracked 
|  37|0x0000000082500000, 0x000000008254d138, 0x0000000082600000| 30%| S|CS|TAMS 0x0000000082500000| PB 0x0000000082500000| Complete 
|  38|0x0000000082600000, 0x0000000082700000, 0x0000000082700000|100%| S|CS|TAMS 0x0000000082600000| PB 0x0000000082600000| Complete 
|  39|0x0000000082700000, 0x0000000082700000, 0x0000000082800000|  0%| F|  |TAMS 0x0000000082700000| PB 0x0000000082700000| Untracked 
|  40|0x0000000082800000, 0x0000000082800000, 0x0000000082900000|  0%| F|  |TAMS 0x0000000082800000| PB 0x0000000082800000| Untracked 
|  41|0x0000000082900000, 0x0000000082900000, 0x0000000082a00000|  0%| F|  |TAMS 0x0000000082900000| PB 0x0000000082900000| Untracked 
|  42|0x0000000082a00000, 0x0000000082a00000, 0x0000000082b00000|  0%| F|  |TAMS 0x0000000082a00000| PB 0x0000000082a00000| Untracked 
|  43|0x0000000082b00000, 0x0000000082b00000, 0x0000000082c00000|  0%| F|  |TAMS 0x0000000082b00000| PB 0x0000000082b00000| Untracked 
|  44|0x0000000082c00000, 0x0000000082d00000, 0x0000000082d00000|100%| S|CS|TAMS 0x0000000082c00000| PB 0x0000000082c00000| Complete 
|  45|0x0000000082d00000, 0x0000000082e00000, 0x0000000082e00000|100%| S|CS|TAMS 0x0000000082d00000| PB 0x0000000082d00000| Complete 
|  46|0x0000000082e00000, 0x0000000082f00000, 0x0000000082f00000|100%| S|CS|TAMS 0x0000000082e00000| PB 0x0000000082e00000| Complete 
|  47|0x0000000082f00000, 0x0000000083000000, 0x0000000083000000|100%| S|CS|TAMS 0x0000000082f00000| PB 0x0000000082f00000| Complete 
|  48|0x0000000083000000, 0x0000000083000000, 0x0000000083100000|  0%| F|  |TAMS 0x0000000083000000| PB 0x0000000083000000| Untracked 
|  49|0x0000000083100000, 0x0000000083100000, 0x0000000083200000|  0%| F|  |TAMS 0x0000000083100000| PB 0x0000000083100000| Untracked 
|  50|0x0000000083200000, 0x0000000083200000, 0x0000000083300000|  0%| F|  |TAMS 0x0000000083200000| PB 0x0000000083200000| Untracked 
|  51|0x0000000083300000, 0x0000000083300000, 0x0000000083400000|  0%| F|  |TAMS 0x0000000083300000| PB 0x0000000083300000| Untracked 
|  52|0x0000000083400000, 0x0000000083400000, 0x0000000083500000|  0%| F|  |TAMS 0x0000000083400000| PB 0x0000000083400000| Untracked 
|  53|0x0000000083500000, 0x0000000083500000, 0x0000000083600000|  0%| F|  |TAMS 0x0000000083500000| PB 0x0000000083500000| Untracked 
|  54|0x0000000083600000, 0x0000000083600000, 0x0000000083700000|  0%| F|  |TAMS 0x0000000083600000| PB 0x0000000083600000| Untracked 
|  55|0x0000000083700000, 0x0000000083700000, 0x0000000083800000|  0%| F|  |TAMS 0x0000000083700000| PB 0x0000000083700000| Untracked 
|  56|0x0000000083800000, 0x0000000083800000, 0x0000000083900000|  0%| F|  |TAMS 0x0000000083800000| PB 0x0000000083800000| Untracked 
|  57|0x0000000083900000, 0x0000000083900000, 0x0000000083a00000|  0%| F|  |TAMS 0x0000000083900000| PB 0x0000000083900000| Untracked 
|  58|0x0000000083a00000, 0x0000000083a00000, 0x0000000083b00000|  0%| F|  |TAMS 0x0000000083a00000| PB 0x0000000083a00000| Untracked 
|  59|0x0000000083b00000, 0x0000000083b00000, 0x0000000083c00000|  0%| F|  |TAMS 0x0000000083b00000| PB 0x0000000083b00000| Untracked 
|  60|0x0000000083c00000, 0x0000000083c00000, 0x0000000083d00000|  0%| F|  |TAMS 0x0000000083c00000| PB 0x0000000083c00000| Untracked 
|  61|0x0000000083d00000, 0x0000000083d00000, 0x0000000083e00000|  0%| F|  |TAMS 0x0000000083d00000| PB 0x0000000083d00000| Untracked 
|  62|0x0000000083e00000, 0x0000000083e00000, 0x0000000083f00000|  0%| F|  |TAMS 0x0000000083e00000| PB 0x0000000083e00000| Untracked 
|  63|0x0000000083f00000, 0x0000000083f00000, 0x0000000084000000|  0%| F|  |TAMS 0x0000000083f00000| PB 0x0000000083f00000| Untracked 
|  64|0x0000000084000000, 0x0000000084000000, 0x0000000084100000|  0%| F|  |TAMS 0x0000000084000000| PB 0x0000000084000000| Untracked 
|  65|0x0000000084100000, 0x0000000084100000, 0x0000000084200000|  0%| F|  |TAMS 0x0000000084100000| PB 0x0000000084100000| Untracked 
|  66|0x0000000084200000, 0x0000000084200000, 0x0000000084300000|  0%| F|  |TAMS 0x0000000084200000| PB 0x0000000084200000| Untracked 
|  67|0x0000000084300000, 0x0000000084300000, 0x0000000084400000|  0%| F|  |TAMS 0x0000000084300000| PB 0x0000000084300000| Untracked 
|  68|0x0000000084400000, 0x0000000084400000, 0x0000000084500000|  0%| F|  |TAMS 0x0000000084400000| PB 0x0000000084400000| Untracked 
|  69|0x0000000084500000, 0x0000000084500000, 0x0000000084600000|  0%| F|  |TAMS 0x0000000084500000| PB 0x0000000084500000| Untracked 
|  70|0x0000000084600000, 0x0000000084600000, 0x0000000084700000|  0%| F|  |TAMS 0x0000000084600000| PB 0x0000000084600000| Untracked 
|  71|0x0000000084700000, 0x0000000084700000, 0x0000000084800000|  0%| F|  |TAMS 0x0000000084700000| PB 0x0000000084700000| Untracked 
|  72|0x0000000084800000, 0x0000000084800000, 0x0000000084900000|  0%| F|  |TAMS 0x0000000084800000| PB 0x0000000084800000| Untracked 
|  73|0x0000000084900000, 0x0000000084900000, 0x0000000084a00000|  0%| F|  |TAMS 0x0000000084900000| PB 0x0000000084900000| Untracked 
| 151|0x0000000089700000, 0x0000000089700000, 0x0000000089800000|  0%| F|  |TAMS 0x0000000089700000| PB 0x0000000089700000| Untracked 
| 152|0x0000000089800000, 0x0000000089800000, 0x0000000089900000|  0%| F|  |TAMS 0x0000000089800000| PB 0x0000000089800000| Untracked 
| 153|0x0000000089900000, 0x0000000089980800, 0x0000000089a00000| 50%| E|  |TAMS 0x0000000089900000| PB 0x0000000089900000| Complete 
| 154|0x0000000089a00000, 0x0000000089b00000, 0x0000000089b00000|100%| E|CS|TAMS 0x0000000089a00000| PB 0x0000000089a00000| Complete 
| 155|0x0000000089b00000, 0x0000000089c00000, 0x0000000089c00000|100%| E|CS|TAMS 0x0000000089b00000| PB 0x0000000089b00000| Complete 
| 156|0x0000000089c00000, 0x0000000089d00000, 0x0000000089d00000|100%| E|CS|TAMS 0x0000000089c00000| PB 0x0000000089c00000| Complete 
| 157|0x0000000089d00000, 0x0000000089e00000, 0x0000000089e00000|100%| E|CS|TAMS 0x0000000089d00000| PB 0x0000000089d00000| Complete 
| 158|0x0000000089e00000, 0x0000000089f00000, 0x0000000089f00000|100%| E|CS|TAMS 0x0000000089e00000| PB 0x0000000089e00000| Complete 
| 159|0x0000000089f00000, 0x000000008a000000, 0x000000008a000000|100%| E|CS|TAMS 0x0000000089f00000| PB 0x0000000089f00000| Complete 
| 160|0x000000008a000000, 0x000000008a100000, 0x000000008a100000|100%| E|CS|TAMS 0x000000008a000000| PB 0x000000008a000000| Complete 
| 161|0x000000008a100000, 0x000000008a200000, 0x000000008a200000|100%| E|CS|TAMS 0x000000008a100000| PB 0x000000008a100000| Complete 
| 162|0x000000008a200000, 0x000000008a300000, 0x000000008a300000|100%| E|CS|TAMS 0x000000008a200000| PB 0x000000008a200000| Complete 
| 163|0x000000008a300000, 0x000000008a400000, 0x000000008a400000|100%| E|CS|TAMS 0x000000008a300000| PB 0x000000008a300000| Complete 
| 251|0x000000008fb00000, 0x000000008fc00000, 0x000000008fc00000|100%| E|CS|TAMS 0x000000008fb00000| PB 0x000000008fb00000| Complete 
| 252|0x000000008fc00000, 0x000000008fd00000, 0x000000008fd00000|100%| E|CS|TAMS 0x000000008fc00000| PB 0x000000008fc00000| Complete 
| 253|0x000000008fd00000, 0x000000008fe00000, 0x000000008fe00000|100%| E|CS|TAMS 0x000000008fd00000| PB 0x000000008fd00000| Complete 

Card table byte_map: [0x000001355df30000,0x000001355e330000] _byte_map_base: 0x000001355db30000

Marking Bits: (CMBitMap*) 0x00000135463ffd30
 Bits: [0x000001355e330000, 0x0000013560330000)

Polling page: 0x0000013544330000

Metaspace:

Usage:
  Non-class:     38.41 MB used.
      Class:      6.32 MB used.
       Both:     44.73 MB used.

Virtual space:
  Non-class space:       64.00 MB reserved,      39.19 MB ( 61%) committed,  1 nodes.
      Class space:      416.00 MB reserved,       7.12 MB (  2%) committed,  1 nodes.
             Both:      480.00 MB reserved,      46.31 MB ( 10%) committed. 

Chunk freelists:
   Non-Class:  7.94 MB
       Class:  8.72 MB
        Both:  16.66 MB

MaxMetaspaceSize: 512.00 MB
CompressedClassSpaceSize: 416.00 MB
Initial GC threshold: 21.00 MB
Current GC threshold: 59.19 MB
CDS: on
 - commit_granule_bytes: 65536.
 - commit_granule_words: 8192.
 - virtual_space_node_default_size: 8388608.
 - enlarge_chunks_in_place: 1.
 - use_allocation_guard: 0.


Internal statistics:

num_allocs_failed_limit: 6.
num_arena_births: 2766.
num_arena_deaths: 0.
num_vsnodes_births: 2.
num_vsnodes_deaths: 0.
num_space_committed: 741.
num_space_uncommitted: 0.
num_chunks_returned_to_freelist: 6.
num_chunks_taken_from_freelist: 4808.
num_chunk_merges: 6.
num_chunk_splits: 3173.
num_chunks_enlarged: 1986.
num_inconsistent_stats: 0.

CodeHeap 'non-profiled nmethods': size=120000Kb used=3043Kb max_used=3043Kb free=116956Kb
 bounds [0x00000135562d0000, 0x00000135565d0000, 0x000001355d800000]
CodeHeap 'profiled nmethods': size=120000Kb used=10510Kb max_used=10510Kb free=109490Kb
 bounds [0x000001354e800000, 0x000001354f250000, 0x0000013555d30000]
CodeHeap 'non-nmethods': size=5760Kb used=2729Kb max_used=2753Kb free=3030Kb
 bounds [0x0000013555d30000, 0x0000013555ff0000, 0x00000135562d0000]
 total_blobs=6291 nmethods=5429 adapters=765
 compilation: enabled
              stopped_count=0, restarted_count=0
 full_count=0

Compilation events (20 events):
Event: 120.603 Thread 0x000001357e01d5a0 nmethod 5872 0x000001354f230a90 code [0x000001354f230ca0, 0x000001354f2314b0]
Event: 120.603 Thread 0x000001357e01d5a0 5873       3       org.gradle.internal.hash.Hashing$MessageDigestHasher::hash (21 bytes)
Event: 120.603 Thread 0x000001357e01d5a0 nmethod 5873 0x000001354f231690 code [0x000001354f231880, 0x000001354f231e20]
Event: 120.603 Thread 0x000001357e01d5a0 5874       3       com.google.common.cache.LocalCache$LoadingValueReference::<init> (6 bytes)
Event: 120.604 Thread 0x000001357e01d5a0 nmethod 5874 0x000001354f232010 code [0x000001354f232240, 0x000001354f232a88]
Event: 120.604 Thread 0x000001357e01d5a0 5875       3       com.google.common.util.concurrent.AbstractFuture::releaseWaiters (30 bytes)
Event: 120.605 Thread 0x000001357e01d5a0 nmethod 5875 0x000001354f232d10 code [0x000001354f232f20, 0x000001354f233500]
Event: 120.605 Thread 0x000001357e01d5a0 5876       3       com.google.common.util.concurrent.AbstractFuture$UnsafeAtomicHelper::gasWaiters (15 bytes)
Event: 120.605 Thread 0x000001357e01d5a0 nmethod 5876 0x000001354f233710 code [0x000001354f2338c0, 0x000001354f233c40]
Event: 120.605 Thread 0x000001357e01d5a0 5877       3       com.google.common.util.concurrent.AbstractFuture::afterDone (1 bytes)
Event: 120.605 Thread 0x000001357e01d5a0 nmethod 5877 0x000001354f233d10 code [0x000001354f233ea0, 0x000001354f233fb0]
Event: 120.605 Thread 0x000001357e01d5a0 5878       3       org.gradle.internal.hash.Hashing$MessageDigestHasher::<init> (25 bytes)
Event: 120.606 Thread 0x000001357e01d5a0 nmethod 5878 0x000001354f234090 code [0x000001354f234260, 0x000001354f234518]
Event: 120.606 Thread 0x000001357e01d5a0 5879   !   3       java.util.concurrent.locks.LockSupport::park (47 bytes)
Event: 120.606 Thread 0x000001357e01d5a0 nmethod 5879 0x000001354f234690 code [0x000001354f234880, 0x000001354f234c90]
Event: 120.608 Thread 0x000001357e01d5a0 5880       3       java.util.concurrent.FutureTask::<init> (27 bytes)
Event: 120.608 Thread 0x000001357e01d5a0 nmethod 5880 0x000001354f234e10 code [0x000001354f234fe0, 0x000001354f2352b8]
Event: 120.609 Thread 0x000001357e01d5a0 5881       3       java.util.concurrent.FutureTask::finishCompletion (71 bytes)
Event: 120.610 Thread 0x000001357e01d5a0 nmethod 5881 0x000001354f235390 code [0x000001354f235680, 0x000001354f236730]
Event: 120.610 Thread 0x000001357e01d5a0 5882   !   3       java.util.concurrent.FutureTask::run (123 bytes)

GC Heap History (16 events):
Event: 8.654 GC heap before
{Heap before GC invocations=0 (full 0):
 garbage-first heap   total 260096K, used 26624K [0x0000000080000000, 0x0000000100000000)
  region size 1024K, 23 young (23552K), 0 survivors (0K)
 Metaspace       used 3156K, committed 3328K, reserved 491520K
  class space    used 394K, committed 448K, reserved 425984K
}
Event: 9.058 GC heap after
{Heap after GC invocations=1 (full 0):
 garbage-first heap   total 260096K, used 10154K [0x0000000080000000, 0x0000000100000000)
  region size 1024K, 3 young (3072K), 3 survivors (3072K)
 Metaspace       used 3156K, committed 3328K, reserved 491520K
  class space    used 394K, committed 448K, reserved 425984K
}
Event: 12.523 GC heap before
{Heap before GC invocations=1 (full 0):
 garbage-first heap   total 260096K, used 38826K [0x0000000080000000, 0x0000000100000000)
  region size 1024K, 31 young (31744K), 3 survivors (3072K)
 Metaspace       used 4073K, committed 4224K, reserved 491520K
  class space    used 489K, committed 576K, reserved 425984K
}
Event: 12.531 GC heap after
{Heap after GC invocations=2 (full 0):
 garbage-first heap   total 260096K, used 15041K [0x0000000080000000, 0x0000000100000000)
  region size 1024K, 4 young (4096K), 4 survivors (4096K)
 Metaspace       used 4073K, committed 4224K, reserved 491520K
  class space    used 489K, committed 576K, reserved 425984K
}
Event: 23.214 GC heap before
{Heap before GC invocations=2 (full 0):
 garbage-first heap   total 260096K, used 102081K [0x0000000080000000, 0x0000000100000000)
  region size 1024K, 90 young (92160K), 4 survivors (4096K)
 Metaspace       used 20811K, committed 21504K, reserved 491520K
  class space    used 3046K, committed 3392K, reserved 425984K
}
Event: 23.247 GC heap after
{Heap after GC invocations=3 (full 0):
 garbage-first heap   total 260096K, used 23262K [0x0000000080000000, 0x0000000100000000)
  region size 1024K, 13 young (13312K), 13 survivors (13312K)
 Metaspace       used 20811K, committed 21504K, reserved 491520K
  class space    used 3046K, committed 3392K, reserved 425984K
}
Event: 27.199 GC heap before
{Heap before GC invocations=4 (full 0):
 garbage-first heap   total 92160K, used 65246K [0x0000000080000000, 0x0000000100000000)
  region size 1024K, 54 young (55296K), 13 survivors (13312K)
 Metaspace       used 26576K, committed 27712K, reserved 491520K
  class space    used 4011K, committed 4544K, reserved 425984K
}
Event: 27.212 GC heap after
{Heap after GC invocations=5 (full 0):
 garbage-first heap   total 92160K, used 26355K [0x0000000080000000, 0x0000000100000000)
  region size 1024K, 3 young (3072K), 3 survivors (3072K)
 Metaspace       used 26576K, committed 27712K, reserved 491520K
  class space    used 4011K, committed 4544K, reserved 425984K
}
Event: 30.562 GC heap before
{Heap before GC invocations=5 (full 0):
 garbage-first heap   total 92160K, used 72435K [0x0000000080000000, 0x0000000100000000)
  region size 1024K, 49 young (50176K), 3 survivors (3072K)
 Metaspace       used 33081K, committed 34304K, reserved 491520K
  class space    used 4709K, committed 5312K, reserved 425984K
}
Event: 30.568 GC heap after
{Heap after GC invocations=6 (full 0):
 garbage-first heap   total 92160K, used 31509K [0x0000000080000000, 0x0000000100000000)
  region size 1024K, 7 young (7168K), 7 survivors (7168K)
 Metaspace       used 33081K, committed 34304K, reserved 491520K
  class space    used 4709K, committed 5312K, reserved 425984K
}
Event: 103.495 GC heap before
{Heap before GC invocations=6 (full 0):
 garbage-first heap   total 92160K, used 55061K [0x0000000080000000, 0x0000000100000000)
  region size 1024K, 28 young (28672K), 7 survivors (7168K)
 Metaspace       used 35065K, committed 36288K, reserved 491520K
  class space    used 4893K, committed 5504K, reserved 425984K
}
Event: 103.505 GC heap after
{Heap after GC invocations=7 (full 0):
 garbage-first heap   total 92160K, used 33647K [0x0000000080000000, 0x0000000100000000)
  region size 1024K, 3 young (3072K), 3 survivors (3072K)
 Metaspace       used 35065K, committed 36288K, reserved 491520K
  class space    used 4893K, committed 5504K, reserved 425984K
}
Event: 110.407 GC heap before
{Heap before GC invocations=8 (full 0):
 garbage-first heap   total 92160K, used 77679K [0x0000000080000000, 0x0000000100000000)
  region size 1024K, 46 young (47104K), 3 survivors (3072K)
 Metaspace       used 39517K, committed 41024K, reserved 491520K
  class space    used 5524K, committed 6272K, reserved 425984K
}
Event: 110.412 GC heap after
{Heap after GC invocations=9 (full 0):
 garbage-first heap   total 92160K, used 36284K [0x0000000080000000, 0x0000000100000000)
  region size 1024K, 5 young (5120K), 5 survivors (5120K)
 Metaspace       used 39517K, committed 41024K, reserved 491520K
  class space    used 5524K, committed 6272K, reserved 425984K
}
Event: 119.293 GC heap before
{Heap before GC invocations=9 (full 0):
 garbage-first heap   total 92160K, used 79292K [0x0000000080000000, 0x0000000100000000)
  region size 1024K, 47 young (48128K), 5 survivors (5120K)
 Metaspace       used 44991K, committed 46592K, reserved 491520K
  class space    used 6363K, committed 7168K, reserved 425984K
}
Event: 119.301 GC heap after
{Heap after GC invocations=10 (full 0):
 garbage-first heap   total 92160K, used 38264K [0x0000000080000000, 0x0000000100000000)
  region size 1024K, 6 young (6144K), 6 survivors (6144K)
 Metaspace       used 44991K, committed 46592K, reserved 491520K
  class space    used 6363K, committed 7168K, reserved 425984K
}

Dll operation events (13 events):
Event: 0.411 Loaded shared library C:\Program Files\Java\jdk-21\bin\java.dll
Event: 2.019 Loaded shared library C:\Program Files\Java\jdk-21\bin\jsvml.dll
Event: 2.387 Loaded shared library C:\Program Files\Java\jdk-21\bin\net.dll
Event: 2.860 Loaded shared library C:\Program Files\Java\jdk-21\bin\nio.dll
Event: 2.877 Loaded shared library C:\Program Files\Java\jdk-21\bin\zip.dll
Event: 5.617 Loaded shared library C:\Program Files\Java\jdk-21\bin\jimage.dll
Event: 6.448 Loaded shared library C:\Program Files\Java\jdk-21\bin\verify.dll
Event: 7.158 Loaded shared library C:\Users\2076045\.gradle\native\68d5fa5c4cc2d200863cafc0d521ce42e7d3e7ee720ec0a83991735586a16f82\windows-amd64\native-platform.dll
Event: 7.190 Loaded shared library C:\Users\2076045\.gradle\native\e376f236ea51e6404a007f0833ffe2c6e607c4080706a723a18a27aeea778392\windows-amd64\native-platform-file-events.dll
Event: 13.614 Loaded shared library C:\Program Files\Java\jdk-21\bin\management.dll
Event: 13.621 Loaded shared library C:\Program Files\Java\jdk-21\bin\management_ext.dll
Event: 14.577 Loaded shared library C:\Program Files\Java\jdk-21\bin\extnet.dll
Event: 15.017 Loaded shared library C:\Program Files\Java\jdk-21\bin\sunmscapi.dll

Deoptimization events (20 events):
Event: 120.229 Thread 0x0000013504894b00 DEOPT PACKING pc=0x00000135564b3600 sp=0x0000002a157fe360
Event: 120.229 Thread 0x0000013504894b00 DEOPT UNPACKING pc=0x0000013555d846a2 sp=0x0000002a157fe328 mode 2
Event: 120.229 Thread 0x0000013504894b00 Uncommon trap: trap_request=0xffffff54 fr.pc=0x00000135563fcfa4 relative=0x00000000000043c4
Event: 120.229 Thread 0x0000013504894b00 Uncommon trap: reason=speculate_null_assert action=make_not_entrant pc=0x00000135563fcfa4 method=java.lang.invoke.MethodType$ConcurrentWeakInternSet.add(Ljava/lang/Object;)Ljava/lang/Object; @ 47 c2
Event: 120.229 Thread 0x0000013504894b00 DEOPT PACKING pc=0x00000135563fcfa4 sp=0x0000002a157fe550
Event: 120.229 Thread 0x0000013504894b00 DEOPT UNPACKING pc=0x0000013555d846a2 sp=0x0000002a157fe4f8 mode 2
Event: 120.305 Thread 0x0000013504898ca0 Uncommon trap: trap_request=0xffffff45 fr.pc=0x00000135563d5a20 relative=0x0000000000000c20
Event: 120.305 Thread 0x0000013504898ca0 Uncommon trap: reason=unstable_if action=reinterpret pc=0x00000135563d5a20 method=java.util.concurrent.ConcurrentHashMap.addCount(JI)V @ 34 c2
Event: 120.305 Thread 0x0000013504898ca0 DEOPT PACKING pc=0x00000135563d5a20 sp=0x0000002a15cfeca0
Event: 120.305 Thread 0x0000013504898ca0 DEOPT UNPACKING pc=0x0000013555d846a2 sp=0x0000002a15cfeb60 mode 2
Event: 120.305 Thread 0x0000013504895820 Uncommon trap: trap_request=0xffffff45 fr.pc=0x0000013556381f14 relative=0x0000000000000154
Event: 120.305 Thread 0x0000013504895820 Uncommon trap: reason=unstable_if action=reinterpret pc=0x0000013556381f14 method=java.util.concurrent.ConcurrentHashMap.addCount(JI)V @ 7 c2
Event: 120.305 Thread 0x0000013504895820 DEOPT PACKING pc=0x0000013556381f14 sp=0x0000002a159febf0
Event: 120.305 Thread 0x0000013504895820 DEOPT UNPACKING pc=0x0000013555d846a2 sp=0x0000002a159feb50 mode 2
Event: 120.319 Thread 0x0000013504894470 DEOPT PACKING pc=0x000001354ec91df6 sp=0x0000002a155fd8e0
Event: 120.319 Thread 0x0000013504894470 DEOPT UNPACKING pc=0x0000013555d84e42 sp=0x0000002a155fce60 mode 0
Event: 120.378 Thread 0x000001357f632310 Uncommon trap: trap_request=0xffffff45 fr.pc=0x000001355634b8fc relative=0x000000000000027c
Event: 120.378 Thread 0x000001357f632310 Uncommon trap: reason=unstable_if action=reinterpret pc=0x000001355634b8fc method=org.gradle.internal.snapshot.PathUtil.equalChars(CCLorg/gradle/internal/snapshot/CaseSensitivity;)Z @ 11 c2
Event: 120.378 Thread 0x000001357f632310 DEOPT PACKING pc=0x000001355634b8fc sp=0x0000002a13cf6cf0
Event: 120.379 Thread 0x000001357f632310 DEOPT UNPACKING pc=0x0000013555d846a2 sp=0x0000002a13cf6c90 mode 2

Classes loaded (20 events):
Event: 110.135 Loading class java/util/concurrent/atomic/AtomicReferenceFieldUpdater
Event: 110.136 Loading class java/util/concurrent/atomic/AtomicReferenceFieldUpdater done
Event: 110.136 Loading class java/util/concurrent/atomic/AtomicReferenceFieldUpdater$AtomicReferenceFieldUpdaterImpl
Event: 110.136 Loading class java/util/concurrent/atomic/AtomicReferenceFieldUpdater$AtomicReferenceFieldUpdaterImpl done
Event: 110.136 Loading class java/util/concurrent/atomic/AtomicReferenceFieldUpdater$AtomicReferenceFieldUpdaterImpl$1
Event: 110.136 Loading class java/util/concurrent/atomic/AtomicReferenceFieldUpdater$AtomicReferenceFieldUpdaterImpl$1 done
Event: 114.750 Loading class java/nio/file/AtomicMoveNotSupportedException
Event: 114.750 Loading class java/nio/file/AtomicMoveNotSupportedException done
Event: 114.775 Loading class java/io/FileWriter
Event: 114.775 Loading class java/io/FileWriter done
Event: 115.721 Loading class java/util/DualPivotQuicksort
Event: 115.722 Loading class java/util/DualPivotQuicksort done
Event: 116.076 Loading class java/lang/StringIndexOutOfBoundsException
Event: 116.076 Loading class java/lang/StringIndexOutOfBoundsException done
Event: 117.346 Loading class java/io/DeleteOnExitHook
Event: 117.346 Loading class java/io/DeleteOnExitHook done
Event: 117.346 Loading class java/io/DeleteOnExitHook$1
Event: 117.346 Loading class java/io/DeleteOnExitHook$1 done
Event: 119.472 Loading class java/util/Collections$2
Event: 119.472 Loading class java/util/Collections$2 done

Classes unloaded (0 events):
No events

Classes redefined (0 events):
No events

Internal exceptions (20 events):
Event: 104.708 Thread 0x000001357f632310 Exception <a 'java/lang/NoSuchMethodError'{0x0000000089dfecd0}: 'java.lang.Object java.lang.invoke.Invokers$Holder.invoker(java.lang.Object, java.lang.Object, java.lang.Object, java.lang.Object, java.lang.Object, java.lang.Object, java.lang.Object, java.lang.Object, java.lang.Object)'> (0x0000000089dfecd0) 
thrown [s\open\src\hotspot\share\interpreter\linkResolver.cpp, line 773]
Event: 104.994 Thread 0x000001357f632310 Exception <a 'java/lang/NoSuchMethodError'{0x0000000089b270a8}: 'java.lang.Object java.lang.invoke.Invokers$Holder.invoker(java.lang.Object, java.lang.Object, java.lang.Object, java.lang.Object, java.lang.Object, java.lang.Object, java.lang.Object, java.lang.Object, java.lang.Object, java.lang.Object, java.lang.Object, java.lang.Object, java.lang.Object, java.lang.Object, java.lang.Object, java.lang.Object, java.lang.Object, java.lang.Object, java.lang.Object, java.lang.Object, java.lang.Object)'> (0x00000
Event: 104.994 Thread 0x000001357f632310 Exception <a 'java/lang/NoSuchMethodError'{0x0000000089b2d3d0}: 'java.lang.Object java.lang.invoke.DelegatingMethodHandle$Holder.delegate(java.lang.Object, java.lang.Object, java.lang.Object, java.lang.Object, java.lang.Object, java.lang.Object, java.lang.Object, java.lang.Object, java.lang.Object, java.lang.Object, java.lang.Object, java.lang.Object, java.lang.Object, java.lang.Object, java.lang.Object, java.lang.Object, java.lang.Object, java.lang.Object, java.lang.Object, java.lang.Object, java.lang.Obj
Event: 106.723 Thread 0x000001357f632310 Exception <a 'java/lang/IncompatibleClassChangeError'{0x0000000083e6dbc0}: Found class java.lang.Object, but interface was expected> (0x0000000083e6dbc0) 
thrown [s\open\src\hotspot\share\interpreter\linkResolver.cpp, line 840]
Event: 107.743 Thread 0x000001357f632310 Exception <a 'java/lang/IncompatibleClassChangeError'{0x000000008391ccb0}: Found class java.lang.Object, but interface was expected> (0x000000008391ccb0) 
thrown [s\open\src\hotspot\share\interpreter\linkResolver.cpp, line 840]
Event: 107.785 Thread 0x000001357f632310 Exception <a 'java/lang/NoSuchMethodError'{0x0000000083887670}: 'int java.lang.invoke.DirectMethodHandle$Holder.invokeStaticInit(java.lang.Object, java.lang.Object, java.lang.Object, java.lang.Object, java.lang.Object)'> (0x0000000083887670) 
thrown [s\open\src\hotspot\share\interpreter\linkResolver.cpp, line 773]
Event: 109.290 Thread 0x000001357f632310 Exception <a 'java/lang/NoSuchMethodError'{0x00000000836f6740}: 'java.lang.Object java.lang.invoke.DirectMethodHandle$Holder.newInvokeSpecial(java.lang.Object, java.lang.Object, java.lang.Object, java.lang.Object, java.lang.Object, java.lang.Object, java.lang.Object, java.lang.Object, java.lang.Object, java.lang.Object, java.lang.Object, java.lang.Object, java.lang.Object)'> (0x00000000836f6740) 
thrown [s\open\src\hotspot\share\interpreter\linkResolver.cpp, line 773]
Event: 109.524 Thread 0x000001357f632310 Exception <a 'java/lang/NoSuchMethodError'{0x000000008330cb98}: 'java.lang.Object java.lang.invoke.DirectMethodHandle$Holder.newInvokeSpecial(java.lang.Object, java.lang.Object, java.lang.Object, java.lang.Object, java.lang.Object, java.lang.Object, java.lang.Object, java.lang.Object, java.lang.Object, java.lang.Object, java.lang.Object, java.lang.Object, java.lang.Object, java.lang.Object, java.lang.Object, java.lang.Object, java.lang.Object, java.lang.Object, java.lang.Object, java.lang.Object, java.lang
Event: 109.524 Thread 0x000001357f632310 Exception <a 'java/lang/NoSuchMethodError'{0x0000000083314508}: 'java.lang.Object java.lang.invoke.DirectMethodHandle$Holder.invokeSpecial(java.lang.Object, java.lang.Object, java.lang.Object, java.lang.Object, java.lang.Object, java.lang.Object, java.lang.Object, java.lang.Object, java.lang.Object, java.lang.Object, java.lang.Object, java.lang.Object, java.lang.Object, java.lang.Object, java.lang.Object, java.lang.Object, java.lang.Object, java.lang.Object, java.lang.Object, java.lang.Object, java.lang.Ob
Event: 109.525 Thread 0x000001357f632310 Exception <a 'java/lang/NoSuchMethodError'{0x000000008331a840}: 'java.lang.Object java.lang.invoke.DelegatingMethodHandle$Holder.reinvoke_L(java.lang.Object, java.lang.Object, java.lang.Object, java.lang.Object, java.lang.Object, java.lang.Object, java.lang.Object, java.lang.Object, java.lang.Object, java.lang.Object, java.lang.Object, java.lang.Object, java.lang.Object, java.lang.Object, java.lang.Object, java.lang.Object, java.lang.Object, java.lang.Object, java.lang.Object, java.lang.Object, java.lang.O
Event: 110.417 Thread 0x000001357f632310 Exception <a 'java/lang/NoSuchMethodError'{0x000000008fd62ca8}: 'java.lang.Object java.lang.invoke.DirectMethodHandle$Holder.newInvokeSpecial(java.lang.Object, java.lang.Object, java.lang.Object, java.lang.Object, java.lang.Object, java.lang.Object, java.lang.Object, java.lang.Object, java.lang.Object, java.lang.Object, java.lang.Object, java.lang.Object, java.lang.Object, java.lang.Object, java.lang.Object, java.lang.Object, java.lang.Object, java.lang.Object, java.lang.Object)'> (0x000000008fd62ca8) 
thr
Event: 110.417 Thread 0x000001357f632310 Exception <a 'java/lang/NoSuchMethodError'{0x000000008fd69ad0}: 'java.lang.Object java.lang.invoke.DirectMethodHandle$Holder.invokeSpecial(java.lang.Object, java.lang.Object, java.lang.Object, java.lang.Object, java.lang.Object, java.lang.Object, java.lang.Object, java.lang.Object, java.lang.Object, java.lang.Object, java.lang.Object, java.lang.Object, java.lang.Object, java.lang.Object, java.lang.Object, java.lang.Object, java.lang.Object, java.lang.Object, java.lang.Object, java.lang.Object)'> (0x0000000
Event: 110.418 Thread 0x000001357f632310 Exception <a 'java/lang/NoSuchMethodError'{0x000000008fd6f630}: 'java.lang.Object java.lang.invoke.DelegatingMethodHandle$Holder.reinvoke_L(java.lang.Object, java.lang.Object, java.lang.Object, java.lang.Object, java.lang.Object, java.lang.Object, java.lang.Object, java.lang.Object, java.lang.Object, java.lang.Object, java.lang.Object, java.lang.Object, java.lang.Object, java.lang.Object, java.lang.Object, java.lang.Object, java.lang.Object, java.lang.Object, java.lang.Object)'> (0x000000008fd6f630) 
throw
Event: 110.913 Thread 0x000001357f632310 Exception <a 'java/lang/NoSuchMethodError'{0x000000008fba4640}: 'java.lang.Object java.lang.invoke.DirectMethodHandle$Holder.newInvokeSpecial(java.lang.Object, int, java.lang.Object)'> (0x000000008fba4640) 
thrown [s\open\src\hotspot\share\interpreter\linkResolver.cpp, line 773]
Event: 118.928 Thread 0x000001357f632310 Exception <a 'java/lang/NoSuchMethodError'{0x00000000832e61b8}: 'int java.lang.invoke.DirectMethodHandle$Holder.invokeStatic(java.lang.Object)'> (0x00000000832e61b8) 
thrown [s\open\src\hotspot\share\interpreter\linkResolver.cpp, line 773]
Event: 118.928 Thread 0x000001357f632310 Exception <a 'java/lang/NoSuchMethodError'{0x00000000832ea820}: 'int java.lang.invoke.DirectMethodHandle$Holder.invokeStaticInit(java.lang.Object)'> (0x00000000832ea820) 
thrown [s\open\src\hotspot\share\interpreter\linkResolver.cpp, line 773]
Event: 119.076 Thread 0x000001357f632310 Exception <a 'java/lang/NoSuchMethodError'{0x000000008315f4c0}: 'java.lang.Object java.lang.invoke.DirectMethodHandle$Holder.newInvokeSpecial(java.lang.Object, java.lang.Object, java.lang.Object, java.lang.Object, java.lang.Object, int)'> (0x000000008315f4c0) 
thrown [s\open\src\hotspot\share\interpreter\linkResolver.cpp, line 773]
Event: 119.077 Thread 0x000001357f632310 Exception <a 'java/lang/NoSuchMethodError'{0x0000000083164af8}: 'java.lang.Object java.lang.invoke.DirectMethodHandle$Holder.invokeSpecial(java.lang.Object, java.lang.Object, java.lang.Object, java.lang.Object, java.lang.Object, java.lang.Object, int)'> (0x0000000083164af8) 
thrown [s\open\src\hotspot\share\interpreter\linkResolver.cpp, line 773]
Event: 119.101 Thread 0x000001357f632310 Exception <a 'java/lang/NoSuchMethodError'{0x0000000083023d08}: 'void java.lang.invoke.DirectMethodHandle$Holder.invokeStatic(java.lang.Object, java.lang.Object, java.lang.Object, int, java.lang.Object)'> (0x0000000083023d08) 
thrown [s\open\src\hotspot\share\interpreter\linkResolver.cpp, line 773]
Event: 119.488 Thread 0x000001357f632310 Exception <a 'java/lang/NoSuchMethodError'{0x000000008fb57a50}: 'java.lang.Object java.lang.invoke.DirectMethodHandle$Holder.newInvokeSpecial(java.lang.Object, java.lang.Object, int)'> (0x000000008fb57a50) 
thrown [s\open\src\hotspot\share\interpreter\linkResolver.cpp, line 773]

ZGC Phase Switch (0 events):
No events

VM Operations (20 events):
Event: 113.442 Executing VM operation: Cleanup
Event: 113.442 Executing VM operation: Cleanup done
Event: 114.445 Executing VM operation: Cleanup
Event: 114.601 Executing VM operation: Cleanup done
Event: 114.750 Executing VM operation: HandshakeAllThreads (Deoptimize)
Event: 114.750 Executing VM operation: HandshakeAllThreads (Deoptimize) done
Event: 114.776 Executing VM operation: HandshakeAllThreads (Deoptimize)
Event: 114.777 Executing VM operation: HandshakeAllThreads (Deoptimize) done
Event: 115.780 Executing VM operation: Cleanup
Event: 115.857 Executing VM operation: Cleanup done
Event: 116.862 Executing VM operation: Cleanup
Event: 116.878 Executing VM operation: Cleanup done
Event: 117.885 Executing VM operation: Cleanup
Event: 117.904 Executing VM operation: Cleanup done
Event: 118.732 Executing VM operation: HandshakeAllThreads (Deoptimize)
Event: 118.732 Executing VM operation: HandshakeAllThreads (Deoptimize) done
Event: 119.293 Executing VM operation: G1CollectForAllocation (G1 Evacuation Pause)
Event: 119.301 Executing VM operation: G1CollectForAllocation (G1 Evacuation Pause) done
Event: 120.306 Executing VM operation: Cleanup
Event: 120.307 Executing VM operation: Cleanup done

Events (20 events):
Event: 120.227 Thread 0x0000013504898ca0 Thread added: 0x0000013504898ca0
Event: 120.227 Thread 0x000001350489a050 Thread added: 0x000001350489a050
Event: 120.227 Thread 0x0000013504899330 Thread added: 0x0000013504899330
Event: 120.227 Thread 0x0000013504895eb0 Thread added: 0x0000013504895eb0
Event: 120.228 Thread 0x0000013504897f80 Thread added: 0x0000013504897f80
Event: 120.228 Thread 0x0000013504896540 Thread added: 0x0000013504896540
Event: 120.228 Thread 0x0000013504896bd0 Thread added: 0x0000013504896bd0
Event: 120.229 Thread 0x00000135048999c0 Thread added: 0x00000135048999c0
Event: 120.233 Thread 0x000001350489a6e0 Thread added: 0x000001350489a6e0
Event: 120.233 Thread 0x0000013504893750 Thread added: 0x0000013504893750
Event: 120.234 Thread 0x0000013504897260 Thread added: 0x0000013504897260
Event: 120.234 Thread 0x00000135065400d0 Thread added: 0x00000135065400d0
Event: 120.235 Thread 0x000001350653e690 Thread added: 0x000001350653e690
Event: 120.235 Thread 0x0000013506542ec0 Thread added: 0x0000013506542ec0
Event: 120.236 Thread 0x000001350653bf30 Thread added: 0x000001350653bf30
Event: 120.236 Thread 0x0000013506540760 Thread added: 0x0000013506540760
Event: 120.237 Thread 0x00000135065421a0 Thread added: 0x00000135065421a0
Event: 120.237 Thread 0x000001350653fa40 Thread added: 0x000001350653fa40
Event: 120.238 Thread 0x0000013506540df0 Thread added: 0x0000013506540df0
Event: 120.415 Thread 0x000001350653ed20 Thread added: 0x000001350653ed20


Dynamic libraries:
0x00007ff6a4d20000 - 0x00007ff6a4d30000 	C:\Program Files\Java\jdk-21\bin\java.exe
0x00007ff9d1830000 - 0x00007ff9d1a28000 	C:\WINDOWS\SYSTEM32\ntdll.dll
0x00007ff99dbb0000 - 0x00007ff99dbc9000 	C:\Program Files\Avast Software\Avast\aswhook.dll
0x00007ff9d06f0000 - 0x00007ff9d07ad000 	C:\WINDOWS\System32\KERNEL32.DLL
0x00007ff9cef00000 - 0x00007ff9cf1f6000 	C:\WINDOWS\System32\KERNELBASE.dll
0x00007ff9cf230000 - 0x00007ff9cf330000 	C:\WINDOWS\System32\ucrtbase.dll
0x00007ff9bbbc0000 - 0x00007ff9bbbdb000 	C:\Program Files\Java\jdk-21\bin\VCRUNTIME140.dll
0x00007ff9c2be0000 - 0x00007ff9c2bf9000 	C:\Program Files\Java\jdk-21\bin\jli.dll
0x00007ff9d1420000 - 0x00007ff9d14d3000 	C:\WINDOWS\System32\ADVAPI32.dll
0x00007ff9d0250000 - 0x00007ff9d02ee000 	C:\WINDOWS\System32\msvcrt.dll
0x00007ff9d1620000 - 0x00007ff9d16bf000 	C:\WINDOWS\System32\sechost.dll
0x00007ff9d0370000 - 0x00007ff9d0496000 	C:\WINDOWS\System32\RPCRT4.dll
0x00007ff9cf200000 - 0x00007ff9cf227000 	C:\WINDOWS\System32\bcrypt.dll
0x00007ff9d04a0000 - 0x00007ff9d063e000 	C:\WINDOWS\System32\USER32.dll
0x00007ff9cf610000 - 0x00007ff9cf632000 	C:\WINDOWS\System32\win32u.dll
0x00007ff9ae300000 - 0x00007ff9ae59a000 	C:\WINDOWS\WinSxS\amd64_microsoft.windows.common-controls_6595b64144ccf1df_6.0.19041.3636_none_60b6a03d71f818d5\COMCTL32.dll
0x00007ff9d06b0000 - 0x00007ff9d06dc000 	C:\WINDOWS\System32\GDI32.dll
0x00007ff9cf6f0000 - 0x00007ff9cf80a000 	C:\WINDOWS\System32\gdi32full.dll
0x00007ff9cf330000 - 0x00007ff9cf3cd000 	C:\WINDOWS\System32\msvcp_win.dll
0x00007ff9c44f0000 - 0x00007ff9c44fa000 	C:\WINDOWS\SYSTEM32\VERSION.dll
0x00007ff9d17c0000 - 0x00007ff9d17f0000 	C:\WINDOWS\System32\IMM32.DLL
0x00007ff9c6c90000 - 0x00007ff9c6c9c000 	C:\Program Files\Java\jdk-21\bin\vcruntime140_1.dll
0x00007ff99f7d0000 - 0x00007ff99f85e000 	C:\Program Files\Java\jdk-21\bin\msvcp140.dll
0x00007ff986c50000 - 0x00007ff987965000 	C:\Program Files\Java\jdk-21\bin\server\jvm.dll
0x00007ff9d1750000 - 0x00007ff9d17bb000 	C:\WINDOWS\System32\WS2_32.dll
0x00007ff9ad730000 - 0x00007ff9ad757000 	C:\WINDOWS\SYSTEM32\WINMM.dll
0x00007ff9ce450000 - 0x00007ff9ce49b000 	C:\WINDOWS\SYSTEM32\POWRPROF.dll
0x00007ff9ce310000 - 0x00007ff9ce322000 	C:\WINDOWS\SYSTEM32\UMPDC.dll
0x00007ff9cd450000 - 0x00007ff9cd462000 	C:\WINDOWS\SYSTEM32\kernel.appcore.dll
0x00007ff9c68a0000 - 0x00007ff9c68aa000 	C:\Program Files\Java\jdk-21\bin\jimage.dll
0x00007ff9c9310000 - 0x00007ff9c94f4000 	C:\WINDOWS\SYSTEM32\DBGHELP.DLL
0x00007ff9c3720000 - 0x00007ff9c3754000 	C:\WINDOWS\SYSTEM32\dbgcore.DLL
0x00007ff9cf530000 - 0x00007ff9cf5b2000 	C:\WINDOWS\System32\bcryptPrimitives.dll
0x00007ff9b8dc0000 - 0x00007ff9b8ddf000 	C:\Program Files\Java\jdk-21\bin\java.dll
0x00007ff9d0cd0000 - 0x00007ff9d1415000 	C:\WINDOWS\System32\SHELL32.dll
0x00007ff9ccca0000 - 0x00007ff9cd43b000 	C:\WINDOWS\SYSTEM32\windows.storage.dll
0x00007ff9cfc20000 - 0x00007ff9cff74000 	C:\WINDOWS\System32\combase.dll
0x00007ff9ce930000 - 0x00007ff9ce95d000 	C:\WINDOWS\SYSTEM32\Wldp.dll
0x00007ff9d0c20000 - 0x00007ff9d0ccd000 	C:\WINDOWS\System32\SHCORE.dll
0x00007ff9cf880000 - 0x00007ff9cf8d5000 	C:\WINDOWS\System32\shlwapi.dll
0x00007ff9cee30000 - 0x00007ff9cee55000 	C:\WINDOWS\SYSTEM32\profapi.dll
0x00007ff99b500000 - 0x00007ff99b5d7000 	C:\Program Files\Java\jdk-21\bin\jsvml.dll
0x00007ff9c66a0000 - 0x00007ff9c66b0000 	C:\Program Files\Java\jdk-21\bin\net.dll
0x00007ff9cded0000 - 0x00007ff9cdfda000 	C:\WINDOWS\SYSTEM32\WINHTTP.dll
0x00007ff9ce690000 - 0x00007ff9ce6fa000 	C:\WINDOWS\system32\mswsock.dll
0x00007ff9b8e90000 - 0x00007ff9b8ea6000 	C:\Program Files\Java\jdk-21\bin\nio.dll
0x00007ff9b7ee0000 - 0x00007ff9b7ef8000 	C:\Program Files\Java\jdk-21\bin\zip.dll
0x00007ff9c2b60000 - 0x00007ff9c2b70000 	C:\Program Files\Java\jdk-21\bin\verify.dll
0x00007ff9bb950000 - 0x00007ff9bb977000 	C:\Users\2076045\.gradle\native\68d5fa5c4cc2d200863cafc0d521ce42e7d3e7ee720ec0a83991735586a16f82\windows-amd64\native-platform.dll
0x00007ff988680000 - 0x00007ff9887c4000 	C:\Users\2076045\.gradle\native\e376f236ea51e6404a007f0833ffe2c6e607c4080706a723a18a27aeea778392\windows-amd64\native-platform-file-events.dll
0x00007ff9c63e0000 - 0x00007ff9c63ea000 	C:\Program Files\Java\jdk-21\bin\management.dll
0x00007ff9c6390000 - 0x00007ff9c639b000 	C:\Program Files\Java\jdk-21\bin\management_ext.dll
0x00007ff9d0160000 - 0x00007ff9d0168000 	C:\WINDOWS\System32\PSAPI.DLL
0x00007ff9ce880000 - 0x00007ff9ce898000 	C:\WINDOWS\SYSTEM32\CRYPTSP.dll
0x00007ff9cde40000 - 0x00007ff9cde74000 	C:\WINDOWS\system32\rsaenh.dll
0x00007ff9cedb0000 - 0x00007ff9cedde000 	C:\WINDOWS\SYSTEM32\USERENV.dll
0x00007ff9ce8a0000 - 0x00007ff9ce8ac000 	C:\WINDOWS\SYSTEM32\CRYPTBASE.dll
0x00007ff9ce330000 - 0x00007ff9ce36b000 	C:\WINDOWS\SYSTEM32\IPHLPAPI.DLL
0x00007ff9d06e0000 - 0x00007ff9d06e8000 	C:\WINDOWS\System32\NSI.dll
0x00007ff9c3020000 - 0x00007ff9c3027000 	C:\Program Files\Java\jdk-21\bin\extnet.dll
0x00007ff9c6330000 - 0x00007ff9c633e000 	C:\Program Files\Java\jdk-21\bin\sunmscapi.dll
0x00007ff9cf3d0000 - 0x00007ff9cf52d000 	C:\WINDOWS\System32\CRYPT32.dll
0x00007ff9ce9a0000 - 0x00007ff9ce9c8000 	C:\WINDOWS\SYSTEM32\ncrypt.dll
0x00007ff9ce960000 - 0x00007ff9ce99b000 	C:\WINDOWS\SYSTEM32\NTASN1.dll
0x00007ff9c4790000 - 0x00007ff9c4797000 	C:\WINDOWS\system32\wshunix.dll

dbghelp: loaded successfully - version: 4.0.5 - missing functions: none
symbol engine: initialized successfully - sym options: 0x614 - pdb path: .;C:\Program Files\Java\jdk-21\bin;C:\WINDOWS\SYSTEM32;C:\Program Files\Avast Software\Avast;C:\WINDOWS\WinSxS\amd64_microsoft.windows.common-controls_6595b64144ccf1df_6.0.19041.3636_none_60b6a03d71f818d5;C:\Program Files\Java\jdk-21\bin\server;C:\Users\2076045\.gradle\native\68d5fa5c4cc2d200863cafc0d521ce42e7d3e7ee720ec0a83991735586a16f82\windows-amd64;C:\Users\2076045\.gradle\native\e376f236ea51e6404a007f0833ffe2c6e607c4080706a723a18a27aeea778392\windows-amd64

VM Arguments:
jvm_args: -XX:MaxMetaspaceSize=512m --add-opens=java.base/java.util=ALL-UNNAMED --add-opens=java.base/java.lang=ALL-UNNAMED --add-opens=java.base/java.lang.invoke=ALL-UNNAMED --add-opens=java.prefs/java.util.prefs=ALL-UNNAMED --add-opens=java.base/java.nio.charset=ALL-UNNAMED --add-opens=java.base/java.net=ALL-UNNAMED --add-opens=java.base/java.util.concurrent.atomic=ALL-UNNAMED -Xmx2048m -Dfile.encoding=UTF-8 -Duser.country=KR -Duser.language=ko -Duser.variant 
java_command: org.gradle.launcher.daemon.bootstrap.GradleDaemon 8.0.1
java_class_path (initial): C:\Users\2076045\.gradle\wrapper\dists\gradle-8.0.1-all\aro4hu1c3oeioove7l0i4i14o\gradle-8.0.1\lib\gradle-launcher-8.0.1.jar
Launcher Type: SUN_STANDARD

[Global flags]
     intx CICompilerCount                          = 4                                         {product} {ergonomic}
   size_t CompressedClassSpaceSize                 = 436207616                                 {product} {ergonomic}
     uint ConcGCThreads                            = 2                                         {product} {ergonomic}
     uint G1ConcRefinementThreads                  = 8                                         {product} {ergonomic}
   size_t G1HeapRegionSize                         = 1048576                                   {product} {ergonomic}
    uintx GCDrainStackTargetSize                   = 64                                        {product} {ergonomic}
   size_t InitialHeapSize                          = 266338304                                 {product} {ergonomic}
   size_t MarkStackSize                            = 4194304                                   {product} {ergonomic}
   size_t MaxHeapSize                              = 2147483648                                {product} {command line}
   size_t MaxMetaspaceSize                         = 536870912                                 {product} {command line}
   size_t MaxNewSize                               = 1287651328                                {product} {ergonomic}
   size_t MinHeapDeltaBytes                        = 1048576                                   {product} {ergonomic}
   size_t MinHeapSize                              = 8388608                                   {product} {ergonomic}
    uintx NonNMethodCodeHeapSize                   = 5839372                                {pd product} {ergonomic}
    uintx NonProfiledCodeHeapSize                  = 122909434                              {pd product} {ergonomic}
    uintx ProfiledCodeHeapSize                     = 122909434                              {pd product} {ergonomic}
    uintx ReservedCodeCacheSize                    = 251658240                              {pd product} {ergonomic}
     bool SegmentedCodeCache                       = true                                      {product} {ergonomic}
   size_t SoftMaxHeapSize                          = 2147483648                             {manageable} {ergonomic}
     bool UseCompressedOops                        = true                           {product lp64_product} {ergonomic}
     bool UseG1GC                                  = true                                      {product} {ergonomic}
     bool UseLargePagesIndividualAllocation        = false                                  {pd product} {ergonomic}

Logging:
Log output configuration:
 #0: stdout all=warning uptime,level,tags foldmultilines=false
 #1: stderr all=off uptime,level,tags foldmultilines=false

Environment Variables:
JAVA_HOME=C:\Program Files\Java\jdk-21
CLASSPATH=C:\Users\2076045\biography-app\android\\gradle\wrapper\gradle-wrapper.jar
PATH=C:\Users\2076045\biography-app\node_modules\.bin;C:\Users\2076045\biography-app\node_modules\.bin;C:\Users\2076045\node_modules\.bin;C:\Users\node_modules\.bin;C:\node_modules\.bin;C:\Program Files\nodejs\node_modules\npm\node_modules\@npmcli\run-script\lib\node-gyp-bin;C:\Users\2076045\biography-app\node_modules\.bin;C:\Users\2076045\node_modules\.bin;C:\Users\node_modules\.bin;C:\node_modules\.bin;C:\Program Files\nodejs\node_modules\npm\node_modules\@npmcli\run-script\lib\node-gyp-bin;C:\Program Files\Java\jdk-21\bin;C:\Program Files\Common Files\Oracle\Java\javapath;C:\Program Files\Eclipse Adoptium\jdk-11.0.20.8-hotspot\bin;C:\Program Files\Eclipse Adoptium\jdk-8.0.382.5-hotspot\bin;C:\ProgramData\chocolatey\bin;C:\Program Files\nodejs;C:\Users\2076045\AppData\Local\Android\Sdk;C:\Users\2076045\AppData\Local\Android\Sdk\platform-tools;C:\Program Files\Java\jdk-21\bin\;C:\Users\2076045\AppData\Local\Programs\Python\Python39\Scripts\;C:\Users\2076045\AppData\Local\Programs\Python\Python39\;C:\Users\2076045\AppData\Local\Microsoft\WindowsApps;C:\Program Files\JetBrains\PyCharm Community Edition 2022.3.1\bin;;C:\Users\2076045\AppData\Local\Programs\Microsoft VS Code\bin;C:\Users\2076045\AppData\Local\GitHubDesktop\bin;C:\Users\2076045\.dotnet\tools;C:\Users\2076045\AppData\Roaming\npm;C:\Program Files\Java\jdk-17;
USERNAME=2076045
LANG=en_US.UTF-8
OS=Windows_NT
PROCESSOR_IDENTIFIER=Intel64 Family 6 Model 142 Stepping 12, GenuineIntel
TMP=C:\Users\2076045\AppData\Local\Temp
TEMP=C:\Users\2076045\AppData\Local\Temp




Periodic native trim disabled

---------------  S Y S T E M  ---------------

OS:
 Windows 10 , 64 bit Build 19041 (10.0.19041.3636)
OS uptime: 3 days 3:07 hours

CPU: total 8 (initial active 8) (4 cores per cpu, 2 threads per core) family 6 model 142 stepping 12 microcode 0xca, cx8, cmov, fxsr, ht, mmx, 3dnowpref, sse, sse2, sse3, ssse3, sse4.1, sse4.2, popcnt, lzcnt, tsc, tscinvbit, avx, avx2, aes, erms, clmul, bmi1, bmi2, adx, fma, vzeroupper, clflush, clflushopt, rdtscp, f16c
Processor Information for all 8 processors :
  Max Mhz: 2112, Current Mhz: 1609, Mhz Limit: 1605

Memory: 4k page, system-wide physical 16193M (290M free)
TotalPageFile size 27829M (AvailPageFile size 4M)
current process WorkingSet (physical memory assigned to process): 243M, peak: 243M
current process commit charge ("private bytes"): 286M, peak: 410M

vm_info: Java HotSpot(TM) 64-Bit Server VM (21.0.1+12-LTS-29) for windows-amd64 JRE (21.0.1+12-LTS-29), built on 2023-10-05T13:27:09Z by "mach5one" with MS VC++ 17.1 (VS2022)

END.
