#
# There is insufficient memory for the Java Runtime Environment to continue.
# Native memory allocation (malloc) failed to allocate 1336656 bytes for Chunk::new
# Possible reasons:
#   The system is out of physical RAM or swap space
#   The process is running with CompressedOops enabled, and the Java Heap may be blocking the growth of the native heap
# Possible solutions:
#   Reduce memory load on the system
#   Increase physical memory or swap space
#   Check if swap backing store is full
#   Decrease Java heap size (-Xmx/-Xms)
#   Decrease number of Java threads
#   Decrease Java thread stack sizes (-Xss)
#   Set larger code cache with -XX:ReservedCodeCacheSize=
#   JVM is running with Unscaled Compressed Oops mode in which the Java heap is
#     placed in the first 4GB address space. The Java Heap base address is the
#     maximum limit for the native heap growth. Please use -XX:HeapBaseMinAddress
#     to set the Java Heap base and to place the Java Heap above 4GB virtual address.
# This output file may be truncated or incomplete.
#
#  Out of Memory Error (arena.cpp:168), pid=40280, tid=38768
#
# JRE version: Java(TM) SE Runtime Environment (21.0.1+12) (build 21.0.1+12-LTS-29)
# Java VM: Java HotSpot(TM) 64-Bit Server VM (21.0.1+12-LTS-29, mixed mode, sharing, tiered, compressed oops, compressed class ptrs, g1 gc, windows-amd64)
# No core dump will be written. Minidumps are not enabled by default on client versions of Windows
#

---------------  S U M M A R Y ------------

Command Line: -XX:MaxMetaspaceSize=512m --add-opens=java.base/java.util=ALL-UNNAMED --add-opens=java.base/java.lang=ALL-UNNAMED --add-opens=java.base/java.lang.invoke=ALL-UNNAMED --add-opens=java.prefs/java.util.prefs=ALL-UNNAMED --add-opens=java.base/java.nio.charset=ALL-UNNAMED --add-opens=java.base/java.net=ALL-UNNAMED --add-opens=java.base/java.util.concurrent.atomic=ALL-UNNAMED -Xmx2048m -Dfile.encoding=UTF-8 -Duser.country=KR -Duser.language=ko -Duser.variant org.gradle.launcher.daemon.bootstrap.GradleDaemon 8.0.1

Host: Intel(R) Core(TM) i5-10210U CPU @ 1.60GHz, 8 cores, 15G,  Windows 10 , 64 bit Build 19041 (10.0.19041.3636)
Time: Sat Jan 20 01:06:32 2024  Windows 10 , 64 bit Build 19041 (10.0.19041.3636) elapsed time: 112.371370 seconds (0d 0h 1m 52s)

---------------  T H R E A D  ---------------

Current thread (0x000001f6bf01a7e0):  JavaThread "C2 CompilerThread0" daemon [_thread_in_native, id=38768, stack(0x0000002e9d400000,0x0000002e9d500000) (1024K)]


Current CompileTask:
C2: 112371 6038       4       javax.management.ObjectName::construct (1135 bytes)

Stack: [0x0000002e9d400000,0x0000002e9d500000]
Native frames: (J=compiled Java code, j=interpreted, Vv=VM code, C=native code)
V  [jvm.dll+0x6c9029]
V  [jvm.dll+0x854b81]
V  [jvm.dll+0x856e5e]
V  [jvm.dll+0x857543]
V  [jvm.dll+0x280c06]
V  [jvm.dll+0xc3ead]
V  [jvm.dll+0xc43c3]
V  [jvm.dll+0x3b5732]
V  [jvm.dll+0x382475]
V  [jvm.dll+0x3818ea]
V  [jvm.dll+0x249ad0]
V  [jvm.dll+0x2490b1]
V  [jvm.dll+0x1c9ca1]
V  [jvm.dll+0x2586b9]
V  [jvm.dll+0x256c9a]
V  [jvm.dll+0x3ef1b6]
V  [jvm.dll+0x7fd728]
V  [jvm.dll+0x6c777d]
C  [ucrtbase.dll+0x21bb2]
C  [KERNEL32.DLL+0x17344]
C  [ntdll.dll+0x526b1]


---------------  P R O C E S S  ---------------

Threads class SMR info:
_java_thread_list=0x000001f6c110be70, length=69, elements={
0x000001f683319420, 0x000001f6bf010e20, 0x000001f6bf011c40, 0x000001f6bf015a20,
0x000001f6bf018590, 0x000001f6bf018ff0, 0x000001f6bf019a50, 0x000001f6bf01a7e0,
0x000001f6bf01d290, 0x000001f6bf09fbb0, 0x000001f6bf0a4620, 0x000001f6c0202250,
0x000001f6bf2a8db0, 0x000001f6c0986050, 0x000001f6c07ccc50, 0x000001f6c07b62f0,
0x000001f6c07c8de0, 0x000001f6c07bf3c0, 0x000001f6c082c910, 0x000001f6c082d630,
0x000001f6c082dcc0, 0x000001f6c082aed0, 0x000001f6c082bbf0, 0x000001f6c082b560,
0x000001f6c082c280, 0x000001f6c14af250, 0x000001f6c14a9d00, 0x000001f6c14aa390,
0x000001f6c14af8e0, 0x000001f6c14aaa20, 0x000001f6c14aff70, 0x000001f6c14ab0b0,
0x000001f6c14b0600, 0x000001f6c14ae530, 0x000001f6c14a9670, 0x000001f6c14b0c90,
0x000001f6c14abdd0, 0x000001f6c14acaf0, 0x000001f6c14adea0, 0x000001f6c14aebc0,
0x000001f6c082cfa0, 0x000001f6c1455e50, 0x000001f6c1455130, 0x000001f6c1456b70,
0x000001f6c1458c40, 0x000001f6c14536f0, 0x000001f6c1457200, 0x000001f6c1453060,
0x000001f6c1454410, 0x000001f6c1453d80, 0x000001f6c1454aa0, 0x000001f6c14564e0,
0x000001f6c1457f20, 0x000001f6c14592d0, 0x000001f6c14585b0, 0x000001f6c1459960,
0x000001f6c1459ff0, 0x000001f6c14557c0, 0x000001f6c145a680, 0x000001f6c0b876c0,
0x000001f6c0b85c80, 0x000001f6c0b88a70, 0x000001f6c0b883e0, 0x000001f6c0b87d50,
0x000001f6c0b869a0, 0x000001f6c0b86310, 0x000001f6c0b8ab40, 0x000001f6c0b87030,
0x000001f6c0b89790
}

Java Threads: ( => current thread )
  0x000001f683319420 JavaThread "main"                              [_thread_blocked, id=13884, stack(0x0000002e9c600000,0x0000002e9c700000) (1024K)]
  0x000001f6bf010e20 JavaThread "Reference Handler"          daemon [_thread_blocked, id=39492, stack(0x0000002e9ce00000,0x0000002e9cf00000) (1024K)]
  0x000001f6bf011c40 JavaThread "Finalizer"                  daemon [_thread_blocked, id=17616, stack(0x0000002e9cf00000,0x0000002e9d000000) (1024K)]
  0x000001f6bf015a20 JavaThread "Signal Dispatcher"          daemon [_thread_blocked, id=33964, stack(0x0000002e9d000000,0x0000002e9d100000) (1024K)]
  0x000001f6bf018590 JavaThread "Attach Listener"            daemon [_thread_blocked, id=17904, stack(0x0000002e9d100000,0x0000002e9d200000) (1024K)]
  0x000001f6bf018ff0 JavaThread "Service Thread"             daemon [_thread_blocked, id=43120, stack(0x0000002e9d200000,0x0000002e9d300000) (1024K)]
  0x000001f6bf019a50 JavaThread "Monitor Deflation Thread"   daemon [_thread_blocked, id=32004, stack(0x0000002e9d300000,0x0000002e9d400000) (1024K)]
=>0x000001f6bf01a7e0 JavaThread "C2 CompilerThread0"         daemon [_thread_in_native, id=38768, stack(0x0000002e9d400000,0x0000002e9d500000) (1024K)]
  0x000001f6bf01d290 JavaThread "C1 CompilerThread0"         daemon [_thread_blocked, id=17612, stack(0x0000002e9d500000,0x0000002e9d600000) (1024K)]
  0x000001f6bf09fbb0 JavaThread "Common-Cleaner"             daemon [_thread_blocked, id=42396, stack(0x0000002e9d600000,0x0000002e9d700000) (1024K)]
  0x000001f6bf0a4620 JavaThread "Notification Thread"        daemon [_thread_blocked, id=42616, stack(0x0000002e9d700000,0x0000002e9d800000) (1024K)]
  0x000001f6c0202250 JavaThread "Daemon health stats"               [_thread_blocked, id=22700, stack(0x0000002e9dd00000,0x0000002e9de00000) (1024K)]
  0x000001f6bf2a8db0 JavaThread "Incoming local TCP Connector on port 64841"        [_thread_in_native, id=34256, stack(0x0000002e9de00000,0x0000002e9df00000) (1024K)]
  0x000001f6c0986050 JavaThread "Daemon periodic checks"            [_thread_blocked, id=30012, stack(0x0000002e9df00000,0x0000002e9e000000) (1024K)]
  0x000001f6c07ccc50 JavaThread "Daemon"                            [_thread_blocked, id=36480, stack(0x0000002e9e000000,0x0000002e9e100000) (1024K)]
  0x000001f6c07b62f0 JavaThread "Handler for socket connection from /127.0.0.1:64841 to /127.0.0.1:64843"        [_thread_in_native, id=17728, stack(0x0000002e9e100000,0x0000002e9e200000) (1024K)]
  0x000001f6c07c8de0 JavaThread "Cancel handler"                    [_thread_blocked, id=25280, stack(0x0000002e9e200000,0x0000002e9e300000) (1024K)]
  0x000001f6c07bf3c0 JavaThread "Daemon worker"                     [_thread_in_Java, id=2240, stack(0x0000002e9e300000,0x0000002e9e400000) (1024K)]
  0x000001f6c082c910 JavaThread "Asynchronous log dispatcher for DefaultDaemonConnection: socket connection from /127.0.0.1:64841 to /127.0.0.1:64843"        [_thread_blocked, id=2292, stack(0x0000002e9e400000,0x0000002e9e500000) (1024K)]
  0x000001f6c082d630 JavaThread "Daemon client event forwarder"        [_thread_blocked, id=42404, stack(0x0000002e9e600000,0x0000002e9e700000) (1024K)]
  0x000001f6c082dcc0 JavaThread "Cache worker for journal cache (C:\Users\2076045\.gradle\caches\journal-1)"        [_thread_blocked, id=37088, stack(0x0000002e9e700000,0x0000002e9e800000) (1024K)]
  0x000001f6c082aed0 JavaThread "File lock request listener"        [_thread_in_native, id=34956, stack(0x0000002e9e800000,0x0000002e9e900000) (1024K)]
  0x000001f6c082bbf0 JavaThread "Cache worker for file hash cache (C:\Users\2076045\.gradle\caches\8.0.1\fileHashes)"        [_thread_blocked, id=25928, stack(0x0000002e9e900000,0x0000002e9ea00000) (1024K)]
  0x000001f6c082b560 JavaThread "File lock release action executor"        [_thread_blocked, id=43148, stack(0x0000002e9eb00000,0x0000002e9ec00000) (1024K)]
  0x000001f6c082c280 JavaThread "File watcher server"        daemon [_thread_in_native, id=22532, stack(0x0000002e9ea00000,0x0000002e9eb00000) (1024K)]
  0x000001f6c14af250 JavaThread "File watcher consumer"      daemon [_thread_blocked, id=16580, stack(0x0000002e9ec00000,0x0000002e9ed00000) (1024K)]
  0x000001f6c14a9d00 JavaThread "Cache worker for checksums cache (C:\Users\2076045\biography-app\android\.gradle\8.0.1\checksums)"        [_thread_blocked, id=30456, stack(0x0000002e9f000000,0x0000002e9f100000) (1024K)]
  0x000001f6c14aa390 JavaThread "Cache worker for cache directory md-rule (C:\Users\2076045\.gradle\caches\8.0.1\md-rule)"        [_thread_blocked, id=39160, stack(0x0000002e9f100000,0x0000002e9f200000) (1024K)]
  0x000001f6c14af8e0 JavaThread "Cache worker for file content cache (C:\Users\2076045\.gradle\caches\8.0.1\fileContent)"        [_thread_blocked, id=18128, stack(0x0000002e9f200000,0x0000002e9f300000) (1024K)]
  0x000001f6c14aaa20 JavaThread "Cache worker for file hash cache (C:\Users\2076045\biography-app\android\.gradle\8.0.1\fileHashes)"        [_thread_blocked, id=35656, stack(0x0000002e9f400000,0x0000002e9f500000) (1024K)]
  0x000001f6c14aff70 JavaThread "Cache worker for cache directory md-supplier (C:\Users\2076045\.gradle\caches\8.0.1\md-supplier)"        [_thread_blocked, id=31648, stack(0x0000002e9f500000,0x0000002e9f600000) (1024K)]
  0x000001f6c14ab0b0 JavaThread "Cache worker for execution history cache (C:\Users\2076045\.gradle\caches\8.0.1\executionHistory)"        [_thread_blocked, id=39252, stack(0x0000002e9f600000,0x0000002e9f700000) (1024K)]
  0x000001f6c14b0600 JavaThread "jar transforms"                    [_thread_blocked, id=37384, stack(0x0000002e9f800000,0x0000002e9f900000) (1024K)]
  0x000001f6c14ae530 JavaThread "jar transforms Thread 2"           [_thread_blocked, id=2536, stack(0x0000002e9f900000,0x0000002e9fa00000) (1024K)]
  0x000001f6c14a9670 JavaThread "jar transforms Thread 3"           [_thread_blocked, id=6560, stack(0x0000002e9f300000,0x0000002e9f400000) (1024K)]
  0x000001f6c14b0c90 JavaThread "jar transforms Thread 4"           [_thread_blocked, id=39440, stack(0x0000002e9fa00000,0x0000002e9fb00000) (1024K)]
  0x000001f6c14abdd0 JavaThread "Cache worker for kotlin-dsl (C:\Users\2076045\.gradle\caches\8.0.1\kotlin-dsl)"        [_thread_blocked, id=35992, stack(0x0000002e9c400000,0x0000002e9c500000) (1024K)]
  0x000001f6c14acaf0 JavaThread "jar transforms Thread 5"           [_thread_blocked, id=43204, stack(0x0000002e9c300000,0x0000002e9c400000) (1024K)]
  0x000001f6c14adea0 JavaThread "jar transforms Thread 6"           [_thread_blocked, id=11024, stack(0x0000002e9c500000,0x0000002e9c600000) (1024K)]
  0x000001f6c14aebc0 JavaThread "Cache worker for dependencies-accessors (C:\Users\2076045\biography-app\android\.gradle\8.0.1\dependencies-accessors)"        [_thread_blocked, id=13948, stack(0x0000002e9e500000,0x0000002e9e600000) (1024K)]
  0x000001f6c082cfa0 JavaThread "Cache worker for Build Output Cleanup Cache (C:\Users\2076045\biography-app\node_modules\@react-native\gradle-plugin\.gradle\buildOutputCleanup)"        [_thread_blocked, id=43752, stack(0x0000002e9f700000,0x0000002e9f800000) (1024K)]
  0x000001f6c1455e50 JavaThread "jar transforms Thread 7"           [_thread_blocked, id=8000, stack(0x0000002e9fb00000,0x0000002e9fc00000) (1024K)]
  0x000001f6c1455130 JavaThread "Unconstrained build operations"        [_thread_blocked, id=30648, stack(0x0000002e9fc00000,0x0000002e9fd00000) (1024K)]
  0x000001f6c1456b70 JavaThread "Unconstrained build operations Thread 2"        [_thread_blocked, id=17356, stack(0x0000002e9fd00000,0x0000002e9fe00000) (1024K)]
  0x000001f6c1458c40 JavaThread "Unconstrained build operations Thread 3"        [_thread_blocked, id=11372, stack(0x0000002e9fe00000,0x0000002e9ff00000) (1024K)]
  0x000001f6c14536f0 JavaThread "Unconstrained build operations Thread 4"        [_thread_blocked, id=32396, stack(0x0000002e9ff00000,0x0000002ea0000000) (1024K)]
  0x000001f6c1457200 JavaThread "Unconstrained build operations Thread 5"        [_thread_blocked, id=41888, stack(0x0000002ea0000000,0x0000002ea0100000) (1024K)]
  0x000001f6c1453060 JavaThread "Unconstrained build operations Thread 6"        [_thread_blocked, id=21744, stack(0x0000002ea0100000,0x0000002ea0200000) (1024K)]
  0x000001f6c1454410 JavaThread "Unconstrained build operations Thread 7"        [_thread_blocked, id=28432, stack(0x0000002ea0200000,0x0000002ea0300000) (1024K)]
  0x000001f6c1453d80 JavaThread "Unconstrained build operations Thread 8"        [_thread_blocked, id=17896, stack(0x0000002ea0300000,0x0000002ea0400000) (1024K)]
  0x000001f6c1454aa0 JavaThread "Unconstrained build operations Thread 9"        [_thread_blocked, id=24560, stack(0x0000002ea0400000,0x0000002ea0500000) (1024K)]
  0x000001f6c14564e0 JavaThread "Unconstrained build operations Thread 10"        [_thread_blocked, id=24388, stack(0x0000002ea0500000,0x0000002ea0600000) (1024K)]
  0x000001f6c1457f20 JavaThread "Unconstrained build operations Thread 11"        [_thread_blocked, id=26676, stack(0x0000002ea0600000,0x0000002ea0700000) (1024K)]
  0x000001f6c14592d0 JavaThread "Unconstrained build operations Thread 12"        [_thread_blocked, id=12552, stack(0x0000002ea0700000,0x0000002ea0800000) (1024K)]
  0x000001f6c14585b0 JavaThread "Unconstrained build operations Thread 13"        [_thread_blocked, id=18656, stack(0x0000002ea0800000,0x0000002ea0900000) (1024K)]
  0x000001f6c1459960 JavaThread "Unconstrained build operations Thread 14"        [_thread_blocked, id=19376, stack(0x0000002ea0900000,0x0000002ea0a00000) (1024K)]
  0x000001f6c1459ff0 JavaThread "Unconstrained build operations Thread 15"        [_thread_blocked, id=23460, stack(0x0000002ea0a00000,0x0000002ea0b00000) (1024K)]
  0x000001f6c14557c0 JavaThread "Unconstrained build operations Thread 16"        [_thread_blocked, id=16164, stack(0x0000002ea0b00000,0x0000002ea0c00000) (1024K)]
  0x000001f6c145a680 JavaThread "Unconstrained build operations Thread 17"        [_thread_blocked, id=18132, stack(0x0000002ea0c00000,0x0000002ea0d00000) (1024K)]
  0x000001f6c0b876c0 JavaThread "Unconstrained build operations Thread 18"        [_thread_blocked, id=43300, stack(0x0000002ea0d00000,0x0000002ea0e00000) (1024K)]
  0x000001f6c0b85c80 JavaThread "Unconstrained build operations Thread 19"        [_thread_blocked, id=43224, stack(0x0000002ea0e00000,0x0000002ea0f00000) (1024K)]
  0x000001f6c0b88a70 JavaThread "Unconstrained build operations Thread 20"        [_thread_blocked, id=44028, stack(0x0000002ea0f00000,0x0000002ea1000000) (1024K)]
  0x000001f6c0b883e0 JavaThread "Unconstrained build operations Thread 21"        [_thread_blocked, id=43012, stack(0x0000002ea1000000,0x0000002ea1100000) (1024K)]
  0x000001f6c0b87d50 JavaThread "Unconstrained build operations Thread 22"        [_thread_blocked, id=26988, stack(0x0000002ea1100000,0x0000002ea1200000) (1024K)]
  0x000001f6c0b869a0 JavaThread "Unconstrained build operations Thread 23"        [_thread_blocked, id=15596, stack(0x0000002ea1200000,0x0000002ea1300000) (1024K)]
  0x000001f6c0b86310 JavaThread "Unconstrained build operations Thread 24"        [_thread_blocked, id=44008, stack(0x0000002ea1300000,0x0000002ea1400000) (1024K)]
  0x000001f6c0b8ab40 JavaThread "Unconstrained build operations Thread 25"        [_thread_blocked, id=38892, stack(0x0000002ea1400000,0x0000002ea1500000) (1024K)]
  0x000001f6c0b87030 JavaThread "Unconstrained build operations Thread 26"        [_thread_blocked, id=38688, stack(0x0000002ea1500000,0x0000002ea1600000) (1024K)]
  0x000001f6c0b89790 JavaThread "jar transforms Thread 8"           [_thread_blocked, id=11216, stack(0x0000002ea1600000,0x0000002ea1700000) (1024K)]
Total: 69

Other Threads:
  0x000001f69fd2e520 VMThread "VM Thread"                           [id=40276, stack(0x0000002e9cd00000,0x0000002e9ce00000) (1024K)]
  0x000001f69fd17300 WatcherThread "VM Periodic Task Thread"        [id=23608, stack(0x0000002e9cc00000,0x0000002e9cd00000) (1024K)]
  0x000001f68336ea50 WorkerThread "GC Thread#0"                     [id=42088, stack(0x0000002e9c700000,0x0000002e9c800000) (1024K)]
  0x000001f6bf9dd380 WorkerThread "GC Thread#1"                     [id=10892, stack(0x0000002e9d800000,0x0000002e9d900000) (1024K)]
  0x000001f6bf9dd720 WorkerThread "GC Thread#2"                     [id=2456, stack(0x0000002e9d900000,0x0000002e9da00000) (1024K)]
  0x000001f6bf9ddac0 WorkerThread "GC Thread#3"                     [id=32772, stack(0x0000002e9da00000,0x0000002e9db00000) (1024K)]
  0x000001f6bf9dde60 WorkerThread "GC Thread#4"                     [id=37416, stack(0x0000002e9db00000,0x0000002e9dc00000) (1024K)]
  0x000001f6bf9de200 WorkerThread "GC Thread#5"                     [id=35964, stack(0x0000002e9dc00000,0x0000002e9dd00000) (1024K)]
  0x000001f6c3386070 WorkerThread "GC Thread#6"                     [id=40012, stack(0x0000002e9ed00000,0x0000002e9ee00000) (1024K)]
  0x000001f6c3386410 WorkerThread "GC Thread#7"                     [id=36164, stack(0x0000002e9ee00000,0x0000002e9ef00000) (1024K)]
  0x000001f68337fa30 ConcurrentGCThread "G1 Main Marker"            [id=15552, stack(0x0000002e9c800000,0x0000002e9c900000) (1024K)]
  0x000001f6833807b0 WorkerThread "G1 Conc#0"                       [id=40496, stack(0x0000002e9c900000,0x0000002e9ca00000) (1024K)]
  0x000001f6c3387630 WorkerThread "G1 Conc#1"                       [id=24964, stack(0x0000002e9ef00000,0x0000002e9f000000) (1024K)]
  0x000001f6833de980 ConcurrentGCThread "G1 Refine#0"               [id=33188, stack(0x0000002e9ca00000,0x0000002e9cb00000) (1024K)]
  0x000001f69fbecb40 ConcurrentGCThread "G1 Service"                [id=25648, stack(0x0000002e9cb00000,0x0000002e9cc00000) (1024K)]
Total: 15

Threads with active compile tasks:
C2 CompilerThread0   112538 6038       4       javax.management.ObjectName::construct (1135 bytes)
Total: 1

VM state: not at safepoint (normal execution)

VM Mutex/Monitor currently owned by a thread: None

Heap address: 0x0000000080000000, size: 2048 MB, Compressed Oops mode: 32-bit

CDS archive(s) mapped at: [0x000001f6a0000000-0x000001f6a0c90000-0x000001f6a0c90000), size 13172736, SharedBaseAddress: 0x000001f6a0000000, ArchiveRelocationMode: 1.
Compressed class space mapped at: 0x000001f6a1000000-0x000001f6bb000000, reserved size: 436207616
Narrow klass base: 0x000001f6a0000000, Narrow klass shift: 0, Narrow klass range: 0x100000000

GC Precious Log:
 CardTable entry size: 512
 Card Set container configuration: InlinePtr #cards 5 size 8 Array Of Cards #cards 12 size 40 Howl #buckets 4 coarsen threshold 1843 Howl Bitmap #cards 512 size 80 coarsen threshold 460 Card regions per heap region 1 cards per card region 2048
 CPUs: 8 total, 8 available
 Memory: 16193M
 Large Page Support: Disabled
 NUMA Support: Disabled
 Compressed Oops: Enabled (32-bit)
 Heap Region Size: 1M
 Heap Min Capacity: 8M
 Heap Initial Capacity: 254M
 Heap Max Capacity: 2G
 Pre-touch: Disabled
 Parallel Workers: 8
 Concurrent Workers: 2
 Concurrent Refinement Workers: 8
 Periodic GC: Disabled

Heap:
 garbage-first heap   total 89088K, used 79751K [0x0000000080000000, 0x0000000100000000)
  region size 1024K, 42 young (43008K), 6 survivors (6144K)
 Metaspace       used 47308K, committed 49024K, reserved 491520K
  class space    used 6647K, committed 7488K, reserved 425984K

Heap Regions: E=young(eden), S=young(survivor), O=old, HS=humongous(starts), HC=humongous(continues), CS=collection set, F=free, TAMS=top-at-mark-start, PB=parsable bottom
|   0|0x0000000080000000, 0x0000000080100000, 0x0000000080100000|100%|HS|  |TAMS 0x0000000080000000| PB 0x0000000080000000| Complete 
|   1|0x0000000080100000, 0x0000000080200000, 0x0000000080200000|100%|HC|  |TAMS 0x0000000080100000| PB 0x0000000080100000| Complete 
|   2|0x0000000080200000, 0x0000000080300000, 0x0000000080300000|100%|HC|  |TAMS 0x0000000080200000| PB 0x0000000080200000| Complete 
|   3|0x0000000080300000, 0x0000000080400000, 0x0000000080400000|100%|HC|  |TAMS 0x0000000080300000| PB 0x0000000080300000| Complete 
|   4|0x0000000080400000, 0x0000000080500000, 0x0000000080500000|100%| O|  |TAMS 0x0000000080400000| PB 0x0000000080400000| Untracked 
|   5|0x0000000080500000, 0x0000000080600000, 0x0000000080600000|100%| O|  |TAMS 0x0000000080500000| PB 0x0000000080500000| Untracked 
|   6|0x0000000080600000, 0x0000000080700000, 0x0000000080700000|100%| O|  |TAMS 0x0000000080600000| PB 0x0000000080600000| Untracked 
|   7|0x0000000080700000, 0x0000000080800000, 0x0000000080800000|100%| O|  |TAMS 0x0000000080700000| PB 0x0000000080700000| Untracked 
|   8|0x0000000080800000, 0x0000000080900000, 0x0000000080900000|100%| O|  |TAMS 0x0000000080800000| PB 0x0000000080800000| Untracked 
|   9|0x0000000080900000, 0x0000000080a00000, 0x0000000080a00000|100%| O|  |TAMS 0x0000000080900000| PB 0x0000000080900000| Untracked 
|  10|0x0000000080a00000, 0x0000000080b00000, 0x0000000080b00000|100%| O|  |TAMS 0x0000000080a00000| PB 0x0000000080a00000| Untracked 
|  11|0x0000000080b00000, 0x0000000080c00000, 0x0000000080c00000|100%| O|  |TAMS 0x0000000080b00000| PB 0x0000000080b00000| Untracked 
|  12|0x0000000080c00000, 0x0000000080d00000, 0x0000000080d00000|100%| O|  |TAMS 0x0000000080c00000| PB 0x0000000080c00000| Untracked 
|  13|0x0000000080d00000, 0x0000000080e00000, 0x0000000080e00000|100%| O|  |TAMS 0x0000000080d00000| PB 0x0000000080d00000| Untracked 
|  14|0x0000000080e00000, 0x0000000080f00000, 0x0000000080f00000|100%| O|  |TAMS 0x0000000080e00000| PB 0x0000000080e00000| Untracked 
|  15|0x0000000080f00000, 0x0000000081000000, 0x0000000081000000|100%| O|  |TAMS 0x0000000080f00000| PB 0x0000000080f00000| Untracked 
|  16|0x0000000081000000, 0x0000000081100000, 0x0000000081100000|100%| O|  |TAMS 0x0000000081000000| PB 0x0000000081000000| Untracked 
|  17|0x0000000081100000, 0x0000000081200000, 0x0000000081200000|100%| O|  |TAMS 0x0000000081100000| PB 0x0000000081100000| Untracked 
|  18|0x0000000081200000, 0x0000000081300000, 0x0000000081300000|100%| O|  |TAMS 0x0000000081200000| PB 0x0000000081200000| Untracked 
|  19|0x0000000081300000, 0x0000000081400000, 0x0000000081400000|100%| O|  |TAMS 0x0000000081300000| PB 0x0000000081300000| Untracked 
|  20|0x0000000081400000, 0x0000000081500000, 0x0000000081500000|100%| O|  |TAMS 0x0000000081400000| PB 0x0000000081400000| Untracked 
|  21|0x0000000081500000, 0x0000000081600000, 0x0000000081600000|100%| O|  |TAMS 0x0000000081500000| PB 0x0000000081500000| Untracked 
|  22|0x0000000081600000, 0x0000000081700000, 0x0000000081700000|100%| O|  |TAMS 0x0000000081600000| PB 0x0000000081600000| Untracked 
|  23|0x0000000081700000, 0x0000000081700000, 0x0000000081800000|  0%| F|  |TAMS 0x0000000081700000| PB 0x0000000081700000| Untracked 
|  24|0x0000000081800000, 0x0000000081900000, 0x0000000081900000|100%| O|  |TAMS 0x0000000081800000| PB 0x0000000081800000| Untracked 
|  25|0x0000000081900000, 0x000000008196d370, 0x0000000081a00000| 42%| O|  |TAMS 0x0000000081900000| PB 0x0000000081900000| Untracked 
|  26|0x0000000081a00000, 0x0000000081a00000, 0x0000000081b00000|  0%| F|  |TAMS 0x0000000081a00000| PB 0x0000000081a00000| Untracked 
|  27|0x0000000081b00000, 0x0000000081c00000, 0x0000000081c00000|100%| O|  |TAMS 0x0000000081b00000| PB 0x0000000081b00000| Untracked 
|  28|0x0000000081c00000, 0x0000000081d00000, 0x0000000081d00000|100%| O|  |TAMS 0x0000000081c00000| PB 0x0000000081c00000| Untracked 
|  29|0x0000000081d00000, 0x0000000081e00000, 0x0000000081e00000|100%| O|  |TAMS 0x0000000081d00000| PB 0x0000000081d00000| Untracked 
|  30|0x0000000081e00000, 0x0000000081f00000, 0x0000000081f00000|100%| O|  |TAMS 0x0000000081e00000| PB 0x0000000081e00000| Untracked 
|  31|0x0000000081f00000, 0x0000000082000000, 0x0000000082000000|100%| O|  |TAMS 0x0000000081f00000| PB 0x0000000081f00000| Untracked 
|  32|0x0000000082000000, 0x0000000082100000, 0x0000000082100000|100%| O|  |TAMS 0x0000000082000000| PB 0x0000000082000000| Untracked 
|  33|0x0000000082100000, 0x0000000082200000, 0x0000000082200000|100%| O|  |TAMS 0x0000000082100000| PB 0x0000000082100000| Untracked 
|  34|0x0000000082200000, 0x0000000082300000, 0x0000000082300000|100%|HS|  |TAMS 0x0000000082200000| PB 0x0000000082200000| Complete 
|  35|0x0000000082300000, 0x0000000082400000, 0x0000000082400000|100%|HC|  |TAMS 0x0000000082300000| PB 0x0000000082300000| Complete 
|  36|0x0000000082400000, 0x0000000082400000, 0x0000000082500000|  0%| F|  |TAMS 0x0000000082400000| PB 0x0000000082400000| Untracked 
|  37|0x0000000082500000, 0x0000000082500000, 0x0000000082600000|  0%| F|  |TAMS 0x0000000082500000| PB 0x0000000082500000| Untracked 
|  38|0x0000000082600000, 0x0000000082674c70, 0x0000000082700000| 45%| S|CS|TAMS 0x0000000082600000| PB 0x0000000082600000| Complete 
|  39|0x0000000082700000, 0x0000000082800000, 0x0000000082800000|100%| S|CS|TAMS 0x0000000082700000| PB 0x0000000082700000| Complete 
|  40|0x0000000082800000, 0x0000000082900000, 0x0000000082900000|100%| S|CS|TAMS 0x0000000082800000| PB 0x0000000082800000| Complete 
|  41|0x0000000082900000, 0x0000000082a00000, 0x0000000082a00000|100%|HS|  |TAMS 0x0000000082900000| PB 0x0000000082900000| Complete 
|  42|0x0000000082a00000, 0x0000000082b00000, 0x0000000082b00000|100%|HC|  |TAMS 0x0000000082a00000| PB 0x0000000082a00000| Complete 
|  43|0x0000000082b00000, 0x0000000082c00000, 0x0000000082c00000|100%|HC|  |TAMS 0x0000000082b00000| PB 0x0000000082b00000| Complete 
|  44|0x0000000082c00000, 0x0000000082d00000, 0x0000000082d00000|100%|HC|  |TAMS 0x0000000082c00000| PB 0x0000000082c00000| Complete 
|  45|0x0000000082d00000, 0x0000000082d00000, 0x0000000082e00000|  0%| F|  |TAMS 0x0000000082d00000| PB 0x0000000082d00000| Untracked 
|  46|0x0000000082e00000, 0x0000000082f00000, 0x0000000082f00000|100%| S|CS|TAMS 0x0000000082e00000| PB 0x0000000082e00000| Complete 
|  47|0x0000000082f00000, 0x0000000083000000, 0x0000000083000000|100%| S|CS|TAMS 0x0000000082f00000| PB 0x0000000082f00000| Complete 
|  48|0x0000000083000000, 0x0000000083100000, 0x0000000083100000|100%| S|CS|TAMS 0x0000000083000000| PB 0x0000000083000000| Complete 
|  49|0x0000000083100000, 0x0000000083100000, 0x0000000083200000|  0%| F|  |TAMS 0x0000000083100000| PB 0x0000000083100000| Untracked 
|  50|0x0000000083200000, 0x0000000083200000, 0x0000000083300000|  0%| F|  |TAMS 0x0000000083200000| PB 0x0000000083200000| Untracked 
|  51|0x0000000083300000, 0x0000000083380800, 0x0000000083400000| 50%| E|  |TAMS 0x0000000083300000| PB 0x0000000083300000| Complete 
|  52|0x0000000083400000, 0x0000000083500000, 0x0000000083500000|100%| E|CS|TAMS 0x0000000083400000| PB 0x0000000083400000| Complete 
|  53|0x0000000083500000, 0x0000000083600000, 0x0000000083600000|100%| E|CS|TAMS 0x0000000083500000| PB 0x0000000083500000| Complete 
|  54|0x0000000083600000, 0x0000000083700000, 0x0000000083700000|100%| E|CS|TAMS 0x0000000083600000| PB 0x0000000083600000| Complete 
|  55|0x0000000083700000, 0x0000000083800000, 0x0000000083800000|100%| E|CS|TAMS 0x0000000083700000| PB 0x0000000083700000| Complete 
|  56|0x0000000083800000, 0x0000000083900000, 0x0000000083900000|100%| E|CS|TAMS 0x0000000083800000| PB 0x0000000083800000| Complete 
|  57|0x0000000083900000, 0x0000000083a00000, 0x0000000083a00000|100%| E|CS|TAMS 0x0000000083900000| PB 0x0000000083900000| Complete 
|  58|0x0000000083a00000, 0x0000000083b00000, 0x0000000083b00000|100%| E|CS|TAMS 0x0000000083a00000| PB 0x0000000083a00000| Complete 
|  59|0x0000000083b00000, 0x0000000083c00000, 0x0000000083c00000|100%| E|CS|TAMS 0x0000000083b00000| PB 0x0000000083b00000| Complete 
|  60|0x0000000083c00000, 0x0000000083d00000, 0x0000000083d00000|100%| E|CS|TAMS 0x0000000083c00000| PB 0x0000000083c00000| Complete 
|  61|0x0000000083d00000, 0x0000000083e00000, 0x0000000083e00000|100%| E|CS|TAMS 0x0000000083d00000| PB 0x0000000083d00000| Complete 
|  62|0x0000000083e00000, 0x0000000083f00000, 0x0000000083f00000|100%| E|CS|TAMS 0x0000000083e00000| PB 0x0000000083e00000| Complete 
|  63|0x0000000083f00000, 0x0000000084000000, 0x0000000084000000|100%| E|CS|TAMS 0x0000000083f00000| PB 0x0000000083f00000| Complete 
|  64|0x0000000084000000, 0x0000000084100000, 0x0000000084100000|100%| E|CS|TAMS 0x0000000084000000| PB 0x0000000084000000| Complete 
|  65|0x0000000084100000, 0x0000000084200000, 0x0000000084200000|100%| E|CS|TAMS 0x0000000084100000| PB 0x0000000084100000| Complete 
|  66|0x0000000084200000, 0x0000000084300000, 0x0000000084300000|100%| E|CS|TAMS 0x0000000084200000| PB 0x0000000084200000| Complete 
|  67|0x0000000084300000, 0x0000000084400000, 0x0000000084400000|100%| E|CS|TAMS 0x0000000084300000| PB 0x0000000084300000| Complete 
|  68|0x0000000084400000, 0x0000000084500000, 0x0000000084500000|100%| E|CS|TAMS 0x0000000084400000| PB 0x0000000084400000| Complete 
|  69|0x0000000084500000, 0x0000000084600000, 0x0000000084600000|100%| E|CS|TAMS 0x0000000084500000| PB 0x0000000084500000| Complete 
|  70|0x0000000084600000, 0x0000000084700000, 0x0000000084700000|100%| E|CS|TAMS 0x0000000084600000| PB 0x0000000084600000| Complete 
|  71|0x0000000084700000, 0x0000000084800000, 0x0000000084800000|100%| E|CS|TAMS 0x0000000084700000| PB 0x0000000084700000| Complete 
| 149|0x0000000089500000, 0x0000000089600000, 0x0000000089600000|100%| E|CS|TAMS 0x0000000089500000| PB 0x0000000089500000| Complete 
| 150|0x0000000089600000, 0x0000000089700000, 0x0000000089700000|100%| E|CS|TAMS 0x0000000089600000| PB 0x0000000089600000| Complete 
| 151|0x0000000089700000, 0x0000000089800000, 0x0000000089800000|100%| E|CS|TAMS 0x0000000089700000| PB 0x0000000089700000| Complete 
| 152|0x0000000089800000, 0x0000000089900000, 0x0000000089900000|100%| E|CS|TAMS 0x0000000089800000| PB 0x0000000089800000| Complete 
| 153|0x0000000089900000, 0x0000000089a00000, 0x0000000089a00000|100%| E|CS|TAMS 0x0000000089900000| PB 0x0000000089900000| Complete 
| 154|0x0000000089a00000, 0x0000000089b00000, 0x0000000089b00000|100%| E|CS|TAMS 0x0000000089a00000| PB 0x0000000089a00000| Complete 
| 155|0x0000000089b00000, 0x0000000089c00000, 0x0000000089c00000|100%| E|CS|TAMS 0x0000000089b00000| PB 0x0000000089b00000| Complete 
| 156|0x0000000089c00000, 0x0000000089d00000, 0x0000000089d00000|100%| E|CS|TAMS 0x0000000089c00000| PB 0x0000000089c00000| Complete 
| 157|0x0000000089d00000, 0x0000000089e00000, 0x0000000089e00000|100%| E|CS|TAMS 0x0000000089d00000| PB 0x0000000089d00000| Complete 
| 158|0x0000000089e00000, 0x0000000089f00000, 0x0000000089f00000|100%| E|CS|TAMS 0x0000000089e00000| PB 0x0000000089e00000| Complete 
| 159|0x0000000089f00000, 0x000000008a000000, 0x000000008a000000|100%| E|CS|TAMS 0x0000000089f00000| PB 0x0000000089f00000| Complete 
| 160|0x000000008a000000, 0x000000008a100000, 0x000000008a100000|100%| E|CS|TAMS 0x000000008a000000| PB 0x000000008a000000| Complete 
| 161|0x000000008a100000, 0x000000008a200000, 0x000000008a200000|100%| E|CS|TAMS 0x000000008a100000| PB 0x000000008a100000| Complete 
| 252|0x000000008fc00000, 0x000000008fd00000, 0x000000008fd00000|100%| E|CS|TAMS 0x000000008fc00000| PB 0x000000008fc00000| Complete 
| 253|0x000000008fd00000, 0x000000008fe00000, 0x000000008fe00000|100%| E|CS|TAMS 0x000000008fd00000| PB 0x000000008fd00000| Complete 

Card table byte_map: [0x000001f69aec0000,0x000001f69b2c0000] _byte_map_base: 0x000001f69aac0000

Marking Bits: (CMBitMap*) 0x000001f68336f150
 Bits: [0x000001f69b2c0000, 0x000001f69d2c0000)

Polling page: 0x000001f682ae0000

Metaspace:

Usage:
  Non-class:     39.92 MB used.
      Class:      6.52 MB used.
       Both:     46.44 MB used.

Virtual space:
  Non-class space:       64.00 MB reserved,      40.75 MB ( 64%) committed,  1 nodes.
      Class space:      416.00 MB reserved,       7.31 MB (  2%) committed,  1 nodes.
             Both:      480.00 MB reserved,      48.06 MB ( 10%) committed. 

Chunk freelists:
   Non-Class:  6.29 MB
       Class:  8.71 MB
        Both:  15.00 MB

MaxMetaspaceSize: 512.00 MB
CompressedClassSpaceSize: 416.00 MB
Initial GC threshold: 21.00 MB
Current GC threshold: 58.88 MB
CDS: on
 - commit_granule_bytes: 65536.
 - commit_granule_words: 8192.
 - virtual_space_node_default_size: 8388608.
 - enlarge_chunks_in_place: 1.
 - use_allocation_guard: 0.


Internal statistics:

num_allocs_failed_limit: 6.
num_arena_births: 2820.
num_arena_deaths: 0.
num_vsnodes_births: 2.
num_vsnodes_deaths: 0.
num_space_committed: 770.
num_space_uncommitted: 0.
num_chunks_returned_to_freelist: 6.
num_chunks_taken_from_freelist: 4968.
num_chunk_merges: 6.
num_chunk_splits: 3232.
num_chunks_enlarged: 1981.
num_inconsistent_stats: 0.

CodeHeap 'non-profiled nmethods': size=120000Kb used=3179Kb max_used=3179Kb free=116820Kb
 bounds [0x000001f693240000, 0x000001f693560000, 0x000001f69a770000]
CodeHeap 'profiled nmethods': size=120000Kb used=10925Kb max_used=10925Kb free=109074Kb
 bounds [0x000001f68b770000, 0x000001f68c220000, 0x000001f692ca0000]
CodeHeap 'non-nmethods': size=5760Kb used=2736Kb max_used=2803Kb free=3023Kb
 bounds [0x000001f692ca0000, 0x000001f692f70000, 0x000001f693240000]
 total_blobs=6475 nmethods=5610 adapters=768
 compilation: enabled
              stopped_count=0, restarted_count=0
 full_count=0

Compilation events (20 events):
Event: 112.271 Thread 0x000001f6bf01d290 6049       1       org.apache.tools.ant.AntTypeDefinition::setAdapterClass (6 bytes)
Event: 112.271 Thread 0x000001f6bf01d290 nmethod 6049 0x000001f69355a390 code [0x000001f69355a520, 0x000001f69355a638]
Event: 112.271 Thread 0x000001f6bf01d290 6050       3       org.apache.tools.ant.AntTypeDefinition::<init> (10 bytes)
Event: 112.271 Thread 0x000001f6bf01d290 nmethod 6050 0x000001f68c20fc90 code [0x000001f68c20fe40, 0x000001f68c20ffa8]
Event: 112.274 Thread 0x000001f6bf01d290 6051       3       java.util.stream.Nodes$SpinedNodeBuilder::begin (38 bytes)
Event: 112.274 Thread 0x000001f6bf01d290 nmethod 6051 0x000001f68c210090 code [0x000001f68c210240, 0x000001f68c210468]
Event: 112.274 Thread 0x000001f6bf01d290 6052       3       java.util.stream.Nodes$SpinedNodeBuilder::end (29 bytes)
Event: 112.274 Thread 0x000001f6bf01d290 nmethod 6052 0x000001f68c210510 code [0x000001f68c2106a0, 0x000001f68c2107c0]
Event: 112.274 Thread 0x000001f6bf01d290 6053       3       java.util.stream.Nodes$SpinedNodeBuilder::build (25 bytes)
Event: 112.274 Thread 0x000001f6bf01d290 nmethod 6053 0x000001f68c210890 code [0x000001f68c210a20, 0x000001f68c210b40]
Event: 112.277 Thread 0x000001f6bf01d290 6054       3       org.codehaus.groovy.runtime.metaclass.MetaMethodIndex::resize (103 bytes)
Event: 112.277 Thread 0x000001f6bf01d290 nmethod 6054 0x000001f68c210c10 code [0x000001f68c210de0, 0x000001f68c2113a8]
Event: 112.278 Thread 0x000001f6bf01d290 6055       1       org.codehaus.groovy.runtime.metaclass.NewStaticMetaMethod::getModifiers (3 bytes)
Event: 112.278 Thread 0x000001f6bf01d290 nmethod 6055 0x000001f69355a690 code [0x000001f69355a820, 0x000001f69355a8e8]
Event: 112.278 Thread 0x000001f6bf01d290 6056       1       groovy.lang.MetaClassImpl$MethodIndexAction::skipClass (2 bytes)
Event: 112.279 Thread 0x000001f6bf01d290 nmethod 6056 0x000001f69355a990 code [0x000001f69355ab20, 0x000001f69355abe8]
Event: 112.281 Thread 0x000001f6bf01d290 6057       3       java.lang.Thread::threadState (11 bytes)
Event: 112.281 Thread 0x000001f6bf01d290 nmethod 6057 0x000001f68c211590 code [0x000001f68c211740, 0x000001f68c211880]
Event: 112.281 Thread 0x000001f6bf01d290 6058       3       jdk.internal.misc.VM::toThreadState (68 bytes)
Event: 112.282 Thread 0x000001f6bf01d290 nmethod 6058 0x000001f68c211990 code [0x000001f68c211b80, 0x000001f68c211f28]

GC Heap History (16 events):
Event: 5.890 GC heap before
{Heap before GC invocations=0 (full 0):
 garbage-first heap   total 260096K, used 26624K [0x0000000080000000, 0x0000000100000000)
  region size 1024K, 23 young (23552K), 0 survivors (0K)
 Metaspace       used 3181K, committed 3328K, reserved 491520K
  class space    used 394K, committed 448K, reserved 425984K
}
Event: 6.477 GC heap after
{Heap after GC invocations=1 (full 0):
 garbage-first heap   total 260096K, used 10154K [0x0000000080000000, 0x0000000100000000)
  region size 1024K, 3 young (3072K), 3 survivors (3072K)
 Metaspace       used 3181K, committed 3328K, reserved 491520K
  class space    used 394K, committed 448K, reserved 425984K
}
Event: 9.543 GC heap before
{Heap before GC invocations=1 (full 0):
 garbage-first heap   total 260096K, used 37802K [0x0000000080000000, 0x0000000100000000)
  region size 1024K, 30 young (30720K), 3 survivors (3072K)
 Metaspace       used 4073K, committed 4224K, reserved 491520K
  class space    used 489K, committed 576K, reserved 425984K
}
Event: 9.546 GC heap after
{Heap after GC invocations=2 (full 0):
 garbage-first heap   total 260096K, used 14252K [0x0000000080000000, 0x0000000100000000)
  region size 1024K, 4 young (4096K), 4 survivors (4096K)
 Metaspace       used 4073K, committed 4224K, reserved 491520K
  class space    used 489K, committed 576K, reserved 425984K
}
Event: 21.264 GC heap before
{Heap before GC invocations=2 (full 0):
 garbage-first heap   total 260096K, used 103340K [0x0000000080000000, 0x0000000100000000)
  region size 1024K, 92 young (94208K), 4 survivors (4096K)
 Metaspace       used 20794K, committed 21504K, reserved 491520K
  class space    used 3042K, committed 3392K, reserved 425984K
}
Event: 21.281 GC heap after
{Heap after GC invocations=3 (full 0):
 garbage-first heap   total 260096K, used 22786K [0x0000000080000000, 0x0000000100000000)
  region size 1024K, 13 young (13312K), 13 survivors (13312K)
 Metaspace       used 20794K, committed 21504K, reserved 491520K
  class space    used 3042K, committed 3392K, reserved 425984K
}
Event: 22.864 GC heap before
{Heap before GC invocations=4 (full 0):
 garbage-first heap   total 89088K, used 62722K [0x0000000080000000, 0x0000000100000000)
  region size 1024K, 52 young (53248K), 13 survivors (13312K)
 Metaspace       used 26344K, committed 27520K, reserved 491520K
  class space    used 3969K, committed 4544K, reserved 425984K
}
Event: 22.872 GC heap after
{Heap after GC invocations=5 (full 0):
 garbage-first heap   total 89088K, used 25087K [0x0000000080000000, 0x0000000100000000)
  region size 1024K, 3 young (3072K), 3 survivors (3072K)
 Metaspace       used 26344K, committed 27520K, reserved 491520K
  class space    used 3969K, committed 4544K, reserved 425984K
}
Event: 24.523 GC heap before
{Heap before GC invocations=5 (full 0):
 garbage-first heap   total 89088K, used 71167K [0x0000000080000000, 0x0000000100000000)
  region size 1024K, 48 young (49152K), 3 survivors (3072K)
 Metaspace       used 32909K, committed 34176K, reserved 491520K
  class space    used 4694K, committed 5312K, reserved 425984K
}
Event: 24.528 GC heap after
{Heap after GC invocations=6 (full 0):
 garbage-first heap   total 89088K, used 30328K [0x0000000080000000, 0x0000000100000000)
  region size 1024K, 6 young (6144K), 6 survivors (6144K)
 Metaspace       used 32909K, committed 34176K, reserved 491520K
  class space    used 4694K, committed 5312K, reserved 425984K
}
Event: 35.048 GC heap before
{Heap before GC invocations=6 (full 0):
 garbage-first heap   total 89088K, used 50808K [0x0000000080000000, 0x0000000100000000)
  region size 1024K, 24 young (24576K), 6 survivors (6144K)
 Metaspace       used 34746K, committed 35968K, reserved 491520K
  class space    used 4847K, committed 5440K, reserved 425984K
}
Event: 35.054 GC heap after
{Heap after GC invocations=7 (full 0):
 garbage-first heap   total 89088K, used 33904K [0x0000000080000000, 0x0000000100000000)
  region size 1024K, 3 young (3072K), 3 survivors (3072K)
 Metaspace       used 34746K, committed 35968K, reserved 491520K
  class space    used 4847K, committed 5440K, reserved 425984K
}
Event: 101.635 GC heap before
{Heap before GC invocations=8 (full 0):
 garbage-first heap   total 89088K, used 72816K [0x0000000080000000, 0x0000000100000000)
  region size 1024K, 41 young (41984K), 3 survivors (3072K)
 Metaspace       used 38661K, committed 40064K, reserved 491520K
  class space    used 5351K, committed 6016K, reserved 425984K
}
Event: 101.639 GC heap after
{Heap after GC invocations=9 (full 0):
 garbage-first heap   total 89088K, used 35392K [0x0000000080000000, 0x0000000100000000)
  region size 1024K, 5 young (5120K), 5 survivors (5120K)
 Metaspace       used 38661K, committed 40064K, reserved 491520K
  class space    used 5351K, committed 6016K, reserved 425984K
}
Event: 107.773 GC heap before
{Heap before GC invocations=9 (full 0):
 garbage-first heap   total 89088K, used 74304K [0x0000000080000000, 0x0000000100000000)
  region size 1024K, 43 young (44032K), 5 survivors (5120K)
 Metaspace       used 43338K, committed 44928K, reserved 491520K
  class space    used 6123K, committed 6912K, reserved 425984K
}
Event: 107.778 GC heap after
{Heap after GC invocations=10 (full 0):
 garbage-first heap   total 89088K, used 37767K [0x0000000080000000, 0x0000000100000000)
  region size 1024K, 6 young (6144K), 6 survivors (6144K)
 Metaspace       used 43338K, committed 44928K, reserved 491520K
  class space    used 6123K, committed 6912K, reserved 425984K
}

Dll operation events (13 events):
Event: 0.031 Loaded shared library C:\Program Files\Java\jdk-21\bin\java.dll
Event: 0.998 Loaded shared library C:\Program Files\Java\jdk-21\bin\net.dll
Event: 0.999 Loaded shared library C:\Program Files\Java\jdk-21\bin\jsvml.dll
Event: 1.090 Loaded shared library C:\Program Files\Java\jdk-21\bin\nio.dll
Event: 1.156 Loaded shared library C:\Program Files\Java\jdk-21\bin\zip.dll
Event: 2.702 Loaded shared library C:\Program Files\Java\jdk-21\bin\jimage.dll
Event: 3.177 Loaded shared library C:\Program Files\Java\jdk-21\bin\verify.dll
Event: 4.048 Loaded shared library C:\Users\2076045\.gradle\native\68d5fa5c4cc2d200863cafc0d521ce42e7d3e7ee720ec0a83991735586a16f82\windows-amd64\native-platform.dll
Event: 4.069 Loaded shared library C:\Users\2076045\.gradle\native\e376f236ea51e6404a007f0833ffe2c6e607c4080706a723a18a27aeea778392\windows-amd64\native-platform-file-events.dll
Event: 11.875 Loaded shared library C:\Program Files\Java\jdk-21\bin\management.dll
Event: 11.897 Loaded shared library C:\Program Files\Java\jdk-21\bin\management_ext.dll
Event: 13.044 Loaded shared library C:\Program Files\Java\jdk-21\bin\extnet.dll
Event: 13.675 Loaded shared library C:\Program Files\Java\jdk-21\bin\sunmscapi.dll

Deoptimization events (20 events):
Event: 111.647 Thread 0x000001f6c07bf3c0 DEOPT PACKING pc=0x000001f68bbeb8f6 sp=0x0000002e9e3f6f40
Event: 111.647 Thread 0x000001f6c07bf3c0 DEOPT UNPACKING pc=0x000001f692cf4e42 sp=0x0000002e9e3f64c0 mode 0
Event: 112.135 Thread 0x000001f6c07bf3c0 Uncommon trap: trap_request=0xffffffde fr.pc=0x000001f6932bdde8 relative=0x00000000000002a8
Event: 112.135 Thread 0x000001f6c07bf3c0 Uncommon trap: reason=class_check action=maybe_recompile pc=0x000001f6932bdde8 method=java.util.stream.StreamOpFlag.fromCharacteristics(Ljava/util/Spliterator;)I @ 14 c2
Event: 112.135 Thread 0x000001f6c07bf3c0 DEOPT PACKING pc=0x000001f6932bdde8 sp=0x0000002e9e3f6e60
Event: 112.135 Thread 0x000001f6c07bf3c0 DEOPT UNPACKING pc=0x000001f692cf46a2 sp=0x0000002e9e3f6d48 mode 2
Event: 112.267 Thread 0x000001f6c07bf3c0 DEOPT PACKING pc=0x000001f68b7dd559 sp=0x0000002e9e3f6770
Event: 112.267 Thread 0x000001f6c07bf3c0 DEOPT UNPACKING pc=0x000001f692cf4e42 sp=0x0000002e9e3f5c60 mode 0
Event: 112.267 Thread 0x000001f6c07bf3c0 DEOPT PACKING pc=0x000001f68be5e236 sp=0x0000002e9e3f6780
Event: 112.267 Thread 0x000001f6c07bf3c0 DEOPT UNPACKING pc=0x000001f692cf4e42 sp=0x0000002e9e3f5c68 mode 0
Event: 112.267 Thread 0x000001f6c07bf3c0 DEOPT PACKING pc=0x000001f68b7dd559 sp=0x0000002e9e3f6770
Event: 112.267 Thread 0x000001f6c07bf3c0 DEOPT UNPACKING pc=0x000001f692cf4e42 sp=0x0000002e9e3f5c60 mode 0
Event: 112.272 Thread 0x000001f6c07bf3c0 Uncommon trap: trap_request=0xffffff45 fr.pc=0x000001f6932ee988 relative=0x00000000000006a8
Event: 112.272 Thread 0x000001f6c07bf3c0 Uncommon trap: reason=unstable_if action=reinterpret pc=0x000001f6932ee988 method=java.lang.String.replace(CC)Ljava/lang/String; @ 2 c2
Event: 112.272 Thread 0x000001f6c07bf3c0 DEOPT PACKING pc=0x000001f6932ee988 sp=0x0000002e9e3f6870
Event: 112.272 Thread 0x000001f6c07bf3c0 DEOPT UNPACKING pc=0x000001f692cf46a2 sp=0x0000002e9e3f6830 mode 2
Event: 112.278 Thread 0x000001f6c07bf3c0 Uncommon trap: trap_request=0xffffff45 fr.pc=0x000001f693551458 relative=0x0000000000001a18
Event: 112.278 Thread 0x000001f6c07bf3c0 Uncommon trap: reason=unstable_if action=reinterpret pc=0x000001f693551458 method=groovy.lang.MetaClassImpl.checkIfStdMethod(Lgroovy/lang/MetaMethod;)V @ 55 c2
Event: 112.278 Thread 0x000001f6c07bf3c0 DEOPT PACKING pc=0x000001f693551458 sp=0x0000002e9e3f6510
Event: 112.278 Thread 0x000001f6c07bf3c0 DEOPT UNPACKING pc=0x000001f692cf46a2 sp=0x0000002e9e3f64b0 mode 2

Classes loaded (20 events):
Event: 111.983 Loading class org/xml/sax/Attributes
Event: 111.983 Loading class org/xml/sax/Attributes done
Event: 112.135 Loading class java/util/TreeMap$EntrySpliterator
Event: 112.135 Loading class java/util/TreeMap$TreeMapSpliterator
Event: 112.135 Loading class java/util/TreeMap$TreeMapSpliterator done
Event: 112.135 Loading class java/util/TreeMap$EntrySpliterator done
Event: 112.214 Loading class java/util/Stack
Event: 112.215 Loading class java/util/Stack done
Event: 112.239 Loading class org/xml/sax/ContentHandler
Event: 112.239 Loading class org/xml/sax/ContentHandler done
Event: 112.239 Loading class org/xml/sax/EntityResolver
Event: 112.239 Loading class org/xml/sax/EntityResolver done
Event: 112.239 Loading class org/xml/sax/DTDHandler
Event: 112.239 Loading class org/xml/sax/DTDHandler done
Event: 112.250 Loading class java/util/Spliterators$IntArraySpliterator
Event: 112.250 Loading class java/util/Spliterators$IntArraySpliterator done
Event: 112.254 Loading class java/text/ParsePosition
Event: 112.255 Loading class java/text/ParsePosition done
Event: 112.262 Loading class java/text/CharacterIterator
Event: 112.262 Loading class java/text/CharacterIterator done

Classes unloaded (0 events):
No events

Classes redefined (0 events):
No events

Internal exceptions (20 events):
Event: 103.133 Thread 0x000001f6c07bf3c0 Exception <a 'java/lang/NoSuchMethodError'{0x00000000898d8b18}: 'java.lang.Object java.lang.invoke.DirectMethodHandle$Holder.newInvokeSpecial(java.lang.Object, int, java.lang.Object)'> (0x00000000898d8b18) 
thrown [s\open\src\hotspot\share\interpreter\linkResolver.cpp, line 773]
Event: 109.035 Thread 0x000001f6c07bf3c0 Exception <a 'java/lang/NoSuchMethodError'{0x00000000898abc38}: 'int java.lang.invoke.DirectMethodHandle$Holder.invokeStatic(java.lang.Object)'> (0x00000000898abc38) 
thrown [s\open\src\hotspot\share\interpreter\linkResolver.cpp, line 773]
Event: 109.036 Thread 0x000001f6c07bf3c0 Exception <a 'java/lang/NoSuchMethodError'{0x00000000898b0258}: 'int java.lang.invoke.DirectMethodHandle$Holder.invokeStaticInit(java.lang.Object)'> (0x00000000898b0258) 
thrown [s\open\src\hotspot\share\interpreter\linkResolver.cpp, line 773]
Event: 109.180 Thread 0x000001f6c07bf3c0 Exception <a 'java/lang/NoSuchMethodError'{0x0000000089725df0}: 'java.lang.Object java.lang.invoke.DirectMethodHandle$Holder.newInvokeSpecial(java.lang.Object, java.lang.Object, java.lang.Object, java.lang.Object, java.lang.Object, int)'> (0x0000000089725df0) 
thrown [s\open\src\hotspot\share\interpreter\linkResolver.cpp, line 773]
Event: 109.181 Thread 0x000001f6c07bf3c0 Exception <a 'java/lang/NoSuchMethodError'{0x000000008972b3e0}: 'java.lang.Object java.lang.invoke.DirectMethodHandle$Holder.invokeSpecial(java.lang.Object, java.lang.Object, java.lang.Object, java.lang.Object, java.lang.Object, java.lang.Object, int)'> (0x000000008972b3e0) 
thrown [s\open\src\hotspot\share\interpreter\linkResolver.cpp, line 773]
Event: 109.212 Thread 0x000001f6c07bf3c0 Exception <a 'java/lang/NoSuchMethodError'{0x00000000897ea2b0}: 'void java.lang.invoke.DirectMethodHandle$Holder.invokeStatic(java.lang.Object, java.lang.Object, java.lang.Object, int, java.lang.Object)'> (0x00000000897ea2b0) 
thrown [s\open\src\hotspot\share\interpreter\linkResolver.cpp, line 773]
Event: 109.868 Thread 0x000001f6c07bf3c0 Exception <a 'java/lang/NoSuchMethodError'{0x0000000084619080}: 'java.lang.Object java.lang.invoke.DirectMethodHandle$Holder.newInvokeSpecial(java.lang.Object, java.lang.Object, int)'> (0x0000000084619080) 
thrown [s\open\src\hotspot\share\interpreter\linkResolver.cpp, line 773]
Event: 111.965 Thread 0x000001f6c07bf3c0 Exception <a 'java/lang/ClassNotFoundException'{0x0000000083bdb6b8}: org/gradle/api/internal/project/DefaultProject_DecoratedBeanInfo> (0x0000000083bdb6b8) 
thrown [s\open\src\hotspot\share\classfile\systemDictionary.cpp, line 312]
Event: 111.966 Thread 0x000001f6c07bf3c0 Exception <a 'java/lang/ClassNotFoundException'{0x0000000083befb00}: org/gradle/api/internal/project/DefaultProjectBeanInfo> (0x0000000083befb00) 
thrown [s\open\src\hotspot\share\classfile\systemDictionary.cpp, line 312]
Event: 111.968 Thread 0x000001f6c07bf3c0 Exception <a 'java/lang/ClassNotFoundException'{0x0000000083a038f8}: org/gradle/api/internal/project/DefaultProjectCustomizer> (0x0000000083a038f8) 
thrown [s\open\src\hotspot\share\classfile\systemDictionary.cpp, line 312]
Event: 111.976 Thread 0x000001f6c07bf3c0 Exception <a 'java/lang/ClassNotFoundException'{0x0000000083abeb60}: org/gradle/api/internal/project/DefaultProject_DecoratedCustomizer> (0x0000000083abeb60) 
thrown [s\open\src\hotspot\share\classfile\systemDictionary.cpp, line 312]
Event: 112.133 Thread 0x000001f6c07bf3c0 Exception <a 'java/lang/IncompatibleClassChangeError'{0x00000000839786b0}: Found class java.lang.Object, but interface was expected> (0x00000000839786b0) 
thrown [s\open\src\hotspot\share\interpreter\linkResolver.cpp, line 840]
Event: 112.240 Thread 0x000001f6c07bf3c0 Exception <a 'java/lang/IncompatibleClassChangeError'{0x000000008388ede0}: Found class java.lang.Object, but interface was expected> (0x000000008388ede0) 
thrown [s\open\src\hotspot\share\interpreter\linkResolver.cpp, line 840]
Event: 112.280 Thread 0x000001f6c07bf3c0 Exception <a 'java/lang/ClassNotFoundException'{0x00000000836299a8}: org/gradle/api/internal/project/DefaultAntBuilderBeanInfo> (0x00000000836299a8) 
thrown [s\open\src\hotspot\share\classfile\systemDictionary.cpp, line 312]
Event: 112.281 Thread 0x000001f6c07bf3c0 Exception <a 'java/lang/ClassNotFoundException'{0x000000008363ee80}: org/gradle/api/internal/project/ant/BasicAntBuilderBeanInfo> (0x000000008363ee80) 
thrown [s\open\src\hotspot\share\classfile\systemDictionary.cpp, line 312]
Event: 112.283 Thread 0x000001f6c07bf3c0 Exception <a 'java/lang/ClassNotFoundException'{0x00000000836541e0}: org/gradle/api/AntBuilderBeanInfo> (0x00000000836541e0) 
thrown [s\open\src\hotspot\share\classfile\systemDictionary.cpp, line 312]
Event: 112.284 Thread 0x000001f6c07bf3c0 Exception <a 'java/lang/ClassNotFoundException'{0x00000000836696e8}: groovy/ant/AntBuilderBeanInfo> (0x00000000836696e8) 
thrown [s\open\src\hotspot\share\classfile\systemDictionary.cpp, line 312]
Event: 112.285 Thread 0x000001f6c07bf3c0 Exception <a 'java/lang/ClassNotFoundException'{0x000000008367ecf8}: groovy/util/BuilderSupportBeanInfo> (0x000000008367ecf8) 
thrown [s\open\src\hotspot\share\classfile\systemDictionary.cpp, line 312]
Event: 112.287 Thread 0x000001f6c07bf3c0 Exception <a 'java/lang/ClassNotFoundException'{0x0000000083694588}: groovy/util/BuilderSupportCustomizer> (0x0000000083694588) 
thrown [s\open\src\hotspot\share\classfile\systemDictionary.cpp, line 312]
Event: 112.289 Thread 0x000001f6c07bf3c0 Exception <a 'java/lang/ClassNotFoundException'{0x00000000836ac1a8}: groovy/ant/AntBuilderCustomizer> (0x00000000836ac1a8) 
thrown [s\open\src\hotspot\share\classfile\systemDictionary.cpp, line 312]

ZGC Phase Switch (0 events):
No events

VM Operations (20 events):
Event: 106.099 Executing VM operation: HandshakeAllThreads (Deoptimize)
Event: 106.099 Executing VM operation: HandshakeAllThreads (Deoptimize) done
Event: 106.163 Executing VM operation: HandshakeAllThreads (Deoptimize)
Event: 106.163 Executing VM operation: HandshakeAllThreads (Deoptimize) done
Event: 106.163 Executing VM operation: Cleanup
Event: 106.163 Executing VM operation: Cleanup done
Event: 107.166 Executing VM operation: Cleanup
Event: 107.202 Executing VM operation: Cleanup done
Event: 107.773 Executing VM operation: G1CollectForAllocation (G1 Evacuation Pause)
Event: 107.780 Executing VM operation: G1CollectForAllocation (G1 Evacuation Pause) done
Event: 108.786 Executing VM operation: Cleanup
Event: 108.881 Executing VM operation: Cleanup done
Event: 108.887 Executing VM operation: HandshakeAllThreads (Deoptimize)
Event: 108.887 Executing VM operation: HandshakeAllThreads (Deoptimize) done
Event: 109.888 Executing VM operation: Cleanup
Event: 110.011 Executing VM operation: Cleanup done
Event: 111.012 Executing VM operation: Cleanup
Event: 111.012 Executing VM operation: Cleanup done
Event: 111.792 Executing VM operation: HandshakeAllThreads (Deoptimize)
Event: 111.792 Executing VM operation: HandshakeAllThreads (Deoptimize) done

Events (20 events):
Event: 110.801 Thread 0x000001f6c1453d80 Thread added: 0x000001f6c1453d80
Event: 110.802 Thread 0x000001f6c1454aa0 Thread added: 0x000001f6c1454aa0
Event: 110.802 Thread 0x000001f6c14564e0 Thread added: 0x000001f6c14564e0
Event: 110.803 Thread 0x000001f6c1457f20 Thread added: 0x000001f6c1457f20
Event: 110.803 Thread 0x000001f6c14592d0 Thread added: 0x000001f6c14592d0
Event: 110.804 Thread 0x000001f6c14585b0 Thread added: 0x000001f6c14585b0
Event: 110.805 Thread 0x000001f6c1459960 Thread added: 0x000001f6c1459960
Event: 110.805 Thread 0x000001f6c1459ff0 Thread added: 0x000001f6c1459ff0
Event: 110.806 Thread 0x000001f6c14557c0 Thread added: 0x000001f6c14557c0
Event: 110.806 Thread 0x000001f6c145a680 Thread added: 0x000001f6c145a680
Event: 110.807 Thread 0x000001f6c0b876c0 Thread added: 0x000001f6c0b876c0
Event: 110.807 Thread 0x000001f6c0b85c80 Thread added: 0x000001f6c0b85c80
Event: 110.808 Thread 0x000001f6c0b88a70 Thread added: 0x000001f6c0b88a70
Event: 110.810 Thread 0x000001f6c0b883e0 Thread added: 0x000001f6c0b883e0
Event: 110.811 Thread 0x000001f6c0b87d50 Thread added: 0x000001f6c0b87d50
Event: 110.812 Thread 0x000001f6c0b869a0 Thread added: 0x000001f6c0b869a0
Event: 110.812 Thread 0x000001f6c0b86310 Thread added: 0x000001f6c0b86310
Event: 110.813 Thread 0x000001f6c0b8ab40 Thread added: 0x000001f6c0b8ab40
Event: 110.814 Thread 0x000001f6c0b87030 Thread added: 0x000001f6c0b87030
Event: 111.313 Thread 0x000001f6c0b89790 Thread added: 0x000001f6c0b89790


Dynamic libraries:
0x00007ff6a4d20000 - 0x00007ff6a4d30000 	C:\Program Files\Java\jdk-21\bin\java.exe
0x00007ff9d1830000 - 0x00007ff9d1a28000 	C:\WINDOWS\SYSTEM32\ntdll.dll
0x00007ff99dbb0000 - 0x00007ff99dbc9000 	C:\Program Files\Avast Software\Avast\aswhook.dll
0x00007ff9d06f0000 - 0x00007ff9d07ad000 	C:\WINDOWS\System32\KERNEL32.DLL
0x00007ff9cef00000 - 0x00007ff9cf1f6000 	C:\WINDOWS\System32\KERNELBASE.dll
0x00007ff9c2be0000 - 0x00007ff9c2bf9000 	C:\Program Files\Java\jdk-21\bin\jli.dll
0x00007ff9d1420000 - 0x00007ff9d14d3000 	C:\WINDOWS\System32\ADVAPI32.dll
0x00007ff9bbbc0000 - 0x00007ff9bbbdb000 	C:\Program Files\Java\jdk-21\bin\VCRUNTIME140.dll
0x00007ff9d0250000 - 0x00007ff9d02ee000 	C:\WINDOWS\System32\msvcrt.dll
0x00007ff9d1620000 - 0x00007ff9d16bf000 	C:\WINDOWS\System32\sechost.dll
0x00007ff9d0370000 - 0x00007ff9d0496000 	C:\WINDOWS\System32\RPCRT4.dll
0x00007ff9cf200000 - 0x00007ff9cf227000 	C:\WINDOWS\System32\bcrypt.dll
0x00007ff9d04a0000 - 0x00007ff9d063e000 	C:\WINDOWS\System32\USER32.dll
0x00007ff9cf610000 - 0x00007ff9cf632000 	C:\WINDOWS\System32\win32u.dll
0x00007ff9d06b0000 - 0x00007ff9d06dc000 	C:\WINDOWS\System32\GDI32.dll
0x00007ff9cf6f0000 - 0x00007ff9cf80a000 	C:\WINDOWS\System32\gdi32full.dll
0x00007ff9cf330000 - 0x00007ff9cf3cd000 	C:\WINDOWS\System32\msvcp_win.dll
0x00007ff9ae300000 - 0x00007ff9ae59a000 	C:\WINDOWS\WinSxS\amd64_microsoft.windows.common-controls_6595b64144ccf1df_6.0.19041.3636_none_60b6a03d71f818d5\COMCTL32.dll
0x00007ff9c44f0000 - 0x00007ff9c44fa000 	C:\WINDOWS\SYSTEM32\VERSION.dll
0x00007ff9cf230000 - 0x00007ff9cf330000 	C:\WINDOWS\System32\ucrtbase.dll
0x00007ff9d17c0000 - 0x00007ff9d17f0000 	C:\WINDOWS\System32\IMM32.DLL
0x00007ff9c6c90000 - 0x00007ff9c6c9c000 	C:\Program Files\Java\jdk-21\bin\vcruntime140_1.dll
0x00007ff99f7d0000 - 0x00007ff99f85e000 	C:\Program Files\Java\jdk-21\bin\msvcp140.dll
0x00007ff986c50000 - 0x00007ff987965000 	C:\Program Files\Java\jdk-21\bin\server\jvm.dll
0x00007ff9d1750000 - 0x00007ff9d17bb000 	C:\WINDOWS\System32\WS2_32.dll
0x00007ff9ce450000 - 0x00007ff9ce49b000 	C:\WINDOWS\SYSTEM32\POWRPROF.dll
0x00007ff9ad730000 - 0x00007ff9ad757000 	C:\WINDOWS\SYSTEM32\WINMM.dll
0x00007ff9ce310000 - 0x00007ff9ce322000 	C:\WINDOWS\SYSTEM32\UMPDC.dll
0x00007ff9cd450000 - 0x00007ff9cd462000 	C:\WINDOWS\SYSTEM32\kernel.appcore.dll
0x00007ff9c68a0000 - 0x00007ff9c68aa000 	C:\Program Files\Java\jdk-21\bin\jimage.dll
0x00007ff9c9310000 - 0x00007ff9c94f4000 	C:\WINDOWS\SYSTEM32\DBGHELP.DLL
0x00007ff9c3720000 - 0x00007ff9c3754000 	C:\WINDOWS\SYSTEM32\dbgcore.DLL
0x00007ff9cf530000 - 0x00007ff9cf5b2000 	C:\WINDOWS\System32\bcryptPrimitives.dll
0x00007ff9b8dc0000 - 0x00007ff9b8ddf000 	C:\Program Files\Java\jdk-21\bin\java.dll
0x00007ff9d0cd0000 - 0x00007ff9d1415000 	C:\WINDOWS\System32\SHELL32.dll
0x00007ff9ccca0000 - 0x00007ff9cd43b000 	C:\WINDOWS\SYSTEM32\windows.storage.dll
0x00007ff9cfc20000 - 0x00007ff9cff74000 	C:\WINDOWS\System32\combase.dll
0x00007ff9ce930000 - 0x00007ff9ce95d000 	C:\WINDOWS\SYSTEM32\Wldp.dll
0x00007ff9d0c20000 - 0x00007ff9d0ccd000 	C:\WINDOWS\System32\SHCORE.dll
0x00007ff9cf880000 - 0x00007ff9cf8d5000 	C:\WINDOWS\System32\shlwapi.dll
0x00007ff9cee30000 - 0x00007ff9cee55000 	C:\WINDOWS\SYSTEM32\profapi.dll
0x00007ff9c66a0000 - 0x00007ff9c66b0000 	C:\Program Files\Java\jdk-21\bin\net.dll
0x00007ff9cded0000 - 0x00007ff9cdfda000 	C:\WINDOWS\SYSTEM32\WINHTTP.dll
0x00007ff99b500000 - 0x00007ff99b5d7000 	C:\Program Files\Java\jdk-21\bin\jsvml.dll
0x00007ff9ce690000 - 0x00007ff9ce6fa000 	C:\WINDOWS\system32\mswsock.dll
0x00007ff9b8e90000 - 0x00007ff9b8ea6000 	C:\Program Files\Java\jdk-21\bin\nio.dll
0x00007ff9b7ee0000 - 0x00007ff9b7ef8000 	C:\Program Files\Java\jdk-21\bin\zip.dll
0x00007ff9c2b60000 - 0x00007ff9c2b70000 	C:\Program Files\Java\jdk-21\bin\verify.dll
0x00007ff9bb950000 - 0x00007ff9bb977000 	C:\Users\2076045\.gradle\native\68d5fa5c4cc2d200863cafc0d521ce42e7d3e7ee720ec0a83991735586a16f82\windows-amd64\native-platform.dll
0x00007ff988680000 - 0x00007ff9887c4000 	C:\Users\2076045\.gradle\native\e376f236ea51e6404a007f0833ffe2c6e607c4080706a723a18a27aeea778392\windows-amd64\native-platform-file-events.dll
0x00007ff9c63e0000 - 0x00007ff9c63ea000 	C:\Program Files\Java\jdk-21\bin\management.dll
0x00007ff9c6390000 - 0x00007ff9c639b000 	C:\Program Files\Java\jdk-21\bin\management_ext.dll
0x00007ff9d0160000 - 0x00007ff9d0168000 	C:\WINDOWS\System32\PSAPI.DLL
0x00007ff9ce880000 - 0x00007ff9ce898000 	C:\WINDOWS\SYSTEM32\CRYPTSP.dll
0x00007ff9cde40000 - 0x00007ff9cde74000 	C:\WINDOWS\system32\rsaenh.dll
0x00007ff9cedb0000 - 0x00007ff9cedde000 	C:\WINDOWS\SYSTEM32\USERENV.dll
0x00007ff9ce8a0000 - 0x00007ff9ce8ac000 	C:\WINDOWS\SYSTEM32\CRYPTBASE.dll
0x00007ff9ce330000 - 0x00007ff9ce36b000 	C:\WINDOWS\SYSTEM32\IPHLPAPI.DLL
0x00007ff9d06e0000 - 0x00007ff9d06e8000 	C:\WINDOWS\System32\NSI.dll
0x00007ff9c3020000 - 0x00007ff9c3027000 	C:\Program Files\Java\jdk-21\bin\extnet.dll
0x00007ff9c6330000 - 0x00007ff9c633e000 	C:\Program Files\Java\jdk-21\bin\sunmscapi.dll
0x00007ff9cf3d0000 - 0x00007ff9cf52d000 	C:\WINDOWS\System32\CRYPT32.dll
0x00007ff9ce9a0000 - 0x00007ff9ce9c8000 	C:\WINDOWS\SYSTEM32\ncrypt.dll
0x00007ff9ce960000 - 0x00007ff9ce99b000 	C:\WINDOWS\SYSTEM32\NTASN1.dll
0x00007ff9c4790000 - 0x00007ff9c4797000 	C:\WINDOWS\system32\wshunix.dll

dbghelp: loaded successfully - version: 4.0.5 - missing functions: none
symbol engine: initialized successfully - sym options: 0x614 - pdb path: .;C:\Program Files\Java\jdk-21\bin;C:\WINDOWS\SYSTEM32;C:\Program Files\Avast Software\Avast;C:\WINDOWS\WinSxS\amd64_microsoft.windows.common-controls_6595b64144ccf1df_6.0.19041.3636_none_60b6a03d71f818d5;C:\Program Files\Java\jdk-21\bin\server;C:\Users\2076045\.gradle\native\68d5fa5c4cc2d200863cafc0d521ce42e7d3e7ee720ec0a83991735586a16f82\windows-amd64;C:\Users\2076045\.gradle\native\e376f236ea51e6404a007f0833ffe2c6e607c4080706a723a18a27aeea778392\windows-amd64

VM Arguments:
jvm_args: -XX:MaxMetaspaceSize=512m --add-opens=java.base/java.util=ALL-UNNAMED --add-opens=java.base/java.lang=ALL-UNNAMED --add-opens=java.base/java.lang.invoke=ALL-UNNAMED --add-opens=java.prefs/java.util.prefs=ALL-UNNAMED --add-opens=java.base/java.nio.charset=ALL-UNNAMED --add-opens=java.base/java.net=ALL-UNNAMED --add-opens=java.base/java.util.concurrent.atomic=ALL-UNNAMED -Xmx2048m -Dfile.encoding=UTF-8 -Duser.country=KR -Duser.language=ko -Duser.variant 
java_command: org.gradle.launcher.daemon.bootstrap.GradleDaemon 8.0.1
java_class_path (initial): C:\Users\2076045\.gradle\wrapper\dists\gradle-8.0.1-all\aro4hu1c3oeioove7l0i4i14o\gradle-8.0.1\lib\gradle-launcher-8.0.1.jar
Launcher Type: SUN_STANDARD

[Global flags]
     intx CICompilerCount                          = 4                                         {product} {ergonomic}
   size_t CompressedClassSpaceSize                 = 436207616                                 {product} {ergonomic}
     uint ConcGCThreads                            = 2                                         {product} {ergonomic}
     uint G1ConcRefinementThreads                  = 8                                         {product} {ergonomic}
   size_t G1HeapRegionSize                         = 1048576                                   {product} {ergonomic}
    uintx GCDrainStackTargetSize                   = 64                                        {product} {ergonomic}
   size_t InitialHeapSize                          = 266338304                                 {product} {ergonomic}
   size_t MarkStackSize                            = 4194304                                   {product} {ergonomic}
   size_t MaxHeapSize                              = 2147483648                                {product} {command line}
   size_t MaxMetaspaceSize                         = 536870912                                 {product} {command line}
   size_t MaxNewSize                               = 1287651328                                {product} {ergonomic}
   size_t MinHeapDeltaBytes                        = 1048576                                   {product} {ergonomic}
   size_t MinHeapSize                              = 8388608                                   {product} {ergonomic}
    uintx NonNMethodCodeHeapSize                   = 5839372                                {pd product} {ergonomic}
    uintx NonProfiledCodeHeapSize                  = 122909434                              {pd product} {ergonomic}
    uintx ProfiledCodeHeapSize                     = 122909434                              {pd product} {ergonomic}
    uintx ReservedCodeCacheSize                    = 251658240                              {pd product} {ergonomic}
     bool SegmentedCodeCache                       = true                                      {product} {ergonomic}
   size_t SoftMaxHeapSize                          = 2147483648                             {manageable} {ergonomic}
     bool UseCompressedOops                        = true                           {product lp64_product} {ergonomic}
     bool UseG1GC                                  = true                                      {product} {ergonomic}
     bool UseLargePagesIndividualAllocation        = false                                  {pd product} {ergonomic}

Logging:
Log output configuration:
 #0: stdout all=warning uptime,level,tags foldmultilines=false
 #1: stderr all=off uptime,level,tags foldmultilines=false

Environment Variables:
JAVA_HOME=C:\Program Files\Java\jdk-21
CLASSPATH=C:\Users\2076045\biography-app\android\\gradle\wrapper\gradle-wrapper.jar
PATH=C:\Users\2076045\biography-app\node_modules\.bin;C:\Users\2076045\biography-app\node_modules\.bin;C:\Users\2076045\node_modules\.bin;C:\Users\node_modules\.bin;C:\node_modules\.bin;C:\Program Files\nodejs\node_modules\npm\node_modules\@npmcli\run-script\lib\node-gyp-bin;C:\Users\2076045\biography-app\node_modules\.bin;C:\Users\2076045\node_modules\.bin;C:\Users\node_modules\.bin;C:\node_modules\.bin;C:\Program Files\nodejs\node_modules\npm\node_modules\@npmcli\run-script\lib\node-gyp-bin;C:\Program Files\Java\jdk-21\bin;C:\Program Files\Common Files\Oracle\Java\javapath;C:\Program Files\Eclipse Adoptium\jdk-11.0.20.8-hotspot\bin;C:\Program Files\Eclipse Adoptium\jdk-8.0.382.5-hotspot\bin;C:\ProgramData\chocolatey\bin;C:\Program Files\nodejs;C:\Users\2076045\AppData\Local\Android\Sdk;C:\Users\2076045\AppData\Local\Android\Sdk\platform-tools;C:\Program Files\Java\jdk-21\bin\;C:\Users\2076045\AppData\Local\Programs\Python\Python39\Scripts\;C:\Users\2076045\AppData\Local\Programs\Python\Python39\;C:\Users\2076045\AppData\Local\Microsoft\WindowsApps;C:\Program Files\JetBrains\PyCharm Community Edition 2022.3.1\bin;;C:\Users\2076045\AppData\Local\Programs\Microsoft VS Code\bin;C:\Users\2076045\AppData\Local\GitHubDesktop\bin;C:\Users\2076045\.dotnet\tools;C:\Users\2076045\AppData\Roaming\npm;C:\Program Files\Java\jdk-17;
USERNAME=2076045
LANG=en_US.UTF-8
OS=Windows_NT
PROCESSOR_IDENTIFIER=Intel64 Family 6 Model 142 Stepping 12, GenuineIntel
TMP=C:\Users\2076045\AppData\Local\Temp
TEMP=C:\Users\2076045\AppData\Local\Temp




Periodic native trim disabled

---------------  S Y S T E M  ---------------

OS:
 Windows 10 , 64 bit Build 19041 (10.0.19041.3636)
OS uptime: 3 days 3:07 hours

CPU: total 8 (initial active 8) (4 cores per cpu, 2 threads per core) family 6 model 142 stepping 12 microcode 0xca, cx8, cmov, fxsr, ht, mmx, 3dnowpref, sse, sse2, sse3, ssse3, sse4.1, sse4.2, popcnt, lzcnt, tsc, tscinvbit, avx, avx2, aes, erms, clmul, bmi1, bmi2, adx, fma, vzeroupper, clflush, clflushopt, rdtscp, f16c
Processor Information for all 8 processors :
  Max Mhz: 2112, Current Mhz: 1609, Mhz Limit: 1605

Memory: 4k page, system-wide physical 16193M (290M free)
TotalPageFile size 27829M (AvailPageFile size 4M)
current process WorkingSet (physical memory assigned to process): 246M, peak: 254M
current process commit charge ("private bytes"): 292M, peak: 435M

vm_info: Java HotSpot(TM) 64-Bit Server VM (21.0.1+12-LTS-29) for windows-amd64 JRE (21.0.1+12-LTS-29), built on 2023-10-05T13:27:09Z by "mach5one" with MS VC++ 17.1 (VS2022)

END.
