#
# There is insufficient memory for the Java Runtime Environment to continue.
# Native memory allocation (malloc) failed to allocate 32744 bytes for Chunk::new
# Possible reasons:
#   The system is out of physical RAM or swap space
#   The process is running with CompressedOops enabled, and the Java Heap may be blocking the growth of the native heap
# Possible solutions:
#   Reduce memory load on the system
#   Increase physical memory or swap space
#   Check if swap backing store is full
#   Decrease Java heap size (-Xmx/-Xms)
#   Decrease number of Java threads
#   Decrease Java thread stack sizes (-Xss)
#   Set larger code cache with -XX:ReservedCodeCacheSize=
#   JVM is running with Unscaled Compressed Oops mode in which the Java heap is
#     placed in the first 4GB address space. The Java Heap base address is the
#     maximum limit for the native heap growth. Please use -XX:HeapBaseMinAddress
#     to set the Java Heap base and to place the Java Heap above 4GB virtual address.
# This output file may be truncated or incomplete.
#
#  Out of Memory Error (arena.cpp:168), pid=23388, tid=28056
#
# JRE version: Java(TM) SE Runtime Environment (21.0.1+12) (build 21.0.1+12-LTS-29)
# Java VM: Java HotSpot(TM) 64-Bit Server VM (21.0.1+12-LTS-29, mixed mode, sharing, tiered, compressed oops, compressed class ptrs, g1 gc, windows-amd64)
# No core dump will be written. Minidumps are not enabled by default on client versions of Windows
#

---------------  S U M M A R Y ------------

Command Line: -Xmx64m -Xms64m -Dorg.gradle.appname=gradlew org.gradle.wrapper.GradleWrapperMain tasks

Host: Intel(R) Core(TM) i5-10210U CPU @ 1.60GHz, 8 cores, 15G,  Windows 10 , 64 bit Build 19041 (10.0.19041.3636)
Time: Sat Jan 20 01:04:21 2024  Windows 10 , 64 bit Build 19041 (10.0.19041.3636) elapsed time: 4.013455 seconds (0d 0h 0m 4s)

---------------  T H R E A D  ---------------

Current thread (0x000001dd286e6d70):  JavaThread "C2 CompilerThread0" daemon [_thread_in_native, id=28056, stack(0x0000008fb7800000,0x0000008fb7900000) (1024K)]


Current CompileTask:
C2:   4013  285 %     4       java.lang.StringLatin1::indexOfChar @ 7 (33 bytes)

Stack: [0x0000008fb7800000,0x0000008fb7900000]
Native frames: (J=compiled Java code, j=interpreted, Vv=VM code, C=native code)
V  [jvm.dll+0x6c9029]
V  [jvm.dll+0x854b81]
V  [jvm.dll+0x856e5e]
V  [jvm.dll+0x857543]
V  [jvm.dll+0x280c06]
V  [jvm.dll+0xc3ead]
V  [jvm.dll+0xc43c3]
V  [jvm.dll+0x5d4e2a]
V  [jvm.dll+0x1e1d50]
V  [jvm.dll+0x249c22]
V  [jvm.dll+0x2490b1]
V  [jvm.dll+0x1c9ca1]
V  [jvm.dll+0x2586b9]
V  [jvm.dll+0x256c9a]
V  [jvm.dll+0x3ef1b6]
V  [jvm.dll+0x7fd728]
V  [jvm.dll+0x6c777d]
C  [ucrtbase.dll+0x21bb2]
C  [KERNEL32.DLL+0x17344]
C  [ntdll.dll+0x526b1]


---------------  P R O C E S S  ---------------

Threads class SMR info:
_java_thread_list=0x000001dd428b8a40, length=11, elements={
0x000001dd28629780, 0x000001dd428698d0, 0x000001dd4286a7c0, 0x000001dd4286edb0,
0x000001dd4286f810, 0x000001dd42870270, 0x000001dd286e5fe0, 0x000001dd286e6d70,
0x000001dd286e7810, 0x000001dd428e02d0, 0x000001dd428eaf10
}

Java Threads: ( => current thread )
  0x000001dd28629780 JavaThread "main"                              [_thread_in_native, id=38768, stack(0x0000008fb6a00000,0x0000008fb6b00000) (1024K)]
  0x000001dd428698d0 JavaThread "Reference Handler"          daemon [_thread_blocked, id=17332, stack(0x0000008fb7200000,0x0000008fb7300000) (1024K)]
  0x000001dd4286a7c0 JavaThread "Finalizer"                  daemon [_thread_blocked, id=16448, stack(0x0000008fb7300000,0x0000008fb7400000) (1024K)]
  0x000001dd4286edb0 JavaThread "Signal Dispatcher"          daemon [_thread_blocked, id=39884, stack(0x0000008fb7400000,0x0000008fb7500000) (1024K)]
  0x000001dd4286f810 JavaThread "Attach Listener"            daemon [_thread_blocked, id=41600, stack(0x0000008fb7500000,0x0000008fb7600000) (1024K)]
  0x000001dd42870270 JavaThread "Service Thread"             daemon [_thread_blocked, id=22488, stack(0x0000008fb7600000,0x0000008fb7700000) (1024K)]
  0x000001dd286e5fe0 JavaThread "Monitor Deflation Thread"   daemon [_thread_blocked, id=35680, stack(0x0000008fb7700000,0x0000008fb7800000) (1024K)]
=>0x000001dd286e6d70 JavaThread "C2 CompilerThread0"         daemon [_thread_in_native, id=28056, stack(0x0000008fb7800000,0x0000008fb7900000) (1024K)]
  0x000001dd286e7810 JavaThread "C1 CompilerThread0"         daemon [_thread_blocked, id=14428, stack(0x0000008fb7900000,0x0000008fb7a00000) (1024K)]
  0x000001dd428e02d0 JavaThread "Notification Thread"        daemon [_thread_blocked, id=7276, stack(0x0000008fb7a00000,0x0000008fb7b00000) (1024K)]
  0x000001dd428eaf10 JavaThread "Common-Cleaner"             daemon [_thread_blocked, id=17116, stack(0x0000008fb7b00000,0x0000008fb7c00000) (1024K)]
Total: 11

Other Threads:
  0x000001dd286c9220 VMThread "VM Thread"                           [id=25928, stack(0x0000008fb7100000,0x0000008fb7200000) (1024K)]
  0x000001dd4285d7f0 WatcherThread "VM Periodic Task Thread"        [id=24856, stack(0x0000008fb7000000,0x0000008fb7100000) (1024K)]
  0x000001dd2863f8a0 WorkerThread "GC Thread#0"                     [id=24940, stack(0x0000008fb6b00000,0x0000008fb6c00000) (1024K)]
  0x000001dd28641080 ConcurrentGCThread "G1 Main Marker"            [id=15620, stack(0x0000008fb6c00000,0x0000008fb6d00000) (1024K)]
  0x000001dd28641e00 WorkerThread "G1 Conc#0"                       [id=42296, stack(0x0000008fb6d00000,0x0000008fb6e00000) (1024K)]
  0x000001dd286a4d50 ConcurrentGCThread "G1 Refine#0"               [id=18084, stack(0x0000008fb6e00000,0x0000008fb6f00000) (1024K)]
  0x000001dd286a58c0 ConcurrentGCThread "G1 Service"                [id=37952, stack(0x0000008fb6f00000,0x0000008fb7000000) (1024K)]
Total: 7

Threads with active compile tasks:
C2 CompilerThread0     4079  285 %     4       java.lang.StringLatin1::indexOfChar @ 7 (33 bytes)
Total: 1

VM state: not at safepoint (normal execution)

VM Mutex/Monitor currently owned by a thread: None

Heap address: 0x00000000fc000000, size: 64 MB, Compressed Oops mode: 32-bit

CDS archive(s) mapped at: [0x000001dd43000000-0x000001dd43c90000-0x000001dd43c90000), size 13172736, SharedBaseAddress: 0x000001dd43000000, ArchiveRelocationMode: 1.
Compressed class space mapped at: 0x000001dd44000000-0x000001dd84000000, reserved size: 1073741824
Narrow klass base: 0x000001dd43000000, Narrow klass shift: 0, Narrow klass range: 0x100000000

GC Precious Log:
 CardTable entry size: 512
 Card Set container configuration: InlinePtr #cards 5 size 8 Array Of Cards #cards 12 size 40 Howl #buckets 4 coarsen threshold 1843 Howl Bitmap #cards 512 size 80 coarsen threshold 460 Card regions per heap region 1 cards per card region 2048
 CPUs: 8 total, 8 available
 Memory: 16193M
 Large Page Support: Disabled
 NUMA Support: Disabled
 Compressed Oops: Enabled (32-bit)
 Heap Region Size: 1M
 Heap Min Capacity: 64M
 Heap Initial Capacity: 64M
 Heap Max Capacity: 64M
 Pre-touch: Disabled
 Parallel Workers: 8
 Concurrent Workers: 2
 Concurrent Refinement Workers: 8
 Periodic GC: Disabled

Heap:
 garbage-first heap   total 65536K, used 3072K [0x00000000fc000000, 0x0000000100000000)
  region size 1024K, 4 young (4096K), 0 survivors (0K)
 Metaspace       used 1380K, committed 1536K, reserved 1114112K
  class space    used 136K, committed 192K, reserved 1048576K

Heap Regions: E=young(eden), S=young(survivor), O=old, HS=humongous(starts), HC=humongous(continues), CS=collection set, F=free, TAMS=top-at-mark-start, PB=parsable bottom
|   0|0x00000000fc000000, 0x00000000fc000000, 0x00000000fc100000|  0%| F|  |TAMS 0x00000000fc000000| PB 0x00000000fc000000| Untracked 
|   1|0x00000000fc100000, 0x00000000fc100000, 0x00000000fc200000|  0%| F|  |TAMS 0x00000000fc100000| PB 0x00000000fc100000| Untracked 
|   2|0x00000000fc200000, 0x00000000fc200000, 0x00000000fc300000|  0%| F|  |TAMS 0x00000000fc200000| PB 0x00000000fc200000| Untracked 
|   3|0x00000000fc300000, 0x00000000fc300000, 0x00000000fc400000|  0%| F|  |TAMS 0x00000000fc300000| PB 0x00000000fc300000| Untracked 
|   4|0x00000000fc400000, 0x00000000fc400000, 0x00000000fc500000|  0%| F|  |TAMS 0x00000000fc400000| PB 0x00000000fc400000| Untracked 
|   5|0x00000000fc500000, 0x00000000fc500000, 0x00000000fc600000|  0%| F|  |TAMS 0x00000000fc500000| PB 0x00000000fc500000| Untracked 
|   6|0x00000000fc600000, 0x00000000fc600000, 0x00000000fc700000|  0%| F|  |TAMS 0x00000000fc600000| PB 0x00000000fc600000| Untracked 
|   7|0x00000000fc700000, 0x00000000fc700000, 0x00000000fc800000|  0%| F|  |TAMS 0x00000000fc700000| PB 0x00000000fc700000| Untracked 
|   8|0x00000000fc800000, 0x00000000fc800000, 0x00000000fc900000|  0%| F|  |TAMS 0x00000000fc800000| PB 0x00000000fc800000| Untracked 
|   9|0x00000000fc900000, 0x00000000fc900000, 0x00000000fca00000|  0%| F|  |TAMS 0x00000000fc900000| PB 0x00000000fc900000| Untracked 
|  10|0x00000000fca00000, 0x00000000fca00000, 0x00000000fcb00000|  0%| F|  |TAMS 0x00000000fca00000| PB 0x00000000fca00000| Untracked 
|  11|0x00000000fcb00000, 0x00000000fcb00000, 0x00000000fcc00000|  0%| F|  |TAMS 0x00000000fcb00000| PB 0x00000000fcb00000| Untracked 
|  12|0x00000000fcc00000, 0x00000000fcc00000, 0x00000000fcd00000|  0%| F|  |TAMS 0x00000000fcc00000| PB 0x00000000fcc00000| Untracked 
|  13|0x00000000fcd00000, 0x00000000fcd00000, 0x00000000fce00000|  0%| F|  |TAMS 0x00000000fcd00000| PB 0x00000000fcd00000| Untracked 
|  14|0x00000000fce00000, 0x00000000fce00000, 0x00000000fcf00000|  0%| F|  |TAMS 0x00000000fce00000| PB 0x00000000fce00000| Untracked 
|  15|0x00000000fcf00000, 0x00000000fcf00000, 0x00000000fd000000|  0%| F|  |TAMS 0x00000000fcf00000| PB 0x00000000fcf00000| Untracked 
|  16|0x00000000fd000000, 0x00000000fd000000, 0x00000000fd100000|  0%| F|  |TAMS 0x00000000fd000000| PB 0x00000000fd000000| Untracked 
|  17|0x00000000fd100000, 0x00000000fd100000, 0x00000000fd200000|  0%| F|  |TAMS 0x00000000fd100000| PB 0x00000000fd100000| Untracked 
|  18|0x00000000fd200000, 0x00000000fd200000, 0x00000000fd300000|  0%| F|  |TAMS 0x00000000fd200000| PB 0x00000000fd200000| Untracked 
|  19|0x00000000fd300000, 0x00000000fd300000, 0x00000000fd400000|  0%| F|  |TAMS 0x00000000fd300000| PB 0x00000000fd300000| Untracked 
|  20|0x00000000fd400000, 0x00000000fd400000, 0x00000000fd500000|  0%| F|  |TAMS 0x00000000fd400000| PB 0x00000000fd400000| Untracked 
|  21|0x00000000fd500000, 0x00000000fd500000, 0x00000000fd600000|  0%| F|  |TAMS 0x00000000fd500000| PB 0x00000000fd500000| Untracked 
|  22|0x00000000fd600000, 0x00000000fd600000, 0x00000000fd700000|  0%| F|  |TAMS 0x00000000fd600000| PB 0x00000000fd600000| Untracked 
|  23|0x00000000fd700000, 0x00000000fd700000, 0x00000000fd800000|  0%| F|  |TAMS 0x00000000fd700000| PB 0x00000000fd700000| Untracked 
|  24|0x00000000fd800000, 0x00000000fd800000, 0x00000000fd900000|  0%| F|  |TAMS 0x00000000fd800000| PB 0x00000000fd800000| Untracked 
|  25|0x00000000fd900000, 0x00000000fd900000, 0x00000000fda00000|  0%| F|  |TAMS 0x00000000fd900000| PB 0x00000000fd900000| Untracked 
|  26|0x00000000fda00000, 0x00000000fda00000, 0x00000000fdb00000|  0%| F|  |TAMS 0x00000000fda00000| PB 0x00000000fda00000| Untracked 
|  27|0x00000000fdb00000, 0x00000000fdb00000, 0x00000000fdc00000|  0%| F|  |TAMS 0x00000000fdb00000| PB 0x00000000fdb00000| Untracked 
|  28|0x00000000fdc00000, 0x00000000fdc00000, 0x00000000fdd00000|  0%| F|  |TAMS 0x00000000fdc00000| PB 0x00000000fdc00000| Untracked 
|  29|0x00000000fdd00000, 0x00000000fdd00000, 0x00000000fde00000|  0%| F|  |TAMS 0x00000000fdd00000| PB 0x00000000fdd00000| Untracked 
|  30|0x00000000fde00000, 0x00000000fde00000, 0x00000000fdf00000|  0%| F|  |TAMS 0x00000000fde00000| PB 0x00000000fde00000| Untracked 
|  31|0x00000000fdf00000, 0x00000000fdf00000, 0x00000000fe000000|  0%| F|  |TAMS 0x00000000fdf00000| PB 0x00000000fdf00000| Untracked 
|  32|0x00000000fe000000, 0x00000000fe000000, 0x00000000fe100000|  0%| F|  |TAMS 0x00000000fe000000| PB 0x00000000fe000000| Untracked 
|  33|0x00000000fe100000, 0x00000000fe100000, 0x00000000fe200000|  0%| F|  |TAMS 0x00000000fe100000| PB 0x00000000fe100000| Untracked 
|  34|0x00000000fe200000, 0x00000000fe200000, 0x00000000fe300000|  0%| F|  |TAMS 0x00000000fe200000| PB 0x00000000fe200000| Untracked 
|  35|0x00000000fe300000, 0x00000000fe300000, 0x00000000fe400000|  0%| F|  |TAMS 0x00000000fe300000| PB 0x00000000fe300000| Untracked 
|  36|0x00000000fe400000, 0x00000000fe400000, 0x00000000fe500000|  0%| F|  |TAMS 0x00000000fe400000| PB 0x00000000fe400000| Untracked 
|  37|0x00000000fe500000, 0x00000000fe500000, 0x00000000fe600000|  0%| F|  |TAMS 0x00000000fe500000| PB 0x00000000fe500000| Untracked 
|  38|0x00000000fe600000, 0x00000000fe600000, 0x00000000fe700000|  0%| F|  |TAMS 0x00000000fe600000| PB 0x00000000fe600000| Untracked 
|  39|0x00000000fe700000, 0x00000000fe700000, 0x00000000fe800000|  0%| F|  |TAMS 0x00000000fe700000| PB 0x00000000fe700000| Untracked 
|  40|0x00000000fe800000, 0x00000000fe800000, 0x00000000fe900000|  0%| F|  |TAMS 0x00000000fe800000| PB 0x00000000fe800000| Untracked 
|  41|0x00000000fe900000, 0x00000000fe900000, 0x00000000fea00000|  0%| F|  |TAMS 0x00000000fe900000| PB 0x00000000fe900000| Untracked 
|  42|0x00000000fea00000, 0x00000000fea00000, 0x00000000feb00000|  0%| F|  |TAMS 0x00000000fea00000| PB 0x00000000fea00000| Untracked 
|  43|0x00000000feb00000, 0x00000000feb00000, 0x00000000fec00000|  0%| F|  |TAMS 0x00000000feb00000| PB 0x00000000feb00000| Untracked 
|  44|0x00000000fec00000, 0x00000000fec00000, 0x00000000fed00000|  0%| F|  |TAMS 0x00000000fec00000| PB 0x00000000fec00000| Untracked 
|  45|0x00000000fed00000, 0x00000000fed00000, 0x00000000fee00000|  0%| F|  |TAMS 0x00000000fed00000| PB 0x00000000fed00000| Untracked 
|  46|0x00000000fee00000, 0x00000000fee00000, 0x00000000fef00000|  0%| F|  |TAMS 0x00000000fee00000| PB 0x00000000fee00000| Untracked 
|  47|0x00000000fef00000, 0x00000000fef00000, 0x00000000ff000000|  0%| F|  |TAMS 0x00000000fef00000| PB 0x00000000fef00000| Untracked 
|  48|0x00000000ff000000, 0x00000000ff000000, 0x00000000ff100000|  0%| F|  |TAMS 0x00000000ff000000| PB 0x00000000ff000000| Untracked 
|  49|0x00000000ff100000, 0x00000000ff100000, 0x00000000ff200000|  0%| F|  |TAMS 0x00000000ff100000| PB 0x00000000ff100000| Untracked 
|  50|0x00000000ff200000, 0x00000000ff200000, 0x00000000ff300000|  0%| F|  |TAMS 0x00000000ff200000| PB 0x00000000ff200000| Untracked 
|  51|0x00000000ff300000, 0x00000000ff300000, 0x00000000ff400000|  0%| F|  |TAMS 0x00000000ff300000| PB 0x00000000ff300000| Untracked 
|  52|0x00000000ff400000, 0x00000000ff400000, 0x00000000ff500000|  0%| F|  |TAMS 0x00000000ff400000| PB 0x00000000ff400000| Untracked 
|  53|0x00000000ff500000, 0x00000000ff500000, 0x00000000ff600000|  0%| F|  |TAMS 0x00000000ff500000| PB 0x00000000ff500000| Untracked 
|  54|0x00000000ff600000, 0x00000000ff600000, 0x00000000ff700000|  0%| F|  |TAMS 0x00000000ff600000| PB 0x00000000ff600000| Untracked 
|  55|0x00000000ff700000, 0x00000000ff700000, 0x00000000ff800000|  0%| F|  |TAMS 0x00000000ff700000| PB 0x00000000ff700000| Untracked 
|  56|0x00000000ff800000, 0x00000000ff800000, 0x00000000ff900000|  0%| F|  |TAMS 0x00000000ff800000| PB 0x00000000ff800000| Untracked 
|  57|0x00000000ff900000, 0x00000000ff900000, 0x00000000ffa00000|  0%| F|  |TAMS 0x00000000ff900000| PB 0x00000000ff900000| Untracked 
|  58|0x00000000ffa00000, 0x00000000ffa00000, 0x00000000ffb00000|  0%| F|  |TAMS 0x00000000ffa00000| PB 0x00000000ffa00000| Untracked 
|  59|0x00000000ffb00000, 0x00000000ffb00000, 0x00000000ffc00000|  0%| F|  |TAMS 0x00000000ffb00000| PB 0x00000000ffb00000| Untracked 
|  60|0x00000000ffc00000, 0x00000000ffcf2ea8, 0x00000000ffd00000| 94%| E|  |TAMS 0x00000000ffc00000| PB 0x00000000ffc00000| Complete 
|  61|0x00000000ffd00000, 0x00000000ffe00000, 0x00000000ffe00000|100%| E|CS|TAMS 0x00000000ffd00000| PB 0x00000000ffd00000| Complete 
|  62|0x00000000ffe00000, 0x00000000fff00000, 0x00000000fff00000|100%| E|CS|TAMS 0x00000000ffe00000| PB 0x00000000ffe00000| Complete 
|  63|0x00000000fff00000, 0x0000000100000000, 0x0000000100000000|100%| E|CS|TAMS 0x00000000fff00000| PB 0x00000000fff00000| Complete 

Card table byte_map: [0x000001dd26600000,0x000001dd26620000] _byte_map_base: 0x000001dd25e20000

Marking Bits: (CMBitMap*) 0x000001dd2863ffa0
 Bits: [0x000001dd3fdb0000, 0x000001dd3feb0000)

Polling page: 0x000001dd265b0000

Metaspace:

Usage:
  Non-class:      1.21 MB used.
      Class:    136.56 KB used.
       Both:      1.35 MB used.

Virtual space:
  Non-class space:       64.00 MB reserved,       1.31 MB (  2%) committed,  1 nodes.
      Class space:        1.00 GB reserved,     192.00 KB ( <1%) committed,  1 nodes.
             Both:        1.06 GB reserved,       1.50 MB ( <1%) committed. 

Chunk freelists:
   Non-Class:  11.76 MB
       Class:  15.69 MB
        Both:  27.45 MB

MaxMetaspaceSize: unlimited
CompressedClassSpaceSize: 1.00 GB
Initial GC threshold: 21.00 MB
Current GC threshold: 21.00 MB
CDS: on
 - commit_granule_bytes: 65536.
 - commit_granule_words: 8192.
 - virtual_space_node_default_size: 8388608.
 - enlarge_chunks_in_place: 1.
 - use_allocation_guard: 0.


Internal statistics:

num_allocs_failed_limit: 0.
num_arena_births: 34.
num_arena_deaths: 0.
num_vsnodes_births: 2.
num_vsnodes_deaths: 0.
num_space_committed: 24.
num_space_uncommitted: 0.
num_chunks_returned_to_freelist: 0.
num_chunks_taken_from_freelist: 57.
num_chunk_merges: 0.
num_chunk_splits: 32.
num_chunks_enlarged: 23.
num_inconsistent_stats: 0.

CodeHeap 'non-profiled nmethods': size=120000Kb used=87Kb max_used=87Kb free=119912Kb
 bounds [0x000001dd38550000, 0x000001dd387c0000, 0x000001dd3fa80000]
CodeHeap 'profiled nmethods': size=120000Kb used=475Kb max_used=475Kb free=119524Kb
 bounds [0x000001dd30a80000, 0x000001dd30cf0000, 0x000001dd37fb0000]
CodeHeap 'non-nmethods': size=5760Kb used=1309Kb max_used=1323Kb free=4450Kb
 bounds [0x000001dd37fb0000, 0x000001dd38220000, 0x000001dd38550000]
 total_blobs=727 nmethods=303 adapters=329
 compilation: enabled
              stopped_count=0, restarted_count=0
 full_count=0

Compilation events (20 events):
Event: 4.001 Thread 0x000001dd286e7810  272       3       java.lang.invoke.MethodType::makeImpl (109 bytes)
Event: 4.002 Thread 0x000001dd286e7810 nmethod 272 0x000001dd30ae5910 code [0x000001dd30ae5bc0, 0x000001dd30ae69f0]
Event: 4.002 Thread 0x000001dd286e7810  273       3       java.lang.invoke.MethodType$ConcurrentWeakInternSet::get (47 bytes)
Event: 4.003 Thread 0x000001dd286e7810 nmethod 273 0x000001dd30ae6e10 code [0x000001dd30ae7040, 0x000001dd30ae7840]
Event: 4.003 Thread 0x000001dd286e7810  274       3       java.lang.invoke.MethodType::parameterCount (6 bytes)
Event: 4.003 Thread 0x000001dd286e7810 nmethod 274 0x000001dd30ae7a90 code [0x000001dd30ae7c20, 0x000001dd30ae7d38]
Event: 4.003 Thread 0x000001dd286e7810  275       1       java.lang.invoke.MethodTypeForm::parameterSlotCount (5 bytes)
Event: 4.003 Thread 0x000001dd286e7810 nmethod 275 0x000001dd38562e90 code [0x000001dd38563020, 0x000001dd385630e8]
Event: 4.003 Thread 0x000001dd286e7810  277       3       java.lang.invoke.LambdaForm$BasicType::basicType (187 bytes)
Event: 4.004 Thread 0x000001dd286e7810 nmethod 277 0x000001dd30ae7e10 code [0x000001dd30ae80c0, 0x000001dd30ae8b78]
Event: 4.004 Thread 0x000001dd286e7810  279       3       java.lang.invoke.LambdaForm$BasicType::basicType (8 bytes)
Event: 4.004 Thread 0x000001dd286e7810 nmethod 279 0x000001dd30ae8e10 code [0x000001dd30ae8fe0, 0x000001dd30ae9230]
Event: 4.004 Thread 0x000001dd286e7810  278       3       java.lang.invoke.MemberName::initResolved (53 bytes)
Event: 4.004 Thread 0x000001dd286e7810 nmethod 278 0x000001dd30ae9390 code [0x000001dd30ae9540, 0x000001dd30ae96f8]
Event: 4.005 Thread 0x000001dd286e7810  283       3       java.lang.invoke.LambdaForm$Name::initIndex (26 bytes)
Event: 4.005 Thread 0x000001dd286e7810 nmethod 283 0x000001dd30ae9790 code [0x000001dd30ae9940, 0x000001dd30ae9b00]
Event: 4.006 Thread 0x000001dd286e7810  284       3       java.lang.invoke.LambdaForm::argument (27 bytes)
Event: 4.006 Thread 0x000001dd286e6d70  285 %     4       java.lang.StringLatin1::indexOfChar @ 7 (33 bytes)
Event: 4.006 Thread 0x000001dd286e7810 nmethod 284 0x000001dd30ae9b90 code [0x000001dd30ae9d60, 0x000001dd30ae9fd0]
Event: 4.006 Thread 0x000001dd286e7810  286       3       jdk.internal.org.objectweb.asm.Frame::execute (2305 bytes)

GC Heap History (0 events):
No events

Dll operation events (5 events):
Event: 0.126 Loaded shared library C:\Program Files\Java\jdk-21\bin\java.dll
Event: 2.452 Loaded shared library C:\Program Files\Java\jdk-21\bin\net.dll
Event: 3.542 Loaded shared library C:\Program Files\Java\jdk-21\bin\jsvml.dll
Event: 3.564 Loaded shared library C:\Program Files\Java\jdk-21\bin\nio.dll
Event: 3.586 Loaded shared library C:\Program Files\Java\jdk-21\bin\zip.dll

Deoptimization events (20 events):
Event: 3.996 Thread 0x000001dd28629780 DEOPT PACKING pc=0x000001dd30a8c367 sp=0x0000008fb6af9ae0
Event: 3.996 Thread 0x000001dd28629780 DEOPT UNPACKING pc=0x000001dd38004e42 sp=0x0000008fb6af8f50 mode 0
Event: 3.996 Thread 0x000001dd28629780 DEOPT PACKING pc=0x000001dd30a8c367 sp=0x0000008fb6af9ae0
Event: 3.996 Thread 0x000001dd28629780 DEOPT UNPACKING pc=0x000001dd38004e42 sp=0x0000008fb6af8f50 mode 0
Event: 3.996 Thread 0x000001dd28629780 DEOPT PACKING pc=0x000001dd30a8c367 sp=0x0000008fb6af9ae0
Event: 3.996 Thread 0x000001dd28629780 DEOPT UNPACKING pc=0x000001dd38004e42 sp=0x0000008fb6af8f50 mode 0
Event: 3.996 Thread 0x000001dd28629780 DEOPT PACKING pc=0x000001dd30a8c367 sp=0x0000008fb6af9ae0
Event: 3.996 Thread 0x000001dd28629780 DEOPT UNPACKING pc=0x000001dd38004e42 sp=0x0000008fb6af8f50 mode 0
Event: 3.996 Thread 0x000001dd28629780 DEOPT PACKING pc=0x000001dd30a8c367 sp=0x0000008fb6af9ae0
Event: 3.996 Thread 0x000001dd28629780 DEOPT UNPACKING pc=0x000001dd38004e42 sp=0x0000008fb6af8f50 mode 0
Event: 3.996 Thread 0x000001dd28629780 DEOPT PACKING pc=0x000001dd30a8c367 sp=0x0000008fb6af9ae0
Event: 3.996 Thread 0x000001dd28629780 DEOPT UNPACKING pc=0x000001dd38004e42 sp=0x0000008fb6af8f50 mode 0
Event: 3.997 Thread 0x000001dd28629780 DEOPT PACKING pc=0x000001dd30a8c367 sp=0x0000008fb6af9ae0
Event: 3.997 Thread 0x000001dd28629780 DEOPT UNPACKING pc=0x000001dd38004e42 sp=0x0000008fb6af8f50 mode 0
Event: 3.997 Thread 0x000001dd28629780 DEOPT PACKING pc=0x000001dd30a8c367 sp=0x0000008fb6af9ae0
Event: 3.997 Thread 0x000001dd28629780 DEOPT UNPACKING pc=0x000001dd38004e42 sp=0x0000008fb6af8f50 mode 0
Event: 3.997 Thread 0x000001dd28629780 DEOPT PACKING pc=0x000001dd30a8c367 sp=0x0000008fb6af9ae0
Event: 3.997 Thread 0x000001dd28629780 DEOPT UNPACKING pc=0x000001dd38004e42 sp=0x0000008fb6af8f50 mode 0
Event: 3.997 Thread 0x000001dd28629780 DEOPT PACKING pc=0x000001dd30a8c367 sp=0x0000008fb6af9ae0
Event: 3.997 Thread 0x000001dd28629780 DEOPT UNPACKING pc=0x000001dd38004e42 sp=0x0000008fb6af8f50 mode 0

Classes loaded (20 events):
Event: 3.970 Loading class sun/net/www/URLConnection done
Event: 3.970 Loading class sun/net/www/protocol/file/FileURLConnection done
Event: 3.971 Loading class sun/net/www/MessageHeader
Event: 3.971 Loading class sun/net/www/MessageHeader done
Event: 3.971 Loading class java/io/FilePermission$1
Event: 3.972 Loading class jdk/internal/access/JavaIOFilePermissionAccess
Event: 3.972 Loading class jdk/internal/access/JavaIOFilePermissionAccess done
Event: 3.972 Loading class java/io/FilePermission$1 done
Event: 3.973 Loading class java/io/FilePermissionCollection
Event: 3.973 Loading class java/io/FilePermissionCollection done
Event: 3.973 Loading class java/util/Vector
Event: 3.973 Loading class java/util/Vector done
Event: 3.981 Loading class java/util/jar/JarFile$ThreadTrackHolder
Event: 3.981 Loading class java/util/jar/JarFile$ThreadTrackHolder done
Event: 3.981 Loading class jdk/internal/misc/ThreadTracker
Event: 3.982 Loading class jdk/internal/misc/ThreadTracker done
Event: 3.982 Loading class jdk/internal/misc/ThreadTracker$ThreadRef
Event: 3.982 Loading class jdk/internal/misc/ThreadTracker$ThreadRef done
Event: 3.982 Loading class sun/security/util/ManifestEntryVerifier
Event: 3.982 Loading class sun/security/util/ManifestEntryVerifier done

Classes unloaded (0 events):
No events

Classes redefined (0 events):
No events

Internal exceptions (4 events):
Event: 3.975 Thread 0x000001dd28629780 Exception <a 'java/lang/NoSuchMethodError'{0x00000000ffde2d20}: 'void java.lang.invoke.DirectMethodHandle$Holder.invokeStatic(java.lang.Object, java.lang.Object)'> (0x00000000ffde2d20) 
thrown [s\open\src\hotspot\share\interpreter\linkResolver.cpp, line 773]
Event: 3.976 Thread 0x000001dd28629780 Exception <a 'java/lang/NoSuchMethodError'{0x00000000ffde68a0}: 'void java.lang.invoke.DirectMethodHandle$Holder.invokeSpecial(java.lang.Object, java.lang.Object, java.lang.Object)'> (0x00000000ffde68a0) 
thrown [s\open\src\hotspot\share\interpreter\linkResolver.cpp, line 773]
Event: 4.001 Thread 0x000001dd28629780 Exception <a 'java/lang/NoSuchMethodError'{0x00000000ffc89a98}: 'void java.lang.invoke.DirectMethodHandle$Holder.invokeStatic(java.lang.Object, java.lang.Object, java.lang.Object)'> (0x00000000ffc89a98) 
thrown [s\open\src\hotspot\share\interpreter\linkResolver.cpp, line 773]
Event: 4.005 Thread 0x000001dd28629780 Exception <a 'java/lang/NoSuchMethodError'{0x00000000ffc9c188}: 'java.lang.Object java.lang.invoke.Invokers$Holder.invokeExact_MT(java.lang.Object, java.lang.Object, java.lang.Object, java.lang.Object, java.lang.Object)'> (0x00000000ffc9c188) 
thrown [s\open\src\hotspot\share\interpreter\linkResolver.cpp, line 773]

ZGC Phase Switch (0 events):
No events

VM Operations (0 events):
No events

Events (11 events):
Event: 0.468 Thread 0x000001dd28629780 Thread added: 0x000001dd28629780
Event: 1.663 Thread 0x000001dd428698d0 Thread added: 0x000001dd428698d0
Event: 1.664 Thread 0x000001dd4286a7c0 Thread added: 0x000001dd4286a7c0
Event: 1.664 Thread 0x000001dd4286edb0 Thread added: 0x000001dd4286edb0
Event: 1.665 Thread 0x000001dd4286f810 Thread added: 0x000001dd4286f810
Event: 1.665 Thread 0x000001dd42870270 Thread added: 0x000001dd42870270
Event: 1.666 Thread 0x000001dd286e5fe0 Thread added: 0x000001dd286e5fe0
Event: 1.666 Thread 0x000001dd286e6d70 Thread added: 0x000001dd286e6d70
Event: 1.666 Thread 0x000001dd286e7810 Thread added: 0x000001dd286e7810
Event: 1.699 Thread 0x000001dd428e02d0 Thread added: 0x000001dd428e02d0
Event: 1.705 Thread 0x000001dd428eaf10 Thread added: 0x000001dd428eaf10


Dynamic libraries:
0x00007ff6a4d20000 - 0x00007ff6a4d30000 	C:\Program Files\Java\jdk-21\bin\java.exe
0x00007ff9d1830000 - 0x00007ff9d1a28000 	C:\WINDOWS\SYSTEM32\ntdll.dll
0x00007ff99dbb0000 - 0x00007ff99dbc9000 	C:\Program Files\Avast Software\Avast\aswhook.dll
0x00007ff9d06f0000 - 0x00007ff9d07ad000 	C:\WINDOWS\System32\KERNEL32.DLL
0x00007ff9cef00000 - 0x00007ff9cf1f6000 	C:\WINDOWS\System32\KERNELBASE.dll
0x00007ff9cf230000 - 0x00007ff9cf330000 	C:\WINDOWS\System32\ucrtbase.dll
0x00007ff9c2be0000 - 0x00007ff9c2bf9000 	C:\Program Files\Java\jdk-21\bin\jli.dll
0x00007ff9d1420000 - 0x00007ff9d14d3000 	C:\WINDOWS\System32\ADVAPI32.dll
0x00007ff9bbbc0000 - 0x00007ff9bbbdb000 	C:\Program Files\Java\jdk-21\bin\VCRUNTIME140.dll
0x00007ff9d0250000 - 0x00007ff9d02ee000 	C:\WINDOWS\System32\msvcrt.dll
0x00007ff9d1620000 - 0x00007ff9d16bf000 	C:\WINDOWS\System32\sechost.dll
0x00007ff9d0370000 - 0x00007ff9d0496000 	C:\WINDOWS\System32\RPCRT4.dll
0x00007ff9cf200000 - 0x00007ff9cf227000 	C:\WINDOWS\System32\bcrypt.dll
0x00007ff9d04a0000 - 0x00007ff9d063e000 	C:\WINDOWS\System32\USER32.dll
0x00007ff9cf610000 - 0x00007ff9cf632000 	C:\WINDOWS\System32\win32u.dll
0x00007ff9ae300000 - 0x00007ff9ae59a000 	C:\WINDOWS\WinSxS\amd64_microsoft.windows.common-controls_6595b64144ccf1df_6.0.19041.3636_none_60b6a03d71f818d5\COMCTL32.dll
0x00007ff9d06b0000 - 0x00007ff9d06dc000 	C:\WINDOWS\System32\GDI32.dll
0x00007ff9cf6f0000 - 0x00007ff9cf80a000 	C:\WINDOWS\System32\gdi32full.dll
0x00007ff9cf330000 - 0x00007ff9cf3cd000 	C:\WINDOWS\System32\msvcp_win.dll
0x00007ff9c44f0000 - 0x00007ff9c44fa000 	C:\WINDOWS\SYSTEM32\VERSION.dll
0x00007ff9d17c0000 - 0x00007ff9d17f0000 	C:\WINDOWS\System32\IMM32.DLL
0x00007ff9c6c90000 - 0x00007ff9c6c9c000 	C:\Program Files\Java\jdk-21\bin\vcruntime140_1.dll
0x00007ff99f7d0000 - 0x00007ff99f85e000 	C:\Program Files\Java\jdk-21\bin\msvcp140.dll
0x00007ff986c50000 - 0x00007ff987965000 	C:\Program Files\Java\jdk-21\bin\server\jvm.dll
0x00007ff9d1750000 - 0x00007ff9d17bb000 	C:\WINDOWS\System32\WS2_32.dll
0x00007ff9ce450000 - 0x00007ff9ce49b000 	C:\WINDOWS\SYSTEM32\POWRPROF.dll
0x00007ff9ad730000 - 0x00007ff9ad757000 	C:\WINDOWS\SYSTEM32\WINMM.dll
0x00007ff9ce310000 - 0x00007ff9ce322000 	C:\WINDOWS\SYSTEM32\UMPDC.dll
0x00007ff9cd450000 - 0x00007ff9cd462000 	C:\WINDOWS\SYSTEM32\kernel.appcore.dll
0x00007ff9c68a0000 - 0x00007ff9c68aa000 	C:\Program Files\Java\jdk-21\bin\jimage.dll
0x00007ff9c9310000 - 0x00007ff9c94f4000 	C:\WINDOWS\SYSTEM32\DBGHELP.DLL
0x00007ff9c3720000 - 0x00007ff9c3754000 	C:\WINDOWS\SYSTEM32\dbgcore.DLL
0x00007ff9cf530000 - 0x00007ff9cf5b2000 	C:\WINDOWS\System32\bcryptPrimitives.dll
0x00007ff9b8dc0000 - 0x00007ff9b8ddf000 	C:\Program Files\Java\jdk-21\bin\java.dll
0x00007ff9d0cd0000 - 0x00007ff9d1415000 	C:\WINDOWS\System32\SHELL32.dll
0x00007ff9ccca0000 - 0x00007ff9cd43b000 	C:\WINDOWS\SYSTEM32\windows.storage.dll
0x00007ff9cfc20000 - 0x00007ff9cff74000 	C:\WINDOWS\System32\combase.dll
0x00007ff9ce930000 - 0x00007ff9ce95d000 	C:\WINDOWS\SYSTEM32\Wldp.dll
0x00007ff9d0c20000 - 0x00007ff9d0ccd000 	C:\WINDOWS\System32\SHCORE.dll
0x00007ff9cf880000 - 0x00007ff9cf8d5000 	C:\WINDOWS\System32\shlwapi.dll
0x00007ff9cee30000 - 0x00007ff9cee55000 	C:\WINDOWS\SYSTEM32\profapi.dll
0x00007ff9c66a0000 - 0x00007ff9c66b0000 	C:\Program Files\Java\jdk-21\bin\net.dll
0x00007ff9cded0000 - 0x00007ff9cdfda000 	C:\WINDOWS\SYSTEM32\WINHTTP.dll
0x00007ff99b500000 - 0x00007ff99b5d7000 	C:\Program Files\Java\jdk-21\bin\jsvml.dll
0x00007ff9ce690000 - 0x00007ff9ce6fa000 	C:\WINDOWS\system32\mswsock.dll
0x00007ff9b8e90000 - 0x00007ff9b8ea6000 	C:\Program Files\Java\jdk-21\bin\nio.dll
0x00007ff9b7ee0000 - 0x00007ff9b7ef8000 	C:\Program Files\Java\jdk-21\bin\zip.dll

dbghelp: loaded successfully - version: 4.0.5 - missing functions: none
symbol engine: initialized successfully - sym options: 0x614 - pdb path: .;C:\Program Files\Java\jdk-21\bin;C:\WINDOWS\SYSTEM32;C:\Program Files\Avast Software\Avast;C:\WINDOWS\WinSxS\amd64_microsoft.windows.common-controls_6595b64144ccf1df_6.0.19041.3636_none_60b6a03d71f818d5;C:\Program Files\Java\jdk-21\bin\server

VM Arguments:
jvm_args: -Xmx64m -Xms64m -Dorg.gradle.appname=gradlew 
java_command: org.gradle.wrapper.GradleWrapperMain tasks
java_class_path (initial): C:\Users\2076045\biography-app\android\\gradle\wrapper\gradle-wrapper.jar
Launcher Type: SUN_STANDARD

[Global flags]
     intx CICompilerCount                          = 4                                         {product} {ergonomic}
     uint ConcGCThreads                            = 2                                         {product} {ergonomic}
     uint G1ConcRefinementThreads                  = 8                                         {product} {ergonomic}
   size_t G1HeapRegionSize                         = 1048576                                   {product} {ergonomic}
    uintx GCDrainStackTargetSize                   = 64                                        {product} {ergonomic}
   size_t InitialHeapSize                          = 67108864                                  {product} {command line}
   size_t MarkStackSize                            = 4194304                                   {product} {ergonomic}
   size_t MaxHeapSize                              = 67108864                                  {product} {command line}
   size_t MaxNewSize                               = 39845888                                  {product} {ergonomic}
   size_t MinHeapDeltaBytes                        = 1048576                                   {product} {ergonomic}
   size_t MinHeapSize                              = 67108864                                  {product} {command line}
    uintx NonNMethodCodeHeapSize                   = 5839372                                {pd product} {ergonomic}
    uintx NonProfiledCodeHeapSize                  = 122909434                              {pd product} {ergonomic}
    uintx ProfiledCodeHeapSize                     = 122909434                              {pd product} {ergonomic}
    uintx ReservedCodeCacheSize                    = 251658240                              {pd product} {ergonomic}
     bool SegmentedCodeCache                       = true                                      {product} {ergonomic}
   size_t SoftMaxHeapSize                          = 67108864                               {manageable} {ergonomic}
     bool UseCompressedOops                        = true                           {product lp64_product} {ergonomic}
     bool UseG1GC                                  = true                                      {product} {ergonomic}
     bool UseLargePagesIndividualAllocation        = false                                  {pd product} {ergonomic}

Logging:
Log output configuration:
 #0: stdout all=warning uptime,level,tags foldmultilines=false
 #1: stderr all=off uptime,level,tags foldmultilines=false

Environment Variables:
JAVA_HOME=C:\Program Files\Java\jdk-21
CLASSPATH=C:\Users\2076045\biography-app\android\\gradle\wrapper\gradle-wrapper.jar
PATH=C:\Users\2076045\biography-app\node_modules\.bin;C:\Users\2076045\biography-app\node_modules\.bin;C:\Users\2076045\node_modules\.bin;C:\Users\node_modules\.bin;C:\node_modules\.bin;C:\Program Files\nodejs\node_modules\npm\node_modules\@npmcli\run-script\lib\node-gyp-bin;C:\Users\2076045\biography-app\node_modules\.bin;C:\Users\2076045\node_modules\.bin;C:\Users\node_modules\.bin;C:\node_modules\.bin;C:\Program Files\nodejs\node_modules\npm\node_modules\@npmcli\run-script\lib\node-gyp-bin;C:\Program Files\Java\jdk-21\bin;C:\Program Files\Common Files\Oracle\Java\javapath;C:\Program Files\Eclipse Adoptium\jdk-11.0.20.8-hotspot\bin;C:\Program Files\Eclipse Adoptium\jdk-8.0.382.5-hotspot\bin;C:\ProgramData\chocolatey\bin;C:\Program Files\nodejs;C:\Users\2076045\AppData\Local\Android\Sdk;C:\Users\2076045\AppData\Local\Android\Sdk\platform-tools;C:\Program Files\Java\jdk-21\bin\;C:\Users\2076045\AppData\Local\Programs\Python\Python39\Scripts\;C:\Users\2076045\AppData\Local\Programs\Python\Python39\;C:\Users\2076045\AppData\Local\Microsoft\WindowsApps;C:\Program Files\JetBrains\PyCharm Community Edition 2022.3.1\bin;;C:\Users\2076045\AppData\Local\Programs\Microsoft VS Code\bin;C:\Users\2076045\AppData\Local\GitHubDesktop\bin;C:\Users\2076045\.dotnet\tools;C:\Users\2076045\AppData\Roaming\npm;C:\Program Files\Java\jdk-17;
USERNAME=2076045
LANG=en_US.UTF-8
OS=Windows_NT
PROCESSOR_IDENTIFIER=Intel64 Family 6 Model 142 Stepping 12, GenuineIntel
TMP=C:\Users\2076045\AppData\Local\Temp
TEMP=C:\Users\2076045\AppData\Local\Temp




Periodic native trim disabled

---------------  S Y S T E M  ---------------

OS:
 Windows 10 , 64 bit Build 19041 (10.0.19041.3636)
OS uptime: 3 days 3:05 hours

CPU: total 8 (initial active 8) (4 cores per cpu, 2 threads per core) family 6 model 142 stepping 12 microcode 0xca, cx8, cmov, fxsr, ht, mmx, 3dnowpref, sse, sse2, sse3, ssse3, sse4.1, sse4.2, popcnt, lzcnt, tsc, tscinvbit, avx, avx2, aes, erms, clmul, bmi1, bmi2, adx, fma, vzeroupper, clflush, clflushopt, rdtscp, f16c
Processor Information for all 8 processors :
  Max Mhz: 2112, Current Mhz: 1609, Mhz Limit: 1605

Memory: 4k page, system-wide physical 16193M (182M free)
TotalPageFile size 27829M (AvailPageFile size 0M)
current process WorkingSet (physical memory assigned to process): 42M, peak: 42M
current process commit charge ("private bytes"): 145M, peak: 145M

vm_info: Java HotSpot(TM) 64-Bit Server VM (21.0.1+12-LTS-29) for windows-amd64 JRE (21.0.1+12-LTS-29), built on 2023-10-05T13:27:09Z by "mach5one" with MS VC++ 17.1 (VS2022)

END.
