#
# There is insufficient memory for the Java Runtime Environment to continue.
# Native memory allocation (mmap) failed to map 65536 bytes for Failed to commit metaspace.
# Possible reasons:
#   The system is out of physical RAM or swap space
#   The process is running with CompressedOops enabled, and the Java Heap may be blocking the growth of the native heap
# Possible solutions:
#   Reduce memory load on the system
#   Increase physical memory or swap space
#   Check if swap backing store is full
#   Decrease Java heap size (-Xmx/-Xms)
#   Decrease number of Java threads
#   Decrease Java thread stack sizes (-Xss)
#   Set larger code cache with -XX:ReservedCodeCacheSize=
#   JVM is running with Unscaled Compressed Oops mode in which the Java heap is
#     placed in the first 4GB address space. The Java Heap base address is the
#     maximum limit for the native heap growth. Please use -XX:HeapBaseMinAddress
#     to set the Java Heap base and to place the Java Heap above 4GB virtual address.
# This output file may be truncated or incomplete.
#
#  Out of Memory Error (virtualSpaceNode.cpp:112), pid=38172, tid=38004
#
# JRE version: Java(TM) SE Runtime Environment (21.0.1+12) (build 21.0.1+12-LTS-29)
# Java VM: Java HotSpot(TM) 64-Bit Server VM (21.0.1+12-LTS-29, mixed mode, sharing, tiered, compressed oops, compressed class ptrs, g1 gc, windows-amd64)
# No core dump will be written. Minidumps are not enabled by default on client versions of Windows
#

---------------  S U M M A R Y ------------

Command Line: -Xmx64m -Xms64m -Dorg.gradle.appname=gradlew org.gradle.wrapper.GradleWrapperMain tasks

Host: Intel(R) Core(TM) i5-10210U CPU @ 1.60GHz, 8 cores, 15G,  Windows 10 , 64 bit Build 19041 (10.0.19041.3636)
Time: Sat Jan 20 01:04:21 2024  Windows 10 , 64 bit Build 19041 (10.0.19041.3636) elapsed time: 4.878937 seconds (0d 0h 0m 4s)

---------------  T H R E A D  ---------------

Current thread (0x0000021124d49060):  JavaThread "main"             [_thread_in_vm, id=38004, stack(0x0000002c06300000,0x0000002c06400000) (1024K)]

Stack: [0x0000002c06300000,0x0000002c06400000]
Native frames: (J=compiled Java code, j=interpreted, Vv=VM code, C=native code)
V  [jvm.dll+0x6c9029]
V  [jvm.dll+0x854b81]
V  [jvm.dll+0x856e5e]
V  [jvm.dll+0x857543]
V  [jvm.dll+0x280c06]
V  [jvm.dll+0x8508ae]
V  [jvm.dll+0x66ca45]
V  [jvm.dll+0x1e677c]
V  [jvm.dll+0x1e654e]
V  [jvm.dll+0x66f35c]
V  [jvm.dll+0x66f172]
V  [jvm.dll+0x66d41e]
V  [jvm.dll+0x26b2df]
V  [jvm.dll+0x677615]
V  [jvm.dll+0x217a53]
V  [jvm.dll+0x217f95]
V  [jvm.dll+0x2189b1]
V  [jvm.dll+0x20dc4e]
V  [jvm.dll+0x5ac6dc]
V  [jvm.dll+0x7cd7a6]
V  [jvm.dll+0x46fd60]
V  [jvm.dll+0x4759e8]
C  [java.dll+0x17ec]

Java frames: (J=compiled Java code, j=interpreted, Vv=VM code)
j  java.lang.ClassLoader.defineClass1(Ljava/lang/ClassLoader;Ljava/lang/String;[BIILjava/security/ProtectionDomain;Ljava/lang/String;)Ljava/lang/Class;+0 java.base@21.0.1
j  java.lang.ClassLoader.defineClass(Ljava/lang/String;[BIILjava/security/ProtectionDomain;)Ljava/lang/Class;+27 java.base@21.0.1
j  java.security.SecureClassLoader.defineClass(Ljava/lang/String;[BIILjava/security/CodeSource;)Ljava/lang/Class;+12 java.base@21.0.1
j  java.net.URLClassLoader.defineClass(Ljava/lang/String;Ljdk/internal/loader/Resource;)Ljava/lang/Class;+220 java.base@21.0.1
j  java.net.URLClassLoader$1.run()Ljava/lang/Class;+43 java.base@21.0.1
j  java.net.URLClassLoader$1.run()Ljava/lang/Object;+1 java.base@21.0.1
J 651 c1 java.security.AccessController.doPrivileged(Ljava/security/PrivilegedExceptionAction;Ljava/security/AccessControlContext;)Ljava/lang/Object; java.base@21.0.1 (26 bytes) @ 0x000002112d2c431c [0x000002112d2c4120+0x00000000000001fc]
j  java.net.URLClassLoader.findClass(Ljava/lang/String;)Ljava/lang/Class;+13 java.base@21.0.1
J 636 c1 java.lang.ClassLoader.loadClass(Ljava/lang/String;Z)Ljava/lang/Class; java.base@21.0.1 (121 bytes) @ 0x000002112d2b51d4 [0x000002112d2b4be0+0x00000000000005f4]
j  java.lang.ClassLoader.loadClass(Ljava/lang/String;)Ljava/lang/Class;+3 java.base@21.0.1
v  ~StubRoutines::call_stub 0x00000211346d100d
j  org.gradle.launcher.bootstrap.EntryPoint.createErrorHandler()Lorg/gradle/api/Action;+15
j  org.gradle.launcher.bootstrap.EntryPoint.run([Ljava/lang/String;)V+20
j  java.lang.invoke.DirectMethodHandle$Holder.invokeVirtual(Ljava/lang/Object;Ljava/lang/Object;Ljava/lang/Object;)V+11 java.base@21.0.1
j  java.lang.invoke.LambdaForm$MH+0x0000021140012800.invoke(Ljava/lang/Object;Ljava/lang/Object;Ljava/lang/Object;)Ljava/lang/Object;+52 java.base@21.0.1
j  java.lang.invoke.Invokers$Holder.invokeExact_MT(Ljava/lang/Object;Ljava/lang/Object;Ljava/lang/Object;Ljava/lang/Object;)Ljava/lang/Object;+20 java.base@21.0.1
j  jdk.internal.reflect.DirectMethodHandleAccessor.invokeImpl(Ljava/lang/Object;[Ljava/lang/Object;)Ljava/lang/Object;+55 java.base@21.0.1
j  jdk.internal.reflect.DirectMethodHandleAccessor.invoke(Ljava/lang/Object;[Ljava/lang/Object;)Ljava/lang/Object;+23 java.base@21.0.1
j  java.lang.reflect.Method.invoke(Ljava/lang/Object;[Ljava/lang/Object;)Ljava/lang/Object;+102 java.base@21.0.1
j  org.gradle.launcher.bootstrap.ProcessBootstrap.runNoExit(Ljava/lang/String;[Ljava/lang/String;)V+159
j  org.gradle.launcher.bootstrap.ProcessBootstrap.run(Ljava/lang/String;[Ljava/lang/String;)V+2
j  java.lang.invoke.LambdaForm$DMH+0x0000021140008400.invokeStatic(Ljava/lang/Object;Ljava/lang/Object;Ljava/lang/Object;)V+11 java.base@21.0.1
j  java.lang.invoke.LambdaForm$MH+0x0000021140009c00.invoke(Ljava/lang/Object;Ljava/lang/Object;Ljava/lang/Object;Ljava/lang/Object;)Ljava/lang/Object;+54 java.base@21.0.1
j  java.lang.invoke.LambdaForm$MH+0x000002114000a000.invokeExact_MT(Ljava/lang/Object;Ljava/lang/Object;Ljava/lang/Object;Ljava/lang/Object;Ljava/lang/Object;)Ljava/lang/Object;+22 java.base@21.0.1
j  jdk.internal.reflect.DirectMethodHandleAccessor.invokeImpl(Ljava/lang/Object;[Ljava/lang/Object;)Ljava/lang/Object;+72 java.base@21.0.1
j  jdk.internal.reflect.DirectMethodHandleAccessor.invoke(Ljava/lang/Object;[Ljava/lang/Object;)Ljava/lang/Object;+23 java.base@21.0.1
j  java.lang.reflect.Method.invoke(Ljava/lang/Object;[Ljava/lang/Object;)Ljava/lang/Object;+102 java.base@21.0.1
j  org.gradle.launcher.GradleMain.main([Ljava/lang/String;)V+100
j  java.lang.invoke.LambdaForm$DMH+0x0000021140004400.invokeStatic(Ljava/lang/Object;Ljava/lang/Object;)V+10 java.base@21.0.1
j  java.lang.invoke.LambdaForm$MH+0x0000021140008000.invoke(Ljava/lang/Object;Ljava/lang/Object;Ljava/lang/Object;)Ljava/lang/Object;+33 java.base@21.0.1
j  java.lang.invoke.Invokers$Holder.invokeExact_MT(Ljava/lang/Object;Ljava/lang/Object;Ljava/lang/Object;Ljava/lang/Object;)Ljava/lang/Object;+20 java.base@21.0.1
j  jdk.internal.reflect.DirectMethodHandleAccessor.invokeImpl(Ljava/lang/Object;[Ljava/lang/Object;)Ljava/lang/Object;+55 java.base@21.0.1
j  jdk.internal.reflect.DirectMethodHandleAccessor.invoke(Ljava/lang/Object;[Ljava/lang/Object;)Ljava/lang/Object;+23 java.base@21.0.1
j  java.lang.reflect.Method.invoke(Ljava/lang/Object;[Ljava/lang/Object;)Ljava/lang/Object;+102 java.base@21.0.1
j  org.gradle.wrapper.BootstrapMainStarter.start([Ljava/lang/String;Ljava/io/File;)V+105
j  org.gradle.wrapper.WrapperExecutor.execute([Ljava/lang/String;Lorg/gradle/wrapper/Install;Lorg/gradle/wrapper/BootstrapMainStarter;)V+14
j  org.gradle.wrapper.GradleWrapperMain.main([Ljava/lang/String;)V+206
v  ~StubRoutines::call_stub 0x00000211346d100d

Compiled method (c1)    9781  651   !   3       java.security.AccessController::doPrivileged (26 bytes)
 total in heap  [0x000002112d2c3f10,0x000002112d2c4888] = 2424
 relocation     [0x000002112d2c4070,0x000002112d2c4120] = 176
 main code      [0x000002112d2c4120,0x000002112d2c4598] = 1144
 stub code      [0x000002112d2c4598,0x000002112d2c4620] = 136
 metadata       [0x000002112d2c4620,0x000002112d2c4640] = 32
 scopes data    [0x000002112d2c4640,0x000002112d2c4710] = 208
 scopes pcs     [0x000002112d2c4710,0x000002112d2c4800] = 240
 dependencies   [0x000002112d2c4800,0x000002112d2c4808] = 8
 handler table  [0x000002112d2c4808,0x000002112d2c4878] = 112
 nul chk table  [0x000002112d2c4878,0x000002112d2c4888] = 16

[Constant Pool (empty)]

[MachCode]
[Verified Entry Point]
  # {method} {0x000002113f4783a0} 'doPrivileged' '(Ljava/security/PrivilegedExceptionAction;Ljava/security/AccessControlContext;)Ljava/lang/Object;' in 'java/security/AccessController'
  # parm0:    rdx:rdx   = 'java/security/PrivilegedExceptionAction'
  # parm1:    r8:r8     = 'java/security/AccessControlContext'
  #           [sp+0x80]  (sp of caller)
  0x000002112d2c4120: 8984 2400 | 80ff ff55 | 4883 ec70 | 4181 7f20 | 0100 0000 

  0x000002112d2c4134: ;   {runtime_call StubRoutines (final stubs)}
  0x000002112d2c4134: 7405 e825 

  0x000002112d2c4138: ;   {metadata(method data for {method} {0x000002113f4783a0} 'doPrivileged' '(Ljava/security/PrivilegedExceptionAction;Ljava/security/AccessControlContext;)Ljava/lang/Object;' in 'java/security/AccessController')}
  0x000002112d2c4138: 0c44 0748 | be80 3e13 | 8111 0200 | 008b becc | 0000 0083 | c702 89be | cc00 0000 | 81e7 fe07 
  0x000002112d2c4158: 0000 83ff | 000f 8423 | 0300 004c | 8944 2440 | 4889 5424 

  0x000002112d2c416c: ;   {metadata(method data for {method} {0x000002113f4783a0} 'doPrivileged' '(Ljava/security/PrivilegedExceptionAction;Ljava/security/AccessControlContext;)Ljava/lang/Object;' in 'java/security/AccessController')}
  0x000002112d2c416c: 4848 be80 | 3e13 8111 | 0200 0048 | 8386 1001 

  0x000002112d2c417c: ;   {static_call}
  0x000002112d2c417c: 0000 01e8 

  0x000002112d2c4180: ; ImmutableOopMap {[64]=Oop [72]=Oop }
                      ;*invokestatic getCallerClass {reexecute=0 rethrow=0 return_oop=0}
                      ; - java.security.AccessController::doPrivileged@0 (line 711)
  0x000002112d2c4180: dc23 9e07 

  0x000002112d2c4184: ;   {other}
  0x000002112d2c4184: 0f1f 8400 | 7402 0000 

  0x000002112d2c418c: ;   {metadata(method data for {method} {0x000002113f4783a0} 'doPrivileged' '(Ljava/security/PrivilegedExceptionAction;Ljava/security/AccessControlContext;)Ljava/lang/Object;' in 'java/security/AccessController')}
  0x000002112d2c418c: 48ba 803e | 1381 1102 | 0000 4883 | 8220 0100 | 0001 488b | 5424 404c | 8bc0 4889 | 4424 500f 
  0x000002112d2c41ac: ;   {static_call}
  0x000002112d2c41ac: 1f40 00e8 

  0x000002112d2c41b0: ; ImmutableOopMap {[72]=Oop [80]=Oop }
                      ;*invokestatic checkContext {reexecute=0 rethrow=0 return_oop=0}
                      ; - java.security.AccessController::doPrivileged@6 (line 712)
  0x000002112d2c41b0: 8c1f ffff 

  0x000002112d2c41b4: ;   {other}
  0x000002112d2c41b4: 0f1f 8400 | a402 0001 | 4889 4424 

  0x000002112d2c41c0: ;   {metadata(method data for {method} {0x000002113f4783a0} 'doPrivileged' '(Ljava/security/PrivilegedExceptionAction;Ljava/security/AccessControlContext;)Ljava/lang/Object;' in 'java/security/AccessController')}
  0x000002112d2c41c0: 5848 ba80 | 3e13 8111 | 0200 0048 | 8382 3001 

  0x000002112d2c41d0: ;   {metadata(method data for {method} {0x000002113f478628} 'executePrivileged' '(Ljava/security/PrivilegedExceptionAction;Ljava/security/AccessControlContext;Ljava/lang/Class;)Ljava/lang/Object;' in 'java/security/AccessController')}
  0x000002112d2c41d0: 0000 0148 | bab0 cd13 | 8111 0200 | 008b b2cc | 0000 0083 | c602 89b2 | cc00 0000 | 81e6 feff 
  0x000002112d2c41f0: 1f00 83fe | 000f 84ac | 0200 0048 

  0x000002112d2c41fc: ;   {metadata(method data for {method} {0x000002113f478628} 'executePrivileged' '(Ljava/security/PrivilegedExceptionAction;Ljava/security/AccessControlContext;Ljava/lang/Class;)Ljava/lang/Object;' in 'java/security/AccessController')}
  0x000002112d2c41fc: 83f8 0048 | bab0 cd13 | 8111 0200 | 0048 be10 | 0100 0000 | 0000 000f | 840a 0000 | 0048 be20 
  0x000002112d2c421c: 0100 0000 | 0000 0048 | 8b3c 3248 | 8d7f 0148 | 893c 320f | 8427 0000 

  0x000002112d2c4234: ;   {metadata(method data for {method} {0x000002113f478628} 'executePrivileged' '(Ljava/security/PrivilegedExceptionAction;Ljava/security/AccessControlContext;Ljava/lang/Class;)Ljava/lang/Object;' in 'java/security/AccessController')}
  0x000002112d2c4234: 0048 bab0 | cd13 8111 | 0200 0048 | 8382 3001 | 0000 0148 | 8bd0 0f1f 

  0x000002112d2c424c: ;   {static_call}
  0x000002112d2c424c: 4400 00e8 

  0x000002112d2c4250: ; ImmutableOopMap {[72]=Oop [80]=Oop [88]=Oop }
                      ;*invokestatic ensureMaterializedForStackWalk {reexecute=0 rethrow=0 return_oop=0}
                      ; - java.security.AccessController::executePrivileged@5 (line 805)
                      ; - java.security.AccessController::doPrivileged@13 (line 714)
  0x000002112d2c4250: 0c41 9e07 

  0x000002112d2c4254: ;   {other}
  0x000002112d2c4254: 0f1f 8400 | 4403 0002 

  0x000002112d2c425c: ;   {metadata(method data for {method} {0x000002113f478628} 'executePrivileged' '(Ljava/security/PrivilegedExceptionAction;Ljava/security/AccessControlContext;Ljava/lang/Class;)Ljava/lang/Object;' in 'java/security/AccessController')}
  0x000002112d2c425c: 48ba b0cd | 1381 1102 | 0000 ff82 | 4001 0000 | 488b 5424 | 4848 3b02 

  0x000002112d2c4274: ;   {metadata(method data for {method} {0x000002113f478628} 'executePrivileged' '(Ljava/security/PrivilegedExceptionAction;Ljava/security/AccessControlContext;Ljava/lang/Class;)Ljava/lang/Object;' in 'java/security/AccessController')}
  0x000002112d2c4274: 488b f248 | bfb0 cd13 | 8111 0200 | 008b 7608 | 49ba 0000 | 003f 1102 | 0000 4903 | f248 3bb7 
  0x000002112d2c4294: b001 0000 | 750d 4883 | 87b8 0100 | 0001 e960 | 0000 0048 | 3bb7 c001 | 0000 750d | 4883 87c8 
  0x000002112d2c42b4: 0100 0001 | e94a 0000 | 0048 83bf | b001 0000 | 0075 1748 | 89b7 b001 | 0000 48c7 | 87b8 0100 
  0x000002112d2c42d4: 0001 0000 | 00e9 2900 | 0000 4883 | bfc0 0100 | 0000 7517 | 4889 b7c0 | 0100 0048 | c787 c801 
  0x000002112d2c42f4: 0000 0100 | 0000 e908 | 0000 0048 | 8387 a001 | 0000 0166 | 0f1f 4400 | 0048 b8ff | ffff ffff 
  0x000002112d2c4314: ;   {virtual_call}
  0x000002112d2c4314: ffff ffe8 

  0x000002112d2c4318: ; ImmutableOopMap {[80]=Oop [88]=Oop }
                      ;*invokeinterface run {reexecute=0 rethrow=0 return_oop=0}
                      ; - java.security.AccessController::executePrivileged@29 (line 809)
                      ; - java.security.AccessController::doPrivileged@13 (line 714)
  0x000002112d2c4318: 8477 4507 

  0x000002112d2c431c: ;   {other}
  0x000002112d2c431c: 0f1f 8400 | 0c04 0003 

  0x000002112d2c4324: ;   {metadata(method data for {method} {0x000002113f478628} 'executePrivileged' '(Ljava/security/PrivilegedExceptionAction;Ljava/security/AccessControlContext;Ljava/lang/Class;)Ljava/lang/Object;' in 'java/security/AccessController')}
  0x000002112d2c4324: 48ba b0cd | 1381 1102 | 0000 ff82 | d801 0000 | 488b 5424 

  0x000002112d2c4338: ;   {metadata(method data for {method} {0x000002113f478628} 'executePrivileged' '(Ljava/security/PrivilegedExceptionAction;Ljava/security/AccessControlContext;Ljava/lang/Class;)Ljava/lang/Object;' in 'java/security/AccessController')}
  0x000002112d2c4338: 5049 b8b0 | cd13 8111 | 0200 0049 | 8380 3802 

  0x000002112d2c4348: ;   {metadata(method data for {method} {0x000002113f03d400} 'reachabilityFence' '(Ljava/lang/Object;)V' in 'java/lang/ref/Reference')}
  0x000002112d2c4348: 0000 0149 | b8d8 990f | 8111 0200 | 0041 8bb0 | cc00 0000 | 83c6 0241 | 89b0 cc00 | 0000 81e6 
  0x000002112d2c4368: feff 1f00 | 83fe 000f | 8458 0100 

  0x000002112d2c4374: ;   {metadata(method data for {method} {0x000002113f478628} 'executePrivileged' '(Ljava/security/PrivilegedExceptionAction;Ljava/security/AccessControlContext;Ljava/lang/Class;)Ljava/lang/Object;' in 'java/security/AccessController')}
  0x000002112d2c4374: 0048 bab0 | cd13 8111 | 0200 0048 | 8382 4802 

  0x000002112d2c4384: ;   {metadata(method data for {method} {0x000002113f03d400} 'reachabilityFence' '(Ljava/lang/Object;)V' in 'java/lang/ref/Reference')}
  0x000002112d2c4384: 0000 0148 | bad8 990f | 8111 0200 | 0044 8b82 | cc00 0000 | 4183 c002 | 4489 82cc | 0000 0041 
  0x000002112d2c43a4: 81e0 feff | 1f00 4183 | f800 0f84 | 3a01 0000 | 4883 c470 

  0x000002112d2c43b8: ;   {poll_return}
  0x000002112d2c43b8: 5d49 3ba7 | 5004 0000 | 0f87 4901 | 0000 c349 | 8b87 0005 | 0000 4d33 | d24d 8997 | 0005 0000 
  0x000002112d2c43d8: 4d33 d24d | 8997 0805 | 0000 4c8b 

  0x000002112d2c43e4: ;   {metadata(method data for {method} {0x000002113f4783a0} 'doPrivileged' '(Ljava/security/PrivilegedExceptionAction;Ljava/security/AccessControlContext;)Ljava/lang/Object;' in 'java/security/AccessController')}
  0x000002112d2c43e4: c048 ba80 | 3e13 8111 | 0200 0048 | 8382 4001 

  0x000002112d2c43f4: ;   {metadata(method data for {method} {0x000002113f477f60} 'wrapException' '(Ljava/lang/Exception;)Ljava/security/PrivilegedActionException;' in 'java/security/AccessController')}
  0x000002112d2c43f4: 0000 0148 | bad0 db14 | 8111 0200 | 008b 82cc | 0000 0083 | c002 8982 | cc00 0000 | 25fe ff1f 
  0x000002112d2c4414: 0083 f800 | 0f84 0701 | 0000 6690 

  0x000002112d2c4420: ;   {no_reloc}
  0x000002112d2c4420: e930 0100 | 0000 0000 | 0000 e930 | 0100 0048 

  0x000002112d2c4430: ;   {metadata(method data for {method} {0x000002113f477f60} 'wrapException' '(Ljava/lang/Exception;)Ljava/security/PrivilegedActionException;' in 'java/security/AccessController')}
  0x000002112d2c4430: 8bd0 48be | d0db 1481 | 1102 0000 | 4883 8610 | 0100 0001 | 488b d048 | 8944 2460 

  0x000002112d2c444c: ;   {optimized virtual_call}
  0x000002112d2c444c: 6666 90e8 

  0x000002112d2c4450: ; ImmutableOopMap {[96]=Oop }
                      ;*invokespecial <init> {reexecute=0 rethrow=0 return_oop=0}
                      ; - java.security.AccessController::wrapException@5 (line 830)
                      ; - java.security.AccessController::doPrivileged@22 (line 718)
  0x000002112d2c4450: 2ca6 4507 

  0x000002112d2c4454: ;   {other}
  0x000002112d2c4454: 0f1f 8400 | 4405 0004 | 488b 4424 | 60e9 2301 | 0000 498b | 8700 0500 | 004d 33d2 | 4d89 9700 
  0x000002112d2c4474: 0500 004d | 33d2 4d89 | 9708 0500 | 00e9 0301 

  0x000002112d2c4484: ;   {metadata({method} {0x000002113f4783a0} 'doPrivileged' '(Ljava/security/PrivilegedExceptionAction;Ljava/security/AccessControlContext;)Ljava/lang/Object;' in 'java/security/AccessController')}
  0x000002112d2c4484: 0000 49ba | 9883 473f | 1102 0000 | 4c89 5424 | 0848 c704 | 24ff ffff 

  0x000002112d2c449c: ;   {runtime_call counter_overflow Runtime1 stub}
  0x000002112d2c449c: ffe8 5e17 

  0x000002112d2c44a0: ; ImmutableOopMap {rdx=Oop r8=Oop }
                      ;*synchronization entry
                      ; - java.security.AccessController::doPrivileged@-1 (line 711)
  0x000002112d2c44a0: 5307 e9bc 

  0x000002112d2c44a4: ;   {metadata({method} {0x000002113f478628} 'executePrivileged' '(Ljava/security/PrivilegedExceptionAction;Ljava/security/AccessControlContext;Ljava/lang/Class;)Ljava/lang/Object;' in 'java/security/AccessController')}
  0x000002112d2c44a4: fcff ff49 | ba20 8647 | 3f11 0200 | 004c 8954 | 2408 48c7 | 0424 ffff 

  0x000002112d2c44bc: ;   {runtime_call counter_overflow Runtime1 stub}
  0x000002112d2c44bc: ffff e83d 

  0x000002112d2c44c0: ; ImmutableOopMap {rax=Oop [72]=Oop [80]=Oop [88]=Oop }
                      ;*synchronization entry
                      ; - java.security.AccessController::executePrivileged@-1 (line 804)
                      ; - java.security.AccessController::doPrivileged@13 (line 714)
  0x000002112d2c44c0: 1753 07e9 | 33fd ffff 

  0x000002112d2c44c8: ;   {runtime_call throw_null_pointer_exception Runtime1 stub}
  0x000002112d2c44c8: e833 c652 

  0x000002112d2c44cc: ; ImmutableOopMap {rdx=Oop [80]=Oop [88]=Oop }
                      ;*invokeinterface run {reexecute=0 rethrow=0 return_oop=0}
                      ; - java.security.AccessController::executePrivileged@29 (line 809)
                      ; - java.security.AccessController::doPrivileged@13 (line 714)
                      ;   {metadata({method} {0x000002113f03d400} 'reachabilityFence' '(Ljava/lang/Object;)V' in 'java/lang/ref/Reference')}
  0x000002112d2c44cc: 0749 baf8 | d303 3f11 | 0200 004c | 8954 2408 | 48c7 0424 | ffff ffff 

  0x000002112d2c44e4: ;   {runtime_call counter_overflow Runtime1 stub}
  0x000002112d2c44e4: e817 1753 

  0x000002112d2c44e8: ; ImmutableOopMap {rax=Oop rdx=Oop }
                      ;*synchronization entry
                      ; - java.lang.ref.Reference::reachabilityFence@-1 (line 628)
                      ; - java.security.AccessController::executePrivileged@56 (line 814)
                      ; - java.security.AccessController::doPrivileged@13 (line 714)
  0x000002112d2c44e8: 07e9 87fe 

  0x000002112d2c44ec: ;   {metadata({method} {0x000002113f03d400} 'reachabilityFence' '(Ljava/lang/Object;)V' in 'java/lang/ref/Reference')}
  0x000002112d2c44ec: ffff 49ba | f8d3 033f | 1102 0000 | 4c89 5424 | 0848 c704 | 24ff ffff 

  0x000002112d2c4504: ;   {runtime_call counter_overflow Runtime1 stub}
  0x000002112d2c4504: ffe8 f616 

  0x000002112d2c4508: ; ImmutableOopMap {rax=Oop }
                      ;*synchronization entry
                      ; - java.lang.ref.Reference::reachabilityFence@-1 (line 628)
                      ; - java.security.AccessController::executePrivileged@60 (line 815)
                      ; - java.security.AccessController::doPrivileged@13 (line 714)
  0x000002112d2c4508: 5307 e9a5 

  0x000002112d2c450c: ;   {internal_word}
  0x000002112d2c450c: feff ff49 | bab9 432c | 2d11 0200 | 004d 8997 | 6804 0000 

  0x000002112d2c4520: ;   {runtime_call SafepointBlob}
  0x000002112d2c4520: e9db 1146 

  0x000002112d2c4524: ;   {metadata({method} {0x000002113f477f60} 'wrapException' '(Ljava/lang/Exception;)Ljava/security/PrivilegedActionException;' in 'java/security/AccessController')}
  0x000002112d2c4524: 0749 ba58 | 7f47 3f11 | 0200 004c | 8954 2408 | 48c7 0424 | ffff ffff 

  0x000002112d2c453c: ;   {runtime_call counter_overflow Runtime1 stub}
  0x000002112d2c453c: e8bf 1653 

  0x000002112d2c4540: ; ImmutableOopMap {r8=Oop }
                      ;*synchronization entry
                      ; - java.security.AccessController::wrapException@-1 (line 830)
                      ; - java.security.AccessController::doPrivileged@22 (line 718)
  0x000002112d2c4540: 07e9 d8fe 

  0x000002112d2c4544: ;   {metadata(nullptr)}
  0x000002112d2c4544: ffff 48ba | 0000 0000 | 0000 0000 | b800 0f05 

  0x000002112d2c4554: ;   {runtime_call load_klass_patching Runtime1 stub}
  0x000002112d2c4554: 0ae8 2606 

  0x000002112d2c4558: ; ImmutableOopMap {r8=Oop }
                      ;*new {reexecute=1 rethrow=0 return_oop=0}
                      ; - (reexecute) java.security.AccessController::wrapException@0 (line 830)
                      ; - java.security.AccessController::doPrivileged@22 (line 718)
  0x000002112d2c4558: 5307 e9c1 | feff ff48 

  0x000002112d2c4560: ;   {runtime_call new_instance Runtime1 stub}
  0x000002112d2c4560: 8bd2 e899 

  0x000002112d2c4564: ; ImmutableOopMap {r8=Oop }
                      ;*new {reexecute=0 rethrow=0 return_oop=0}
                      ; - java.security.AccessController::wrapException@0 (line 830)
                      ; - java.security.AccessController::doPrivileged@22 (line 718)
  0x000002112d2c4564: cb52 07e9 | c3fe ffff | 498b 8700 | 0500 0049 | c787 0005 | 0000 0000 | 0000 49c7 | 8708 0500 
  0x000002112d2c4584: 0000 0000 | 0048 83c4 

  0x000002112d2c458c: ;   {runtime_call unwind_exception Runtime1 stub}
  0x000002112d2c458c: 705d e96d | b652 07f4 | f4f4 f4f4 
[Stub Code]
  0x000002112d2c4598: ;   {no_reloc}
  0x000002112d2c4598: 0f1f 4400 

  0x000002112d2c459c: ;   {static_stub}
  0x000002112d2c459c: 0048 bb00 | 0000 0000 

  0x000002112d2c45a4: ;   {runtime_call}
  0x000002112d2c45a4: 0000 00e9 | fbff ffff 

  0x000002112d2c45ac: ;   {static_stub}
  0x000002112d2c45ac: 9048 bb00 | 0000 0000 

  0x000002112d2c45b4: ;   {runtime_call}
  0x000002112d2c45b4: 0000 00e9 | fbff ffff 

  0x000002112d2c45bc: ;   {static_stub}
  0x000002112d2c45bc: 48bb 0000 | 0000 0000 

  0x000002112d2c45c4: ;   {runtime_call}
  0x000002112d2c45c4: 0000 e9fb 

  0x000002112d2c45c8: ;   {static_stub}
  0x000002112d2c45c8: ffff ff48 | bb00 0000 | 0000 0000 

  0x000002112d2c45d4: ;   {runtime_call}
  0x000002112d2c45d4: 00e9 fbff 

  0x000002112d2c45d8: ;   {static_stub}
  0x000002112d2c45d8: ffff 48bb | 0000 0000 | 0000 0000 

  0x000002112d2c45e4: ;   {runtime_call}
  0x000002112d2c45e4: e9fb ffff 

  0x000002112d2c45e8: ;   {runtime_call handle_exception_from_callee Runtime1 stub}
  0x000002112d2c45e8: ffe8 12e3 

  0x000002112d2c45ec: ;   {external_word}
  0x000002112d2c45ec: 5207 48b9 | 0028 5f87 | f97f 0000 | 4883 e4f0 

  0x000002112d2c45fc: ;   {runtime_call}
  0x000002112d2c45fc: 48b8 e00f | 2787 f97f | 0000 ffd0 

  0x000002112d2c4608: ;   {section_word}
  0x000002112d2c4608: f449 ba09 | 462c 2d11 | 0200 0041 

  0x000002112d2c4614: ;   {runtime_call DeoptimizationBlob}
  0x000002112d2c4614: 52e9 8603 | 4607 f4f4 | f4f4 f4f4 
[/MachCode]


Compiled method (c1)    9996  636   !   3       java.lang.ClassLoader::loadClass (121 bytes)
 total in heap  [0x000002112d2b4910,0x000002112d2b5f28] = 5656
 relocation     [0x000002112d2b4a70,0x000002112d2b4bd8] = 360
 main code      [0x000002112d2b4be0,0x000002112d2b5820] = 3136
 stub code      [0x000002112d2b5820,0x000002112d2b58f8] = 216
 oops           [0x000002112d2b58f8,0x000002112d2b5908] = 16
 metadata       [0x000002112d2b5908,0x000002112d2b5968] = 96
 scopes data    [0x000002112d2b5968,0x000002112d2b5bc8] = 608
 scopes pcs     [0x000002112d2b5bc8,0x000002112d2b5d88] = 448
 dependencies   [0x000002112d2b5d88,0x000002112d2b5d90] = 8
 handler table  [0x000002112d2b5d90,0x000002112d2b5f10] = 384
 nul chk table  [0x000002112d2b5f10,0x000002112d2b5f28] = 24

[Constant Pool (empty)]

[MachCode]
[Entry Point]
  # {method} {0x000002113f014300} 'loadClass' '(Ljava/lang/String;Z)Ljava/lang/Class;' in 'java/lang/ClassLoader'
  # this:     rdx:rdx   = 'java/lang/ClassLoader'
  # parm0:    r8:r8     = 'java/lang/String'
  # parm1:    r9        = boolean
  #           [sp+0xd0]  (sp of caller)
  0x000002112d2b4be0: 448b 5208 | 49bb 0000 | 003f 1102 | 0000 4d03 | d34c 3bd0 

  0x000002112d2b4bf4: ;   {runtime_call ic_miss_stub}
  0x000002112d2b4bf4: 0f85 869b | 4607 660f | 1f44 0000 
[Verified Entry Point]
  0x000002112d2b4c00: 8984 2400 | 80ff ff55 | 4881 ecc0 | 0000 0090 | 4181 7f20 | 0100 0000 

  0x000002112d2b4c18: ;   {runtime_call StubRoutines (final stubs)}
  0x000002112d2b4c18: 7405 e841 | 0145 0748 | 8954 2450 | 4c89 4424 

  0x000002112d2b4c28: ;   {metadata(method data for {method} {0x000002113f014300} 'loadClass' '(Ljava/lang/String;Z)Ljava/lang/Class;' in 'java/lang/ClassLoader')}
  0x000002112d2b4c28: 5848 be48 | d313 8111 | 0200 008b | becc 0000 | 0083 c702 | 89be cc00 | 0000 81e7 | fe07 0000 
  0x000002112d2b4c48: 83ff 000f | 84cb 0900 | 0044 894c | 2460 488b 

  0x000002112d2b4c58: ;   {metadata(method data for {method} {0x000002113f014300} 'loadClass' '(Ljava/lang/String;Z)Ljava/lang/Class;' in 'java/lang/ClassLoader')}
  0x000002112d2b4c58: f248 bf48 | d313 8111 | 0200 008b | 7608 49ba | 0000 003f | 1102 0000 | 4903 f248 | 3bb7 2001 
  0x000002112d2b4c78: 0000 750d | 4883 8728 | 0100 0001 | e960 0000 | 0048 3bb7 | 3001 0000 | 750d 4883 | 8738 0100 
  0x000002112d2b4c98: 0001 e94a | 0000 0048 | 83bf 2001 | 0000 0075 | 1748 89b7 | 2001 0000 | 48c7 8728 | 0100 0001 
  0x000002112d2b4cb8: 0000 00e9 | 2900 0000 | 4883 bf30 | 0100 0000 | 7517 4889 | b730 0100 | 0048 c787 | 3801 0000 
  0x000002112d2b4cd8: 0100 0000 | e908 0000 | 0048 8387 | 1001 0000 | 0149 8bf0 | 4c8b c648 | 8bfa 488b 

  0x000002112d2b4cf4: ;   {optimized virtual_call}
  0x000002112d2b4cf4: d766 90e8 

  0x000002112d2b4cf8: ; ImmutableOopMap {[80]=Oop [88]=Oop }
                      ;*invokevirtual getClassLoadingLock {reexecute=0 rethrow=0 return_oop=0}
                      ; - java.lang.ClassLoader::loadClass@2 (line 573)
  0x000002112d2b4cf8: 04af feff 

  0x000002112d2b4cfc: ;   {other}
  0x000002112d2b4cfc: 0f1f 8400 | ec03 0000 | 4889 4424 | 6848 8d94 | 24a0 0000 | 0048 8bf0 | 4889 7208 

  0x000002112d2b4d18: ; implicit exception: dispatches to 0x000002112d2b563d
  0x000002112d2b4d18: 488b 0648 | 83c8 0148 | 8902 f048 | 0fb1 160f | 8412 0000 | 0048 2bc4 | 4825 07f0 | ffff 4889 
  0x000002112d2b4d38: 020f 8503 | 0900 0049 | ff87 5005 | 0000 488b 

  0x000002112d2b4d48: ;   {metadata(method data for {method} {0x000002113f014300} 'loadClass' '(Ljava/lang/String;Z)Ljava/lang/Class;' in 'java/lang/ClassLoader')}
  0x000002112d2b4d48: 5424 5048 | be48 d313 | 8111 0200 | 0048 8386 | 4801 0000 

  0x000002112d2b4d5c: ;   {metadata(method data for {method} {0x000002113f43cfb8} 'findLoadedClass' '(Ljava/lang/String;)Ljava/lang/Class;' in 'java/lang/ClassLoader')}
  0x000002112d2b4d5c: 0148 baa0 | 4313 8111 | 0200 008b | b2cc 0000 | 0083 c602 | 89b2 cc00 | 0000 81e6 | feff 1f00 
  0x000002112d2b4d7c: 83fe 000f | 84d0 0800 

  0x000002112d2b4d84: ;   {metadata(method data for {method} {0x000002113f43cfb8} 'findLoadedClass' '(Ljava/lang/String;)Ljava/lang/Class;' in 'java/lang/ClassLoader')}
  0x000002112d2b4d84: 0048 baa0 | 4313 8111 | 0200 0048 | 8382 1001 | 0000 0148 | 8b54 2458 

  0x000002112d2b4d9c: ;   {static_call}
  0x000002112d2b4d9c: 6666 90e8 

  0x000002112d2b4da0: ; ImmutableOopMap {[80]=Oop [88]=Oop [104]=Oop [168]=Oop }
                      ;*invokestatic checkName {reexecute=0 rethrow=0 return_oop=0}
                      ; - java.lang.ClassLoader::findLoadedClass@1 (line 1298)
                      ; - java.lang.ClassLoader::loadClass@10 (line 575)
  0x000002112d2b4da0: 9cb5 f2ff 

  0x000002112d2b4da4: ;   {other}
  0x000002112d2b4da4: 0f1f 8400 | 9404 0001 

  0x000002112d2b4dac: ;   {metadata(method data for {method} {0x000002113f43cfb8} 'findLoadedClass' '(Ljava/lang/String;)Ljava/lang/Class;' in 'java/lang/ClassLoader')}
  0x000002112d2b4dac: 83f8 0049 | b8a0 4313 | 8111 0200 | 0048 ba20 | 0100 0000 | 0000 000f | 850a 0000 | 0048 ba30 
  0x000002112d2b4dcc: 0100 0000 | 0000 0049 | 8b34 1048 | 8d76 0149 | 8934 100f | 850f 0000 

  0x000002112d2b4de4: ;   {oop(nullptr)}
  0x000002112d2b4de4: 0048 be00 | 0000 0000 | 0000 00e9 | 3300 0000 | 488b 5424 

  0x000002112d2b4df8: ;   {metadata(method data for {method} {0x000002113f43cfb8} 'findLoadedClass' '(Ljava/lang/String;)Ljava/lang/Class;' in 'java/lang/ClassLoader')}
  0x000002112d2b4df8: 5049 b8a0 | 4313 8111 | 0200 0049 | 8380 4001 | 0000 014c | 8b44 2458 | 488b 5424 

  0x000002112d2b4e14: ;   {optimized virtual_call}
  0x000002112d2b4e14: 5066 90e8 

  0x000002112d2b4e18: ; ImmutableOopMap {[80]=Oop [88]=Oop [104]=Oop [168]=Oop }
                      ;*invokevirtual findLoadedClass0 {reexecute=0 rethrow=0 return_oop=0}
                      ; - java.lang.ClassLoader::findLoadedClass@11 (line 1300)
                      ; - java.lang.ClassLoader::loadClass@10 (line 575)
  0x000002112d2b4e18: c404 9f07 

  0x000002112d2b4e1c: ;   {other}
  0x000002112d2b4e1c: 0f1f 8400 | 0c05 0002 | 488b f048 

  0x000002112d2b4e28: ;   {metadata(method data for {method} {0x000002113f014300} 'loadClass' '(Ljava/lang/String;Z)Ljava/lang/Class;' in 'java/lang/ClassLoader')}
  0x000002112d2b4e28: 83fe 0048 | bf48 d313 | 8111 0200 | 0048 bb80 | 0100 0000 | 0000 000f | 850a 0000 | 0048 bb90 
  0x000002112d2b4e48: 0100 0000 | 0000 0048 | 8b04 1f48 | 8d40 0148 | 8904 1f0f | 85c3 0500 | 0048 8974 

  0x000002112d2b4e64: ;   {metadata(method data for {method} {0x000002113f014300} 'loadClass' '(Ljava/lang/String;Z)Ljava/lang/Class;' in 'java/lang/ClassLoader')}
  0x000002112d2b4e64: 2470 48bf | 48d3 1381 | 1102 0000 | 4883 87a0 | 0100 0001 

  0x000002112d2b4e78: ;   {runtime_call}
  0x000002112d2b4e78: 48b8 a03b | 3187 f97f | 0000 ffd0 

  0x000002112d2b4e84: ;   {other}
  0x000002112d2b4e84: 0f1f 8400 | 0000 0000 | 4889 4424 | 7848 8b54 | 2450 8b72 | 1848 83fe 

  0x000002112d2b4e9c: ;   {metadata(method data for {method} {0x000002113f014300} 'loadClass' '(Ljava/lang/String;Z)Ljava/lang/Class;' in 'java/lang/ClassLoader')}
  0x000002112d2b4e9c: 0049 b848 | d313 8111 | 0200 0049 | b9b0 0100 | 0000 0000 | 000f 840a | 0000 0049 | b9c0 0100 
  0x000002112d2b4ebc: 0000 0000 | 004b 8b3c | 0848 8d7f | 014b 893c | 080f 84d6 | 0000 0048 | 3b06 4c8b 

  0x000002112d2b4ed8: ;   {metadata(method data for {method} {0x000002113f014300} 'loadClass' '(Ljava/lang/String;Z)Ljava/lang/Class;' in 'java/lang/ClassLoader')}
  0x000002112d2b4ed8: c649 b948 | d313 8111 | 0200 0045 | 8b40 0849 | ba00 0000 | 3f11 0200 | 004d 03c2 | 4d3b 81e0 
  0x000002112d2b4ef8: 0100 0075 | 0d49 8381 | e801 0000 | 01e9 6000 | 0000 4d3b | 81f0 0100 | 0075 0d49 | 8381 f801 
  0x000002112d2b4f18: 0000 01e9 | 4a00 0000 | 4983 b9e0 | 0100 0000 | 7517 4d89 | 81e0 0100 | 0049 c781 | e801 0000 
  0x000002112d2b4f38: 0100 0000 | e929 0000 | 0049 83b9 | f001 0000 | 0075 174d | 8981 f001 | 0000 49c7 | 81f8 0100 
  0x000002112d2b4f58: 0001 0000 | 00e9 0800 | 0000 4983 | 81d0 0100 | 0001 4c8b | 4424 5841 | b900 0000 | 0048 8bd6 
  0x000002112d2b4f78: 0f1f 4400 | 0048 b8f0 | 8b00 4011 

  0x000002112d2b4f84: ;   {virtual_call}
  0x000002112d2b4f84: 0200 00e8 

  0x000002112d2b4f88: ; ImmutableOopMap {[80]=Oop [88]=Oop [104]=Oop [112]=Oop [168]=Oop }
                      ;*invokevirtual loadClass {reexecute=0 rethrow=0 return_oop=0}
                      ; - java.lang.ClassLoader::loadClass@38 (line 580)
  0x000002112d2b4f88: 1468 4607 

  0x000002112d2b4f8c: ;   {other}
  0x000002112d2b4f8c: 0f1f 8400 | 7c06 0003 

  0x000002112d2b4f94: ;   {metadata(method data for {method} {0x000002113f014300} 'loadClass' '(Ljava/lang/String;Z)Ljava/lang/Class;' in 'java/lang/ClassLoader')}
  0x000002112d2b4f94: 48ba 48d3 | 1381 1102 | 0000 ff82 | 0802 0000 | e9d9 0000 

  0x000002112d2b4fa8: ;   {metadata(method data for {method} {0x000002113f014300} 'loadClass' '(Ljava/lang/String;Z)Ljava/lang/Class;' in 'java/lang/ClassLoader')}
  0x000002112d2b4fa8: 0048 ba48 | d313 8111 | 0200 0048 | 8382 2002 

  0x000002112d2b4fb8: ;   {metadata(method data for {method} {0x000002113f43cf60} 'findBootstrapClassOrNull' '(Ljava/lang/String;)Ljava/lang/Class;' in 'java/lang/ClassLoader')}
  0x000002112d2b4fb8: 0000 0148 | ba78 d713 | 8111 0200 | 008b b2cc | 0000 0083 | c602 89b2 | cc00 0000 | 81e6 feff 
  0x000002112d2b4fd8: 1f00 83fe | 000f 8498 

  0x000002112d2b4fe0: ;   {metadata(method data for {method} {0x000002113f43cf60} 'findBootstrapClassOrNull' '(Ljava/lang/String;)Ljava/lang/Class;' in 'java/lang/ClassLoader')}
  0x000002112d2b4fe0: 0600 0048 | ba78 d713 | 8111 0200 | 0048 8382 | 1001 0000 | 0148 8b54 | 2458 0f1f 

  0x000002112d2b4ffc: ;   {static_call}
  0x000002112d2b4ffc: 4400 00e8 

  0x000002112d2b5000: ; ImmutableOopMap {[80]=Oop [88]=Oop [104]=Oop [112]=Oop [168]=Oop }
                      ;*invokestatic checkName {reexecute=0 rethrow=0 return_oop=0}
                      ; - java.lang.ClassLoader::findBootstrapClassOrNull@1 (line 1275)
                      ; - java.lang.ClassLoader::loadClass@47 (line 582)
  0x000002112d2b5000: 7ca0 4607 

  0x000002112d2b5004: ;   {other}
  0x000002112d2b5004: 0f1f 8400 | f406 0004 

  0x000002112d2b500c: ;   {metadata(method data for {method} {0x000002113f43cf60} 'findBootstrapClassOrNull' '(Ljava/lang/String;)Ljava/lang/Class;' in 'java/lang/ClassLoader')}
  0x000002112d2b500c: 83f8 0048 | ba78 d713 | 8111 0200 | 0048 be20 | 0100 0000 | 0000 000f | 850a 0000 | 0048 be30 
  0x000002112d2b502c: 0100 0000 | 0000 0048 | 8b3c 3248 | 8d7f 0148 | 893c 320f | 850f 0000 

  0x000002112d2b5044: ;   {oop(nullptr)}
  0x000002112d2b5044: 0048 be00 | 0000 0000 | 0000 00e9 | 2b00 0000 

  0x000002112d2b5054: ;   {metadata(method data for {method} {0x000002113f43cf60} 'findBootstrapClassOrNull' '(Ljava/lang/String;)Ljava/lang/Class;' in 'java/lang/ClassLoader')}
  0x000002112d2b5054: 48ba 78d7 | 1381 1102 | 0000 4883 | 8240 0100 | 0001 488b | 5424 580f 

  0x000002112d2b506c: ;   {static_call}
  0x000002112d2b506c: 1f40 00e8 

  0x000002112d2b5070: ; ImmutableOopMap {[80]=Oop [88]=Oop [104]=Oop [112]=Oop [168]=Oop }
                      ;*invokestatic findBootstrapClass {reexecute=0 rethrow=0 return_oop=0}
                      ; - java.lang.ClassLoader::findBootstrapClassOrNull@10 (line 1277)
                      ; - java.lang.ClassLoader::loadClass@47 (line 582)
  0x000002112d2b5070: 0ca0 4607 

  0x000002112d2b5074: ;   {other}
  0x000002112d2b5074: 0f1f 8400 | 6407 0005 | 488b f048 

  0x000002112d2b5080: ;   {metadata(method data for {method} {0x000002113f014300} 'loadClass' '(Ljava/lang/String;Z)Ljava/lang/Class;' in 'java/lang/ClassLoader')}
  0x000002112d2b5080: 8bc6 48be | 48d3 1381 | 1102 0000 | ff86 3002 | 0000 e91e | 0000 0049 | 8b87 0005 | 0000 4d33 
  0x000002112d2b50a0: d24d 8997 | 0005 0000 | 4d33 d24d | 8997 0805 | 0000 488b | c648 83f8 

  0x000002112d2b50b8: ;   {metadata(method data for {method} {0x000002113f014300} 'loadClass' '(Ljava/lang/String;Z)Ljava/lang/Class;' in 'java/lang/ClassLoader')}
  0x000002112d2b50b8: 0048 be48 | d313 8111 | 0200 0048 | bf58 0200 | 0000 0000 | 000f 840a | 0000 0048 | bf48 0200 
  0x000002112d2b50d8: 0000 0000 | 0048 8b1c | 3e48 8d5b | 0148 891c | 3e0f 8408 | 0000 0048 | 8bf0 e92d 

  0x000002112d2b50f4: ;   {metadata(method data for {method} {0x000002113f014300} 'loadClass' '(Ljava/lang/String;Z)Ljava/lang/Class;' in 'java/lang/ClassLoader')}
  0x000002112d2b50f4: 0300 0048 | be48 d313 | 8111 0200 | 0048 8386 | 6802 0000 

  0x000002112d2b5108: ;   {runtime_call}
  0x000002112d2b5108: 0148 b8a0 | 3b31 87f9 | 7f00 00ff 

  0x000002112d2b5114: ;   {other}
  0x000002112d2b5114: d00f 1f84 | 0000 0000 | 0048 8b54 

  0x000002112d2b5120: ;   {metadata(method data for {method} {0x000002113f014300} 'loadClass' '(Ljava/lang/String;Z)Ljava/lang/Class;' in 'java/lang/ClassLoader')}
  0x000002112d2b5120: 2450 49b8 | 48d3 1381 | 1102 0000 | 8b52 0849 | ba00 0000 | 3f11 0200 | 0049 03d2 | 493b 9088 
  0x000002112d2b5140: 0200 0075 | 0d49 8380 | 9002 0000 | 01e9 6000 | 0000 493b | 9098 0200 | 0075 0d49 | 8380 a002 
  0x000002112d2b5160: 0000 01e9 | 4a00 0000 | 4983 b888 | 0200 0000 | 7517 4989 | 9088 0200 | 0049 c780 | 9002 0000 
  0x000002112d2b5180: 0100 0000 | e929 0000 | 0049 83b8 | 9802 0000 | 0075 1749 | 8990 9802 | 0000 49c7 | 80a0 0200 
  0x000002112d2b51a0: 0001 0000 | 00e9 0800 | 0000 4983 | 8078 0200 | 0001 4c8b | 4424 5848 | 8b54 2450 | 4889 8424 
  0x000002112d2b51c0: 8000 0000 | 9048 b8ff | ffff ffff 

  0x000002112d2b51cc: ;   {virtual_call}
  0x000002112d2b51cc: ffff ffe8 

  0x000002112d2b51d0: ; ImmutableOopMap {[80]=Oop [104]=Oop [168]=Oop }
                      ;*invokevirtual findClass {reexecute=0 rethrow=0 return_oop=0}
                      ; - java.lang.ClassLoader::loadClass@69 (line 593)
  0x000002112d2b51d0: 0c66 4607 

  0x000002112d2b51d4: ;   {other}
  0x000002112d2b51d4: 0f1f 8400 | c408 0006 

  0x000002112d2b51dc: ;   {metadata(method data for {method} {0x000002113f014300} 'loadClass' '(Ljava/lang/String;Z)Ljava/lang/Class;' in 'java/lang/ClassLoader')}
  0x000002112d2b51dc: 49b8 48d3 | 1381 1102 | 0000 4983 | 80b0 0200 

  0x000002112d2b51ec: ;   {metadata(method data for {method} {0x000002113f108e40} 'getParentDelegationTime' '()Ljdk/internal/perf/PerfCounter;' in 'jdk/internal/perf/PerfCounter')}
  0x000002112d2b51ec: 0001 49b8 | 08d9 1381 | 1102 0000 | 418b 90cc | 0000 0083 | c202 4189 | 90cc 0000 | 0081 e2fe 
  0x000002112d2b520c: ff1f 0083 | fa00 0f84 | 8404 0000 

  0x000002112d2b5218: ;   {oop(a 'jdk/internal/perf/PerfCounter'{0x00000000fffd2278})}
  0x000002112d2b5218: 48ba 7822 | fdff 0000 | 0000 4c8b 

  0x000002112d2b5224: ;   {metadata(method data for {method} {0x000002113f014300} 'loadClass' '(Ljava/lang/String;Z)Ljava/lang/Class;' in 'java/lang/ClassLoader')}
  0x000002112d2b5224: c248 be48 | d313 8111 

  0x000002112d2b522c: ;   {metadata('jdk/internal/perf/PerfCounter')}
  0x000002112d2b522c: 0200 0049 | ba68 8410 | 3f11 0200 | 004c 8996 | d002 0000 | 4883 86d8 | 0200 0001 | 4c8b 8424 
  0x000002112d2b524c: 8000 0000 | 488b 7424 | 784c 2bc6 

  0x000002112d2b5258: ;   {metadata(method data for {method} {0x000002113f108c30} 'addTime' '(J)V' in 'jdk/internal/perf/PerfCounter')}
  0x000002112d2b5258: 48be 30da | 1381 1102 | 0000 8bbe | cc00 0000 | 83c7 0289 | becc 0000 | 0081 e7fe | ff1f 0083 
  0x000002112d2b5278: ff00 0f84 | 3d04 0000 

  0x000002112d2b5280: ;   {metadata(method data for {method} {0x000002113f108c30} 'addTime' '(J)V' in 'jdk/internal/perf/PerfCounter')}
  0x000002112d2b5280: 488b f248 | bf30 da13 | 8111 0200 

  0x000002112d2b528c: ;   {metadata('jdk/internal/perf/PerfCounter')}
  0x000002112d2b528c: 0049 ba68 | 8410 3f11 | 0200 004c | 8997 2001 | 0000 4883 | 8728 0100 | 0001 4889 | 8424 8800 
  0x000002112d2b52ac: ;   {optimized virtual_call}
  0x000002112d2b52ac: 0000 90e8 

  0x000002112d2b52b0: ; ImmutableOopMap {[80]=Oop [104]=Oop [136]=Oop [168]=Oop }
                      ;*invokevirtual add {reexecute=0 rethrow=0 return_oop=0}
                      ; - jdk.internal.perf.PerfCounter::addTime@2 (line 113)
                      ; - java.lang.ClassLoader::loadClass@82 (line 596)
  0x000002112d2b52b0: ccac f9ff 

  0x000002112d2b52b4: ;   {other}
  0x000002112d2b52b4: 0f1f 8400 | a409 0007 

  0x000002112d2b52bc: ;   {metadata(method data for {method} {0x000002113f014300} 'loadClass' '(Ljava/lang/String;Z)Ljava/lang/Class;' in 'java/lang/ClassLoader')}
  0x000002112d2b52bc: 49b8 48d3 | 1381 1102 | 0000 4983 | 80f8 0200 

  0x000002112d2b52cc: ;   {metadata(method data for {method} {0x000002113f108e98} 'getFindClassTime' '()Ljdk/internal/perf/PerfCounter;' in 'jdk/internal/perf/PerfCounter')}
  0x000002112d2b52cc: 0001 49b8 | c8db 1381 | 1102 0000 | 418b 90cc | 0000 0083 | c202 4189 | 90cc 0000 | 0081 e2fe 
  0x000002112d2b52ec: ff1f 0083 | fa00 0f84 | e603 0000 

  0x000002112d2b52f8: ;   {oop(a 'jdk/internal/perf/PerfCounter'{0x00000000fffd2998})}
  0x000002112d2b52f8: 48ba 9829 | fdff 0000 | 0000 4c8b 

  0x000002112d2b5304: ;   {metadata(method data for {method} {0x000002113f014300} 'loadClass' '(Ljava/lang/String;Z)Ljava/lang/Class;' in 'java/lang/ClassLoader')}
  0x000002112d2b5304: c248 be48 | d313 8111 

  0x000002112d2b530c: ;   {metadata('jdk/internal/perf/PerfCounter')}
  0x000002112d2b530c: 0200 0049 | ba68 8410 | 3f11 0200 | 004c 8996 | 1803 0000 | 4883 8620 | 0300 0001 | 4c8b 8424 
  0x000002112d2b532c: 8000 0000 | 0f1f 8000 

  0x000002112d2b5334: ;   {optimized virtual_call}
  0x000002112d2b5334: 0000 00e8 

  0x000002112d2b5338: ; ImmutableOopMap {[80]=Oop [104]=Oop [136]=Oop [168]=Oop }
                      ;*invokevirtual addElapsedTimeFrom {reexecute=0 rethrow=0 return_oop=0}
                      ; - java.lang.ClassLoader::loadClass@90 (line 597)
  0x000002112d2b5338: 2905 0000 

  0x000002112d2b533c: ;   {other}
  0x000002112d2b533c: 0f1f 8400 | 2c0a 0008 

  0x000002112d2b5344: ;   {metadata(method data for {method} {0x000002113f014300} 'loadClass' '(Ljava/lang/String;Z)Ljava/lang/Class;' in 'java/lang/ClassLoader')}
  0x000002112d2b5344: 49b8 48d3 | 1381 1102 | 0000 4983 | 8040 0300 

  0x000002112d2b5354: ;   {metadata(method data for {method} {0x000002113f108ef0} 'getFindClasses' '()Ljdk/internal/perf/PerfCounter;' in 'jdk/internal/perf/PerfCounter')}
  0x000002112d2b5354: 0001 49b8 | 98de 1381 | 1102 0000 | 418b 90cc | 0000 0083 | c202 4189 | 90cc 0000 | 0081 e2fe 
  0x000002112d2b5374: ff1f 0083 | fa00 0f84 | 7f03 0000 

  0x000002112d2b5380: ;   {oop(a 'jdk/internal/perf/PerfCounter'{0x00000000fffd28c0})}
  0x000002112d2b5380: 48ba c028 | fdff 0000 | 0000 4c8b 

  0x000002112d2b538c: ;   {metadata(method data for {method} {0x000002113f014300} 'loadClass' '(Ljava/lang/String;Z)Ljava/lang/Class;' in 'java/lang/ClassLoader')}
  0x000002112d2b538c: c248 be48 | d313 8111 

  0x000002112d2b5394: ;   {metadata('jdk/internal/perf/PerfCounter')}
  0x000002112d2b5394: 0200 0049 | ba68 8410 | 3f11 0200 | 004c 8996 | 6003 0000 | 4883 8668 | 0300 0001 

  0x000002112d2b53b0: ;   {metadata(method data for {method} {0x000002113f108ce0} 'increment' '()V' in 'jdk/internal/perf/PerfCounter')}
  0x000002112d2b53b0: 49b8 c0df | 1381 1102 | 0000 418b | b0cc 0000 | 0083 c602 | 4189 b0cc | 0000 0081 | e6fe ff1f 
  0x000002112d2b53d0: 0083 fe00 | 0f84 4603 | 0000 4c8b 

  0x000002112d2b53dc: ;   {metadata(method data for {method} {0x000002113f108ce0} 'increment' '()V' in 'jdk/internal/perf/PerfCounter')}
  0x000002112d2b53dc: c248 bec0 | df13 8111 

  0x000002112d2b53e4: ;   {metadata('jdk/internal/perf/PerfCounter')}
  0x000002112d2b53e4: 0200 0049 | ba68 8410 | 3f11 0200 | 004c 8996 | 2001 0000 | 4883 8628 | 0100 0001 | 49b8 0100 
  0x000002112d2b5404: 0000 0000 | 0000 0f1f 

  0x000002112d2b540c: ;   {optimized virtual_call}
  0x000002112d2b540c: 4400 00e8 

  0x000002112d2b5410: ; ImmutableOopMap {[80]=Oop [104]=Oop [136]=Oop [168]=Oop }
                      ;*invokevirtual add {reexecute=0 rethrow=0 return_oop=0}
                      ; - jdk.internal.perf.PerfCounter::increment@2 (line 106)
                      ; - java.lang.ClassLoader::loadClass@96 (line 598)
  0x000002112d2b5410: 6cab f9ff 

  0x000002112d2b5414: ;   {other}
  0x000002112d2b5414: 0f1f 8400 | 040b 0009 | 488b b424 | 8800 0000 | 448b 4c24 | 6041 83f9 

  0x000002112d2b542c: ;   {metadata(method data for {method} {0x000002113f014300} 'loadClass' '(Ljava/lang/String;Z)Ljava/lang/Class;' in 'java/lang/ClassLoader')}
  0x000002112d2b542c: 0048 b848 | d313 8111 | 0200 0048 | ba88 0300 | 0000 0000 | 000f 840a | 0000 0048 | ba98 0300 
  0x000002112d2b544c: 0000 0000 | 0048 8b3c | 1048 8d7f | 0148 893c | 100f 8479 | 0000 0048 | 8b54 2450 

  0x000002112d2b5468: ;   {metadata(method data for {method} {0x000002113f014300} 'loadClass' '(Ljava/lang/String;Z)Ljava/lang/Class;' in 'java/lang/ClassLoader')}
  0x000002112d2b5468: 48b8 48d3 | 1381 1102 | 0000 4883 | 80a8 0300 

  0x000002112d2b5478: ;   {metadata(method data for {method} {0x000002113f43cf08} 'resolveClass' '(Ljava/lang/Class;)V' in 'java/lang/ClassLoader')}
  0x000002112d2b5478: 0001 48b8 | c85d 1381 | 1102 0000 | 8b90 cc00 | 0000 83c2 | 0289 90cc | 0000 0081 | e2fe ff1f 
  0x000002112d2b5498: 0083 fa00 | 0f84 9f02 | 0000 4883 

  0x000002112d2b54a4: ;   {metadata(method data for {method} {0x000002113f43cf08} 'resolveClass' '(Ljava/lang/Class;)V' in 'java/lang/ClassLoader')}
  0x000002112d2b54a4: fe00 48b8 | c85d 1381 | 1102 0000 | 48ba 2001 | 0000 0000 | 0000 0f84 | 0a00 0000 | 48ba 1001 
  0x000002112d2b54c4: 0000 0000 | 0000 488b | 3c10 488d | 7f01 4889 | 3c10 0f84 | 4300 0000 | 488d 8424 | a000 0000 
  0x000002112d2b54e4: 488b 1048 | 85d2 0f84 | 0f00 0000 | 488b 7808 | f048 0fb1 | 170f 8563 | 0200 0049 | ff8f 5005 
  0x000002112d2b5504: 0000 488b | c648 81c4 | c000 0000 

  0x000002112d2b5510: ;   {poll_return}
  0x000002112d2b5510: 5d49 3ba7 | 5004 0000 | 0f87 5a02 | 0000 c348 | 89b4 2498 | 0000 0090 

  0x000002112d2b5528: ;   {no_reloc}
  0x000002112d2b5528: e970 0200 | 0000 0000 | 0000 498b | 87b8 0100 | 0048 8d78 | 3049 3bbf | c801 0000 | 0f87 5d02 
  0x000002112d2b5548: 0000 4989 | bfb8 0100 | 0048 c700 | 0100 0000 | 488b ca49 | ba00 0000 | 3f11 0200 | 0049 2bca 
  0x000002112d2b5568: 8948 0848 | 33c9 8948 | 0c48 33c9 | 4889 4810 | 4889 4818 | 4889 4820 | 4889 4828 

  0x000002112d2b5584: ;   {metadata(method data for {method} {0x000002113f43cf08} 'resolveClass' '(Ljava/lang/Class;)V' in 'java/lang/ClassLoader')}
  0x000002112d2b5584: 488b d048 | bec8 5d13 | 8111 0200 | 0048 8386 | 3001 0000 | 0148 8bd0 | 4889 8424 | 9000 0000 
  0x000002112d2b55a4: ;   {optimized virtual_call}
  0x000002112d2b55a4: 6666 90e8 

  0x000002112d2b55a8: ; ImmutableOopMap {[104]=Oop [144]=Oop [152]=Oop [168]=Oop }
                      ;*invokespecial <init> {reexecute=0 rethrow=0 return_oop=0}
                      ; - java.lang.ClassLoader::resolveClass@8 (line 1238)
                      ; - java.lang.ClassLoader::loadClass@106 (line 602)
  0x000002112d2b55a8: d494 4607 

  0x000002112d2b55ac: ;   {other}
  0x000002112d2b55ac: 0f1f 8400 | 9c0c 000a | 488b 8424 

  0x000002112d2b55b8: ; ImmutableOopMap {rax=Oop [104]=Oop [152]=Oop [168]=Oop }
                      ;*athrow {reexecute=1 rethrow=0 return_oop=0}
                      ; - (reexecute) java.lang.ClassLoader::resolveClass@11 (line 1238)
                      ; - java.lang.ClassLoader::loadClass@106 (line 602)
  0x000002112d2b55b8: 9000 0000 

  0x000002112d2b55bc: ;   {section_word}
  0x000002112d2b55bc: 48ba bc55 | 2b2d 1102 

  0x000002112d2b55c4: ;   {runtime_call handle_exception_nofpu Runtime1 stub}
  0x000002112d2b55c4: 0000 e835 | cd53 0790 | 498b 8700 | 0500 004d | 33d2 4d89 | 9700 0500 | 004d 33d2 | 4d89 9708 
  0x000002112d2b55e4: 0500 0048 | 8bf0 488d | 8424 a000 | 0000 488b | 3848 85ff | 0f84 0f00 | 0000 488b | 5808 f048 
  0x000002112d2b5604: 0fb1 3b0f | 85a7 0100 | 0049 ff8f | 5005 0000 | 488b c6e9 | f301 0000 

  0x000002112d2b561c: ;   {metadata({method} {0x000002113f014300} 'loadClass' '(Ljava/lang/String;Z)Ljava/lang/Class;' in 'java/lang/ClassLoader')}
  0x000002112d2b561c: 49ba f842 | 013f 1102 | 0000 4c89 | 5424 0848 | c704 24ff 

  0x000002112d2b5630: ;   {runtime_call counter_overflow Runtime1 stub}
  0x000002112d2b5630: ffff ffe8 

  0x000002112d2b5634: ; ImmutableOopMap {rdx=Oop r8=Oop [80]=Oop [88]=Oop }
                      ;*synchronization entry
                      ; - java.lang.ClassLoader::loadClass@-1 (line 573)
  0x000002112d2b5634: c805 5407 | e914 f6ff 

  0x000002112d2b563c: ;   {runtime_call throw_null_pointer_exception Runtime1 stub}
  0x000002112d2b563c: ffe8 beb4 

  0x000002112d2b5640: ; ImmutableOopMap {rsi=Oop [80]=Oop [88]=Oop [104]=Oop }
                      ;*monitorenter {reexecute=0 rethrow=0 return_oop=0}
                      ; - java.lang.ClassLoader::loadClass@7 (line 573)
  0x000002112d2b5640: 5307 4889 | 7424 0848 

  0x000002112d2b5648: ;   {runtime_call monitorenter_nofpu Runtime1 stub}
  0x000002112d2b5648: 8914 24e8 

  0x000002112d2b564c: ; ImmutableOopMap {rsi=Oop [80]=Oop [88]=Oop [104]=Oop [168]=Oop }
                      ;*monitorenter {reexecute=0 rethrow=0 return_oop=0}
                      ; - java.lang.ClassLoader::loadClass@7 (line 573)
  0x000002112d2b564c: b0e4 5307 | e9f1 f6ff 

  0x000002112d2b5654: ;   {metadata({method} {0x000002113f43cfb8} 'findLoadedClass' '(Ljava/lang/String;)Ljava/lang/Class;' in 'java/lang/ClassLoader')}
  0x000002112d2b5654: ff49 bab0 | cf43 3f11 | 0200 004c | 8954 2408 | 48c7 0424 | ffff ffff 

  0x000002112d2b566c: ;   {runtime_call counter_overflow Runtime1 stub}
  0x000002112d2b566c: e88f 0554 

  0x000002112d2b5670: ; ImmutableOopMap {[80]=Oop [88]=Oop [104]=Oop [168]=Oop }
                      ;*synchronization entry
                      ; - java.lang.ClassLoader::findLoadedClass@-1 (line 1298)
                      ; - java.lang.ClassLoader::loadClass@10 (line 575)
  0x000002112d2b5670: 07e9 0ff7 

  0x000002112d2b5674: ;   {runtime_call throw_null_pointer_exception Runtime1 stub}
  0x000002112d2b5674: ffff e885 

  0x000002112d2b5678: ; ImmutableOopMap {rsi=Oop [80]=Oop [88]=Oop [104]=Oop [112]=Oop [168]=Oop }
                      ;*invokevirtual loadClass {reexecute=0 rethrow=0 return_oop=0}
                      ; - java.lang.ClassLoader::loadClass@38 (line 580)
                      ;   {metadata({method} {0x000002113f43cf60} 'findBootstrapClassOrNull' '(Ljava/lang/String;)Ljava/lang/Class;' in 'java/lang/ClassLoader')}
  0x000002112d2b5678: b453 0749 | ba58 cf43 | 3f11 0200 | 004c 8954 | 2408 48c7 | 0424 ffff 

  0x000002112d2b5690: ;   {runtime_call counter_overflow Runtime1 stub}
  0x000002112d2b5690: ffff e869 

  0x000002112d2b5694: ; ImmutableOopMap {[80]=Oop [88]=Oop [104]=Oop [112]=Oop [168]=Oop }
                      ;*synchronization entry
                      ; - java.lang.ClassLoader::findBootstrapClassOrNull@-1 (line 1275)
                      ; - java.lang.ClassLoader::loadClass@47 (line 582)
  0x000002112d2b5694: 0554 07e9 | 47f9 ffff 

  0x000002112d2b569c: ;   {metadata({method} {0x000002113f108e40} 'getParentDelegationTime' '()Ljdk/internal/perf/PerfCounter;' in 'jdk/internal/perf/PerfCounter')}
  0x000002112d2b569c: 49ba 388e | 103f 1102 | 0000 4c89 | 5424 0848 | c704 24ff 

  0x000002112d2b56b0: ;   {runtime_call counter_overflow Runtime1 stub}
  0x000002112d2b56b0: ffff ffe8 

  0x000002112d2b56b4: ; ImmutableOopMap {rax=Oop [80]=Oop [104]=Oop [168]=Oop }
                      ;*synchronization entry
                      ; - jdk.internal.perf.PerfCounter::getParentDelegationTime@-1 (line 164)
                      ; - java.lang.ClassLoader::loadClass@74 (line 596)
  0x000002112d2b56b4: 4805 5407 | e95b fbff 

  0x000002112d2b56bc: ;   {metadata({method} {0x000002113f108c30} 'addTime' '(J)V' in 'jdk/internal/perf/PerfCounter')}
  0x000002112d2b56bc: ff49 ba28 | 8c10 3f11 | 0200 004c | 8954 2408 | 48c7 0424 | ffff ffff 

  0x000002112d2b56d4: ;   {runtime_call counter_overflow Runtime1 stub}
  0x000002112d2b56d4: e827 0554 

  0x000002112d2b56d8: ; ImmutableOopMap {rax=Oop rdx=Oop [80]=Oop [104]=Oop [168]=Oop }
                      ;*synchronization entry
                      ; - jdk.internal.perf.PerfCounter::addTime@-1 (line 113)
                      ; - java.lang.ClassLoader::loadClass@82 (line 596)
  0x000002112d2b56d8: 07e9 a2fb 

  0x000002112d2b56dc: ;   {metadata({method} {0x000002113f108e98} 'getFindClassTime' '()Ljdk/internal/perf/PerfCounter;' in 'jdk/internal/perf/PerfCounter')}
  0x000002112d2b56dc: ffff 49ba | 908e 103f | 1102 0000 | 4c89 5424 | 0848 c704 | 24ff ffff 

  0x000002112d2b56f4: ;   {runtime_call counter_overflow Runtime1 stub}
  0x000002112d2b56f4: ffe8 0605 

  0x000002112d2b56f8: ; ImmutableOopMap {[80]=Oop [104]=Oop [136]=Oop [168]=Oop }
                      ;*synchronization entry
                      ; - jdk.internal.perf.PerfCounter::getFindClassTime@-1 (line 149)
                      ; - java.lang.ClassLoader::loadClass@85 (line 597)
  0x000002112d2b56f8: 5407 e9f9 

  0x000002112d2b56fc: ;   {metadata({method} {0x000002113f108ef0} 'getFindClasses' '()Ljdk/internal/perf/PerfCounter;' in 'jdk/internal/perf/PerfCounter')}
  0x000002112d2b56fc: fbff ff49 | bae8 8e10 | 3f11 0200 | 004c 8954 | 2408 48c7 | 0424 ffff 

  0x000002112d2b5714: ;   {runtime_call counter_overflow Runtime1 stub}
  0x000002112d2b5714: ffff e8e5 

  0x000002112d2b5718: ; ImmutableOopMap {[80]=Oop [104]=Oop [136]=Oop [168]=Oop }
                      ;*synchronization entry
                      ; - jdk.internal.perf.PerfCounter::getFindClasses@-1 (line 141)
                      ; - java.lang.ClassLoader::loadClass@93 (line 598)
  0x000002112d2b5718: 0454 07e9 | 60fc ffff 

  0x000002112d2b5720: ;   {metadata({method} {0x000002113f108ce0} 'increment' '()V' in 'jdk/internal/perf/PerfCounter')}
  0x000002112d2b5720: 49ba d88c | 103f 1102 | 0000 4c89 | 5424 0848 | c704 24ff 

  0x000002112d2b5734: ;   {runtime_call counter_overflow Runtime1 stub}
  0x000002112d2b5734: ffff ffe8 

  0x000002112d2b5738: ; ImmutableOopMap {rdx=Oop [80]=Oop [104]=Oop [136]=Oop [168]=Oop }
                      ;*synchronization entry
                      ; - jdk.internal.perf.PerfCounter::increment@-1 (line 106)
                      ; - java.lang.ClassLoader::loadClass@96 (line 598)
  0x000002112d2b5738: c404 5407 | e999 fcff 

  0x000002112d2b5740: ;   {metadata({method} {0x000002113f43cf08} 'resolveClass' '(Ljava/lang/Class;)V' in 'java/lang/ClassLoader')}
  0x000002112d2b5740: ff49 ba00 | cf43 3f11 | 0200 004c | 8954 2408 | 48c7 0424 | ffff ffff 

  0x000002112d2b5758: ;   {runtime_call counter_overflow Runtime1 stub}
  0x000002112d2b5758: e8a3 0454 

  0x000002112d2b575c: ; ImmutableOopMap {rsi=Oop [104]=Oop [168]=Oop }
                      ;*synchronization entry
                      ; - java.lang.ClassLoader::resolveClass@-1 (line 1237)
                      ; - java.lang.ClassLoader::loadClass@106 (line 602)
  0x000002112d2b575c: 07e9 40fd | ffff 488d | 8424 a000 | 0000 4889 

  0x000002112d2b576c: ;   {runtime_call monitorexit_nofpu Runtime1 stub}
  0x000002112d2b576c: 0424 e88d | e953 07e9 | 8efd ffff 

  0x000002112d2b5778: ;   {internal_word}
  0x000002112d2b5778: 49ba 1155 | 2b2d 1102 | 0000 4d89 | 9768 0400 

  0x000002112d2b5788: ;   {runtime_call SafepointBlob}
  0x000002112d2b5788: 00e9 72ff 

  0x000002112d2b578c: ;   {metadata(nullptr)}
  0x000002112d2b578c: 4607 48ba | 0000 0000 | 0000 0000 | b800 0f05 

  0x000002112d2b579c: ;   {runtime_call load_klass_patching Runtime1 stub}
  0x000002112d2b579c: 0ae8 def3 

  0x000002112d2b57a0: ; ImmutableOopMap {[104]=Oop [152]=Oop [168]=Oop }
                      ;*new {reexecute=1 rethrow=0 return_oop=0}
                      ; - (reexecute) java.lang.ClassLoader::resolveClass@4 (line 1238)
                      ; - java.lang.ClassLoader::loadClass@106 (line 602)
  0x000002112d2b57a0: 5307 e981 | fdff ff48 

  0x000002112d2b57a8: ;   {runtime_call fast_new_instance Runtime1 stub}
  0x000002112d2b57a8: 8bd2 e851 

  0x000002112d2b57ac: ; ImmutableOopMap {[104]=Oop [152]=Oop [168]=Oop }
                      ;*new {reexecute=0 rethrow=0 return_oop=0}
                      ; - java.lang.ClassLoader::resolveClass@4 (line 1238)
                      ; - java.lang.ClassLoader::loadClass@106 (line 602)
  0x000002112d2b57ac: bc53 07e9 | d0fd ffff | 488d 8424 | a000 0000 | 4889 0424 

  0x000002112d2b57c0: ;   {runtime_call monitorexit_nofpu Runtime1 stub}
  0x000002112d2b57c0: e83b e953 | 07e9 4afe | ffff 488b | 7424 70e9 | c3f8 ffff | 488b 7424 | 70e9 b9f8 | ffff 488b 
  0x000002112d2b57e0: 7424 70e9 | aff8 ffff | 488b 7424 | 70e9 a5f8 | ffff 498b | 8700 0500 | 0049 c787 | 0005 0000 
  0x000002112d2b5800: 0000 0000 | 49c7 8708 | 0500 0000 | 0000 0048 | 81c4 c000 

  0x000002112d2b5814: ;   {runtime_call unwind_exception Runtime1 stub}
  0x000002112d2b5814: 0000 5de9 | e4a3 5307 | f4f4 f4f4 
[Stub Code]
  0x000002112d2b5820: ;   {no_reloc}
  0x000002112d2b5820: 0f1f 4400 

  0x000002112d2b5824: ;   {static_stub}
  0x000002112d2b5824: 0048 bb00 | 0000 0000 

  0x000002112d2b582c: ;   {runtime_call}
  0x000002112d2b582c: 0000 00e9 | fbff ffff 

  0x000002112d2b5834: ;   {static_stub}
  0x000002112d2b5834: 9048 bb00 | 0000 0000 

  0x000002112d2b583c: ;   {runtime_call}
  0x000002112d2b583c: 0000 00e9 | fbff ffff 

  0x000002112d2b5844: ;   {static_stub}
  0x000002112d2b5844: 9048 bb00 | 0000 0000 

  0x000002112d2b584c: ;   {runtime_call}
  0x000002112d2b584c: 0000 00e9 | fbff ffff 

  0x000002112d2b5854: ;   {static_stub}
  0x000002112d2b5854: 9048 bb00 | 0000 0000 

  0x000002112d2b585c: ;   {runtime_call}
  0x000002112d2b585c: 0000 00e9 | fbff ffff 

  0x000002112d2b5864: ;   {static_stub}
  0x000002112d2b5864: 9048 bb80 | 8c10 3f11 

  0x000002112d2b586c: ;   {runtime_call I2C/C2I adapters}
  0x000002112d2b586c: 0200 00e9 | f301 4707 

  0x000002112d2b5874: ;   {static_stub}
  0x000002112d2b5874: 9048 bb00 | 0000 0000 

  0x000002112d2b587c: ;   {runtime_call}
  0x000002112d2b587c: 0000 00e9 | fbff ffff 

  0x000002112d2b5884: ;   {static_stub}
  0x000002112d2b5884: 48bb 0000 | 0000 0000 

  0x000002112d2b588c: ;   {runtime_call}
  0x000002112d2b588c: 0000 e9fb 

  0x000002112d2b5890: ;   {static_stub}
  0x000002112d2b5890: ffff ff48 | bb00 0000 | 0000 0000 

  0x000002112d2b589c: ;   {runtime_call}
  0x000002112d2b589c: 00e9 fbff 

  0x000002112d2b58a0: ;   {static_stub}
  0x000002112d2b58a0: ffff 48bb | 0000 0000 | 0000 0000 

  0x000002112d2b58ac: ;   {runtime_call}
  0x000002112d2b58ac: e9fb ffff 

  0x000002112d2b58b0: ;   {static_stub}
  0x000002112d2b58b0: ff48 bb00 | 0000 0000 

  0x000002112d2b58b8: ;   {runtime_call}
  0x000002112d2b58b8: 0000 00e9 | fbff ffff 
[Exception Handler]
  0x000002112d2b58c0: ;   {runtime_call handle_exception_from_callee Runtime1 stub}
  0x000002112d2b58c0: e83b d053 

  0x000002112d2b58c4: ;   {external_word}
  0x000002112d2b58c4: 0748 b900 | 285f 87f9 | 7f00 0048 

  0x000002112d2b58d0: ;   {runtime_call}
  0x000002112d2b58d0: 83e4 f048 | b8e0 0f27 | 87f9 7f00 | 00ff d0f4 
[Deopt Handler Code]
  0x000002112d2b58e0: ;   {section_word}
  0x000002112d2b58e0: 49ba e058 | 2b2d 1102 | 0000 4152 

  0x000002112d2b58ec: ;   {runtime_call DeoptimizationBlob}
  0x000002112d2b58ec: e9af f046 | 07f4 f4f4 | f4f4 f4f4 
[/MachCode]


---------------  P R O C E S S  ---------------

Threads class SMR info:
_java_thread_list=0x0000021180182640, length=11, elements={
0x0000021124d49060, 0x0000021180125640, 0x00000211801264b0, 0x000002118012e660,
0x000002118012f270, 0x000002118012fcd0, 0x0000021124e09f70, 0x0000021124e0b2d0,
0x0000021124e0bf20, 0x00000211801ab540, 0x00000211801abfa0
}

Java Threads: ( => current thread )
=>0x0000021124d49060 JavaThread "main"                              [_thread_in_vm, id=38004, stack(0x0000002c06300000,0x0000002c06400000) (1024K)]
  0x0000021180125640 JavaThread "Reference Handler"          daemon [_thread_blocked, id=10392, stack(0x0000002c06b00000,0x0000002c06c00000) (1024K)]
  0x00000211801264b0 JavaThread "Finalizer"                  daemon [_thread_blocked, id=21264, stack(0x0000002c06c00000,0x0000002c06d00000) (1024K)]
  0x000002118012e660 JavaThread "Signal Dispatcher"          daemon [_thread_blocked, id=39192, stack(0x0000002c06d00000,0x0000002c06e00000) (1024K)]
  0x000002118012f270 JavaThread "Attach Listener"            daemon [_thread_blocked, id=33304, stack(0x0000002c06e00000,0x0000002c06f00000) (1024K)]
  0x000002118012fcd0 JavaThread "Service Thread"             daemon [_thread_blocked, id=30932, stack(0x0000002c06f00000,0x0000002c07000000) (1024K)]
  0x0000021124e09f70 JavaThread "Monitor Deflation Thread"   daemon [_thread_blocked, id=15628, stack(0x0000002c07000000,0x0000002c07100000) (1024K)]
  0x0000021124e0b2d0 JavaThread "C2 CompilerThread0"         daemon [_thread_blocked, id=35616, stack(0x0000002c07100000,0x0000002c07200000) (1024K)]
  0x0000021124e0bf20 JavaThread "C1 CompilerThread0"         daemon [_thread_blocked, id=38208, stack(0x0000002c07200000,0x0000002c07300000) (1024K)]
  0x00000211801ab540 JavaThread "Notification Thread"        daemon [_thread_blocked, id=26708, stack(0x0000002c07300000,0x0000002c07400000) (1024K)]
  0x00000211801abfa0 JavaThread "Common-Cleaner"             daemon [_thread_blocked, id=35940, stack(0x0000002c07400000,0x0000002c07500000) (1024K)]
Total: 11

Other Threads:
  0x0000021124de9ca0 VMThread "VM Thread"                           [id=21540, stack(0x0000002c06a00000,0x0000002c06b00000) (1024K)] _threads_hazard_ptr=0x0000021180182640
  0x000002118011d7f0 WatcherThread "VM Periodic Task Thread"        [id=12416, stack(0x0000002c06900000,0x0000002c06a00000) (1024K)]
  0x0000021124d5f070 WorkerThread "GC Thread#0"                     [id=35712, stack(0x0000002c06400000,0x0000002c06500000) (1024K)]
  0x0000021124d62860 ConcurrentGCThread "G1 Main Marker"            [id=2104, stack(0x0000002c06500000,0x0000002c06600000) (1024K)]
  0x0000021124d635e0 WorkerThread "G1 Conc#0"                       [id=30900, stack(0x0000002c06600000,0x0000002c06700000) (1024K)]
  0x0000021124dc65e0 ConcurrentGCThread "G1 Refine#0"               [id=31000, stack(0x0000002c06700000,0x0000002c06800000) (1024K)]
  0x0000021124dc7150 ConcurrentGCThread "G1 Service"                [id=39032, stack(0x0000002c06800000,0x0000002c06900000) (1024K)]
Total: 7

Threads with active compile tasks:
Total: 0

VM state: synchronizing (normal execution)

VM Mutex/Monitor currently owned by a thread:  ([mutex/lock_event])
[0x00007ff987888578] Metaspace_lock - owner thread: 0x0000021124d49060
[0x00007ff98788a5f8] Threads_lock - owner thread: 0x0000021124de9ca0

OutOfMemory and StackOverflow Exception counts:
OutOfMemoryError java_heap_errors=2
LinkageErrors=5

Heap address: 0x00000000fc000000, size: 64 MB, Compressed Oops mode: 32-bit

CDS archive(s) mapped at: [0x000002113f000000-0x000002113fc90000-0x000002113fc90000), size 13172736, SharedBaseAddress: 0x000002113f000000, ArchiveRelocationMode: 1.
Compressed class space mapped at: 0x0000021140000000-0x0000021180000000, reserved size: 1073741824
Narrow klass base: 0x000002113f000000, Narrow klass shift: 0, Narrow klass range: 0x100000000

GC Precious Log:
 CardTable entry size: 512
 Card Set container configuration: InlinePtr #cards 5 size 8 Array Of Cards #cards 12 size 40 Howl #buckets 4 coarsen threshold 1843 Howl Bitmap #cards 512 size 80 coarsen threshold 460 Card regions per heap region 1 cards per card region 2048
 CPUs: 8 total, 8 available
 Memory: 16193M
 Large Page Support: Disabled
 NUMA Support: Disabled
 Compressed Oops: Enabled (32-bit)
 Heap Region Size: 1M
 Heap Min Capacity: 64M
 Heap Initial Capacity: 64M
 Heap Max Capacity: 64M
 Pre-touch: Disabled
 Parallel Workers: 8
 Concurrent Workers: 2
 Concurrent Refinement Workers: 8
 Periodic GC: Disabled

Heap:
 garbage-first heap   total 65536K, used 13312K [0x00000000fc000000, 0x0000000100000000)
  region size 1024K, 14 young (14336K), 0 survivors (0K)
 Metaspace       used 2019K, committed 2112K, reserved 1114112K
  class space    used 204K, committed 256K, reserved 1048576K

Heap Regions: E=young(eden), S=young(survivor), O=old, HS=humongous(starts), HC=humongous(continues), CS=collection set, F=free, TAMS=top-at-mark-start, PB=parsable bottom
|   0|0x00000000fc000000, 0x00000000fc000000, 0x00000000fc100000|  0%| F|  |TAMS 0x00000000fc000000| PB 0x00000000fc000000| Untracked 
|   1|0x00000000fc100000, 0x00000000fc100000, 0x00000000fc200000|  0%| F|  |TAMS 0x00000000fc100000| PB 0x00000000fc100000| Untracked 
|   2|0x00000000fc200000, 0x00000000fc200000, 0x00000000fc300000|  0%| F|  |TAMS 0x00000000fc200000| PB 0x00000000fc200000| Untracked 
|   3|0x00000000fc300000, 0x00000000fc300000, 0x00000000fc400000|  0%| F|  |TAMS 0x00000000fc300000| PB 0x00000000fc300000| Untracked 
|   4|0x00000000fc400000, 0x00000000fc400000, 0x00000000fc500000|  0%| F|  |TAMS 0x00000000fc400000| PB 0x00000000fc400000| Untracked 
|   5|0x00000000fc500000, 0x00000000fc500000, 0x00000000fc600000|  0%| F|  |TAMS 0x00000000fc500000| PB 0x00000000fc500000| Untracked 
|   6|0x00000000fc600000, 0x00000000fc600000, 0x00000000fc700000|  0%| F|  |TAMS 0x00000000fc600000| PB 0x00000000fc600000| Untracked 
|   7|0x00000000fc700000, 0x00000000fc700000, 0x00000000fc800000|  0%| F|  |TAMS 0x00000000fc700000| PB 0x00000000fc700000| Untracked 
|   8|0x00000000fc800000, 0x00000000fc800000, 0x00000000fc900000|  0%| F|  |TAMS 0x00000000fc800000| PB 0x00000000fc800000| Untracked 
|   9|0x00000000fc900000, 0x00000000fc900000, 0x00000000fca00000|  0%| F|  |TAMS 0x00000000fc900000| PB 0x00000000fc900000| Untracked 
|  10|0x00000000fca00000, 0x00000000fca00000, 0x00000000fcb00000|  0%| F|  |TAMS 0x00000000fca00000| PB 0x00000000fca00000| Untracked 
|  11|0x00000000fcb00000, 0x00000000fcb00000, 0x00000000fcc00000|  0%| F|  |TAMS 0x00000000fcb00000| PB 0x00000000fcb00000| Untracked 
|  12|0x00000000fcc00000, 0x00000000fcc00000, 0x00000000fcd00000|  0%| F|  |TAMS 0x00000000fcc00000| PB 0x00000000fcc00000| Untracked 
|  13|0x00000000fcd00000, 0x00000000fcd00000, 0x00000000fce00000|  0%| F|  |TAMS 0x00000000fcd00000| PB 0x00000000fcd00000| Untracked 
|  14|0x00000000fce00000, 0x00000000fce00000, 0x00000000fcf00000|  0%| F|  |TAMS 0x00000000fce00000| PB 0x00000000fce00000| Untracked 
|  15|0x00000000fcf00000, 0x00000000fcf00000, 0x00000000fd000000|  0%| F|  |TAMS 0x00000000fcf00000| PB 0x00000000fcf00000| Untracked 
|  16|0x00000000fd000000, 0x00000000fd000000, 0x00000000fd100000|  0%| F|  |TAMS 0x00000000fd000000| PB 0x00000000fd000000| Untracked 
|  17|0x00000000fd100000, 0x00000000fd100000, 0x00000000fd200000|  0%| F|  |TAMS 0x00000000fd100000| PB 0x00000000fd100000| Untracked 
|  18|0x00000000fd200000, 0x00000000fd200000, 0x00000000fd300000|  0%| F|  |TAMS 0x00000000fd200000| PB 0x00000000fd200000| Untracked 
|  19|0x00000000fd300000, 0x00000000fd300000, 0x00000000fd400000|  0%| F|  |TAMS 0x00000000fd300000| PB 0x00000000fd300000| Untracked 
|  20|0x00000000fd400000, 0x00000000fd400000, 0x00000000fd500000|  0%| F|  |TAMS 0x00000000fd400000| PB 0x00000000fd400000| Untracked 
|  21|0x00000000fd500000, 0x00000000fd500000, 0x00000000fd600000|  0%| F|  |TAMS 0x00000000fd500000| PB 0x00000000fd500000| Untracked 
|  22|0x00000000fd600000, 0x00000000fd600000, 0x00000000fd700000|  0%| F|  |TAMS 0x00000000fd600000| PB 0x00000000fd600000| Untracked 
|  23|0x00000000fd700000, 0x00000000fd700000, 0x00000000fd800000|  0%| F|  |TAMS 0x00000000fd700000| PB 0x00000000fd700000| Untracked 
|  24|0x00000000fd800000, 0x00000000fd800000, 0x00000000fd900000|  0%| F|  |TAMS 0x00000000fd800000| PB 0x00000000fd800000| Untracked 
|  25|0x00000000fd900000, 0x00000000fd900000, 0x00000000fda00000|  0%| F|  |TAMS 0x00000000fd900000| PB 0x00000000fd900000| Untracked 
|  26|0x00000000fda00000, 0x00000000fda00000, 0x00000000fdb00000|  0%| F|  |TAMS 0x00000000fda00000| PB 0x00000000fda00000| Untracked 
|  27|0x00000000fdb00000, 0x00000000fdb00000, 0x00000000fdc00000|  0%| F|  |TAMS 0x00000000fdb00000| PB 0x00000000fdb00000| Untracked 
|  28|0x00000000fdc00000, 0x00000000fdc00000, 0x00000000fdd00000|  0%| F|  |TAMS 0x00000000fdc00000| PB 0x00000000fdc00000| Untracked 
|  29|0x00000000fdd00000, 0x00000000fdd00000, 0x00000000fde00000|  0%| F|  |TAMS 0x00000000fdd00000| PB 0x00000000fdd00000| Untracked 
|  30|0x00000000fde00000, 0x00000000fde00000, 0x00000000fdf00000|  0%| F|  |TAMS 0x00000000fde00000| PB 0x00000000fde00000| Untracked 
|  31|0x00000000fdf00000, 0x00000000fdf00000, 0x00000000fe000000|  0%| F|  |TAMS 0x00000000fdf00000| PB 0x00000000fdf00000| Untracked 
|  32|0x00000000fe000000, 0x00000000fe000000, 0x00000000fe100000|  0%| F|  |TAMS 0x00000000fe000000| PB 0x00000000fe000000| Untracked 
|  33|0x00000000fe100000, 0x00000000fe100000, 0x00000000fe200000|  0%| F|  |TAMS 0x00000000fe100000| PB 0x00000000fe100000| Untracked 
|  34|0x00000000fe200000, 0x00000000fe200000, 0x00000000fe300000|  0%| F|  |TAMS 0x00000000fe200000| PB 0x00000000fe200000| Untracked 
|  35|0x00000000fe300000, 0x00000000fe300000, 0x00000000fe400000|  0%| F|  |TAMS 0x00000000fe300000| PB 0x00000000fe300000| Untracked 
|  36|0x00000000fe400000, 0x00000000fe400000, 0x00000000fe500000|  0%| F|  |TAMS 0x00000000fe400000| PB 0x00000000fe400000| Untracked 
|  37|0x00000000fe500000, 0x00000000fe500000, 0x00000000fe600000|  0%| F|  |TAMS 0x00000000fe500000| PB 0x00000000fe500000| Untracked 
|  38|0x00000000fe600000, 0x00000000fe600000, 0x00000000fe700000|  0%| F|  |TAMS 0x00000000fe600000| PB 0x00000000fe600000| Untracked 
|  39|0x00000000fe700000, 0x00000000fe700000, 0x00000000fe800000|  0%| F|  |TAMS 0x00000000fe700000| PB 0x00000000fe700000| Untracked 
|  40|0x00000000fe800000, 0x00000000fe800000, 0x00000000fe900000|  0%| F|  |TAMS 0x00000000fe800000| PB 0x00000000fe800000| Untracked 
|  41|0x00000000fe900000, 0x00000000fe900000, 0x00000000fea00000|  0%| F|  |TAMS 0x00000000fe900000| PB 0x00000000fe900000| Untracked 
|  42|0x00000000fea00000, 0x00000000fea00000, 0x00000000feb00000|  0%| F|  |TAMS 0x00000000fea00000| PB 0x00000000fea00000| Untracked 
|  43|0x00000000feb00000, 0x00000000feb00000, 0x00000000fec00000|  0%| F|  |TAMS 0x00000000feb00000| PB 0x00000000feb00000| Untracked 
|  44|0x00000000fec00000, 0x00000000fec00000, 0x00000000fed00000|  0%| F|  |TAMS 0x00000000fec00000| PB 0x00000000fec00000| Untracked 
|  45|0x00000000fed00000, 0x00000000fed00000, 0x00000000fee00000|  0%| F|  |TAMS 0x00000000fed00000| PB 0x00000000fed00000| Untracked 
|  46|0x00000000fee00000, 0x00000000fee00000, 0x00000000fef00000|  0%| F|  |TAMS 0x00000000fee00000| PB 0x00000000fee00000| Untracked 
|  47|0x00000000fef00000, 0x00000000fef00000, 0x00000000ff000000|  0%| F|  |TAMS 0x00000000fef00000| PB 0x00000000fef00000| Untracked 
|  48|0x00000000ff000000, 0x00000000ff000000, 0x00000000ff100000|  0%| F|  |TAMS 0x00000000ff000000| PB 0x00000000ff000000| Untracked 
|  49|0x00000000ff100000, 0x00000000ff100000, 0x00000000ff200000|  0%| F|  |TAMS 0x00000000ff100000| PB 0x00000000ff100000| Untracked 
|  50|0x00000000ff200000, 0x00000000ff300000, 0x00000000ff300000|100%| E|  |TAMS 0x00000000ff200000| PB 0x00000000ff200000| Complete 
|  51|0x00000000ff300000, 0x00000000ff400000, 0x00000000ff400000|100%| E|CS|TAMS 0x00000000ff300000| PB 0x00000000ff300000| Complete 
|  52|0x00000000ff400000, 0x00000000ff500000, 0x00000000ff500000|100%| E|CS|TAMS 0x00000000ff400000| PB 0x00000000ff400000| Complete 
|  53|0x00000000ff500000, 0x00000000ff600000, 0x00000000ff600000|100%| E|CS|TAMS 0x00000000ff500000| PB 0x00000000ff500000| Complete 
|  54|0x00000000ff600000, 0x00000000ff700000, 0x00000000ff700000|100%| E|CS|TAMS 0x00000000ff600000| PB 0x00000000ff600000| Complete 
|  55|0x00000000ff700000, 0x00000000ff800000, 0x00000000ff800000|100%| E|CS|TAMS 0x00000000ff700000| PB 0x00000000ff700000| Complete 
|  56|0x00000000ff800000, 0x00000000ff900000, 0x00000000ff900000|100%| E|CS|TAMS 0x00000000ff800000| PB 0x00000000ff800000| Complete 
|  57|0x00000000ff900000, 0x00000000ffa00000, 0x00000000ffa00000|100%| E|CS|TAMS 0x00000000ff900000| PB 0x00000000ff900000| Complete 
|  58|0x00000000ffa00000, 0x00000000ffb00000, 0x00000000ffb00000|100%| E|CS|TAMS 0x00000000ffa00000| PB 0x00000000ffa00000| Complete 
|  59|0x00000000ffb00000, 0x00000000ffc00000, 0x00000000ffc00000|100%| E|CS|TAMS 0x00000000ffb00000| PB 0x00000000ffb00000| Complete 
|  60|0x00000000ffc00000, 0x00000000ffd00000, 0x00000000ffd00000|100%| E|CS|TAMS 0x00000000ffc00000| PB 0x00000000ffc00000| Complete 
|  61|0x00000000ffd00000, 0x00000000ffe00000, 0x00000000ffe00000|100%| E|CS|TAMS 0x00000000ffd00000| PB 0x00000000ffd00000| Complete 
|  62|0x00000000ffe00000, 0x00000000fff00000, 0x00000000fff00000|100%| E|CS|TAMS 0x00000000ffe00000| PB 0x00000000ffe00000| Complete 
|  63|0x00000000fff00000, 0x0000000100000000, 0x0000000100000000|100%| E|CS|TAMS 0x00000000fff00000| PB 0x00000000fff00000| Complete 

Card table byte_map: [0x0000021124c90000,0x0000021124cb0000] _byte_map_base: 0x00000211244b0000

Marking Bits: (CMBitMap*) 0x0000021124d5f770
 Bits: [0x000002113c4d0000, 0x000002113c5d0000)

Polling page: 0x0000021124510000

Metaspace:

Usage:
  Non-class:      1.77 MB used.
      Class:    204.71 KB used.
       Both:      1.97 MB used.

Virtual space:
  Non-class space:       64.00 MB reserved,       1.81 MB (  3%) committed,  1 nodes.
      Class space:        1.00 GB reserved,     256.00 KB ( <1%) committed,  1 nodes.
             Both:        1.06 GB reserved,       2.06 MB ( <1%) committed. 

Chunk freelists:
   Non-Class:  11.48 MB
       Class:  15.62 MB
        Both:  27.11 MB

MaxMetaspaceSize: unlimited
CompressedClassSpaceSize: 1.00 GB
Initial GC threshold: 21.00 MB
Current GC threshold: 21.00 MB
CDS: on
 - commit_granule_bytes: 65536.
 - commit_granule_words: 8192.
 - virtual_space_node_default_size: 8388608.
 - enlarge_chunks_in_place: 1.
 - use_allocation_guard: 0.


Internal statistics:

num_allocs_failed_limit: 0.
num_arena_births: 44.
num_arena_deaths: 0.
num_vsnodes_births: 2.
num_vsnodes_deaths: 0.
num_space_committed: 33.
num_space_uncommitted: 0.
num_chunks_returned_to_freelist: 0.
num_chunks_taken_from_freelist: 90.
num_chunk_merges: 0.
num_chunk_splits: 50.
num_chunks_enlarged: 35.
num_inconsistent_stats: 0.

CodeHeap 'non-profiled nmethods': size=120000Kb used=227Kb max_used=227Kb free=119772Kb
 bounds [0x0000021134c70000, 0x0000021134ee0000, 0x000002113c1a0000]
CodeHeap 'profiled nmethods': size=120000Kb used=1170Kb max_used=1170Kb free=118829Kb
 bounds [0x000002112d1a0000, 0x000002112d410000, 0x00000211346d0000]
CodeHeap 'non-nmethods': size=5760Kb used=1313Kb max_used=1330Kb free=4446Kb
 bounds [0x00000211346d0000, 0x0000021134940000, 0x0000021134c70000]
 total_blobs=1080 nmethods=653 adapters=332
 compilation: enabled
              stopped_count=0, restarted_count=0
 full_count=0

Compilation events (20 events):
Event: 4.827 Thread 0x0000021124e0bf20 nmethod 643 0x000002112d2ba790 code [0x000002112d2ba960, 0x000002112d2bad28]
Event: 4.829 Thread 0x0000021124e0bf20  644       3       java.io.File::<init> (47 bytes)
Event: 4.829 Thread 0x0000021124e0bf20 nmethod 644 0x000002112d2bae90 code [0x000002112d2bb080, 0x000002112d2bb418]
Event: 4.832 Thread 0x0000021124e0bf20  645       3       java.lang.StringLatin1::toLowerCase (186 bytes)
Event: 4.833 Thread 0x0000021124e0bf20 nmethod 645 0x000002112d2bb590 code [0x000002112d2bb820, 0x000002112d2bc360]
Event: 4.833 Thread 0x0000021124e0bf20  647   !   3       java.util.zip.ZipFile::getInputStream (275 bytes)
Event: 4.834 Thread 0x0000021124e0bf20 nmethod 647 0x000002112d2bc790 code [0x000002112d2bcaa0, 0x000002112d2bdcd0]
Event: 4.834 Thread 0x0000021124e0bf20  646       3       java.util.zip.ZipFile::getZipEntry (322 bytes)
Event: 4.838 Thread 0x0000021124e0bf20 nmethod 646 0x000002112d2be790 code [0x000002112d2bed00, 0x000002112d2c1da8]
Event: 4.838 Thread 0x0000021124e0bf20  648       3       java.util.jar.JarFile::match (132 bytes)
Event: 4.838 Thread 0x0000021124e0bf20 nmethod 648 0x000002112d2c3010 code [0x000002112d2c3200, 0x000002112d2c3778]
Event: 4.841 Thread 0x0000021124e0bf20  649       1       sun.nio.fs.WindowsPath::getFileSystem (5 bytes)
Event: 4.841 Thread 0x0000021124e0bf20 nmethod 649 0x0000021134ca8590 code [0x0000021134ca8720, 0x0000021134ca87e8]
Event: 4.867 Thread 0x0000021124e0bf20  650       3       java.util.Collections$UnmodifiableCollection$1::next (10 bytes)
Event: 4.867 Thread 0x0000021124e0bf20 nmethod 650 0x000002112d2c3a90 code [0x000002112d2c3c40, 0x000002112d2c3e18]
Event: 4.868 Thread 0x0000021124e0bf20  651   !   3       java.security.AccessController::doPrivileged (26 bytes)
Event: 4.868 Thread 0x0000021124e0bf20 nmethod 651 0x000002112d2c3f10 code [0x000002112d2c4120, 0x000002112d2c4620]
Event: 4.869 Thread 0x0000021124e0b2d0  652       4       java.nio.DirectLongBufferU::ix (10 bytes)
Event: 4.869 Thread 0x0000021124e0b2d0 nmethod 652 0x0000021134ca8890 code [0x0000021134ca8a20, 0x0000021134ca8ab0]
Event: 4.871 Thread 0x0000021124e0b2d0  653       4       java.lang.String::getBytes (44 bytes)

GC Heap History (0 events):
No events

Dll operation events (7 events):
Event: 0.114 Loaded shared library C:\Program Files\Java\jdk-21\bin\java.dll
Event: 1.356 Loaded shared library C:\Program Files\Java\jdk-21\bin\net.dll
Event: 1.523 Loaded shared library C:\Program Files\Java\jdk-21\bin\jsvml.dll
Event: 1.534 Loaded shared library C:\Program Files\Java\jdk-21\bin\nio.dll
Event: 1.543 Loaded shared library C:\Program Files\Java\jdk-21\bin\zip.dll
Event: 4.333 Loaded shared library C:\Program Files\Java\jdk-21\bin\jimage.dll
Event: 4.817 Loaded shared library C:\Program Files\Java\jdk-21\bin\verify.dll

Deoptimization events (20 events):
Event: 2.926 Thread 0x0000021124d49060 DEOPT PACKING pc=0x000002112d1ca10e sp=0x0000002c063fe560
Event: 2.926 Thread 0x0000021124d49060 DEOPT UNPACKING pc=0x0000021134724e42 sp=0x0000002c063fd9d0 mode 0
Event: 2.946 Thread 0x0000021124d49060 DEOPT PACKING pc=0x000002112d2197ce sp=0x0000002c063fe4c0
Event: 2.946 Thread 0x0000021124d49060 DEOPT UNPACKING pc=0x0000021134724e42 sp=0x0000002c063fd938 mode 0
Event: 3.318 Thread 0x0000021124d49060 DEOPT PACKING pc=0x000002112d204a42 sp=0x0000002c063fe230
Event: 3.318 Thread 0x0000021124d49060 DEOPT UNPACKING pc=0x0000021134724e42 sp=0x0000002c063fd6f0 mode 0
Event: 4.315 Thread 0x0000021124d49060 Uncommon trap: trap_request=0xffffff45 fr.pc=0x0000021134c8e2c8 relative=0x00000000000000a8
Event: 4.315 Thread 0x0000021124d49060 Uncommon trap: reason=unstable_if action=reinterpret pc=0x0000021134c8e2c8 method=java.util.regex.Pattern.append(II)V @ 9 c2
Event: 4.315 Thread 0x0000021124d49060 DEOPT PACKING pc=0x0000021134c8e2c8 sp=0x0000002c063fe020
Event: 4.315 Thread 0x0000021124d49060 DEOPT UNPACKING pc=0x00000211347246a2 sp=0x0000002c063fdfb0 mode 2
Event: 4.447 Thread 0x0000021124d49060 Uncommon trap: trap_request=0xffffff45 fr.pc=0x0000021134c94588 relative=0x0000000000000868
Event: 4.447 Thread 0x0000021124d49060 Uncommon trap: reason=unstable_if action=reinterpret pc=0x0000021134c94588 method=java.util.zip.ZipFile$Source.checkAndAddEntry(II)I @ 50 c2
Event: 4.447 Thread 0x0000021124d49060 DEOPT PACKING pc=0x0000021134c94588 sp=0x0000002c063fdcc0
Event: 4.447 Thread 0x0000021124d49060 DEOPT UNPACKING pc=0x00000211347246a2 sp=0x0000002c063fdc30 mode 2
Event: 4.508 Thread 0x0000021124d49060 DEOPT PACKING pc=0x000002112d1ff108 sp=0x0000002c063f9cb0
Event: 4.508 Thread 0x0000021124d49060 DEOPT UNPACKING pc=0x0000021134724e42 sp=0x0000002c063f9170 mode 0
Event: 4.825 Thread 0x0000021124d49060 Uncommon trap: trap_request=0xffffff45 fr.pc=0x0000021134c90558 relative=0x00000000000003f8
Event: 4.825 Thread 0x0000021124d49060 Uncommon trap: reason=unstable_if action=reinterpret pc=0x0000021134c90558 method=java.lang.StringLatin1.toLowerCase(Ljava/lang/String;[BLjava/util/Locale;)Ljava/lang/String; @ 43 c2
Event: 4.825 Thread 0x0000021124d49060 DEOPT PACKING pc=0x0000021134c90558 sp=0x0000002c063fd470
Event: 4.825 Thread 0x0000021124d49060 DEOPT UNPACKING pc=0x00000211347246a2 sp=0x0000002c063fd3e0 mode 2

Classes loaded (20 events):
Event: 4.821 Loading class java/util/concurrent/LinkedBlockingQueue
Event: 4.821 Loading class java/util/concurrent/BlockingQueue
Event: 4.822 Loading class java/util/concurrent/BlockingQueue done
Event: 4.822 Loading class java/util/AbstractQueue
Event: 4.822 Loading class java/util/AbstractQueue done
Event: 4.822 Loading class java/util/concurrent/LinkedBlockingQueue done
Event: 4.823 Loading class java/util/concurrent/LinkedBlockingQueue$Node
Event: 4.823 Loading class java/util/concurrent/LinkedBlockingQueue$Node done
Event: 4.824 Loading class java/lang/SecurityException
Event: 4.824 Loading class java/lang/SecurityException done
Event: 4.826 Loading class java/net/URLClassLoader$3
Event: 4.827 Loading class java/net/URLClassLoader$3 done
Event: 4.828 Loading class java/net/URLClassLoader$3$1
Event: 4.828 Loading class java/net/URLClassLoader$3$1 done
Event: 4.864 Loading class java/util/zip/DataFormatException
Event: 4.864 Loading class java/util/zip/DataFormatException done
Event: 4.865 Loading class java/lang/ExceptionInInitializerError
Event: 4.866 Loading class java/lang/ExceptionInInitializerError done
Event: 4.866 Loading class java/lang/StackTraceElement$HashedModules
Event: 4.867 Loading class java/lang/StackTraceElement$HashedModules done

Classes unloaded (0 events):
No events

Classes redefined (0 events):
No events

Internal exceptions (7 events):
Event: 1.823 Thread 0x0000021124d49060 Exception <a 'java/lang/NoSuchMethodError'{0x00000000ffde2d20}: 'void java.lang.invoke.DirectMethodHandle$Holder.invokeStatic(java.lang.Object, java.lang.Object)'> (0x00000000ffde2d20) 
thrown [s\open\src\hotspot\share\interpreter\linkResolver.cpp, line 773]
Event: 1.825 Thread 0x0000021124d49060 Exception <a 'java/lang/NoSuchMethodError'{0x00000000ffde68a0}: 'void java.lang.invoke.DirectMethodHandle$Holder.invokeSpecial(java.lang.Object, java.lang.Object, java.lang.Object)'> (0x00000000ffde68a0) 
thrown [s\open\src\hotspot\share\interpreter\linkResolver.cpp, line 773]
Event: 2.002 Thread 0x0000021124d49060 Exception <a 'java/lang/NoSuchMethodError'{0x00000000ffc89cc0}: 'void java.lang.invoke.DirectMethodHandle$Holder.invokeStatic(java.lang.Object, java.lang.Object, java.lang.Object)'> (0x00000000ffc89cc0) 
thrown [s\open\src\hotspot\share\interpreter\linkResolver.cpp, line 773]
Event: 2.007 Thread 0x0000021124d49060 Exception <a 'java/lang/NoSuchMethodError'{0x00000000ffc9c3b0}: 'java.lang.Object java.lang.invoke.Invokers$Holder.invokeExact_MT(java.lang.Object, java.lang.Object, java.lang.Object, java.lang.Object, java.lang.Object)'> (0x00000000ffc9c3b0) 
thrown [s\open\src\hotspot\share\interpreter\linkResolver.cpp, line 773]
Event: 2.133 Thread 0x0000021124d49060 Exception <a 'java/lang/NoSuchMethodError'{0x00000000ffcc9db8}: 'int java.lang.invoke.DirectMethodHandle$Holder.invokeStaticInit(java.lang.Object, java.lang.Object)'> (0x00000000ffcc9db8) 
thrown [s\open\src\hotspot\share\interpreter\linkResolver.cpp, line 773]
Event: 4.863 Thread 0x0000021124d49060 Exception <a 'java/lang/OutOfMemoryError'{0x00000000ff2d6e68}> (0x00000000ff2d6e68) 
thrown [s\open\src\hotspot\share\prims\jni.cpp, line 539]
Event: 4.867 Thread 0x0000021124d49060 Exception <a 'java/lang/OutOfMemoryError'{0x00000000ff2d6e68}> (0x00000000ff2d6e68) 
thrown [s\open\src\hotspot\share\oops\instanceKlass.cpp, line 1180]

ZGC Phase Switch (0 events):
No events

VM Operations (8 events):
Event: 1.708 Executing VM operation: Cleanup
Event: 1.708 Executing VM operation: Cleanup done
Event: 2.720 Executing VM operation: Cleanup
Event: 2.720 Executing VM operation: Cleanup done
Event: 3.724 Executing VM operation: Cleanup
Event: 3.725 Executing VM operation: Cleanup done
Event: 4.735 Executing VM operation: Cleanup
Event: 4.735 Executing VM operation: Cleanup done

Events (11 events):
Event: 0.141 Thread 0x0000021124d49060 Thread added: 0x0000021124d49060
Event: 0.735 Thread 0x0000021180125640 Thread added: 0x0000021180125640
Event: 0.736 Thread 0x00000211801264b0 Thread added: 0x00000211801264b0
Event: 0.736 Thread 0x000002118012e660 Thread added: 0x000002118012e660
Event: 0.737 Thread 0x000002118012f270 Thread added: 0x000002118012f270
Event: 0.737 Thread 0x000002118012fcd0 Thread added: 0x000002118012fcd0
Event: 0.737 Thread 0x0000021124e09f70 Thread added: 0x0000021124e09f70
Event: 0.737 Thread 0x0000021124e0b2d0 Thread added: 0x0000021124e0b2d0
Event: 0.738 Thread 0x0000021124e0bf20 Thread added: 0x0000021124e0bf20
Event: 0.816 Thread 0x00000211801ab540 Thread added: 0x00000211801ab540
Event: 0.820 Thread 0x00000211801abfa0 Thread added: 0x00000211801abfa0


Dynamic libraries:
0x00007ff6a4d20000 - 0x00007ff6a4d30000 	C:\Program Files\Java\jdk-21\bin\java.exe
0x00007ff9d1830000 - 0x00007ff9d1a28000 	C:\WINDOWS\SYSTEM32\ntdll.dll
0x00007ff99dbb0000 - 0x00007ff99dbc9000 	C:\Program Files\Avast Software\Avast\aswhook.dll
0x00007ff9d06f0000 - 0x00007ff9d07ad000 	C:\WINDOWS\System32\KERNEL32.DLL
0x00007ff9cef00000 - 0x00007ff9cf1f6000 	C:\WINDOWS\System32\KERNELBASE.dll
0x00007ff9cf230000 - 0x00007ff9cf330000 	C:\WINDOWS\System32\ucrtbase.dll
0x00007ff9c2be0000 - 0x00007ff9c2bf9000 	C:\Program Files\Java\jdk-21\bin\jli.dll
0x00007ff9d1420000 - 0x00007ff9d14d3000 	C:\WINDOWS\System32\ADVAPI32.dll
0x00007ff9bbbc0000 - 0x00007ff9bbbdb000 	C:\Program Files\Java\jdk-21\bin\VCRUNTIME140.dll
0x00007ff9d0250000 - 0x00007ff9d02ee000 	C:\WINDOWS\System32\msvcrt.dll
0x00007ff9d1620000 - 0x00007ff9d16bf000 	C:\WINDOWS\System32\sechost.dll
0x00007ff9d0370000 - 0x00007ff9d0496000 	C:\WINDOWS\System32\RPCRT4.dll
0x00007ff9cf200000 - 0x00007ff9cf227000 	C:\WINDOWS\System32\bcrypt.dll
0x00007ff9d04a0000 - 0x00007ff9d063e000 	C:\WINDOWS\System32\USER32.dll
0x00007ff9cf610000 - 0x00007ff9cf632000 	C:\WINDOWS\System32\win32u.dll
0x00007ff9ae300000 - 0x00007ff9ae59a000 	C:\WINDOWS\WinSxS\amd64_microsoft.windows.common-controls_6595b64144ccf1df_6.0.19041.3636_none_60b6a03d71f818d5\COMCTL32.dll
0x00007ff9d06b0000 - 0x00007ff9d06dc000 	C:\WINDOWS\System32\GDI32.dll
0x00007ff9cf6f0000 - 0x00007ff9cf80a000 	C:\WINDOWS\System32\gdi32full.dll
0x00007ff9cf330000 - 0x00007ff9cf3cd000 	C:\WINDOWS\System32\msvcp_win.dll
0x00007ff9c44f0000 - 0x00007ff9c44fa000 	C:\WINDOWS\SYSTEM32\VERSION.dll
0x00007ff9d17c0000 - 0x00007ff9d17f0000 	C:\WINDOWS\System32\IMM32.DLL
0x00007ff9c6c90000 - 0x00007ff9c6c9c000 	C:\Program Files\Java\jdk-21\bin\vcruntime140_1.dll
0x00007ff99f7d0000 - 0x00007ff99f85e000 	C:\Program Files\Java\jdk-21\bin\msvcp140.dll
0x00007ff986c50000 - 0x00007ff987965000 	C:\Program Files\Java\jdk-21\bin\server\jvm.dll
0x00007ff9d1750000 - 0x00007ff9d17bb000 	C:\WINDOWS\System32\WS2_32.dll
0x00007ff9ce450000 - 0x00007ff9ce49b000 	C:\WINDOWS\SYSTEM32\POWRPROF.dll
0x00007ff9ad730000 - 0x00007ff9ad757000 	C:\WINDOWS\SYSTEM32\WINMM.dll
0x00007ff9ce310000 - 0x00007ff9ce322000 	C:\WINDOWS\SYSTEM32\UMPDC.dll
0x00007ff9cd450000 - 0x00007ff9cd462000 	C:\WINDOWS\SYSTEM32\kernel.appcore.dll
0x00007ff9c68a0000 - 0x00007ff9c68aa000 	C:\Program Files\Java\jdk-21\bin\jimage.dll
0x00007ff9c9310000 - 0x00007ff9c94f4000 	C:\WINDOWS\SYSTEM32\DBGHELP.DLL
0x00007ff9c3720000 - 0x00007ff9c3754000 	C:\WINDOWS\SYSTEM32\dbgcore.DLL
0x00007ff9cf530000 - 0x00007ff9cf5b2000 	C:\WINDOWS\System32\bcryptPrimitives.dll
0x00007ff9b8dc0000 - 0x00007ff9b8ddf000 	C:\Program Files\Java\jdk-21\bin\java.dll
0x00007ff9d0cd0000 - 0x00007ff9d1415000 	C:\WINDOWS\System32\SHELL32.dll
0x00007ff9ccca0000 - 0x00007ff9cd43b000 	C:\WINDOWS\SYSTEM32\windows.storage.dll
0x00007ff9cfc20000 - 0x00007ff9cff74000 	C:\WINDOWS\System32\combase.dll
0x00007ff9ce930000 - 0x00007ff9ce95d000 	C:\WINDOWS\SYSTEM32\Wldp.dll
0x00007ff9d0c20000 - 0x00007ff9d0ccd000 	C:\WINDOWS\System32\SHCORE.dll
0x00007ff9cf880000 - 0x00007ff9cf8d5000 	C:\WINDOWS\System32\shlwapi.dll
0x00007ff9cee30000 - 0x00007ff9cee55000 	C:\WINDOWS\SYSTEM32\profapi.dll
0x00007ff9c66a0000 - 0x00007ff9c66b0000 	C:\Program Files\Java\jdk-21\bin\net.dll
0x00007ff9cded0000 - 0x00007ff9cdfda000 	C:\WINDOWS\SYSTEM32\WINHTTP.dll
0x00007ff99b500000 - 0x00007ff99b5d7000 	C:\Program Files\Java\jdk-21\bin\jsvml.dll
0x00007ff9ce690000 - 0x00007ff9ce6fa000 	C:\WINDOWS\system32\mswsock.dll
0x00007ff9b8e90000 - 0x00007ff9b8ea6000 	C:\Program Files\Java\jdk-21\bin\nio.dll
0x00007ff9b7ee0000 - 0x00007ff9b7ef8000 	C:\Program Files\Java\jdk-21\bin\zip.dll
0x00007ff9c2b60000 - 0x00007ff9c2b70000 	C:\Program Files\Java\jdk-21\bin\verify.dll

dbghelp: loaded successfully - version: 4.0.5 - missing functions: none
symbol engine: initialized successfully - sym options: 0x614 - pdb path: .;C:\Program Files\Java\jdk-21\bin;C:\WINDOWS\SYSTEM32;C:\Program Files\Avast Software\Avast;C:\WINDOWS\WinSxS\amd64_microsoft.windows.common-controls_6595b64144ccf1df_6.0.19041.3636_none_60b6a03d71f818d5;C:\Program Files\Java\jdk-21\bin\server

VM Arguments:
jvm_args: -Xmx64m -Xms64m -Dorg.gradle.appname=gradlew 
java_command: org.gradle.wrapper.GradleWrapperMain tasks
java_class_path (initial): C:\Users\2076045\biography-app\android\\gradle\wrapper\gradle-wrapper.jar
Launcher Type: SUN_STANDARD

[Global flags]
     intx CICompilerCount                          = 4                                         {product} {ergonomic}
     uint ConcGCThreads                            = 2                                         {product} {ergonomic}
     uint G1ConcRefinementThreads                  = 8                                         {product} {ergonomic}
   size_t G1HeapRegionSize                         = 1048576                                   {product} {ergonomic}
    uintx GCDrainStackTargetSize                   = 64                                        {product} {ergonomic}
   size_t InitialHeapSize                          = 67108864                                  {product} {command line}
   size_t MarkStackSize                            = 4194304                                   {product} {ergonomic}
   size_t MaxHeapSize                              = 67108864                                  {product} {command line}
   size_t MaxNewSize                               = 39845888                                  {product} {ergonomic}
   size_t MinHeapDeltaBytes                        = 1048576                                   {product} {ergonomic}
   size_t MinHeapSize                              = 67108864                                  {product} {command line}
    uintx NonNMethodCodeHeapSize                   = 5839372                                {pd product} {ergonomic}
    uintx NonProfiledCodeHeapSize                  = 122909434                              {pd product} {ergonomic}
    uintx ProfiledCodeHeapSize                     = 122909434                              {pd product} {ergonomic}
    uintx ReservedCodeCacheSize                    = 251658240                              {pd product} {ergonomic}
     bool SegmentedCodeCache                       = true                                      {product} {ergonomic}
   size_t SoftMaxHeapSize                          = 67108864                               {manageable} {ergonomic}
     bool UseCompressedOops                        = true                           {product lp64_product} {ergonomic}
     bool UseG1GC                                  = true                                      {product} {ergonomic}
     bool UseLargePagesIndividualAllocation        = false                                  {pd product} {ergonomic}

Logging:
Log output configuration:
 #0: stdout all=warning uptime,level,tags foldmultilines=false
 #1: stderr all=off uptime,level,tags foldmultilines=false

Environment Variables:
JAVA_HOME=C:\Program Files\Java\jdk-21
CLASSPATH=C:\Users\2076045\biography-app\android\\gradle\wrapper\gradle-wrapper.jar
PATH=C:\Users\2076045\biography-app\node_modules\.bin;C:\Users\2076045\biography-app\node_modules\.bin;C:\Users\2076045\node_modules\.bin;C:\Users\node_modules\.bin;C:\node_modules\.bin;C:\Program Files\nodejs\node_modules\npm\node_modules\@npmcli\run-script\lib\node-gyp-bin;C:\Users\2076045\biography-app\node_modules\.bin;C:\Users\2076045\node_modules\.bin;C:\Users\node_modules\.bin;C:\node_modules\.bin;C:\Program Files\nodejs\node_modules\npm\node_modules\@npmcli\run-script\lib\node-gyp-bin;C:\Program Files\Java\jdk-21\bin;C:\Program Files\Common Files\Oracle\Java\javapath;C:\Program Files\Eclipse Adoptium\jdk-11.0.20.8-hotspot\bin;C:\Program Files\Eclipse Adoptium\jdk-8.0.382.5-hotspot\bin;C:\ProgramData\chocolatey\bin;C:\Program Files\nodejs;C:\Users\2076045\AppData\Local\Android\Sdk;C:\Users\2076045\AppData\Local\Android\Sdk\platform-tools;C:\Program Files\Java\jdk-21\bin\;C:\Users\2076045\AppData\Local\Programs\Python\Python39\Scripts\;C:\Users\2076045\AppData\Local\Programs\Python\Python39\;C:\Users\2076045\AppData\Local\Microsoft\WindowsApps;C:\Program Files\JetBrains\PyCharm Community Edition 2022.3.1\bin;;C:\Users\2076045\AppData\Local\Programs\Microsoft VS Code\bin;C:\Users\2076045\AppData\Local\GitHubDesktop\bin;C:\Users\2076045\.dotnet\tools;C:\Users\2076045\AppData\Roaming\npm;C:\Program Files\Java\jdk-17;
USERNAME=2076045
LANG=en_US.UTF-8
OS=Windows_NT
PROCESSOR_IDENTIFIER=Intel64 Family 6 Model 142 Stepping 12, GenuineIntel
TMP=C:\Users\2076045\AppData\Local\Temp
TEMP=C:\Users\2076045\AppData\Local\Temp




Periodic native trim disabled

---------------  S Y S T E M  ---------------

OS:
 Windows 10 , 64 bit Build 19041 (10.0.19041.3636)
OS uptime: 3 days 3:05 hours

CPU: total 8 (initial active 8) (4 cores per cpu, 2 threads per core) family 6 model 142 stepping 12 microcode 0xca, cx8, cmov, fxsr, ht, mmx, 3dnowpref, sse, sse2, sse3, ssse3, sse4.1, sse4.2, popcnt, lzcnt, tsc, tscinvbit, avx, avx2, aes, erms, clmul, bmi1, bmi2, adx, fma, vzeroupper, clflush, clflushopt, rdtscp, f16c
Processor Information for all 8 processors :
  Max Mhz: 2112, Current Mhz: 1609, Mhz Limit: 1605

Memory: 4k page, system-wide physical 16193M (286M free)
TotalPageFile size 27829M (AvailPageFile size 435M)
current process WorkingSet (physical memory assigned to process): 57M, peak: 57M
current process commit charge ("private bytes"): 149M, peak: 149M

vm_info: Java HotSpot(TM) 64-Bit Server VM (21.0.1+12-LTS-29) for windows-amd64 JRE (21.0.1+12-LTS-29), built on 2023-10-05T13:27:09Z by "mach5one" with MS VC++ 17.1 (VS2022)

END.
