#
# There is insufficient memory for the Java Runtime Environment to continue.
# Native memory allocation (mmap) failed to map 65536 bytes for Failed to commit metaspace.
# Possible reasons:
#   The system is out of physical RAM or swap space
#   The process is running with CompressedOops enabled, and the Java Heap may be blocking the growth of the native heap
# Possible solutions:
#   Reduce memory load on the system
#   Increase physical memory or swap space
#   Check if swap backing store is full
#   Decrease Java heap size (-Xmx/-Xms)
#   Decrease number of Java threads
#   Decrease Java thread stack sizes (-Xss)
#   Set larger code cache with -XX:ReservedCodeCacheSize=
#   JVM is running with Unscaled Compressed Oops mode in which the Java heap is
#     placed in the first 4GB address space. The Java Heap base address is the
#     maximum limit for the native heap growth. Please use -XX:HeapBaseMinAddress
#     to set the Java Heap base and to place the Java Heap above 4GB virtual address.
# This output file may be truncated or incomplete.
#
#  Out of Memory Error (virtualSpaceNode.cpp:112), pid=39740, tid=41236
#
# JRE version: Java(TM) SE Runtime Environment (21.0.1+12) (build 21.0.1+12-LTS-29)
# Java VM: Java HotSpot(TM) 64-Bit Server VM (21.0.1+12-LTS-29, mixed mode, sharing, tiered, compressed oops, compressed class ptrs, g1 gc, windows-amd64)
# No core dump will be written. Minidumps are not enabled by default on client versions of Windows
#

---------------  S U M M A R Y ------------

Command Line: -Xmx64m -Xms64m -Dorg.gradle.appname=gradlew org.gradle.wrapper.GradleWrapperMain tasks

Host: Intel(R) Core(TM) i5-10210U CPU @ 1.60GHz, 8 cores, 15G,  Windows 10 , 64 bit Build 19041 (10.0.19041.3636)
Time: Sat Jan 20 01:04:21 2024  Windows 10 , 64 bit Build 19041 (10.0.19041.3636) elapsed time: 3.889337 seconds (0d 0h 0m 3s)

---------------  T H R E A D  ---------------

Current thread (0x000001d3ec8f9750):  JavaThread "main"             [_thread_in_vm, id=41236, stack(0x000000aec3300000,0x000000aec3400000) (1024K)]

Stack: [0x000000aec3300000,0x000000aec3400000]
Native frames: (J=compiled Java code, j=interpreted, Vv=VM code, C=native code)
V  [jvm.dll+0x6c9029]
V  [jvm.dll+0x854b81]
V  [jvm.dll+0x856e5e]
V  [jvm.dll+0x857543]
V  [jvm.dll+0x280c06]
V  [jvm.dll+0x8508ae]
V  [jvm.dll+0x66ca45]
V  [jvm.dll+0x1e677c]
V  [jvm.dll+0x1e654e]
V  [jvm.dll+0x66f35c]
V  [jvm.dll+0x66f172]
V  [jvm.dll+0x66d41e]
V  [jvm.dll+0x26b2df]
V  [jvm.dll+0x677615]
V  [jvm.dll+0x217a53]
V  [jvm.dll+0x217f95]
V  [jvm.dll+0x2189b1]
V  [jvm.dll+0x20dc4e]
V  [jvm.dll+0x5ac6dc]
V  [jvm.dll+0x7cd7a6]
V  [jvm.dll+0x46fd60]
V  [jvm.dll+0x4759e8]
C  [java.dll+0x17ec]

Java frames: (J=compiled Java code, j=interpreted, Vv=VM code)
j  java.lang.ClassLoader.defineClass1(Ljava/lang/ClassLoader;Ljava/lang/String;[BIILjava/security/ProtectionDomain;Ljava/lang/String;)Ljava/lang/Class;+0 java.base@21.0.1
j  java.lang.ClassLoader.defineClass(Ljava/lang/String;[BIILjava/security/ProtectionDomain;)Ljava/lang/Class;+27 java.base@21.0.1
j  java.security.SecureClassLoader.defineClass(Ljava/lang/String;[BIILjava/security/CodeSource;)Ljava/lang/Class;+12 java.base@21.0.1
j  java.net.URLClassLoader.defineClass(Ljava/lang/String;Ljdk/internal/loader/Resource;)Ljava/lang/Class;+220 java.base@21.0.1
j  java.net.URLClassLoader$1.run()Ljava/lang/Class;+43 java.base@21.0.1
j  java.net.URLClassLoader$1.run()Ljava/lang/Object;+1 java.base@21.0.1
j  java.security.AccessController.executePrivileged(Ljava/security/PrivilegedExceptionAction;Ljava/security/AccessControlContext;Ljava/lang/Class;)Ljava/lang/Object;+29 java.base@21.0.1
j  java.security.AccessController.doPrivileged(Ljava/security/PrivilegedExceptionAction;Ljava/security/AccessControlContext;)Ljava/lang/Object;+13 java.base@21.0.1
j  java.net.URLClassLoader.findClass(Ljava/lang/String;)Ljava/lang/Class;+13 java.base@21.0.1
j  java.lang.ClassLoader.loadClass(Ljava/lang/String;Z)Ljava/lang/Class;+69 java.base@21.0.1
j  java.lang.ClassLoader.loadClass(Ljava/lang/String;)Ljava/lang/Class;+3 java.base@21.0.1
v  ~StubRoutines::call_stub 0x000001d38753100d
j  org.gradle.api.internal.classpath.DefaultModuleRegistry.loadModuleProperties(Ljava/lang/String;Ljava/io/File;)Ljava/util/Properties;+79
j  org.gradle.api.internal.classpath.DefaultModuleRegistry.loadOptionalModule(Ljava/lang/String;)Lorg/gradle/api/internal/classpath/Module;+36
j  org.gradle.api.internal.classpath.DefaultModuleRegistry.loadModule(Ljava/lang/String;)Lorg/gradle/api/internal/classpath/Module;+2
j  org.gradle.api.internal.classpath.DefaultModuleRegistry.getModule(Ljava/lang/String;)Lorg/gradle/api/internal/classpath/Module;+20
j  org.gradle.api.internal.DefaultClassPathProvider.findClassPath(Ljava/lang/String;)Lorg/gradle/internal/classpath/ClassPath;+15
j  org.gradle.api.internal.DefaultClassPathRegistry.getClassPath(Ljava/lang/String;)Lorg/gradle/internal/classpath/ClassPath;+31
j  org.gradle.launcher.bootstrap.ProcessBootstrap.runNoExit(Ljava/lang/String;[Ljava/lang/String;)V+53
j  org.gradle.launcher.bootstrap.ProcessBootstrap.run(Ljava/lang/String;[Ljava/lang/String;)V+2
j  java.lang.invoke.LambdaForm$DMH+0x000001d390008400.invokeStatic(Ljava/lang/Object;Ljava/lang/Object;Ljava/lang/Object;)V+11 java.base@21.0.1
j  java.lang.invoke.LambdaForm$MH+0x000001d390009c00.invoke(Ljava/lang/Object;Ljava/lang/Object;Ljava/lang/Object;Ljava/lang/Object;)Ljava/lang/Object;+54 java.base@21.0.1
j  java.lang.invoke.LambdaForm$MH+0x000001d39000a000.invokeExact_MT(Ljava/lang/Object;Ljava/lang/Object;Ljava/lang/Object;Ljava/lang/Object;Ljava/lang/Object;)Ljava/lang/Object;+22 java.base@21.0.1
j  jdk.internal.reflect.DirectMethodHandleAccessor.invokeImpl(Ljava/lang/Object;[Ljava/lang/Object;)Ljava/lang/Object;+72 java.base@21.0.1
j  jdk.internal.reflect.DirectMethodHandleAccessor.invoke(Ljava/lang/Object;[Ljava/lang/Object;)Ljava/lang/Object;+23 java.base@21.0.1
j  java.lang.reflect.Method.invoke(Ljava/lang/Object;[Ljava/lang/Object;)Ljava/lang/Object;+102 java.base@21.0.1
j  org.gradle.launcher.GradleMain.main([Ljava/lang/String;)V+100
j  java.lang.invoke.LambdaForm$DMH+0x000001d390004400.invokeStatic(Ljava/lang/Object;Ljava/lang/Object;)V+10 java.base@21.0.1
j  java.lang.invoke.LambdaForm$MH+0x000001d390008000.invoke(Ljava/lang/Object;Ljava/lang/Object;Ljava/lang/Object;)Ljava/lang/Object;+33 java.base@21.0.1
j  java.lang.invoke.Invokers$Holder.invokeExact_MT(Ljava/lang/Object;Ljava/lang/Object;Ljava/lang/Object;Ljava/lang/Object;)Ljava/lang/Object;+20 java.base@21.0.1
j  jdk.internal.reflect.DirectMethodHandleAccessor.invokeImpl(Ljava/lang/Object;[Ljava/lang/Object;)Ljava/lang/Object;+55 java.base@21.0.1
j  jdk.internal.reflect.DirectMethodHandleAccessor.invoke(Ljava/lang/Object;[Ljava/lang/Object;)Ljava/lang/Object;+23 java.base@21.0.1
j  java.lang.reflect.Method.invoke(Ljava/lang/Object;[Ljava/lang/Object;)Ljava/lang/Object;+102 java.base@21.0.1
j  org.gradle.wrapper.BootstrapMainStarter.start([Ljava/lang/String;Ljava/io/File;)V+105
j  org.gradle.wrapper.WrapperExecutor.execute([Ljava/lang/String;Lorg/gradle/wrapper/Install;Lorg/gradle/wrapper/BootstrapMainStarter;)V+14
j  org.gradle.wrapper.GradleWrapperMain.main([Ljava/lang/String;)V+206
v  ~StubRoutines::call_stub 0x000001d38753100d

---------------  P R O C E S S  ---------------

Threads class SMR info:
_java_thread_list=0x000001d3f7b76990, length=11, elements={
0x000001d3ec8f9750, 0x000001d3f7b26000, 0x000001d3f7b26ef0, 0x000001d3f7b2b4e0,
0x000001d3f7b2df50, 0x000001d3ec9b4f60, 0x000001d3ec9b55d0, 0x000001d3ec9b6360,
0x000001d3ec9b8e10, 0x000001d3f7ba1bd0, 0x000001d3f7ba4640
}

Java Threads: ( => current thread )
=>0x000001d3ec8f9750 JavaThread "main"                              [_thread_in_vm, id=41236, stack(0x000000aec3300000,0x000000aec3400000) (1024K)]
  0x000001d3f7b26000 JavaThread "Reference Handler"          daemon [_thread_blocked, id=30144, stack(0x000000aec3b00000,0x000000aec3c00000) (1024K)]
  0x000001d3f7b26ef0 JavaThread "Finalizer"                  daemon [_thread_blocked, id=25344, stack(0x000000aec3c00000,0x000000aec3d00000) (1024K)]
  0x000001d3f7b2b4e0 JavaThread "Signal Dispatcher"          daemon [_thread_blocked, id=40908, stack(0x000000aec3d00000,0x000000aec3e00000) (1024K)]
  0x000001d3f7b2df50 JavaThread "Attach Listener"            daemon [_thread_blocked, id=30448, stack(0x000000aec3e00000,0x000000aec3f00000) (1024K)]
  0x000001d3ec9b4f60 JavaThread "Service Thread"             daemon [_thread_blocked, id=38100, stack(0x000000aec3f00000,0x000000aec4000000) (1024K)]
  0x000001d3ec9b55d0 JavaThread "Monitor Deflation Thread"   daemon [_thread_blocked, id=41144, stack(0x000000aec4000000,0x000000aec4100000) (1024K)]
  0x000001d3ec9b6360 JavaThread "C2 CompilerThread0"         daemon [_thread_blocked, id=14436, stack(0x000000aec4100000,0x000000aec4200000) (1024K)]
  0x000001d3ec9b8e10 JavaThread "C1 CompilerThread0"         daemon [_thread_blocked, id=24368, stack(0x000000aec4200000,0x000000aec4300000) (1024K)]
  0x000001d3f7ba1bd0 JavaThread "Notification Thread"        daemon [_thread_blocked, id=13668, stack(0x000000aec4300000,0x000000aec4400000) (1024K)]
  0x000001d3f7ba4640 JavaThread "Common-Cleaner"             daemon [_thread_blocked, id=5556, stack(0x000000aec4400000,0x000000aec4500000) (1024K)]
Total: 11

Other Threads:
  0x000001d3ec99a8a0 VMThread "VM Thread"                           [id=31004, stack(0x000000aec3a00000,0x000000aec3b00000) (1024K)]
  0x000001d3ec9839a0 WatcherThread "VM Periodic Task Thread"        [id=34996, stack(0x000000aec3900000,0x000000aec3a00000) (1024K)]
  0x000001d3ec90f7c0 WorkerThread "GC Thread#0"                     [id=18972, stack(0x000000aec3400000,0x000000aec3500000) (1024K)]
  0x000001d3ec910fa0 ConcurrentGCThread "G1 Main Marker"            [id=15948, stack(0x000000aec3500000,0x000000aec3600000) (1024K)]
  0x000001d3ec911d20 WorkerThread "G1 Conc#0"                       [id=41264, stack(0x000000aec3600000,0x000000aec3700000) (1024K)]
  0x000001d3ec976d60 ConcurrentGCThread "G1 Refine#0"               [id=28124, stack(0x000000aec3700000,0x000000aec3800000) (1024K)]
  0x000001d3ec9778d0 ConcurrentGCThread "G1 Service"                [id=37132, stack(0x000000aec3800000,0x000000aec3900000) (1024K)]
Total: 7

Threads with active compile tasks:
Total: 0

VM state: not at safepoint (normal execution)

VM Mutex/Monitor currently owned by a thread:  ([mutex/lock_event])
[0x00007ff987888578] Metaspace_lock - owner thread: 0x000001d3ec8f9750

Heap address: 0x00000000fc000000, size: 64 MB, Compressed Oops mode: 32-bit

CDS archive(s) mapped at: [0x000001d38f000000-0x000001d38fc90000-0x000001d38fc90000), size 13172736, SharedBaseAddress: 0x000001d38f000000, ArchiveRelocationMode: 1.
Compressed class space mapped at: 0x000001d390000000-0x000001d3d0000000, reserved size: 1073741824
Narrow klass base: 0x000001d38f000000, Narrow klass shift: 0, Narrow klass range: 0x100000000

GC Precious Log:
 CardTable entry size: 512
 Card Set container configuration: InlinePtr #cards 5 size 8 Array Of Cards #cards 12 size 40 Howl #buckets 4 coarsen threshold 1843 Howl Bitmap #cards 512 size 80 coarsen threshold 460 Card regions per heap region 1 cards per card region 2048
 CPUs: 8 total, 8 available
 Memory: 16193M
 Large Page Support: Disabled
 NUMA Support: Disabled
 Compressed Oops: Enabled (32-bit)
 Heap Region Size: 1M
 Heap Min Capacity: 64M
 Heap Initial Capacity: 64M
 Heap Max Capacity: 64M
 Pre-touch: Disabled
 Parallel Workers: 8
 Concurrent Workers: 2
 Concurrent Refinement Workers: 8
 Periodic GC: Disabled

Heap:
 garbage-first heap   total 65536K, used 4096K [0x00000000fc000000, 0x0000000100000000)
  region size 1024K, 5 young (5120K), 0 survivors (0K)
 Metaspace       used 1539K, committed 1728K, reserved 1114112K
  class space    used 153K, committed 256K, reserved 1048576K

Heap Regions: E=young(eden), S=young(survivor), O=old, HS=humongous(starts), HC=humongous(continues), CS=collection set, F=free, TAMS=top-at-mark-start, PB=parsable bottom
|   0|0x00000000fc000000, 0x00000000fc000000, 0x00000000fc100000|  0%| F|  |TAMS 0x00000000fc000000| PB 0x00000000fc000000| Untracked 
|   1|0x00000000fc100000, 0x00000000fc100000, 0x00000000fc200000|  0%| F|  |TAMS 0x00000000fc100000| PB 0x00000000fc100000| Untracked 
|   2|0x00000000fc200000, 0x00000000fc200000, 0x00000000fc300000|  0%| F|  |TAMS 0x00000000fc200000| PB 0x00000000fc200000| Untracked 
|   3|0x00000000fc300000, 0x00000000fc300000, 0x00000000fc400000|  0%| F|  |TAMS 0x00000000fc300000| PB 0x00000000fc300000| Untracked 
|   4|0x00000000fc400000, 0x00000000fc400000, 0x00000000fc500000|  0%| F|  |TAMS 0x00000000fc400000| PB 0x00000000fc400000| Untracked 
|   5|0x00000000fc500000, 0x00000000fc500000, 0x00000000fc600000|  0%| F|  |TAMS 0x00000000fc500000| PB 0x00000000fc500000| Untracked 
|   6|0x00000000fc600000, 0x00000000fc600000, 0x00000000fc700000|  0%| F|  |TAMS 0x00000000fc600000| PB 0x00000000fc600000| Untracked 
|   7|0x00000000fc700000, 0x00000000fc700000, 0x00000000fc800000|  0%| F|  |TAMS 0x00000000fc700000| PB 0x00000000fc700000| Untracked 
|   8|0x00000000fc800000, 0x00000000fc800000, 0x00000000fc900000|  0%| F|  |TAMS 0x00000000fc800000| PB 0x00000000fc800000| Untracked 
|   9|0x00000000fc900000, 0x00000000fc900000, 0x00000000fca00000|  0%| F|  |TAMS 0x00000000fc900000| PB 0x00000000fc900000| Untracked 
|  10|0x00000000fca00000, 0x00000000fca00000, 0x00000000fcb00000|  0%| F|  |TAMS 0x00000000fca00000| PB 0x00000000fca00000| Untracked 
|  11|0x00000000fcb00000, 0x00000000fcb00000, 0x00000000fcc00000|  0%| F|  |TAMS 0x00000000fcb00000| PB 0x00000000fcb00000| Untracked 
|  12|0x00000000fcc00000, 0x00000000fcc00000, 0x00000000fcd00000|  0%| F|  |TAMS 0x00000000fcc00000| PB 0x00000000fcc00000| Untracked 
|  13|0x00000000fcd00000, 0x00000000fcd00000, 0x00000000fce00000|  0%| F|  |TAMS 0x00000000fcd00000| PB 0x00000000fcd00000| Untracked 
|  14|0x00000000fce00000, 0x00000000fce00000, 0x00000000fcf00000|  0%| F|  |TAMS 0x00000000fce00000| PB 0x00000000fce00000| Untracked 
|  15|0x00000000fcf00000, 0x00000000fcf00000, 0x00000000fd000000|  0%| F|  |TAMS 0x00000000fcf00000| PB 0x00000000fcf00000| Untracked 
|  16|0x00000000fd000000, 0x00000000fd000000, 0x00000000fd100000|  0%| F|  |TAMS 0x00000000fd000000| PB 0x00000000fd000000| Untracked 
|  17|0x00000000fd100000, 0x00000000fd100000, 0x00000000fd200000|  0%| F|  |TAMS 0x00000000fd100000| PB 0x00000000fd100000| Untracked 
|  18|0x00000000fd200000, 0x00000000fd200000, 0x00000000fd300000|  0%| F|  |TAMS 0x00000000fd200000| PB 0x00000000fd200000| Untracked 
|  19|0x00000000fd300000, 0x00000000fd300000, 0x00000000fd400000|  0%| F|  |TAMS 0x00000000fd300000| PB 0x00000000fd300000| Untracked 
|  20|0x00000000fd400000, 0x00000000fd400000, 0x00000000fd500000|  0%| F|  |TAMS 0x00000000fd400000| PB 0x00000000fd400000| Untracked 
|  21|0x00000000fd500000, 0x00000000fd500000, 0x00000000fd600000|  0%| F|  |TAMS 0x00000000fd500000| PB 0x00000000fd500000| Untracked 
|  22|0x00000000fd600000, 0x00000000fd600000, 0x00000000fd700000|  0%| F|  |TAMS 0x00000000fd600000| PB 0x00000000fd600000| Untracked 
|  23|0x00000000fd700000, 0x00000000fd700000, 0x00000000fd800000|  0%| F|  |TAMS 0x00000000fd700000| PB 0x00000000fd700000| Untracked 
|  24|0x00000000fd800000, 0x00000000fd800000, 0x00000000fd900000|  0%| F|  |TAMS 0x00000000fd800000| PB 0x00000000fd800000| Untracked 
|  25|0x00000000fd900000, 0x00000000fd900000, 0x00000000fda00000|  0%| F|  |TAMS 0x00000000fd900000| PB 0x00000000fd900000| Untracked 
|  26|0x00000000fda00000, 0x00000000fda00000, 0x00000000fdb00000|  0%| F|  |TAMS 0x00000000fda00000| PB 0x00000000fda00000| Untracked 
|  27|0x00000000fdb00000, 0x00000000fdb00000, 0x00000000fdc00000|  0%| F|  |TAMS 0x00000000fdb00000| PB 0x00000000fdb00000| Untracked 
|  28|0x00000000fdc00000, 0x00000000fdc00000, 0x00000000fdd00000|  0%| F|  |TAMS 0x00000000fdc00000| PB 0x00000000fdc00000| Untracked 
|  29|0x00000000fdd00000, 0x00000000fdd00000, 0x00000000fde00000|  0%| F|  |TAMS 0x00000000fdd00000| PB 0x00000000fdd00000| Untracked 
|  30|0x00000000fde00000, 0x00000000fde00000, 0x00000000fdf00000|  0%| F|  |TAMS 0x00000000fde00000| PB 0x00000000fde00000| Untracked 
|  31|0x00000000fdf00000, 0x00000000fdf00000, 0x00000000fe000000|  0%| F|  |TAMS 0x00000000fdf00000| PB 0x00000000fdf00000| Untracked 
|  32|0x00000000fe000000, 0x00000000fe000000, 0x00000000fe100000|  0%| F|  |TAMS 0x00000000fe000000| PB 0x00000000fe000000| Untracked 
|  33|0x00000000fe100000, 0x00000000fe100000, 0x00000000fe200000|  0%| F|  |TAMS 0x00000000fe100000| PB 0x00000000fe100000| Untracked 
|  34|0x00000000fe200000, 0x00000000fe200000, 0x00000000fe300000|  0%| F|  |TAMS 0x00000000fe200000| PB 0x00000000fe200000| Untracked 
|  35|0x00000000fe300000, 0x00000000fe300000, 0x00000000fe400000|  0%| F|  |TAMS 0x00000000fe300000| PB 0x00000000fe300000| Untracked 
|  36|0x00000000fe400000, 0x00000000fe400000, 0x00000000fe500000|  0%| F|  |TAMS 0x00000000fe400000| PB 0x00000000fe400000| Untracked 
|  37|0x00000000fe500000, 0x00000000fe500000, 0x00000000fe600000|  0%| F|  |TAMS 0x00000000fe500000| PB 0x00000000fe500000| Untracked 
|  38|0x00000000fe600000, 0x00000000fe600000, 0x00000000fe700000|  0%| F|  |TAMS 0x00000000fe600000| PB 0x00000000fe600000| Untracked 
|  39|0x00000000fe700000, 0x00000000fe700000, 0x00000000fe800000|  0%| F|  |TAMS 0x00000000fe700000| PB 0x00000000fe700000| Untracked 
|  40|0x00000000fe800000, 0x00000000fe800000, 0x00000000fe900000|  0%| F|  |TAMS 0x00000000fe800000| PB 0x00000000fe800000| Untracked 
|  41|0x00000000fe900000, 0x00000000fe900000, 0x00000000fea00000|  0%| F|  |TAMS 0x00000000fe900000| PB 0x00000000fe900000| Untracked 
|  42|0x00000000fea00000, 0x00000000fea00000, 0x00000000feb00000|  0%| F|  |TAMS 0x00000000fea00000| PB 0x00000000fea00000| Untracked 
|  43|0x00000000feb00000, 0x00000000feb00000, 0x00000000fec00000|  0%| F|  |TAMS 0x00000000feb00000| PB 0x00000000feb00000| Untracked 
|  44|0x00000000fec00000, 0x00000000fec00000, 0x00000000fed00000|  0%| F|  |TAMS 0x00000000fec00000| PB 0x00000000fec00000| Untracked 
|  45|0x00000000fed00000, 0x00000000fed00000, 0x00000000fee00000|  0%| F|  |TAMS 0x00000000fed00000| PB 0x00000000fed00000| Untracked 
|  46|0x00000000fee00000, 0x00000000fee00000, 0x00000000fef00000|  0%| F|  |TAMS 0x00000000fee00000| PB 0x00000000fee00000| Untracked 
|  47|0x00000000fef00000, 0x00000000fef00000, 0x00000000ff000000|  0%| F|  |TAMS 0x00000000fef00000| PB 0x00000000fef00000| Untracked 
|  48|0x00000000ff000000, 0x00000000ff000000, 0x00000000ff100000|  0%| F|  |TAMS 0x00000000ff000000| PB 0x00000000ff000000| Untracked 
|  49|0x00000000ff100000, 0x00000000ff100000, 0x00000000ff200000|  0%| F|  |TAMS 0x00000000ff100000| PB 0x00000000ff100000| Untracked 
|  50|0x00000000ff200000, 0x00000000ff200000, 0x00000000ff300000|  0%| F|  |TAMS 0x00000000ff200000| PB 0x00000000ff200000| Untracked 
|  51|0x00000000ff300000, 0x00000000ff300000, 0x00000000ff400000|  0%| F|  |TAMS 0x00000000ff300000| PB 0x00000000ff300000| Untracked 
|  52|0x00000000ff400000, 0x00000000ff400000, 0x00000000ff500000|  0%| F|  |TAMS 0x00000000ff400000| PB 0x00000000ff400000| Untracked 
|  53|0x00000000ff500000, 0x00000000ff500000, 0x00000000ff600000|  0%| F|  |TAMS 0x00000000ff500000| PB 0x00000000ff500000| Untracked 
|  54|0x00000000ff600000, 0x00000000ff600000, 0x00000000ff700000|  0%| F|  |TAMS 0x00000000ff600000| PB 0x00000000ff600000| Untracked 
|  55|0x00000000ff700000, 0x00000000ff700000, 0x00000000ff800000|  0%| F|  |TAMS 0x00000000ff700000| PB 0x00000000ff700000| Untracked 
|  56|0x00000000ff800000, 0x00000000ff800000, 0x00000000ff900000|  0%| F|  |TAMS 0x00000000ff800000| PB 0x00000000ff800000| Untracked 
|  57|0x00000000ff900000, 0x00000000ff900000, 0x00000000ffa00000|  0%| F|  |TAMS 0x00000000ff900000| PB 0x00000000ff900000| Untracked 
|  58|0x00000000ffa00000, 0x00000000ffa00000, 0x00000000ffb00000|  0%| F|  |TAMS 0x00000000ffa00000| PB 0x00000000ffa00000| Untracked 
|  59|0x00000000ffb00000, 0x00000000ffbec1f8, 0x00000000ffc00000| 92%| E|  |TAMS 0x00000000ffb00000| PB 0x00000000ffb00000| Complete 
|  60|0x00000000ffc00000, 0x00000000ffd00000, 0x00000000ffd00000|100%| E|CS|TAMS 0x00000000ffc00000| PB 0x00000000ffc00000| Complete 
|  61|0x00000000ffd00000, 0x00000000ffe00000, 0x00000000ffe00000|100%| E|CS|TAMS 0x00000000ffd00000| PB 0x00000000ffd00000| Complete 
|  62|0x00000000ffe00000, 0x00000000fff00000, 0x00000000fff00000|100%| E|CS|TAMS 0x00000000ffe00000| PB 0x00000000ffe00000| Complete 
|  63|0x00000000fff00000, 0x0000000100000000, 0x0000000100000000|100%| E|CS|TAMS 0x00000000fff00000| PB 0x00000000fff00000| Complete 

Card table byte_map: [0x000001d3ec820000,0x000001d3ec840000] _byte_map_base: 0x000001d3ec040000

Marking Bits: (CMBitMap*) 0x000001d3ec90fec0
 Bits: [0x000001d3f5080000, 0x000001d3f5180000)

Polling page: 0x000001d3ea7d0000

Metaspace:

Usage:
  Non-class:      1.35 MB used.
      Class:    153.52 KB used.
       Both:      1.50 MB used.

Virtual space:
  Non-class space:       64.00 MB reserved,       1.44 MB (  2%) committed,  1 nodes.
      Class space:        1.00 GB reserved,     256.00 KB ( <1%) committed,  1 nodes.
             Both:        1.06 GB reserved,       1.69 MB ( <1%) committed. 

Chunk freelists:
   Non-Class:  11.67 MB
       Class:  15.69 MB
        Both:  27.36 MB

MaxMetaspaceSize: unlimited
CompressedClassSpaceSize: 1.00 GB
Initial GC threshold: 21.00 MB
Current GC threshold: 21.00 MB
CDS: on
 - commit_granule_bytes: 65536.
 - commit_granule_words: 8192.
 - virtual_space_node_default_size: 8388608.
 - enlarge_chunks_in_place: 1.
 - use_allocation_guard: 0.


Internal statistics:

num_allocs_failed_limit: 0.
num_arena_births: 36.
num_arena_deaths: 0.
num_vsnodes_births: 2.
num_vsnodes_deaths: 0.
num_space_committed: 27.
num_space_uncommitted: 0.
num_chunks_returned_to_freelist: 0.
num_chunks_taken_from_freelist: 67.
num_chunk_merges: 0.
num_chunk_splits: 37.
num_chunks_enlarged: 25.
num_inconsistent_stats: 0.

CodeHeap 'non-profiled nmethods': size=120000Kb used=112Kb max_used=112Kb free=119887Kb
 bounds [0x000001d387ad0000, 0x000001d387d40000, 0x000001d38f000000]
CodeHeap 'profiled nmethods': size=120000Kb used=558Kb max_used=558Kb free=119441Kb
 bounds [0x000001d380000000, 0x000001d380270000, 0x000001d387530000]
CodeHeap 'non-nmethods': size=5760Kb used=1309Kb max_used=1325Kb free=4450Kb
 bounds [0x000001d387530000, 0x000001d3877a0000, 0x000001d387ad0000]
 total_blobs=789 nmethods=365 adapters=329
 compilation: enabled
              stopped_count=0, restarted_count=0
 full_count=0

Compilation events (20 events):
Event: 3.676 Thread 0x000001d3ec9b8e10  354       3       java.lang.String::regionMatches (150 bytes)
Event: 3.676 Thread 0x000001d3ec9b8e10 nmethod 354 0x000001d380089990 code [0x000001d380089be0, 0x000001d38008a408]
Event: 3.681 Thread 0x000001d3ec9b8e10  356       3       java.io.File::<init> (78 bytes)
Event: 3.681 Thread 0x000001d3ec9b6360  357 %     4       java.lang.StringUTF16::compress @ 3 (50 bytes)
Event: 3.681 Thread 0x000001d3ec9b8e10 nmethod 356 0x000001d38008a710 code [0x000001d38008a8e0, 0x000001d38008ab68]
Event: 3.688 Thread 0x000001d3ec9b6360 nmethod 357% 0x000001d387aea110 code [0x000001d387aea2c0, 0x000001d387aea6a8]
Event: 3.688 Thread 0x000001d3ec9b6360  358 %     4       java.lang.StringLatin1::inflate @ 3 (34 bytes)
Event: 3.695 Thread 0x000001d3ec9b6360 nmethod 358% 0x000001d387aea810 code [0x000001d387aea9a0, 0x000001d387aead30]
Event: 3.695 Thread 0x000001d3ec9b6360  359       4       java.lang.StringLatin1::equals (36 bytes)
Event: 3.699 Thread 0x000001d3ec9b6360 nmethod 359 0x000001d387aeae90 code [0x000001d387aeb020, 0x000001d387aeb1f8]
Event: 3.856 Thread 0x000001d3ec9b6360  360       4       java.lang.StringLatin1::inflate (34 bytes)
Event: 3.858 Thread 0x000001d3ec9b8e10  363       1       java.lang.invoke.LambdaForm$Name::index (5 bytes)
Event: 3.858 Thread 0x000001d3ec9b8e10 nmethod 363 0x000001d387aeb610 code [0x000001d387aeb7a0, 0x000001d387aeb868]
Event: 3.859 Thread 0x000001d3ec9b8e10  364       3       java.lang.invoke.MethodType::methodType (69 bytes)
Event: 3.859 Thread 0x000001d3ec9b8e10 nmethod 364 0x000001d38008ac90 code [0x000001d38008aea0, 0x000001d38008b398]
Event: 3.860 Thread 0x000001d3ec9b8e10  365       3       jdk.internal.org.objectweb.asm.ByteVector::put12 (64 bytes)
Event: 3.860 Thread 0x000001d3ec9b8e10 nmethod 365 0x000001d38008b510 code [0x000001d38008b6c0, 0x000001d38008b8f8]
Event: 3.861 Thread 0x000001d3ec9b6360 nmethod 360 0x000001d387aeb910 code [0x000001d387aebaa0, 0x000001d387aebcb8]
Event: 3.861 Thread 0x000001d3ec9b6360  361       4       java.lang.StringUTF16::compress (50 bytes)
Event: 3.868 Thread 0x000001d3ec9b6360 nmethod 361 0x000001d387aebd90 code [0x000001d387aebf20, 0x000001d387aec180]

GC Heap History (0 events):
No events

Dll operation events (5 events):
Event: 0.230 Loaded shared library C:\Program Files\Java\jdk-21\bin\java.dll
Event: 1.877 Loaded shared library C:\Program Files\Java\jdk-21\bin\net.dll
Event: 1.878 Loaded shared library C:\Program Files\Java\jdk-21\bin\jsvml.dll
Event: 2.145 Loaded shared library C:\Program Files\Java\jdk-21\bin\nio.dll
Event: 2.165 Loaded shared library C:\Program Files\Java\jdk-21\bin\zip.dll

Deoptimization events (20 events):
Event: 2.797 Thread 0x000001d3ec8f9750 DEOPT PACKING pc=0x000001d38000bf67 sp=0x000000aec33f9d00
Event: 2.797 Thread 0x000001d3ec8f9750 DEOPT UNPACKING pc=0x000001d387584e42 sp=0x000000aec33f9170 mode 0
Event: 2.797 Thread 0x000001d3ec8f9750 DEOPT PACKING pc=0x000001d38000bf67 sp=0x000000aec33f9d00
Event: 2.797 Thread 0x000001d3ec8f9750 DEOPT UNPACKING pc=0x000001d387584e42 sp=0x000000aec33f9170 mode 0
Event: 2.797 Thread 0x000001d3ec8f9750 DEOPT PACKING pc=0x000001d38000bf67 sp=0x000000aec33f9d00
Event: 2.797 Thread 0x000001d3ec8f9750 DEOPT UNPACKING pc=0x000001d387584e42 sp=0x000000aec33f9170 mode 0
Event: 2.822 Thread 0x000001d3ec8f9750 DEOPT PACKING pc=0x000001d380009999 sp=0x000000aec33f9ef0
Event: 2.822 Thread 0x000001d3ec8f9750 DEOPT UNPACKING pc=0x000001d387584e42 sp=0x000000aec33f9310 mode 0
Event: 3.857 Thread 0x000001d3ec8f9750 DEOPT PACKING pc=0x000001d38007914e sp=0x000000aec33fe650
Event: 3.857 Thread 0x000001d3ec8f9750 DEOPT UNPACKING pc=0x000001d387584e42 sp=0x000000aec33fdac8 mode 0
Event: 3.857 Thread 0x000001d3ec8f9750 DEOPT PACKING pc=0x000001d38002a30e sp=0x000000aec33fe650
Event: 3.857 Thread 0x000001d3ec8f9750 DEOPT UNPACKING pc=0x000001d387584e42 sp=0x000000aec33fdac0 mode 0
Event: 3.857 Thread 0x000001d3ec8f9750 DEOPT PACKING pc=0x000001d38007914e sp=0x000000aec33fe650
Event: 3.857 Thread 0x000001d3ec8f9750 DEOPT UNPACKING pc=0x000001d387584e42 sp=0x000000aec33fdac8 mode 0
Event: 3.857 Thread 0x000001d3ec8f9750 DEOPT PACKING pc=0x000001d38002a30e sp=0x000000aec33fe650
Event: 3.857 Thread 0x000001d3ec8f9750 DEOPT UNPACKING pc=0x000001d387584e42 sp=0x000000aec33fdac0 mode 0
Event: 3.863 Thread 0x000001d3ec8f9750 DEOPT PACKING pc=0x000001d38002a30e sp=0x000000aec33fe5c0
Event: 3.863 Thread 0x000001d3ec8f9750 DEOPT UNPACKING pc=0x000001d387584e42 sp=0x000000aec33fda30 mode 0
Event: 3.863 Thread 0x000001d3ec8f9750 DEOPT PACKING pc=0x000001d38002a30e sp=0x000000aec33fe5c0
Event: 3.863 Thread 0x000001d3ec8f9750 DEOPT UNPACKING pc=0x000001d387584e42 sp=0x000000aec33fda30 mode 0

Classes loaded (20 events):
Event: 2.646 Loading class java/util/jar/JarFile$ThreadTrackHolder
Event: 2.646 Loading class java/util/jar/JarFile$ThreadTrackHolder done
Event: 2.646 Loading class jdk/internal/misc/ThreadTracker
Event: 2.647 Loading class jdk/internal/misc/ThreadTracker done
Event: 2.647 Loading class jdk/internal/misc/ThreadTracker$ThreadRef
Event: 2.647 Loading class jdk/internal/misc/ThreadTracker$ThreadRef done
Event: 2.648 Loading class sun/security/util/ManifestEntryVerifier
Event: 2.649 Loading class sun/security/util/ManifestEntryVerifier done
Event: 2.822 Loading class java/net/MalformedURLException
Event: 2.822 Loading class java/net/MalformedURLException done
Event: 2.827 Loading class java/io/FileFilter
Event: 2.827 Loading class java/io/FileFilter done
Event: 3.621 Loading class java/lang/IndexOutOfBoundsException
Event: 3.621 Loading class java/lang/IndexOutOfBoundsException done
Event: 3.626 Loading class java/util/AbstractList$Itr
Event: 3.627 Loading class java/util/AbstractList$Itr done
Event: 3.629 Loading class java/util/zip/ZipException
Event: 3.629 Loading class java/util/zip/ZipException done
Event: 3.858 Loading class java/lang/invoke/DirectMethodHandle$Special
Event: 3.859 Loading class java/lang/invoke/DirectMethodHandle$Special done

Classes unloaded (0 events):
No events

Classes redefined (0 events):
No events

Internal exceptions (5 events):
Event: 2.639 Thread 0x000001d3ec8f9750 Exception <a 'java/lang/NoSuchMethodError'{0x00000000ffde2d20}: 'void java.lang.invoke.DirectMethodHandle$Holder.invokeStatic(java.lang.Object, java.lang.Object)'> (0x00000000ffde2d20) 
thrown [s\open\src\hotspot\share\interpreter\linkResolver.cpp, line 773]
Event: 2.640 Thread 0x000001d3ec8f9750 Exception <a 'java/lang/NoSuchMethodError'{0x00000000ffde68a0}: 'void java.lang.invoke.DirectMethodHandle$Holder.invokeSpecial(java.lang.Object, java.lang.Object, java.lang.Object)'> (0x00000000ffde68a0) 
thrown [s\open\src\hotspot\share\interpreter\linkResolver.cpp, line 773]
Event: 2.802 Thread 0x000001d3ec8f9750 Exception <a 'java/lang/NoSuchMethodError'{0x00000000ffc89cc0}: 'void java.lang.invoke.DirectMethodHandle$Holder.invokeStatic(java.lang.Object, java.lang.Object, java.lang.Object)'> (0x00000000ffc89cc0) 
thrown [s\open\src\hotspot\share\interpreter\linkResolver.cpp, line 773]
Event: 2.806 Thread 0x000001d3ec8f9750 Exception <a 'java/lang/NoSuchMethodError'{0x00000000ffc9c3b0}: 'java.lang.Object java.lang.invoke.Invokers$Holder.invokeExact_MT(java.lang.Object, java.lang.Object, java.lang.Object, java.lang.Object, java.lang.Object)'> (0x00000000ffc9c3b0) 
thrown [s\open\src\hotspot\share\interpreter\linkResolver.cpp, line 773]
Event: 2.818 Thread 0x000001d3ec8f9750 Exception <a 'java/lang/NoSuchMethodError'{0x00000000ffcc9db8}: 'int java.lang.invoke.DirectMethodHandle$Holder.invokeStaticInit(java.lang.Object, java.lang.Object)'> (0x00000000ffcc9db8) 
thrown [s\open\src\hotspot\share\interpreter\linkResolver.cpp, line 773]

ZGC Phase Switch (0 events):
No events

VM Operations (4 events):
Event: 2.688 Executing VM operation: Cleanup
Event: 2.688 Executing VM operation: Cleanup done
Event: 3.700 Executing VM operation: Cleanup
Event: 3.700 Executing VM operation: Cleanup done

Events (11 events):
Event: 0.265 Thread 0x000001d3ec8f9750 Thread added: 0x000001d3ec8f9750
Event: 0.824 Thread 0x000001d3f7b26000 Thread added: 0x000001d3f7b26000
Event: 0.824 Thread 0x000001d3f7b26ef0 Thread added: 0x000001d3f7b26ef0
Event: 0.825 Thread 0x000001d3f7b2b4e0 Thread added: 0x000001d3f7b2b4e0
Event: 0.825 Thread 0x000001d3f7b2df50 Thread added: 0x000001d3f7b2df50
Event: 0.825 Thread 0x000001d3ec9b4f60 Thread added: 0x000001d3ec9b4f60
Event: 0.826 Thread 0x000001d3ec9b55d0 Thread added: 0x000001d3ec9b55d0
Event: 0.826 Thread 0x000001d3ec9b6360 Thread added: 0x000001d3ec9b6360
Event: 0.827 Thread 0x000001d3ec9b8e10 Thread added: 0x000001d3ec9b8e10
Event: 0.859 Thread 0x000001d3f7ba1bd0 Thread added: 0x000001d3f7ba1bd0
Event: 0.863 Thread 0x000001d3f7ba4640 Thread added: 0x000001d3f7ba4640


Dynamic libraries:
0x00007ff6a4d20000 - 0x00007ff6a4d30000 	C:\Program Files\Java\jdk-21\bin\java.exe
0x00007ff9d1830000 - 0x00007ff9d1a28000 	C:\WINDOWS\SYSTEM32\ntdll.dll
0x00007ff99dbb0000 - 0x00007ff99dbc9000 	C:\Program Files\Avast Software\Avast\aswhook.dll
0x00007ff9d06f0000 - 0x00007ff9d07ad000 	C:\WINDOWS\System32\KERNEL32.DLL
0x00007ff9cef00000 - 0x00007ff9cf1f6000 	C:\WINDOWS\System32\KERNELBASE.dll
0x00007ff9cf230000 - 0x00007ff9cf330000 	C:\WINDOWS\System32\ucrtbase.dll
0x00007ff9c2be0000 - 0x00007ff9c2bf9000 	C:\Program Files\Java\jdk-21\bin\jli.dll
0x00007ff9bbbc0000 - 0x00007ff9bbbdb000 	C:\Program Files\Java\jdk-21\bin\VCRUNTIME140.dll
0x00007ff9d1420000 - 0x00007ff9d14d3000 	C:\WINDOWS\System32\ADVAPI32.dll
0x00007ff9d0250000 - 0x00007ff9d02ee000 	C:\WINDOWS\System32\msvcrt.dll
0x00007ff9d1620000 - 0x00007ff9d16bf000 	C:\WINDOWS\System32\sechost.dll
0x00007ff9d0370000 - 0x00007ff9d0496000 	C:\WINDOWS\System32\RPCRT4.dll
0x00007ff9cf200000 - 0x00007ff9cf227000 	C:\WINDOWS\System32\bcrypt.dll
0x00007ff9d04a0000 - 0x00007ff9d063e000 	C:\WINDOWS\System32\USER32.dll
0x00007ff9cf610000 - 0x00007ff9cf632000 	C:\WINDOWS\System32\win32u.dll
0x00007ff9ae300000 - 0x00007ff9ae59a000 	C:\WINDOWS\WinSxS\amd64_microsoft.windows.common-controls_6595b64144ccf1df_6.0.19041.3636_none_60b6a03d71f818d5\COMCTL32.dll
0x00007ff9d06b0000 - 0x00007ff9d06dc000 	C:\WINDOWS\System32\GDI32.dll
0x00007ff9cf6f0000 - 0x00007ff9cf80a000 	C:\WINDOWS\System32\gdi32full.dll
0x00007ff9cf330000 - 0x00007ff9cf3cd000 	C:\WINDOWS\System32\msvcp_win.dll
0x00007ff9c44f0000 - 0x00007ff9c44fa000 	C:\WINDOWS\SYSTEM32\VERSION.dll
0x00007ff9d17c0000 - 0x00007ff9d17f0000 	C:\WINDOWS\System32\IMM32.DLL
0x00007ff9c6c90000 - 0x00007ff9c6c9c000 	C:\Program Files\Java\jdk-21\bin\vcruntime140_1.dll
0x00007ff99f7d0000 - 0x00007ff99f85e000 	C:\Program Files\Java\jdk-21\bin\msvcp140.dll
0x00007ff986c50000 - 0x00007ff987965000 	C:\Program Files\Java\jdk-21\bin\server\jvm.dll
0x00007ff9d1750000 - 0x00007ff9d17bb000 	C:\WINDOWS\System32\WS2_32.dll
0x00007ff9ce450000 - 0x00007ff9ce49b000 	C:\WINDOWS\SYSTEM32\POWRPROF.dll
0x00007ff9ad730000 - 0x00007ff9ad757000 	C:\WINDOWS\SYSTEM32\WINMM.dll
0x00007ff9ce310000 - 0x00007ff9ce322000 	C:\WINDOWS\SYSTEM32\UMPDC.dll
0x00007ff9cd450000 - 0x00007ff9cd462000 	C:\WINDOWS\SYSTEM32\kernel.appcore.dll
0x00007ff9c68a0000 - 0x00007ff9c68aa000 	C:\Program Files\Java\jdk-21\bin\jimage.dll
0x00007ff9c9310000 - 0x00007ff9c94f4000 	C:\WINDOWS\SYSTEM32\DBGHELP.DLL
0x00007ff9c3720000 - 0x00007ff9c3754000 	C:\WINDOWS\SYSTEM32\dbgcore.DLL
0x00007ff9cf530000 - 0x00007ff9cf5b2000 	C:\WINDOWS\System32\bcryptPrimitives.dll
0x00007ff9b8dc0000 - 0x00007ff9b8ddf000 	C:\Program Files\Java\jdk-21\bin\java.dll
0x00007ff9d0cd0000 - 0x00007ff9d1415000 	C:\WINDOWS\System32\SHELL32.dll
0x00007ff9ccca0000 - 0x00007ff9cd43b000 	C:\WINDOWS\SYSTEM32\windows.storage.dll
0x00007ff9cfc20000 - 0x00007ff9cff74000 	C:\WINDOWS\System32\combase.dll
0x00007ff9ce930000 - 0x00007ff9ce95d000 	C:\WINDOWS\SYSTEM32\Wldp.dll
0x00007ff9d0c20000 - 0x00007ff9d0ccd000 	C:\WINDOWS\System32\SHCORE.dll
0x00007ff9cf880000 - 0x00007ff9cf8d5000 	C:\WINDOWS\System32\shlwapi.dll
0x00007ff9cee30000 - 0x00007ff9cee55000 	C:\WINDOWS\SYSTEM32\profapi.dll
0x00007ff9c66a0000 - 0x00007ff9c66b0000 	C:\Program Files\Java\jdk-21\bin\net.dll
0x00007ff9cded0000 - 0x00007ff9cdfda000 	C:\WINDOWS\SYSTEM32\WINHTTP.dll
0x00007ff99b500000 - 0x00007ff99b5d7000 	C:\Program Files\Java\jdk-21\bin\jsvml.dll
0x00007ff9ce690000 - 0x00007ff9ce6fa000 	C:\WINDOWS\system32\mswsock.dll
0x00007ff9b8e90000 - 0x00007ff9b8ea6000 	C:\Program Files\Java\jdk-21\bin\nio.dll
0x00007ff9b7ee0000 - 0x00007ff9b7ef8000 	C:\Program Files\Java\jdk-21\bin\zip.dll

dbghelp: loaded successfully - version: 4.0.5 - missing functions: none
symbol engine: initialized successfully - sym options: 0x614 - pdb path: .;C:\Program Files\Java\jdk-21\bin;C:\WINDOWS\SYSTEM32;C:\Program Files\Avast Software\Avast;C:\WINDOWS\WinSxS\amd64_microsoft.windows.common-controls_6595b64144ccf1df_6.0.19041.3636_none_60b6a03d71f818d5;C:\Program Files\Java\jdk-21\bin\server

VM Arguments:
jvm_args: -Xmx64m -Xms64m -Dorg.gradle.appname=gradlew 
java_command: org.gradle.wrapper.GradleWrapperMain tasks
java_class_path (initial): C:\Users\2076045\biography-app\android\\gradle\wrapper\gradle-wrapper.jar
Launcher Type: SUN_STANDARD

[Global flags]
     intx CICompilerCount                          = 4                                         {product} {ergonomic}
     uint ConcGCThreads                            = 2                                         {product} {ergonomic}
     uint G1ConcRefinementThreads                  = 8                                         {product} {ergonomic}
   size_t G1HeapRegionSize                         = 1048576                                   {product} {ergonomic}
    uintx GCDrainStackTargetSize                   = 64                                        {product} {ergonomic}
   size_t InitialHeapSize                          = 67108864                                  {product} {command line}
   size_t MarkStackSize                            = 4194304                                   {product} {ergonomic}
   size_t MaxHeapSize                              = 67108864                                  {product} {command line}
   size_t MaxNewSize                               = 39845888                                  {product} {ergonomic}
   size_t MinHeapDeltaBytes                        = 1048576                                   {product} {ergonomic}
   size_t MinHeapSize                              = 67108864                                  {product} {command line}
    uintx NonNMethodCodeHeapSize                   = 5839372                                {pd product} {ergonomic}
    uintx NonProfiledCodeHeapSize                  = 122909434                              {pd product} {ergonomic}
    uintx ProfiledCodeHeapSize                     = 122909434                              {pd product} {ergonomic}
    uintx ReservedCodeCacheSize                    = 251658240                              {pd product} {ergonomic}
     bool SegmentedCodeCache                       = true                                      {product} {ergonomic}
   size_t SoftMaxHeapSize                          = 67108864                               {manageable} {ergonomic}
     bool UseCompressedOops                        = true                           {product lp64_product} {ergonomic}
     bool UseG1GC                                  = true                                      {product} {ergonomic}
     bool UseLargePagesIndividualAllocation        = false                                  {pd product} {ergonomic}

Logging:
Log output configuration:
 #0: stdout all=warning uptime,level,tags foldmultilines=false
 #1: stderr all=off uptime,level,tags foldmultilines=false

Environment Variables:
JAVA_HOME=C:\Program Files\Java\jdk-21
CLASSPATH=C:\Users\2076045\biography-app\android\\gradle\wrapper\gradle-wrapper.jar
PATH=C:\Users\2076045\biography-app\node_modules\.bin;C:\Users\2076045\biography-app\node_modules\.bin;C:\Users\2076045\node_modules\.bin;C:\Users\node_modules\.bin;C:\node_modules\.bin;C:\Program Files\nodejs\node_modules\npm\node_modules\@npmcli\run-script\lib\node-gyp-bin;C:\Users\2076045\biography-app\node_modules\.bin;C:\Users\2076045\node_modules\.bin;C:\Users\node_modules\.bin;C:\node_modules\.bin;C:\Program Files\nodejs\node_modules\npm\node_modules\@npmcli\run-script\lib\node-gyp-bin;C:\Program Files\Java\jdk-21\bin;C:\Program Files\Common Files\Oracle\Java\javapath;C:\Program Files\Eclipse Adoptium\jdk-11.0.20.8-hotspot\bin;C:\Program Files\Eclipse Adoptium\jdk-8.0.382.5-hotspot\bin;C:\ProgramData\chocolatey\bin;C:\Program Files\nodejs;C:\Users\2076045\AppData\Local\Android\Sdk;C:\Users\2076045\AppData\Local\Android\Sdk\platform-tools;C:\Program Files\Java\jdk-21\bin\;C:\Users\2076045\AppData\Local\Programs\Python\Python39\Scripts\;C:\Users\2076045\AppData\Local\Programs\Python\Python39\;C:\Users\2076045\AppData\Local\Microsoft\WindowsApps;C:\Program Files\JetBrains\PyCharm Community Edition 2022.3.1\bin;;C:\Users\2076045\AppData\Local\Programs\Microsoft VS Code\bin;C:\Users\2076045\AppData\Local\GitHubDesktop\bin;C:\Users\2076045\.dotnet\tools;C:\Users\2076045\AppData\Roaming\npm;C:\Program Files\Java\jdk-17;
USERNAME=2076045
LANG=en_US.UTF-8
OS=Windows_NT
PROCESSOR_IDENTIFIER=Intel64 Family 6 Model 142 Stepping 12, GenuineIntel
TMP=C:\Users\2076045\AppData\Local\Temp
TEMP=C:\Users\2076045\AppData\Local\Temp




Periodic native trim disabled

---------------  S Y S T E M  ---------------

OS:
 Windows 10 , 64 bit Build 19041 (10.0.19041.3636)
OS uptime: 3 days 3:05 hours

CPU: total 8 (initial active 8) (4 cores per cpu, 2 threads per core) family 6 model 142 stepping 12 microcode 0xca, cx8, cmov, fxsr, ht, mmx, 3dnowpref, sse, sse2, sse3, ssse3, sse4.1, sse4.2, popcnt, lzcnt, tsc, tscinvbit, avx, avx2, aes, erms, clmul, bmi1, bmi2, adx, fma, vzeroupper, clflush, clflushopt, rdtscp, f16c
Processor Information for all 8 processors :
  Max Mhz: 2112, Current Mhz: 1609, Mhz Limit: 1605

Memory: 4k page, system-wide physical 16193M (244M free)
TotalPageFile size 27829M (AvailPageFile size 2M)
current process WorkingSet (physical memory assigned to process): 44M, peak: 44M
current process commit charge ("private bytes"): 146M, peak: 146M

vm_info: Java HotSpot(TM) 64-Bit Server VM (21.0.1+12-LTS-29) for windows-amd64 JRE (21.0.1+12-LTS-29), built on 2023-10-05T13:27:09Z by "mach5one" with MS VC++ 17.1 (VS2022)

END.
